[0.192s] Invoking command in '/home/idgaf/uros_ws/firmware/mcu_ws/build/tracetools': CMAKE_PREFIX_PATH=${CMAKE_PREFIX_PATH}:/home/idgaf/uros_ws/firmware/dev_ws/install/ament_uncrustify:/home/idgaf/uros_ws/firmware/dev_ws/install/domain_coordinator:/home/idgaf/uros_ws/firmware/dev_ws/install/ament_xmllint:/home/idgaf/uros_ws/firmware/dev_ws/install/ament_pyflakes:/home/idgaf/uros_ws/firmware/dev_ws/install/ament_pycodestyle:/home/idgaf/uros_ws/firmware/dev_ws/install/ament_pep257:/home/idgaf/uros_ws/firmware/dev_ws/install/ament_pclint:/home/idgaf/uros_ws/firmware/dev_ws/install/ament_package:/home/idgaf/uros_ws/firmware/dev_ws/install/ament_mypy:/home/idgaf/uros_ws/firmware/dev_ws/install/ament_lint_cmake:/home/idgaf/uros_ws/firmware/dev_ws/install/ament_flake8:/home/idgaf/uros_ws/firmware/dev_ws/install/ament_copyright:/home/idgaf/uros_ws/firmware/dev_ws/install/ament_lint:/home/idgaf/uros_ws/firmware/dev_ws/install/ament_index_python:/home/idgaf/uros_ws/firmware/dev_ws/install/ament_cpplint:/home/idgaf/uros_ws/firmware/dev_ws/install/ament_cppcheck:/home/idgaf/uros_ws/firmware/dev_ws/install/ament_clang_tidy:/home/idgaf/uros_ws/firmware/dev_ws/install/ament_clang_format DEBUGINFOD_URLS=https://debuginfod.ubuntu.com /usr/bin/cmake /home/idgaf/uros_ws/firmware/mcu_ws/ros2/ros2_tracing/tracetools --no-warn-unused-cli -DCMAKE_POSITION_INDEPENDENT_CODE=OFF -DTHIRDPARTY=ON -DBUILD_SHARED_LIBS=OFF -DBUILD_TESTING=OFF -DCMAKE_BUILD_TYPE=Debug -DCMAKE_TOOLCHAIN_FILE=/home/idgaf/uros_ws/firmware/freertos_apps/microros_nucleo_f446re_extensions/arm_toolchain.cmake -DCMAKE_VERBOSE_MAKEFILE=ON -DTRACETOOLS_DISABLED=ON -DTRACETOOLS_STATUS_CHECKING_TOOL=OFF -DCMAKE_INSTALL_PREFIX=/home/idgaf/uros_ws/firmware/mcu_ws/install/tracetools
[0.408s] Not searching for unused variables given on the command line.
[0.408s] -- The C compiler identification is GNU 8.3.1
[0.530s] -- The CXX compiler identification is GNU 8.3.1
[0.546s] -- Detecting C compiler ABI info
[0.638s] -- Detecting C compiler ABI info - done
[0.646s] -- Check for working C compiler: /home/idgaf/uros_ws/firmware/freertos_apps/microros_nucleo_f446re_extensions/../../toolchain/bin/arm-none-eabi-gcc - skipped
[0.646s] -- Detecting C compile features
[0.647s] -- Detecting C compile features - done
[0.658s] -- Detecting CXX compiler ABI info
[0.767s] -- Detecting CXX compiler ABI info - done
[0.775s] -- Check for working CXX compiler: /home/idgaf/uros_ws/firmware/freertos_apps/microros_nucleo_f446re_extensions/../../toolchain/bin/arm-none-eabi-g++ - skipped
[0.779s] -- Detecting CXX compile features
[0.779s] -- Detecting CXX compile features - done
[0.781s] -- Found ament_cmake_gen_version_h: 2.5.4 (/home/idgaf/uros_ws/firmware/dev_ws/install/ament_cmake_gen_version_h/share/ament_cmake_gen_version_h/cmake)
[0.783s] -- Found ament_cmake_ros: 0.12.0 (/home/idgaf/uros_ws/firmware/dev_ws/install/ament_cmake_ros/share/ament_cmake_ros/cmake)
[0.963s] -- Found Python3: /usr/bin/python3 (found version "3.12.3") found components: Interpreter 
[1.215s] -- Configuring done (1.0s)
[1.218s] -- Generating done (0.0s)
[1.219s] -- Build files have been written to: /home/idgaf/uros_ws/firmware/mcu_ws/build/tracetools
[1.225s] Invoked command in '/home/idgaf/uros_ws/firmware/mcu_ws/build/tracetools' returned '0': CMAKE_PREFIX_PATH=${CMAKE_PREFIX_PATH}:/home/idgaf/uros_ws/firmware/dev_ws/install/ament_uncrustify:/home/idgaf/uros_ws/firmware/dev_ws/install/domain_coordinator:/home/idgaf/uros_ws/firmware/dev_ws/install/ament_xmllint:/home/idgaf/uros_ws/firmware/dev_ws/install/ament_pyflakes:/home/idgaf/uros_ws/firmware/dev_ws/install/ament_pycodestyle:/home/idgaf/uros_ws/firmware/dev_ws/install/ament_pep257:/home/idgaf/uros_ws/firmware/dev_ws/install/ament_pclint:/home/idgaf/uros_ws/firmware/dev_ws/install/ament_package:/home/idgaf/uros_ws/firmware/dev_ws/install/ament_mypy:/home/idgaf/uros_ws/firmware/dev_ws/install/ament_lint_cmake:/home/idgaf/uros_ws/firmware/dev_ws/install/ament_flake8:/home/idgaf/uros_ws/firmware/dev_ws/install/ament_copyright:/home/idgaf/uros_ws/firmware/dev_ws/install/ament_lint:/home/idgaf/uros_ws/firmware/dev_ws/install/ament_index_python:/home/idgaf/uros_ws/firmware/dev_ws/install/ament_cpplint:/home/idgaf/uros_ws/firmware/dev_ws/install/ament_cppcheck:/home/idgaf/uros_ws/firmware/dev_ws/install/ament_clang_tidy:/home/idgaf/uros_ws/firmware/dev_ws/install/ament_clang_format DEBUGINFOD_URLS=https://debuginfod.ubuntu.com /usr/bin/cmake /home/idgaf/uros_ws/firmware/mcu_ws/ros2/ros2_tracing/tracetools --no-warn-unused-cli -DCMAKE_POSITION_INDEPENDENT_CODE=OFF -DTHIRDPARTY=ON -DBUILD_SHARED_LIBS=OFF -DBUILD_TESTING=OFF -DCMAKE_BUILD_TYPE=Debug -DCMAKE_TOOLCHAIN_FILE=/home/idgaf/uros_ws/firmware/freertos_apps/microros_nucleo_f446re_extensions/arm_toolchain.cmake -DCMAKE_VERBOSE_MAKEFILE=ON -DTRACETOOLS_DISABLED=ON -DTRACETOOLS_STATUS_CHECKING_TOOL=OFF -DCMAKE_INSTALL_PREFIX=/home/idgaf/uros_ws/firmware/mcu_ws/install/tracetools
[1.227s] Invoking command in '/home/idgaf/uros_ws/firmware/mcu_ws/build/tracetools': CMAKE_PREFIX_PATH=${CMAKE_PREFIX_PATH}:/home/idgaf/uros_ws/firmware/dev_ws/install/ament_uncrustify:/home/idgaf/uros_ws/firmware/dev_ws/install/domain_coordinator:/home/idgaf/uros_ws/firmware/dev_ws/install/ament_xmllint:/home/idgaf/uros_ws/firmware/dev_ws/install/ament_pyflakes:/home/idgaf/uros_ws/firmware/dev_ws/install/ament_pycodestyle:/home/idgaf/uros_ws/firmware/dev_ws/install/ament_pep257:/home/idgaf/uros_ws/firmware/dev_ws/install/ament_pclint:/home/idgaf/uros_ws/firmware/dev_ws/install/ament_package:/home/idgaf/uros_ws/firmware/dev_ws/install/ament_mypy:/home/idgaf/uros_ws/firmware/dev_ws/install/ament_lint_cmake:/home/idgaf/uros_ws/firmware/dev_ws/install/ament_flake8:/home/idgaf/uros_ws/firmware/dev_ws/install/ament_copyright:/home/idgaf/uros_ws/firmware/dev_ws/install/ament_lint:/home/idgaf/uros_ws/firmware/dev_ws/install/ament_index_python:/home/idgaf/uros_ws/firmware/dev_ws/install/ament_cpplint:/home/idgaf/uros_ws/firmware/dev_ws/install/ament_cppcheck:/home/idgaf/uros_ws/firmware/dev_ws/install/ament_clang_tidy:/home/idgaf/uros_ws/firmware/dev_ws/install/ament_clang_format DEBUGINFOD_URLS=https://debuginfod.ubuntu.com /usr/bin/cmake --build /home/idgaf/uros_ws/firmware/mcu_ws/build/tracetools -- -j16 -l16
[1.235s] Change Dir: '/home/idgaf/uros_ws/firmware/mcu_ws/build/tracetools'
[1.235s] 
[1.236s] Run Build Command(s): /usr/bin/cmake -E env VERBOSE=1 /usr/bin/gmake -f Makefile -j16 -l16
[1.246s] gmake[1]: Entering directory '/home/idgaf/uros_ws/firmware/mcu_ws/build/tracetools'
[1.246s] /usr/bin/cmake -S/home/idgaf/uros_ws/firmware/mcu_ws/ros2/ros2_tracing/tracetools -B/home/idgaf/uros_ws/firmware/mcu_ws/build/tracetools --check-build-system CMakeFiles/Makefile.cmake 0
[1.255s] /usr/bin/cmake -E cmake_progress_start /home/idgaf/uros_ws/firmware/mcu_ws/build/tracetools/CMakeFiles /home/idgaf/uros_ws/firmware/mcu_ws/build/tracetools//CMakeFiles/progress.marks
[1.264s] /usr/bin/gmake  -f CMakeFiles/Makefile2 all
[1.265s] gmake[2]: Entering directory '/home/idgaf/uros_ws/firmware/mcu_ws/build/tracetools'
[1.265s] gmake[2]: Nothing to be done for 'all'.
[1.265s] gmake[2]: Leaving directory '/home/idgaf/uros_ws/firmware/mcu_ws/build/tracetools'
[1.266s] /usr/bin/cmake -E cmake_progress_start /home/idgaf/uros_ws/firmware/mcu_ws/build/tracetools/CMakeFiles 0
[1.275s] gmake[1]: Leaving directory '/home/idgaf/uros_ws/firmware/mcu_ws/build/tracetools'
[1.277s] 
[1.279s] Invoked command in '/home/idgaf/uros_ws/firmware/mcu_ws/build/tracetools' returned '0': CMAKE_PREFIX_PATH=${CMAKE_PREFIX_PATH}:/home/idgaf/uros_ws/firmware/dev_ws/install/ament_uncrustify:/home/idgaf/uros_ws/firmware/dev_ws/install/domain_coordinator:/home/idgaf/uros_ws/firmware/dev_ws/install/ament_xmllint:/home/idgaf/uros_ws/firmware/dev_ws/install/ament_pyflakes:/home/idgaf/uros_ws/firmware/dev_ws/install/ament_pycodestyle:/home/idgaf/uros_ws/firmware/dev_ws/install/ament_pep257:/home/idgaf/uros_ws/firmware/dev_ws/install/ament_pclint:/home/idgaf/uros_ws/firmware/dev_ws/install/ament_package:/home/idgaf/uros_ws/firmware/dev_ws/install/ament_mypy:/home/idgaf/uros_ws/firmware/dev_ws/install/ament_lint_cmake:/home/idgaf/uros_ws/firmware/dev_ws/install/ament_flake8:/home/idgaf/uros_ws/firmware/dev_ws/install/ament_copyright:/home/idgaf/uros_ws/firmware/dev_ws/install/ament_lint:/home/idgaf/uros_ws/firmware/dev_ws/install/ament_index_python:/home/idgaf/uros_ws/firmware/dev_ws/install/ament_cpplint:/home/idgaf/uros_ws/firmware/dev_ws/install/ament_cppcheck:/home/idgaf/uros_ws/firmware/dev_ws/install/ament_clang_tidy:/home/idgaf/uros_ws/firmware/dev_ws/install/ament_clang_format DEBUGINFOD_URLS=https://debuginfod.ubuntu.com /usr/bin/cmake --build /home/idgaf/uros_ws/firmware/mcu_ws/build/tracetools -- -j16 -l16
[1.280s] Invoking command in '/home/idgaf/uros_ws/firmware/mcu_ws/build/tracetools': CMAKE_PREFIX_PATH=${CMAKE_PREFIX_PATH}:/home/idgaf/uros_ws/firmware/dev_ws/install/ament_uncrustify:/home/idgaf/uros_ws/firmware/dev_ws/install/domain_coordinator:/home/idgaf/uros_ws/firmware/dev_ws/install/ament_xmllint:/home/idgaf/uros_ws/firmware/dev_ws/install/ament_pyflakes:/home/idgaf/uros_ws/firmware/dev_ws/install/ament_pycodestyle:/home/idgaf/uros_ws/firmware/dev_ws/install/ament_pep257:/home/idgaf/uros_ws/firmware/dev_ws/install/ament_pclint:/home/idgaf/uros_ws/firmware/dev_ws/install/ament_package:/home/idgaf/uros_ws/firmware/dev_ws/install/ament_mypy:/home/idgaf/uros_ws/firmware/dev_ws/install/ament_lint_cmake:/home/idgaf/uros_ws/firmware/dev_ws/install/ament_flake8:/home/idgaf/uros_ws/firmware/dev_ws/install/ament_copyright:/home/idgaf/uros_ws/firmware/dev_ws/install/ament_lint:/home/idgaf/uros_ws/firmware/dev_ws/install/ament_index_python:/home/idgaf/uros_ws/firmware/dev_ws/install/ament_cpplint:/home/idgaf/uros_ws/firmware/dev_ws/install/ament_cppcheck:/home/idgaf/uros_ws/firmware/dev_ws/install/ament_clang_tidy:/home/idgaf/uros_ws/firmware/dev_ws/install/ament_clang_format DEBUGINFOD_URLS=https://debuginfod.ubuntu.com /usr/bin/cmake --install /home/idgaf/uros_ws/firmware/mcu_ws/build/tracetools
[1.287s] -- Install configuration: "Debug"
[1.287s] -- Installing: /home/idgaf/uros_ws/firmware/mcu_ws/install/tracetools/include/tracetools
[1.287s] -- Installing: /home/idgaf/uros_ws/firmware/mcu_ws/install/tracetools/include/tracetools/tracetools
[1.287s] -- Installing: /home/idgaf/uros_ws/firmware/mcu_ws/install/tracetools/include/tracetools/tracetools/utils.hpp
[1.287s] -- Installing: /home/idgaf/uros_ws/firmware/mcu_ws/install/tracetools/include/tracetools/tracetools/config.h
[1.287s] -- Installing: /home/idgaf/uros_ws/firmware/mcu_ws/install/tracetools/include/tracetools/tracetools/visibility_control.hpp
[1.287s] -- Installing: /home/idgaf/uros_ws/firmware/mcu_ws/install/tracetools/include/tracetools/tracetools/tracetools.h
[1.287s] -- Installing: /home/idgaf/uros_ws/firmware/mcu_ws/install/tracetools/share/ament_index/resource_index/package_run_dependencies/tracetools
[1.288s] -- Installing: /home/idgaf/uros_ws/firmware/mcu_ws/install/tracetools/share/ament_index/resource_index/parent_prefix_path/tracetools
[1.288s] -- Installing: /home/idgaf/uros_ws/firmware/mcu_ws/install/tracetools/share/tracetools/environment/ament_prefix_path.sh
[1.288s] -- Installing: /home/idgaf/uros_ws/firmware/mcu_ws/install/tracetools/share/tracetools/environment/ament_prefix_path.dsv
[1.288s] -- Installing: /home/idgaf/uros_ws/firmware/mcu_ws/install/tracetools/share/tracetools/environment/path.sh
[1.288s] -- Installing: /home/idgaf/uros_ws/firmware/mcu_ws/install/tracetools/share/tracetools/environment/path.dsv
[1.289s] -- Installing: /home/idgaf/uros_ws/firmware/mcu_ws/install/tracetools/share/tracetools/local_setup.bash
[1.289s] -- Installing: /home/idgaf/uros_ws/firmware/mcu_ws/install/tracetools/share/tracetools/local_setup.sh
[1.289s] -- Installing: /home/idgaf/uros_ws/firmware/mcu_ws/install/tracetools/share/tracetools/local_setup.zsh
[1.289s] -- Installing: /home/idgaf/uros_ws/firmware/mcu_ws/install/tracetools/share/tracetools/local_setup.dsv
[1.289s] -- Installing: /home/idgaf/uros_ws/firmware/mcu_ws/install/tracetools/share/tracetools/package.dsv
[1.289s] -- Installing: /home/idgaf/uros_ws/firmware/mcu_ws/install/tracetools/share/ament_index/resource_index/packages/tracetools
[1.289s] -- Installing: /home/idgaf/uros_ws/firmware/mcu_ws/install/tracetools/share/tracetools/cmake/tracetools_exportExport.cmake
[1.289s] -- Installing: /home/idgaf/uros_ws/firmware/mcu_ws/install/tracetools/share/tracetools/cmake/ament_cmake_export_targets-extras.cmake
[1.289s] -- Installing: /home/idgaf/uros_ws/firmware/mcu_ws/install/tracetools/share/tracetools/cmake/ament_cmake_export_include_directories-extras.cmake
[1.289s] -- Installing: /home/idgaf/uros_ws/firmware/mcu_ws/install/tracetools/share/tracetools/cmake/tracetoolsConfig.cmake
[1.290s] -- Installing: /home/idgaf/uros_ws/firmware/mcu_ws/install/tracetools/share/tracetools/cmake/tracetoolsConfig-version.cmake
[1.290s] -- Installing: /home/idgaf/uros_ws/firmware/mcu_ws/install/tracetools/share/tracetools/package.xml
[1.291s] Invoked command in '/home/idgaf/uros_ws/firmware/mcu_ws/build/tracetools' returned '0': CMAKE_PREFIX_PATH=${CMAKE_PREFIX_PATH}:/home/idgaf/uros_ws/firmware/dev_ws/install/ament_uncrustify:/home/idgaf/uros_ws/firmware/dev_ws/install/domain_coordinator:/home/idgaf/uros_ws/firmware/dev_ws/install/ament_xmllint:/home/idgaf/uros_ws/firmware/dev_ws/install/ament_pyflakes:/home/idgaf/uros_ws/firmware/dev_ws/install/ament_pycodestyle:/home/idgaf/uros_ws/firmware/dev_ws/install/ament_pep257:/home/idgaf/uros_ws/firmware/dev_ws/install/ament_pclint:/home/idgaf/uros_ws/firmware/dev_ws/install/ament_package:/home/idgaf/uros_ws/firmware/dev_ws/install/ament_mypy:/home/idgaf/uros_ws/firmware/dev_ws/install/ament_lint_cmake:/home/idgaf/uros_ws/firmware/dev_ws/install/ament_flake8:/home/idgaf/uros_ws/firmware/dev_ws/install/ament_copyright:/home/idgaf/uros_ws/firmware/dev_ws/install/ament_lint:/home/idgaf/uros_ws/firmware/dev_ws/install/ament_index_python:/home/idgaf/uros_ws/firmware/dev_ws/install/ament_cpplint:/home/idgaf/uros_ws/firmware/dev_ws/install/ament_cppcheck:/home/idgaf/uros_ws/firmware/dev_ws/install/ament_clang_tidy:/home/idgaf/uros_ws/firmware/dev_ws/install/ament_clang_format DEBUGINFOD_URLS=https://debuginfod.ubuntu.com /usr/bin/cmake --install /home/idgaf/uros_ws/firmware/mcu_ws/build/tracetools
