[0.019s] Invoking command in '/home/idgaf/Documents/robot/Robot_ros2_ws/build/aar6': CMAKE_PREFIX_PATH=${CMAKE_PREFIX_PATH}:/opt/ros/jazzy DEBUGINFOD_URLS=https://debuginfod.ubuntu.com /usr/bin/cmake --build /home/idgaf/Documents/robot/Robot_ros2_ws/build/aar6 -- -j16 -l16
[0.137s] [ 50%] [32mBuilding CXX object CMakeFiles/joint_state_pub.dir/src/joint_state_pub.cpp.o[0m
[12.271s] [100%] [32m[1mLinking CXX executable joint_state_pub[0m
[12.825s] [100%] Built target joint_state_pub
[12.846s] Invoked command in '/home/idgaf/Documents/robot/Robot_ros2_ws/build/aar6' returned '0': CMAKE_PREFIX_PATH=${CMAKE_PREFIX_PATH}:/opt/ros/jazzy DEBUGINFOD_URLS=https://debuginfod.ubuntu.com /usr/bin/cmake --build /home/idgaf/Documents/robot/Robot_ros2_ws/build/aar6 -- -j16 -l16
[12.864s] Invoking command in '/home/idgaf/Documents/robot/Robot_ros2_ws/build/aar6': CMAKE_PREFIX_PATH=${CMAKE_PREFIX_PATH}:/opt/ros/jazzy DEBUGINFOD_URLS=https://debuginfod.ubuntu.com /usr/bin/cmake --install /home/idgaf/Documents/robot/Robot_ros2_ws/build/aar6
[12.879s] -- Install configuration: ""
[12.879s] -- Up-to-date: /home/idgaf/Documents/robot/Robot_ros2_ws/install/aar6/share/aar6//launch
[12.879s] -- Up-to-date: /home/idgaf/Documents/robot/Robot_ros2_ws/install/aar6/share/aar6//launch/display.launch.py
[12.879s] -- Up-to-date: /home/idgaf/Documents/robot/Robot_ros2_ws/install/aar6/share/aar6//launch/monitor.launch.py
[12.880s] -- Up-to-date: /home/idgaf/Documents/robot/Robot_ros2_ws/install/aar6/share/aar6//urdf
[12.880s] -- Up-to-date: /home/idgaf/Documents/robot/Robot_ros2_ws/install/aar6/share/aar6//urdf/PAROL6.csv
[12.880s] -- Up-to-date: /home/idgaf/Documents/robot/Robot_ros2_ws/install/aar6/share/aar6//urdf/PAROL6.urdf
[12.880s] -- Up-to-date: /home/idgaf/Documents/robot/Robot_ros2_ws/install/aar6/share/aar6//meshes
[12.880s] -- Up-to-date: /home/idgaf/Documents/robot/Robot_ros2_ws/install/aar6/share/aar6//meshes/L1.STL
[12.880s] -- Up-to-date: /home/idgaf/Documents/robot/Robot_ros2_ws/install/aar6/share/aar6//meshes/L6.dae
[12.881s] -- Up-to-date: /home/idgaf/Documents/robot/Robot_ros2_ws/install/aar6/share/aar6//meshes/L5.STL
[12.881s] -- Up-to-date: /home/idgaf/Documents/robot/Robot_ros2_ws/install/aar6/share/aar6//meshes/L6prev.dae
[12.881s] -- Up-to-date: /home/idgaf/Documents/robot/Robot_ros2_ws/install/aar6/share/aar6//meshes/L3.STL
[12.881s] -- Up-to-date: /home/idgaf/Documents/robot/Robot_ros2_ws/install/aar6/share/aar6//meshes/base_link.STL
[12.881s] -- Up-to-date: /home/idgaf/Documents/robot/Robot_ros2_ws/install/aar6/share/aar6//meshes/L2.STL
[12.881s] -- Up-to-date: /home/idgaf/Documents/robot/Robot_ros2_ws/install/aar6/share/aar6//meshes/Gripper_Body.STL
[12.881s] -- Up-to-date: /home/idgaf/Documents/robot/Robot_ros2_ws/install/aar6/share/aar6//meshes/gripper_finger.STL
[12.881s] -- Up-to-date: /home/idgaf/Documents/robot/Robot_ros2_ws/install/aar6/share/aar6//meshes/L4.STL
[12.881s] -- Up-to-date: /home/idgaf/Documents/robot/Robot_ros2_ws/install/aar6/share/aar6//meshes/L6.stl
[12.882s] -- Up-to-date: /home/idgaf/Documents/robot/Robot_ros2_ws/install/aar6/share/aar6//rviz
[12.882s] -- Up-to-date: /home/idgaf/Documents/robot/Robot_ros2_ws/install/aar6/share/aar6//rviz/rviz_monitor.rviz
[12.882s] -- Installing: /home/idgaf/Documents/robot/Robot_ros2_ws/install/aar6/lib/aar6/joint_state_pub
[12.889s] -- Set non-toolchain portion of runtime path of "/home/idgaf/Documents/robot/Robot_ros2_ws/install/aar6/lib/aar6/joint_state_pub" to ""
[12.889s] -- Up-to-date: /home/idgaf/Documents/robot/Robot_ros2_ws/install/aar6/share/ament_index/resource_index/package_run_dependencies/aar6
[12.889s] -- Up-to-date: /home/idgaf/Documents/robot/Robot_ros2_ws/install/aar6/share/ament_index/resource_index/parent_prefix_path/aar6
[12.889s] -- Up-to-date: /home/idgaf/Documents/robot/Robot_ros2_ws/install/aar6/share/aar6/environment/ament_prefix_path.sh
[12.889s] -- Up-to-date: /home/idgaf/Documents/robot/Robot_ros2_ws/install/aar6/share/aar6/environment/ament_prefix_path.dsv
[12.890s] -- Up-to-date: /home/idgaf/Documents/robot/Robot_ros2_ws/install/aar6/share/aar6/environment/path.sh
[12.890s] -- Up-to-date: /home/idgaf/Documents/robot/Robot_ros2_ws/install/aar6/share/aar6/environment/path.dsv
[12.890s] -- Up-to-date: /home/idgaf/Documents/robot/Robot_ros2_ws/install/aar6/share/aar6/local_setup.bash
[12.890s] -- Up-to-date: /home/idgaf/Documents/robot/Robot_ros2_ws/install/aar6/share/aar6/local_setup.sh
[12.890s] -- Up-to-date: /home/idgaf/Documents/robot/Robot_ros2_ws/install/aar6/share/aar6/local_setup.zsh
[12.890s] -- Up-to-date: /home/idgaf/Documents/robot/Robot_ros2_ws/install/aar6/share/aar6/local_setup.dsv
[12.890s] -- Installing: /home/idgaf/Documents/robot/Robot_ros2_ws/install/aar6/share/aar6/package.dsv
[12.890s] -- Up-to-date: /home/idgaf/Documents/robot/Robot_ros2_ws/install/aar6/share/ament_index/resource_index/packages/aar6
[12.891s] -- Up-to-date: /home/idgaf/Documents/robot/Robot_ros2_ws/install/aar6/share/aar6/cmake/aar6Config.cmake
[12.891s] -- Up-to-date: /home/idgaf/Documents/robot/Robot_ros2_ws/install/aar6/share/aar6/cmake/aar6Config-version.cmake
[12.891s] -- Up-to-date: /home/idgaf/Documents/robot/Robot_ros2_ws/install/aar6/share/aar6/package.xml
[12.893s] Invoked command in '/home/idgaf/Documents/robot/Robot_ros2_ws/build/aar6' returned '0': CMAKE_PREFIX_PATH=${CMAKE_PREFIX_PATH}:/opt/ros/jazzy DEBUGINFOD_URLS=https://debuginfod.ubuntu.com /usr/bin/cmake --install /home/idgaf/Documents/robot/Robot_ros2_ws/build/aar6
