-- Found ament_cmake: 2.5.4 (/opt/ros/jazzy/share/ament_cmake/cmake)
-- Found rclcpp: 28.1.10 (/opt/ros/jazzy/share/rclcpp/cmake)
-- Found rosidl_generator_c: 4.6.5 (/opt/ros/jazzy/share/rosidl_generator_c/cmake)
-- Found rosidl_generator_cpp: 4.6.5 (/opt/ros/jazzy/share/rosidl_generator_cpp/cmake)
-- Using all available rosidl_typesupport_c: rosidl_typesupport_fastrtps_c;rosidl_typesupport_introspection_c
-- Using all available rosidl_typesupport_cpp: rosidl_typesupport_fastrtps_cpp;rosidl_typesupport_introspection_cpp
-- Found rmw_implementation_cmake: 7.3.2 (/opt/ros/jazzy/share/rmw_implementation_cmake/cmake)
-- Found rmw_fastrtps_cpp: 8.4.2 (/opt/ros/jazzy/share/rmw_fastrtps_cpp/cmake)
-- Found OpenSSL: /usr/lib/x86_64-linux-gnu/libcrypto.so (found version "3.0.13")  
-- Found FastRTPS: /opt/ros/jazzy/include (Required is at least version "2.13") 
-- Using RMW implementation 'rmw_fastrtps_cpp' as default
-- Found sensor_msgs: 5.3.6 (/opt/ros/jazzy/share/sensor_msgs/cmake)
-- Found ament_lint_auto: 0.17.2 (/opt/ros/jazzy/share/ament_lint_auto/cmake)
-- Added test 'cppcheck' to perform static code analysis on C / C++ code
-- Configured cppcheck include dirs: 
-- Configured cppcheck exclude dirs and/or files: 
-- Added test 'flake8' to check Python code syntax and style conventions
-- Configured 'flake8' exclude dirs and/or files: 
-- Added test 'lint_cmake' to check CMake code style
-- Added test 'pep257' to check Python code against some of the docstring style conventions in PEP 257
-- Added test 'uncrustify' to check C / C++ code style
-- Configured uncrustify additional arguments: 
-- Added test 'xmllint' to check XML markup files
-- Configuring done (0.9s)
-- Generating done (0.0s)
-- Build files have been written to: /home/idgaf/Documents/robot/Robot_ros2_ws/build/aar6
[ 50%] [32mBuilding CXX object CMakeFiles/joint_state_pub.dir/src/joint_state_pub.cpp.o[0m
[100%] [32m[1mLinking CXX executable joint_state_pub[0m
[100%] Built target joint_state_pub
-- Install configuration: ""
-- Up-to-date: /home/idgaf/Documents/robot/Robot_ros2_ws/install/aar6/share/aar6//launch
-- Up-to-date: /home/idgaf/Documents/robot/Robot_ros2_ws/install/aar6/share/aar6//launch/monitor.launch.py
-- Up-to-date: /home/idgaf/Documents/robot/Robot_ros2_ws/install/aar6/share/aar6//urdf
-- Up-to-date: /home/idgaf/Documents/robot/Robot_ros2_ws/install/aar6/share/aar6//urdf/PAROL6.csv
-- Up-to-date: /home/idgaf/Documents/robot/Robot_ros2_ws/install/aar6/share/aar6//urdf/PAROL6.urdf
-- Up-to-date: /home/idgaf/Documents/robot/Robot_ros2_ws/install/aar6/share/aar6//meshes
-- Up-to-date: /home/idgaf/Documents/robot/Robot_ros2_ws/install/aar6/share/aar6//meshes/L1.STL
-- Up-to-date: /home/idgaf/Documents/robot/Robot_ros2_ws/install/aar6/share/aar6//meshes/L6.dae
-- Up-to-date: /home/idgaf/Documents/robot/Robot_ros2_ws/install/aar6/share/aar6//meshes/L5.STL
-- Up-to-date: /home/idgaf/Documents/robot/Robot_ros2_ws/install/aar6/share/aar6//meshes/L6prev.dae
-- Up-to-date: /home/idgaf/Documents/robot/Robot_ros2_ws/install/aar6/share/aar6//meshes/L3.STL
-- Up-to-date: /home/idgaf/Documents/robot/Robot_ros2_ws/install/aar6/share/aar6//meshes/base_link.STL
-- Up-to-date: /home/idgaf/Documents/robot/Robot_ros2_ws/install/aar6/share/aar6//meshes/L2.STL
-- Up-to-date: /home/idgaf/Documents/robot/Robot_ros2_ws/install/aar6/share/aar6//meshes/Gripper_Body.STL
-- Up-to-date: /home/idgaf/Documents/robot/Robot_ros2_ws/install/aar6/share/aar6//meshes/gripper_finger.STL
-- Up-to-date: /home/idgaf/Documents/robot/Robot_ros2_ws/install/aar6/share/aar6//meshes/L4.STL
-- Up-to-date: /home/idgaf/Documents/robot/Robot_ros2_ws/install/aar6/share/aar6//meshes/L6.stl
-- Up-to-date: /home/idgaf/Documents/robot/Robot_ros2_ws/install/aar6/share/aar6//rviz
-- Up-to-date: /home/idgaf/Documents/robot/Robot_ros2_ws/install/aar6/share/aar6//rviz/rviz_monitor.rviz
-- Installing: /home/idgaf/Documents/robot/Robot_ros2_ws/install/aar6/lib/aar6/joint_state_pub
-- Set non-toolchain portion of runtime path of "/home/idgaf/Documents/robot/Robot_ros2_ws/install/aar6/lib/aar6/joint_state_pub" to ""
-- Up-to-date: /home/idgaf/Documents/robot/Robot_ros2_ws/install/aar6/share/ament_index/resource_index/package_run_dependencies/aar6
-- Up-to-date: /home/idgaf/Documents/robot/Robot_ros2_ws/install/aar6/share/ament_index/resource_index/parent_prefix_path/aar6
-- Up-to-date: /home/idgaf/Documents/robot/Robot_ros2_ws/install/aar6/share/aar6/environment/ament_prefix_path.sh
-- Up-to-date: /home/idgaf/Documents/robot/Robot_ros2_ws/install/aar6/share/aar6/environment/ament_prefix_path.dsv
-- Up-to-date: /home/idgaf/Documents/robot/Robot_ros2_ws/install/aar6/share/aar6/environment/path.sh
-- Up-to-date: /home/idgaf/Documents/robot/Robot_ros2_ws/install/aar6/share/aar6/environment/path.dsv
-- Up-to-date: /home/idgaf/Documents/robot/Robot_ros2_ws/install/aar6/share/aar6/local_setup.bash
-- Up-to-date: /home/idgaf/Documents/robot/Robot_ros2_ws/install/aar6/share/aar6/local_setup.sh
-- Up-to-date: /home/idgaf/Documents/robot/Robot_ros2_ws/install/aar6/share/aar6/local_setup.zsh
-- Up-to-date: /home/idgaf/Documents/robot/Robot_ros2_ws/install/aar6/share/aar6/local_setup.dsv
-- Installing: /home/idgaf/Documents/robot/Robot_ros2_ws/install/aar6/share/aar6/package.dsv
-- Up-to-date: /home/idgaf/Documents/robot/Robot_ros2_ws/install/aar6/share/ament_index/resource_index/packages/aar6
-- Up-to-date: /home/idgaf/Documents/robot/Robot_ros2_ws/install/aar6/share/aar6/cmake/aar6Config.cmake
-- Up-to-date: /home/idgaf/Documents/robot/Robot_ros2_ws/install/aar6/share/aar6/cmake/aar6Config-version.cmake
-- Up-to-date: /home/idgaf/Documents/robot/Robot_ros2_ws/install/aar6/share/aar6/package.xml
