[0.007s] Invoking command in '/home/idgaf/Documents/robot/Robot_ros2_ws/build/aar6': CMAKE_PREFIX_PATH=${CMAKE_PREFIX_PATH}:/opt/ros/jazzy DEBUGINFOD_URLS=https://debuginfod.ubuntu.com /usr/bin/cmake --build /home/idgaf/Documents/robot/Robot_ros2_ws/build/aar6 -- -j16 -l16
[0.025s] -- Found ament_cmake: 2.5.4 (/opt/ros/jazzy/share/ament_cmake/cmake)
[0.193s] -- Found rclcpp: 28.1.10 (/opt/ros/jazzy/share/rclcpp/cmake)
[0.286s] -- Found rosidl_generator_c: 4.6.5 (/opt/ros/jazzy/share/rosidl_generator_c/cmake)
[0.310s] -- Found rosidl_generator_cpp: 4.6.5 (/opt/ros/jazzy/share/rosidl_generator_cpp/cmake)
[0.341s] -- Using all available rosidl_typesupport_c: rosidl_typesupport_fastrtps_c;rosidl_typesupport_introspection_c
[0.369s] -- Using all available rosidl_typesupport_cpp: rosidl_typesupport_fastrtps_cpp;rosidl_typesupport_introspection_cpp
[0.484s] -- Found rmw_implementation_cmake: 7.3.2 (/opt/ros/jazzy/share/rmw_implementation_cmake/cmake)
[0.491s] -- Found rmw_fastrtps_cpp: 8.4.2 (/opt/ros/jazzy/share/rmw_fastrtps_cpp/cmake)
[0.601s] -- Found OpenSSL: /usr/lib/x86_64-linux-gnu/libcrypto.so (found version "3.0.13")  
[0.618s] -- Found FastRTPS: /opt/ros/jazzy/include (Required is at least version "2.13") 
[0.636s] -- Using RMW implementation 'rmw_fastrtps_cpp' as default
[0.749s] -- Found sensor_msgs: 5.3.6 (/opt/ros/jazzy/share/sensor_msgs/cmake)
[0.812s] -- Found ament_lint_auto: 0.17.2 (/opt/ros/jazzy/share/ament_lint_auto/cmake)
[0.872s] -- Added test 'cppcheck' to perform static code analysis on C / C++ code
[0.873s] -- Configured cppcheck include dirs: 
[0.873s] -- Configured cppcheck exclude dirs and/or files: 
[0.873s] -- Added test 'flake8' to check Python code syntax and style conventions
[0.873s] -- Configured 'flake8' exclude dirs and/or files: 
[0.873s] -- Added test 'lint_cmake' to check CMake code style
[0.873s] -- Added test 'pep257' to check Python code against some of the docstring style conventions in PEP 257
[0.874s] -- Added test 'uncrustify' to check C / C++ code style
[0.874s] -- Configured uncrustify additional arguments: 
[0.874s] -- Added test 'xmllint' to check XML markup files
[0.874s] -- Configuring done (0.9s)
[0.882s] -- Generating done (0.0s)
[0.884s] -- Build files have been written to: /home/idgaf/Documents/robot/Robot_ros2_ws/build/aar6
[0.912s] [ 50%] [32mBuilding CXX object CMakeFiles/joint_state_pub.dir/src/joint_state_pub.cpp.o[0m
[4.056s] [100%] [32m[1mLinking CXX executable joint_state_pub[0m
[4.275s] [100%] Built target joint_state_pub
[4.284s] Invoked command in '/home/idgaf/Documents/robot/Robot_ros2_ws/build/aar6' returned '0': CMAKE_PREFIX_PATH=${CMAKE_PREFIX_PATH}:/opt/ros/jazzy DEBUGINFOD_URLS=https://debuginfod.ubuntu.com /usr/bin/cmake --build /home/idgaf/Documents/robot/Robot_ros2_ws/build/aar6 -- -j16 -l16
[4.291s] Invoking command in '/home/idgaf/Documents/robot/Robot_ros2_ws/build/aar6': CMAKE_PREFIX_PATH=${CMAKE_PREFIX_PATH}:/opt/ros/jazzy DEBUGINFOD_URLS=https://debuginfod.ubuntu.com /usr/bin/cmake --install /home/idgaf/Documents/robot/Robot_ros2_ws/build/aar6
[4.296s] -- Install configuration: ""
[4.296s] -- Up-to-date: /home/idgaf/Documents/robot/Robot_ros2_ws/install/aar6/share/aar6//launch
[4.296s] -- Up-to-date: /home/idgaf/Documents/robot/Robot_ros2_ws/install/aar6/share/aar6//launch/monitor.launch.py
[4.296s] -- Up-to-date: /home/idgaf/Documents/robot/Robot_ros2_ws/install/aar6/share/aar6//urdf
[4.296s] -- Up-to-date: /home/idgaf/Documents/robot/Robot_ros2_ws/install/aar6/share/aar6//urdf/PAROL6.csv
[4.296s] -- Up-to-date: /home/idgaf/Documents/robot/Robot_ros2_ws/install/aar6/share/aar6//urdf/PAROL6.urdf
[4.296s] -- Up-to-date: /home/idgaf/Documents/robot/Robot_ros2_ws/install/aar6/share/aar6//meshes
[4.297s] -- Up-to-date: /home/idgaf/Documents/robot/Robot_ros2_ws/install/aar6/share/aar6//meshes/L1.STL
[4.297s] -- Up-to-date: /home/idgaf/Documents/robot/Robot_ros2_ws/install/aar6/share/aar6//meshes/L6.dae
[4.297s] -- Up-to-date: /home/idgaf/Documents/robot/Robot_ros2_ws/install/aar6/share/aar6//meshes/L5.STL
[4.297s] -- Up-to-date: /home/idgaf/Documents/robot/Robot_ros2_ws/install/aar6/share/aar6//meshes/L6prev.dae
[4.297s] -- Up-to-date: /home/idgaf/Documents/robot/Robot_ros2_ws/install/aar6/share/aar6//meshes/L3.STL
[4.297s] -- Up-to-date: /home/idgaf/Documents/robot/Robot_ros2_ws/install/aar6/share/aar6//meshes/base_link.STL
[4.297s] -- Up-to-date: /home/idgaf/Documents/robot/Robot_ros2_ws/install/aar6/share/aar6//meshes/L2.STL
[4.297s] -- Up-to-date: /home/idgaf/Documents/robot/Robot_ros2_ws/install/aar6/share/aar6//meshes/Gripper_Body.STL
[4.297s] -- Up-to-date: /home/idgaf/Documents/robot/Robot_ros2_ws/install/aar6/share/aar6//meshes/gripper_finger.STL
[4.297s] -- Up-to-date: /home/idgaf/Documents/robot/Robot_ros2_ws/install/aar6/share/aar6//meshes/L4.STL
[4.297s] -- Up-to-date: /home/idgaf/Documents/robot/Robot_ros2_ws/install/aar6/share/aar6//meshes/L6.stl
[4.297s] -- Up-to-date: /home/idgaf/Documents/robot/Robot_ros2_ws/install/aar6/share/aar6//rviz
[4.297s] -- Up-to-date: /home/idgaf/Documents/robot/Robot_ros2_ws/install/aar6/share/aar6//rviz/rviz_monitor.rviz
[4.297s] -- Installing: /home/idgaf/Documents/robot/Robot_ros2_ws/install/aar6/lib/aar6/joint_state_pub
[4.297s] -- Set non-toolchain portion of runtime path of "/home/idgaf/Documents/robot/Robot_ros2_ws/install/aar6/lib/aar6/joint_state_pub" to ""
[4.297s] -- Up-to-date: /home/idgaf/Documents/robot/Robot_ros2_ws/install/aar6/share/ament_index/resource_index/package_run_dependencies/aar6
[4.297s] -- Up-to-date: /home/idgaf/Documents/robot/Robot_ros2_ws/install/aar6/share/ament_index/resource_index/parent_prefix_path/aar6
[4.297s] -- Up-to-date: /home/idgaf/Documents/robot/Robot_ros2_ws/install/aar6/share/aar6/environment/ament_prefix_path.sh
[4.297s] -- Up-to-date: /home/idgaf/Documents/robot/Robot_ros2_ws/install/aar6/share/aar6/environment/ament_prefix_path.dsv
[4.297s] -- Up-to-date: /home/idgaf/Documents/robot/Robot_ros2_ws/install/aar6/share/aar6/environment/path.sh
[4.298s] -- Up-to-date: /home/idgaf/Documents/robot/Robot_ros2_ws/install/aar6/share/aar6/environment/path.dsv
[4.298s] -- Up-to-date: /home/idgaf/Documents/robot/Robot_ros2_ws/install/aar6/share/aar6/local_setup.bash
[4.298s] -- Up-to-date: /home/idgaf/Documents/robot/Robot_ros2_ws/install/aar6/share/aar6/local_setup.sh
[4.298s] -- Up-to-date: /home/idgaf/Documents/robot/Robot_ros2_ws/install/aar6/share/aar6/local_setup.zsh
[4.298s] -- Up-to-date: /home/idgaf/Documents/robot/Robot_ros2_ws/install/aar6/share/aar6/local_setup.dsv
[4.298s] -- Installing: /home/idgaf/Documents/robot/Robot_ros2_ws/install/aar6/share/aar6/package.dsv
[4.298s] -- Up-to-date: /home/idgaf/Documents/robot/Robot_ros2_ws/install/aar6/share/ament_index/resource_index/packages/aar6
[4.298s] -- Up-to-date: /home/idgaf/Documents/robot/Robot_ros2_ws/install/aar6/share/aar6/cmake/aar6Config.cmake
[4.298s] -- Up-to-date: /home/idgaf/Documents/robot/Robot_ros2_ws/install/aar6/share/aar6/cmake/aar6Config-version.cmake
[4.298s] -- Up-to-date: /home/idgaf/Documents/robot/Robot_ros2_ws/install/aar6/share/aar6/package.xml
[4.299s] Invoked command in '/home/idgaf/Documents/robot/Robot_ros2_ws/build/aar6' returned '0': CMAKE_PREFIX_PATH=${CMAKE_PREFIX_PATH}:/opt/ros/jazzy DEBUGINFOD_URLS=https://debuginfod.ubuntu.com /usr/bin/cmake --install /home/idgaf/Documents/robot/Robot_ros2_ws/build/aar6
