[0.155s] DEBUG:colcon:Command line arguments: ['/usr/bin/colcon', 'build', '--symlink-install']
[0.156s] DEBUG:colcon:Parsed command line arguments: Namespace(log_base=None, log_level=None, verb_name='build', build_base='build', install_base='install', merge_install=False, symlink_install=True, test_result_base=None, continue_on_error=False, executor='parallel', parallel_workers=16, event_handlers=None, ignore_user_meta=False, metas=['./colcon.meta'], base_paths=['.'], packages_ignore=None, packages_ignore_regex=None, paths=None, packages_up_to=None, packages_up_to_regex=None, packages_above=None, packages_above_and_dependencies=None, packages_above_depth=None, packages_select_by_dep=None, packages_skip_by_dep=None, packages_skip_up_to=None, packages_select_build_failed=False, packages_skip_build_finished=False, packages_select_test_failures=False, packages_skip_test_passed=False, packages_select=None, packages_skip=None, packages_select_regex=None, packages_skip_regex=None, packages_start=None, packages_end=None, cmake_args=None, cmake_target=None, cmake_target_skip_unavailable=False, cmake_clean_cache=False, cmake_clean_first=False, cmake_force_configure=False, ament_cmake_args=None, catkin_cmake_args=None, catkin_skip_building_tests=False, mixin_files=None, mixin=None, verb_parser=<colcon_mixin.mixin.mixin_argument.MixinArgumentDecorator object at 0x7a6c9258cd10>, verb_extension=<colcon_core.verb.build.BuildVerb object at 0x7a6c9272a960>, main=<bound method BuildVerb.main of <colcon_core.verb.build.BuildVerb object at 0x7a6c9272a960>>, mixin_verb=('build',))
[0.195s] Level 1:colcon.colcon_core.package_discovery:discover_packages(colcon_meta) check parameters
[0.196s] INFO:colcon.colcon_metadata.package_discovery.colcon_meta:Using configuration from '/root/.colcon/metadata/default/Gazebo.meta'
[0.196s] INFO:colcon.colcon_metadata.package_discovery.colcon_meta:Using configuration from '/root/.colcon/metadata/default/fastdds.meta'
[0.196s] INFO:colcon.colcon_metadata.package_discovery.colcon_meta:Using configuration from '/root/.colcon/metadata/default/fastrtps.meta'
[0.196s] Level 1:colcon.colcon_core.package_discovery:discover_packages(recursive) check parameters
[0.196s] Level 1:colcon.colcon_core.package_discovery:discover_packages(ignore) check parameters
[0.196s] Level 1:colcon.colcon_core.package_discovery:discover_packages(path) check parameters
[0.196s] Level 1:colcon.colcon_core.package_discovery:discover_packages(colcon_meta) discover
[0.197s] Level 1:colcon.colcon_core.package_discovery:discover_packages(recursive) discover
[0.197s] INFO:colcon.colcon_core.package_discovery:Crawling recursively for packages in '/root/ros2_ws'
[0.197s] Level 1:colcon.colcon_core.package_identification:_identify(.) by extensions ['ignore', 'ignore_ament_install']
[0.197s] Level 1:colcon.colcon_core.package_identification:_identify(.) by extension 'ignore'
[0.197s] Level 1:colcon.colcon_core.package_identification:_identify(.) by extension 'ignore_ament_install'
[0.197s] Level 1:colcon.colcon_core.package_identification:_identify(.) by extensions ['colcon_pkg']
[0.197s] Level 1:colcon.colcon_core.package_identification:_identify(.) by extension 'colcon_pkg'
[0.197s] Level 1:colcon.colcon_core.package_identification:_identify(.) by extensions ['colcon_meta']
[0.197s] Level 1:colcon.colcon_core.package_identification:_identify(.) by extension 'colcon_meta'
[0.197s] Level 1:colcon.colcon_core.package_identification:_identify(.) by extensions ['ros']
[0.197s] Level 1:colcon.colcon_core.package_identification:_identify(.) by extension 'ros'
[0.217s] Level 1:colcon.colcon_core.package_identification:_identify(.) by extensions ['cmake', 'python']
[0.217s] Level 1:colcon.colcon_core.package_identification:_identify(.) by extension 'cmake'
[0.217s] Level 1:colcon.colcon_core.package_identification:_identify(.) by extension 'python'
[0.217s] Level 1:colcon.colcon_core.package_identification:_identify(.) by extensions ['python_setup_py']
[0.217s] Level 1:colcon.colcon_core.package_identification:_identify(.) by extension 'python_setup_py'
[0.217s] Level 1:colcon.colcon_core.package_identification:_identify(build) by extensions ['ignore', 'ignore_ament_install']
[0.217s] Level 1:colcon.colcon_core.package_identification:_identify(build) by extension 'ignore'
[0.217s] Level 1:colcon.colcon_core.package_identification:_identify(build) ignored
[0.217s] Level 1:colcon.colcon_core.package_identification:_identify(install) by extensions ['ignore', 'ignore_ament_install']
[0.218s] Level 1:colcon.colcon_core.package_identification:_identify(install) by extension 'ignore'
[0.218s] Level 1:colcon.colcon_core.package_identification:_identify(install) ignored
[0.218s] Level 1:colcon.colcon_core.package_identification:_identify(launch) by extensions ['ignore', 'ignore_ament_install']
[0.218s] Level 1:colcon.colcon_core.package_identification:_identify(launch) by extension 'ignore'
[0.218s] Level 1:colcon.colcon_core.package_identification:_identify(launch) by extension 'ignore_ament_install'
[0.218s] Level 1:colcon.colcon_core.package_identification:_identify(launch) by extensions ['colcon_pkg']
[0.218s] Level 1:colcon.colcon_core.package_identification:_identify(launch) by extension 'colcon_pkg'
[0.218s] Level 1:colcon.colcon_core.package_identification:_identify(launch) by extensions ['colcon_meta']
[0.218s] Level 1:colcon.colcon_core.package_identification:_identify(launch) by extension 'colcon_meta'
[0.218s] Level 1:colcon.colcon_core.package_identification:_identify(launch) by extensions ['ros']
[0.218s] Level 1:colcon.colcon_core.package_identification:_identify(launch) by extension 'ros'
[0.218s] Level 1:colcon.colcon_core.package_identification:_identify(launch) by extensions ['cmake', 'python']
[0.218s] Level 1:colcon.colcon_core.package_identification:_identify(launch) by extension 'cmake'
[0.218s] Level 1:colcon.colcon_core.package_identification:_identify(launch) by extension 'python'
[0.218s] Level 1:colcon.colcon_core.package_identification:_identify(launch) by extensions ['python_setup_py']
[0.218s] Level 1:colcon.colcon_core.package_identification:_identify(launch) by extension 'python_setup_py'
[0.218s] Level 1:colcon.colcon_core.package_identification:_identify(log) by extensions ['ignore', 'ignore_ament_install']
[0.218s] Level 1:colcon.colcon_core.package_identification:_identify(log) by extension 'ignore'
[0.218s] Level 1:colcon.colcon_core.package_identification:_identify(log) ignored
[0.218s] Level 1:colcon.colcon_core.package_identification:_identify(script) by extensions ['ignore', 'ignore_ament_install']
[0.218s] Level 1:colcon.colcon_core.package_identification:_identify(script) by extension 'ignore'
[0.218s] Level 1:colcon.colcon_core.package_identification:_identify(script) by extension 'ignore_ament_install'
[0.218s] Level 1:colcon.colcon_core.package_identification:_identify(script) by extensions ['colcon_pkg']
[0.218s] Level 1:colcon.colcon_core.package_identification:_identify(script) by extension 'colcon_pkg'
[0.218s] Level 1:colcon.colcon_core.package_identification:_identify(script) by extensions ['colcon_meta']
[0.218s] Level 1:colcon.colcon_core.package_identification:_identify(script) by extension 'colcon_meta'
[0.218s] Level 1:colcon.colcon_core.package_identification:_identify(script) by extensions ['ros']
[0.218s] Level 1:colcon.colcon_core.package_identification:_identify(script) by extension 'ros'
[0.218s] Level 1:colcon.colcon_core.package_identification:_identify(script) by extensions ['cmake', 'python']
[0.218s] Level 1:colcon.colcon_core.package_identification:_identify(script) by extension 'cmake'
[0.218s] Level 1:colcon.colcon_core.package_identification:_identify(script) by extension 'python'
[0.218s] Level 1:colcon.colcon_core.package_identification:_identify(script) by extensions ['python_setup_py']
[0.218s] Level 1:colcon.colcon_core.package_identification:_identify(script) by extension 'python_setup_py'
[0.218s] Level 1:colcon.colcon_core.package_identification:_identify(src) by extensions ['ignore', 'ignore_ament_install']
[0.218s] Level 1:colcon.colcon_core.package_identification:_identify(src) by extension 'ignore'
[0.218s] Level 1:colcon.colcon_core.package_identification:_identify(src) by extension 'ignore_ament_install'
[0.218s] Level 1:colcon.colcon_core.package_identification:_identify(src) by extensions ['colcon_pkg']
[0.218s] Level 1:colcon.colcon_core.package_identification:_identify(src) by extension 'colcon_pkg'
[0.218s] Level 1:colcon.colcon_core.package_identification:_identify(src) by extensions ['colcon_meta']
[0.218s] Level 1:colcon.colcon_core.package_identification:_identify(src) by extension 'colcon_meta'
[0.218s] Level 1:colcon.colcon_core.package_identification:_identify(src) by extensions ['ros']
[0.218s] Level 1:colcon.colcon_core.package_identification:_identify(src) by extension 'ros'
[0.218s] Level 1:colcon.colcon_core.package_identification:_identify(src) by extensions ['cmake', 'python']
[0.218s] Level 1:colcon.colcon_core.package_identification:_identify(src) by extension 'cmake'
[0.218s] Level 1:colcon.colcon_core.package_identification:_identify(src) by extension 'python'
[0.218s] Level 1:colcon.colcon_core.package_identification:_identify(src) by extensions ['python_setup_py']
[0.218s] Level 1:colcon.colcon_core.package_identification:_identify(src) by extension 'python_setup_py'
[0.219s] Level 1:colcon.colcon_core.package_identification:_identify(src/aar6) by extensions ['ignore', 'ignore_ament_install']
[0.219s] Level 1:colcon.colcon_core.package_identification:_identify(src/aar6) by extension 'ignore'
[0.219s] Level 1:colcon.colcon_core.package_identification:_identify(src/aar6) by extension 'ignore_ament_install'
[0.219s] Level 1:colcon.colcon_core.package_identification:_identify(src/aar6) by extensions ['colcon_pkg']
[0.219s] Level 1:colcon.colcon_core.package_identification:_identify(src/aar6) by extension 'colcon_pkg'
[0.219s] Level 1:colcon.colcon_core.package_identification:_identify(src/aar6) by extensions ['colcon_meta']
[0.219s] Level 1:colcon.colcon_core.package_identification:_identify(src/aar6) by extension 'colcon_meta'
[0.219s] Level 1:colcon.colcon_core.package_identification:_identify(src/aar6) by extensions ['ros']
[0.219s] Level 1:colcon.colcon_core.package_identification:_identify(src/aar6) by extension 'ros'
[0.221s] DEBUG:colcon.colcon_core.package_identification:Package 'src/aar6' with type 'ros.ament_cmake' and name 'aar6'
[0.221s] Level 1:colcon.colcon_core.package_identification:_identify(src/moveit) by extensions ['ignore', 'ignore_ament_install']
[0.221s] Level 1:colcon.colcon_core.package_identification:_identify(src/moveit) by extension 'ignore'
[0.221s] Level 1:colcon.colcon_core.package_identification:_identify(src/moveit) by extension 'ignore_ament_install'
[0.221s] Level 1:colcon.colcon_core.package_identification:_identify(src/moveit) by extensions ['colcon_pkg']
[0.221s] Level 1:colcon.colcon_core.package_identification:_identify(src/moveit) by extension 'colcon_pkg'
[0.221s] Level 1:colcon.colcon_core.package_identification:_identify(src/moveit) by extensions ['colcon_meta']
[0.221s] Level 1:colcon.colcon_core.package_identification:_identify(src/moveit) by extension 'colcon_meta'
[0.221s] Level 1:colcon.colcon_core.package_identification:_identify(src/moveit) by extensions ['ros']
[0.221s] Level 1:colcon.colcon_core.package_identification:_identify(src/moveit) by extension 'ros'
[0.222s] DEBUG:colcon.colcon_core.package_identification:Package 'src/moveit' with type 'ros.ament_cmake' and name 'moveit'
[0.222s] Level 1:colcon.colcon_core.package_discovery:discover_packages(recursive) using defaults
[0.222s] Level 1:colcon.colcon_core.package_discovery:discover_packages(ignore) discover
[0.222s] Level 1:colcon.colcon_core.package_discovery:discover_packages(ignore) using defaults
[0.222s] Level 1:colcon.colcon_core.package_discovery:discover_packages(path) discover
[0.222s] Level 1:colcon.colcon_core.package_discovery:discover_packages(path) using defaults
[0.239s] Level 5:colcon.colcon_core.verb:set package 'aar6' build argument 'cmake_args' from command line to 'None'
[0.239s] Level 5:colcon.colcon_core.verb:set package 'aar6' build argument 'cmake_target' from command line to 'None'
[0.239s] Level 5:colcon.colcon_core.verb:set package 'aar6' build argument 'cmake_target_skip_unavailable' from command line to 'False'
[0.239s] Level 5:colcon.colcon_core.verb:set package 'aar6' build argument 'cmake_clean_cache' from command line to 'False'
[0.239s] Level 5:colcon.colcon_core.verb:set package 'aar6' build argument 'cmake_clean_first' from command line to 'False'
[0.239s] Level 5:colcon.colcon_core.verb:set package 'aar6' build argument 'cmake_force_configure' from command line to 'False'
[0.239s] Level 5:colcon.colcon_core.verb:set package 'aar6' build argument 'ament_cmake_args' from command line to 'None'
[0.239s] Level 5:colcon.colcon_core.verb:set package 'aar6' build argument 'catkin_cmake_args' from command line to 'None'
[0.239s] Level 5:colcon.colcon_core.verb:set package 'aar6' build argument 'catkin_skip_building_tests' from command line to 'False'
[0.239s] DEBUG:colcon.colcon_core.verb:Building package 'aar6' with the following arguments: {'ament_cmake_args': None, 'build_base': '/root/ros2_ws/build/aar6', 'catkin_cmake_args': None, 'catkin_skip_building_tests': False, 'cmake_args': None, 'cmake_clean_cache': False, 'cmake_clean_first': False, 'cmake_force_configure': False, 'cmake_target': None, 'cmake_target_skip_unavailable': False, 'install_base': '/root/ros2_ws/install/aar6', 'merge_install': False, 'path': '/root/ros2_ws/src/aar6', 'symlink_install': True, 'test_result_base': None}
[0.240s] Level 5:colcon.colcon_core.verb:set package 'moveit' build argument 'cmake_args' from command line to 'None'
[0.240s] Level 5:colcon.colcon_core.verb:set package 'moveit' build argument 'cmake_target' from command line to 'None'
[0.240s] Level 5:colcon.colcon_core.verb:set package 'moveit' build argument 'cmake_target_skip_unavailable' from command line to 'False'
[0.240s] Level 5:colcon.colcon_core.verb:set package 'moveit' build argument 'cmake_clean_cache' from command line to 'False'
[0.240s] Level 5:colcon.colcon_core.verb:set package 'moveit' build argument 'cmake_clean_first' from command line to 'False'
[0.240s] Level 5:colcon.colcon_core.verb:set package 'moveit' build argument 'cmake_force_configure' from command line to 'False'
[0.240s] Level 5:colcon.colcon_core.verb:set package 'moveit' build argument 'ament_cmake_args' from command line to 'None'
[0.240s] Level 5:colcon.colcon_core.verb:set package 'moveit' build argument 'catkin_cmake_args' from command line to 'None'
[0.240s] Level 5:colcon.colcon_core.verb:set package 'moveit' build argument 'catkin_skip_building_tests' from command line to 'False'
[0.240s] DEBUG:colcon.colcon_core.verb:Building package 'moveit' with the following arguments: {'ament_cmake_args': None, 'build_base': '/root/ros2_ws/build/moveit', 'catkin_cmake_args': None, 'catkin_skip_building_tests': False, 'cmake_args': None, 'cmake_clean_cache': False, 'cmake_clean_first': False, 'cmake_force_configure': False, 'cmake_target': None, 'cmake_target_skip_unavailable': False, 'install_base': '/root/ros2_ws/install/moveit', 'merge_install': False, 'path': '/root/ros2_ws/src/moveit', 'symlink_install': True, 'test_result_base': None}
[0.240s] INFO:colcon.colcon_core.executor:Executing jobs using 'parallel' executor
[0.240s] DEBUG:colcon.colcon_parallel_executor.executor.parallel:run_until_complete
[0.241s] INFO:colcon.colcon_ros.task.ament_cmake.build:Building ROS package in '/root/ros2_ws/src/aar6' with build type 'ament_cmake'
[0.241s] INFO:colcon.colcon_cmake.task.cmake.build:Building CMake package in '/root/ros2_ws/src/aar6'
[0.245s] INFO:colcon.colcon_core.plugin_system:Skipping extension 'colcon_core.shell.bat': Not used on non-Windows systems
[0.245s] INFO:colcon.colcon_core.shell:Skip shell extension 'powershell' for command environment: Not usable outside of PowerShell
[0.245s] DEBUG:colcon.colcon_core.shell:Skip shell extension 'dsv' for command environment
[0.253s] DEBUG:colcon.colcon_core.event_handler.log_command:Invoking command in '/root/ros2_ws/build/aar6': CMAKE_PREFIX_PATH=/opt/ros/jazzy /usr/bin/cmake /root/ros2_ws/src/aar6 -DAMENT_CMAKE_SYMLINK_INSTALL=1 -DCMAKE_INSTALL_PREFIX=/root/ros2_ws/install/aar6
[1.290s] DEBUG:colcon.colcon_core.event_handler.log_command:Invoked command in '/root/ros2_ws/build/aar6' returned '0': CMAKE_PREFIX_PATH=/opt/ros/jazzy /usr/bin/cmake /root/ros2_ws/src/aar6 -DAMENT_CMAKE_SYMLINK_INSTALL=1 -DCMAKE_INSTALL_PREFIX=/root/ros2_ws/install/aar6
[1.291s] DEBUG:colcon.colcon_core.event_handler.log_command:Invoking command in '/root/ros2_ws/build/aar6': CMAKE_PREFIX_PATH=/opt/ros/jazzy /usr/bin/cmake --build /root/ros2_ws/build/aar6 -- -j16 -l16
[6.029s] DEBUG:colcon.colcon_core.event_handler.log_command:Invoked command in '/root/ros2_ws/build/aar6' returned '0': CMAKE_PREFIX_PATH=/opt/ros/jazzy /usr/bin/cmake --build /root/ros2_ws/build/aar6 -- -j16 -l16
[6.035s] DEBUG:colcon.colcon_core.event_handler.log_command:Invoking command in '/root/ros2_ws/build/aar6': CMAKE_PREFIX_PATH=/opt/ros/jazzy /usr/bin/cmake --install /root/ros2_ws/build/aar6
[6.270s] Level 1:colcon.colcon_core.environment:create_environment_scripts_only(aar6)
[6.270s] DEBUG:colcon.colcon_core.event_handler.log_command:Invoked command in '/root/ros2_ws/build/aar6' returned '0': CMAKE_PREFIX_PATH=/opt/ros/jazzy /usr/bin/cmake --install /root/ros2_ws/build/aar6
[6.275s] Level 1:colcon.colcon_core.environment:checking '/root/ros2_ws/install/aar6' for CMake module files
[6.275s] Level 1:colcon.colcon_core.environment:checking '/root/ros2_ws/install/aar6' for CMake config files
[6.275s] Level 1:colcon.colcon_core.shell:create_environment_hook('aar6', 'cmake_prefix_path')
[6.275s] INFO:colcon.colcon_core.shell:Creating environment hook '/root/ros2_ws/install/aar6/share/aar6/hook/cmake_prefix_path.ps1'
[6.276s] INFO:colcon.colcon_core.shell:Creating environment descriptor '/root/ros2_ws/install/aar6/share/aar6/hook/cmake_prefix_path.dsv'
[6.276s] INFO:colcon.colcon_core.shell:Creating environment hook '/root/ros2_ws/install/aar6/share/aar6/hook/cmake_prefix_path.sh'
[6.277s] Level 1:colcon.colcon_core.environment:checking '/root/ros2_ws/install/aar6/lib'
[6.278s] Level 1:colcon.colcon_core.environment:checking '/root/ros2_ws/install/aar6/bin'
[6.278s] Level 1:colcon.colcon_core.environment:checking '/root/ros2_ws/install/aar6/lib/pkgconfig/aar6.pc'
[6.279s] Level 1:colcon.colcon_core.environment:checking '/root/ros2_ws/install/aar6/lib/python3.12/site-packages'
[6.279s] Level 1:colcon.colcon_core.environment:checking '/root/ros2_ws/install/aar6/bin'
[6.279s] INFO:colcon.colcon_core.shell:Creating package script '/root/ros2_ws/install/aar6/share/aar6/package.ps1'
[6.280s] INFO:colcon.colcon_core.shell:Creating package descriptor '/root/ros2_ws/install/aar6/share/aar6/package.dsv'
[6.280s] INFO:colcon.colcon_core.shell:Creating package script '/root/ros2_ws/install/aar6/share/aar6/package.sh'
[6.281s] INFO:colcon.colcon_core.shell:Creating package script '/root/ros2_ws/install/aar6/share/aar6/package.bash'
[6.282s] INFO:colcon.colcon_core.shell:Creating package script '/root/ros2_ws/install/aar6/share/aar6/package.zsh'
[6.283s] Level 1:colcon.colcon_core.environment:create_file_with_runtime_dependencies(/root/ros2_ws/install/aar6/share/colcon-core/packages/aar6)
[6.283s] Level 1:colcon.colcon_core.environment:create_environment_scripts_only(aar6)
[6.283s] Level 1:colcon.colcon_core.environment:checking '/root/ros2_ws/install/aar6' for CMake module files
[6.283s] Level 1:colcon.colcon_core.environment:checking '/root/ros2_ws/install/aar6' for CMake config files
[6.284s] Level 1:colcon.colcon_core.shell:create_environment_hook('aar6', 'cmake_prefix_path')
[6.284s] INFO:colcon.colcon_core.shell:Creating environment hook '/root/ros2_ws/install/aar6/share/aar6/hook/cmake_prefix_path.ps1'
[6.284s] INFO:colcon.colcon_core.shell:Creating environment descriptor '/root/ros2_ws/install/aar6/share/aar6/hook/cmake_prefix_path.dsv'
[6.284s] INFO:colcon.colcon_core.shell:Creating environment hook '/root/ros2_ws/install/aar6/share/aar6/hook/cmake_prefix_path.sh'
[6.285s] Level 1:colcon.colcon_core.environment:checking '/root/ros2_ws/install/aar6/lib'
[6.285s] Level 1:colcon.colcon_core.environment:checking '/root/ros2_ws/install/aar6/bin'
[6.285s] Level 1:colcon.colcon_core.environment:checking '/root/ros2_ws/install/aar6/lib/pkgconfig/aar6.pc'
[6.285s] Level 1:colcon.colcon_core.environment:checking '/root/ros2_ws/install/aar6/lib/python3.12/site-packages'
[6.285s] Level 1:colcon.colcon_core.environment:checking '/root/ros2_ws/install/aar6/bin'
[6.285s] INFO:colcon.colcon_core.shell:Creating package script '/root/ros2_ws/install/aar6/share/aar6/package.ps1'
[6.285s] INFO:colcon.colcon_core.shell:Creating package descriptor '/root/ros2_ws/install/aar6/share/aar6/package.dsv'
[6.286s] INFO:colcon.colcon_core.shell:Creating package script '/root/ros2_ws/install/aar6/share/aar6/package.sh'
[6.286s] INFO:colcon.colcon_core.shell:Creating package script '/root/ros2_ws/install/aar6/share/aar6/package.bash'
[6.286s] INFO:colcon.colcon_core.shell:Creating package script '/root/ros2_ws/install/aar6/share/aar6/package.zsh'
[6.286s] Level 1:colcon.colcon_core.environment:create_file_with_runtime_dependencies(/root/ros2_ws/install/aar6/share/colcon-core/packages/aar6)
[6.287s] INFO:colcon.colcon_ros.task.ament_cmake.build:Building ROS package in '/root/ros2_ws/src/moveit' with build type 'ament_cmake'
[6.287s] INFO:colcon.colcon_cmake.task.cmake.build:Building CMake package in '/root/ros2_ws/src/moveit'
[6.287s] INFO:colcon.colcon_core.shell:Skip shell extension 'powershell' for command environment: Not usable outside of PowerShell
[6.287s] DEBUG:colcon.colcon_core.shell:Skip shell extension 'dsv' for command environment
[6.291s] DEBUG:colcon.colcon_core.event_handler.log_command:Invoking command in '/root/ros2_ws/build/moveit': AMENT_PREFIX_PATH=/root/ros2_ws/install/aar6:${AMENT_PREFIX_PATH} CMAKE_PREFIX_PATH=/root/ros2_ws/install/aar6:/opt/ros/jazzy /usr/bin/cmake /root/ros2_ws/src/moveit -DAMENT_CMAKE_SYMLINK_INSTALL=1 -DCMAKE_INSTALL_PREFIX=/root/ros2_ws/install/moveit
[6.737s] DEBUG:colcon.colcon_core.event_handler.log_command:Invoked command in '/root/ros2_ws/build/moveit' returned '0': AMENT_PREFIX_PATH=/root/ros2_ws/install/aar6:${AMENT_PREFIX_PATH} CMAKE_PREFIX_PATH=/root/ros2_ws/install/aar6:/opt/ros/jazzy /usr/bin/cmake /root/ros2_ws/src/moveit -DAMENT_CMAKE_SYMLINK_INSTALL=1 -DCMAKE_INSTALL_PREFIX=/root/ros2_ws/install/moveit
[6.737s] DEBUG:colcon.colcon_core.event_handler.log_command:Invoking command in '/root/ros2_ws/build/moveit': AMENT_PREFIX_PATH=/root/ros2_ws/install/aar6:${AMENT_PREFIX_PATH} CMAKE_PREFIX_PATH=/root/ros2_ws/install/aar6:/opt/ros/jazzy /usr/bin/cmake --build /root/ros2_ws/build/moveit -- -j16 -l16
[6.765s] DEBUG:colcon.colcon_core.event_handler.log_command:Invoked command in '/root/ros2_ws/build/moveit' returned '0': AMENT_PREFIX_PATH=/root/ros2_ws/install/aar6:${AMENT_PREFIX_PATH} CMAKE_PREFIX_PATH=/root/ros2_ws/install/aar6:/opt/ros/jazzy /usr/bin/cmake --build /root/ros2_ws/build/moveit -- -j16 -l16
[6.765s] DEBUG:colcon.colcon_core.event_handler.log_command:Invoking command in '/root/ros2_ws/build/moveit': AMENT_PREFIX_PATH=/root/ros2_ws/install/aar6:${AMENT_PREFIX_PATH} CMAKE_PREFIX_PATH=/root/ros2_ws/install/aar6:/opt/ros/jazzy /usr/bin/cmake --install /root/ros2_ws/build/moveit
[6.966s] Level 1:colcon.colcon_core.environment:create_environment_scripts_only(moveit)
[6.967s] Level 1:colcon.colcon_core.environment:checking '/root/ros2_ws/install/moveit' for CMake module files
[6.967s] DEBUG:colcon.colcon_core.event_handler.log_command:Invoked command in '/root/ros2_ws/build/moveit' returned '0': AMENT_PREFIX_PATH=/root/ros2_ws/install/aar6:${AMENT_PREFIX_PATH} CMAKE_PREFIX_PATH=/root/ros2_ws/install/aar6:/opt/ros/jazzy /usr/bin/cmake --install /root/ros2_ws/build/moveit
[6.967s] Level 1:colcon.colcon_core.environment:checking '/root/ros2_ws/install/moveit' for CMake config files
[6.968s] Level 1:colcon.colcon_core.shell:create_environment_hook('moveit', 'cmake_prefix_path')
[6.968s] INFO:colcon.colcon_core.shell:Creating environment hook '/root/ros2_ws/install/moveit/share/moveit/hook/cmake_prefix_path.ps1'
[6.968s] INFO:colcon.colcon_core.shell:Creating environment descriptor '/root/ros2_ws/install/moveit/share/moveit/hook/cmake_prefix_path.dsv'
[6.968s] INFO:colcon.colcon_core.shell:Creating environment hook '/root/ros2_ws/install/moveit/share/moveit/hook/cmake_prefix_path.sh'
[6.969s] Level 1:colcon.colcon_core.environment:checking '/root/ros2_ws/install/moveit/bin'
[6.969s] Level 1:colcon.colcon_core.environment:checking '/root/ros2_ws/install/moveit/lib/pkgconfig/moveit.pc'
[6.969s] Level 1:colcon.colcon_core.environment:checking '/root/ros2_ws/install/moveit/lib/python3.12/site-packages'
[6.969s] Level 1:colcon.colcon_core.environment:checking '/root/ros2_ws/install/moveit/bin'
[6.969s] INFO:colcon.colcon_core.shell:Creating package script '/root/ros2_ws/install/moveit/share/moveit/package.ps1'
[6.969s] INFO:colcon.colcon_core.shell:Creating package descriptor '/root/ros2_ws/install/moveit/share/moveit/package.dsv'
[6.970s] INFO:colcon.colcon_core.shell:Creating package script '/root/ros2_ws/install/moveit/share/moveit/package.sh'
[6.970s] INFO:colcon.colcon_core.shell:Creating package script '/root/ros2_ws/install/moveit/share/moveit/package.bash'
[6.970s] INFO:colcon.colcon_core.shell:Creating package script '/root/ros2_ws/install/moveit/share/moveit/package.zsh'
[6.970s] Level 1:colcon.colcon_core.environment:create_file_with_runtime_dependencies(/root/ros2_ws/install/moveit/share/colcon-core/packages/moveit)
[6.971s] Level 1:colcon.colcon_core.environment:create_environment_scripts_only(moveit)
[6.971s] Level 1:colcon.colcon_core.environment:checking '/root/ros2_ws/install/moveit' for CMake module files
[6.971s] Level 1:colcon.colcon_core.environment:checking '/root/ros2_ws/install/moveit' for CMake config files
[6.971s] Level 1:colcon.colcon_core.shell:create_environment_hook('moveit', 'cmake_prefix_path')
[6.971s] INFO:colcon.colcon_core.shell:Creating environment hook '/root/ros2_ws/install/moveit/share/moveit/hook/cmake_prefix_path.ps1'
[6.972s] INFO:colcon.colcon_core.shell:Creating environment descriptor '/root/ros2_ws/install/moveit/share/moveit/hook/cmake_prefix_path.dsv'
[6.972s] INFO:colcon.colcon_core.shell:Creating environment hook '/root/ros2_ws/install/moveit/share/moveit/hook/cmake_prefix_path.sh'
[6.972s] Level 1:colcon.colcon_core.environment:checking '/root/ros2_ws/install/moveit/bin'
[6.972s] Level 1:colcon.colcon_core.environment:checking '/root/ros2_ws/install/moveit/lib/pkgconfig/moveit.pc'
[6.972s] Level 1:colcon.colcon_core.environment:checking '/root/ros2_ws/install/moveit/lib/python3.12/site-packages'
[6.972s] Level 1:colcon.colcon_core.environment:checking '/root/ros2_ws/install/moveit/bin'
[6.972s] INFO:colcon.colcon_core.shell:Creating package script '/root/ros2_ws/install/moveit/share/moveit/package.ps1'
[6.973s] INFO:colcon.colcon_core.shell:Creating package descriptor '/root/ros2_ws/install/moveit/share/moveit/package.dsv'
[6.973s] INFO:colcon.colcon_core.shell:Creating package script '/root/ros2_ws/install/moveit/share/moveit/package.sh'
[6.973s] INFO:colcon.colcon_core.shell:Creating package script '/root/ros2_ws/install/moveit/share/moveit/package.bash'
[6.973s] INFO:colcon.colcon_core.shell:Creating package script '/root/ros2_ws/install/moveit/share/moveit/package.zsh'
[6.974s] Level 1:colcon.colcon_core.environment:create_file_with_runtime_dependencies(/root/ros2_ws/install/moveit/share/colcon-core/packages/moveit)
[6.974s] DEBUG:colcon.colcon_parallel_executor.executor.parallel:closing loop
[6.974s] DEBUG:colcon.colcon_parallel_executor.executor.parallel:loop closed
[6.974s] DEBUG:colcon.colcon_parallel_executor.executor.parallel:run_until_complete finished with '0'
[6.974s] DEBUG:colcon.colcon_core.event_reactor:joining thread
[6.983s] INFO:colcon.colcon_core.plugin_system:Skipping extension 'colcon_notification.desktop_notification.notify_send': Could not find 'notify-send'
[6.983s] INFO:colcon.colcon_core.plugin_system:Skipping extension 'colcon_notification.desktop_notification.terminal_notifier': Not used on non-Darwin systems
[6.983s] INFO:colcon.colcon_core.plugin_system:Skipping extension 'colcon_notification.desktop_notification.win32': Not used on non-Windows systems
[6.983s] INFO:colcon.colcon_notification.desktop_notification:Sending desktop notification using 'notify2'
[6.984s] DEBUG:colcon.colcon_notification.desktop_notification.notify2:Failed to initialize notify2: org.freedesktop.DBus.Error.InvalidFileContent: D-Bus library appears to be incorrectly set up: see the manual page for dbus-uuidgen to correct this issue. (Failed to open "/var/lib/dbus/machine-id": No such file or directory; UUID file '/etc/machine-id' should contain a hex string of length 32, not length 0, with no other text)
[6.984s] DEBUG:colcon.colcon_core.event_reactor:joined thread
[6.984s] INFO:colcon.colcon_core.shell:Creating prefix script '/root/ros2_ws/install/local_setup.ps1'
[6.984s] INFO:colcon.colcon_core.shell:Creating prefix util module '/root/ros2_ws/install/_local_setup_util_ps1.py'
[6.985s] INFO:colcon.colcon_core.shell:Creating prefix chain script '/root/ros2_ws/install/setup.ps1'
[6.986s] INFO:colcon.colcon_core.shell:Creating prefix script '/root/ros2_ws/install/local_setup.sh'
[6.986s] INFO:colcon.colcon_core.shell:Creating prefix util module '/root/ros2_ws/install/_local_setup_util_sh.py'
[6.987s] INFO:colcon.colcon_core.shell:Creating prefix chain script '/root/ros2_ws/install/setup.sh'
[6.988s] INFO:colcon.colcon_core.shell:Creating prefix script '/root/ros2_ws/install/local_setup.bash'
[6.989s] INFO:colcon.colcon_core.shell:Creating prefix chain script '/root/ros2_ws/install/setup.bash'
[6.990s] INFO:colcon.colcon_core.shell:Creating prefix script '/root/ros2_ws/install/local_setup.zsh'
[6.990s] INFO:colcon.colcon_core.shell:Creating prefix chain script '/root/ros2_ws/install/setup.zsh'
