Not searching for unused variables given on the command line.
-- The C compiler identification is GNU 8.3.1
-- Detecting C compiler ABI info
-- Detecting C compiler ABI info - done
-- Check for working C compiler: /home/idgaf/uros_ws/firmware/freertos_apps/microros_nucleo_f446re_extensions/../../toolchain/bin/arm-none-eabi-gcc - skipped
-- Detecting C compile features
-- Detecting C compile features - done
-- Found ament_cmake_python: 2.5.4 (/home/idgaf/uros_ws/firmware/dev_ws/install/ament_cmake_python/share/ament_cmake_python/cmake)
-- Found ament_cmake_ros: 0.12.0 (/home/idgaf/uros_ws/firmware/dev_ws/install/ament_cmake_ros/share/ament_cmake_ros/cmake)
-- Found Python3: /usr/bin/python3 (found version "3.12.3") found components: Interpreter 
-- Configuring done (0.6s)
-- Generating done (0.0s)
-- Build files have been written to: /home/idgaf/uros_ws/firmware/mcu_ws/build/rosidl_typesupport_introspection_c
Change Dir: '/home/idgaf/uros_ws/firmware/mcu_ws/build/rosidl_typesupport_introspection_c'

Run Build Command(s): /usr/bin/cmake -E env VERBOSE=1 /usr/bin/gmake -f Makefile -j16 -l16
gmake[1]: Entering directory '/home/idgaf/uros_ws/firmware/mcu_ws/build/rosidl_typesupport_introspection_c'
/usr/bin/cmake -S/home/idgaf/uros_ws/firmware/mcu_ws/ros2/rosidl/rosidl_typesupport_introspection_c -B/home/idgaf/uros_ws/firmware/mcu_ws/build/rosidl_typesupport_introspection_c --check-build-system CMakeFiles/Makefile.cmake 0
/usr/bin/cmake -E cmake_progress_start /home/idgaf/uros_ws/firmware/mcu_ws/build/rosidl_typesupport_introspection_c/CMakeFiles /home/idgaf/uros_ws/firmware/mcu_ws/build/rosidl_typesupport_introspection_c//CMakeFiles/progress.marks
/usr/bin/gmake  -f CMakeFiles/Makefile2 all
gmake[2]: Entering directory '/home/idgaf/uros_ws/firmware/mcu_ws/build/rosidl_typesupport_introspection_c'
/usr/bin/gmake  -f CMakeFiles/ament_cmake_python_copy_rosidl_typesupport_introspection_c.dir/build.make CMakeFiles/ament_cmake_python_copy_rosidl_typesupport_introspection_c.dir/depend
/usr/bin/gmake  -f CMakeFiles/ament_cmake_python_copy_rosidl_typesupport_introspection_c_setup.dir/build.make CMakeFiles/ament_cmake_python_copy_rosidl_typesupport_introspection_c_setup.dir/depend
/usr/bin/gmake  -f CMakeFiles/rosidl_typesupport_introspection_c.dir/build.make CMakeFiles/rosidl_typesupport_introspection_c.dir/depend
gmake[3]: Entering directory '/home/idgaf/uros_ws/firmware/mcu_ws/build/rosidl_typesupport_introspection_c'
cd /home/idgaf/uros_ws/firmware/mcu_ws/build/rosidl_typesupport_introspection_c && /usr/bin/cmake -E cmake_depends "Unix Makefiles" /home/idgaf/uros_ws/firmware/mcu_ws/ros2/rosidl/rosidl_typesupport_introspection_c /home/idgaf/uros_ws/firmware/mcu_ws/ros2/rosidl/rosidl_typesupport_introspection_c /home/idgaf/uros_ws/firmware/mcu_ws/build/rosidl_typesupport_introspection_c /home/idgaf/uros_ws/firmware/mcu_ws/build/rosidl_typesupport_introspection_c /home/idgaf/uros_ws/firmware/mcu_ws/build/rosidl_typesupport_introspection_c/CMakeFiles/ament_cmake_python_copy_rosidl_typesupport_introspection_c.dir/DependInfo.cmake "--color="
gmake[3]: Entering directory '/home/idgaf/uros_ws/firmware/mcu_ws/build/rosidl_typesupport_introspection_c'
cd /home/idgaf/uros_ws/firmware/mcu_ws/build/rosidl_typesupport_introspection_c && /usr/bin/cmake -E cmake_depends "Unix Makefiles" /home/idgaf/uros_ws/firmware/mcu_ws/ros2/rosidl/rosidl_typesupport_introspection_c /home/idgaf/uros_ws/firmware/mcu_ws/ros2/rosidl/rosidl_typesupport_introspection_c /home/idgaf/uros_ws/firmware/mcu_ws/build/rosidl_typesupport_introspection_c /home/idgaf/uros_ws/firmware/mcu_ws/build/rosidl_typesupport_introspection_c /home/idgaf/uros_ws/firmware/mcu_ws/build/rosidl_typesupport_introspection_c/CMakeFiles/ament_cmake_python_copy_rosidl_typesupport_introspection_c_setup.dir/DependInfo.cmake "--color="
gmake[3]: Entering directory '/home/idgaf/uros_ws/firmware/mcu_ws/build/rosidl_typesupport_introspection_c'
cd /home/idgaf/uros_ws/firmware/mcu_ws/build/rosidl_typesupport_introspection_c && /usr/bin/cmake -E cmake_depends "Unix Makefiles" /home/idgaf/uros_ws/firmware/mcu_ws/ros2/rosidl/rosidl_typesupport_introspection_c /home/idgaf/uros_ws/firmware/mcu_ws/ros2/rosidl/rosidl_typesupport_introspection_c /home/idgaf/uros_ws/firmware/mcu_ws/build/rosidl_typesupport_introspection_c /home/idgaf/uros_ws/firmware/mcu_ws/build/rosidl_typesupport_introspection_c /home/idgaf/uros_ws/firmware/mcu_ws/build/rosidl_typesupport_introspection_c/CMakeFiles/rosidl_typesupport_introspection_c.dir/DependInfo.cmake "--color="
gmake[3]: Leaving directory '/home/idgaf/uros_ws/firmware/mcu_ws/build/rosidl_typesupport_introspection_c'
/usr/bin/gmake  -f CMakeFiles/ament_cmake_python_copy_rosidl_typesupport_introspection_c_setup.dir/build.make CMakeFiles/ament_cmake_python_copy_rosidl_typesupport_introspection_c_setup.dir/build
gmake[3]: Leaving directory '/home/idgaf/uros_ws/firmware/mcu_ws/build/rosidl_typesupport_introspection_c'
/usr/bin/gmake  -f CMakeFiles/ament_cmake_python_copy_rosidl_typesupport_introspection_c.dir/build.make CMakeFiles/ament_cmake_python_copy_rosidl_typesupport_introspection_c.dir/build
gmake[3]: Entering directory '/home/idgaf/uros_ws/firmware/mcu_ws/build/rosidl_typesupport_introspection_c'
/usr/bin/cmake -E copy /home/idgaf/uros_ws/firmware/mcu_ws/ros2/rosidl/rosidl_typesupport_introspection_c/setup.cfg /home/idgaf/uros_ws/firmware/mcu_ws/build/rosidl_typesupport_introspection_c/ament_cmake_python/rosidl_typesupport_introspection_c/setup.cfg
gmake[3]: Entering directory '/home/idgaf/uros_ws/firmware/mcu_ws/build/rosidl_typesupport_introspection_c'
/usr/bin/cmake -E copy_directory /home/idgaf/uros_ws/firmware/mcu_ws/ros2/rosidl/rosidl_typesupport_introspection_c/rosidl_typesupport_introspection_c /home/idgaf/uros_ws/firmware/mcu_ws/build/rosidl_typesupport_introspection_c/ament_cmake_python/rosidl_typesupport_introspection_c/rosidl_typesupport_introspection_c
gmake[3]: Leaving directory '/home/idgaf/uros_ws/firmware/mcu_ws/build/rosidl_typesupport_introspection_c'
/usr/bin/gmake  -f CMakeFiles/rosidl_typesupport_introspection_c.dir/build.make CMakeFiles/rosidl_typesupport_introspection_c.dir/build
gmake[3]: Entering directory '/home/idgaf/uros_ws/firmware/mcu_ws/build/rosidl_typesupport_introspection_c'
gmake[3]: Leaving directory '/home/idgaf/uros_ws/firmware/mcu_ws/build/rosidl_typesupport_introspection_c'
[ 50%] [32mBuilding C object CMakeFiles/rosidl_typesupport_introspection_c.dir/src/identifier.c.obj[0m
gmake[3]: Leaving directory '/home/idgaf/uros_ws/firmware/mcu_ws/build/rosidl_typesupport_introspection_c'
/home/idgaf/uros_ws/firmware/freertos_apps/microros_nucleo_f446re_extensions/../../toolchain/bin/arm-none-eabi-gcc -DROS_PACKAGE_NAME=\"rosidl_typesupport_introspection_c\" -I/home/idgaf/uros_ws/firmware/mcu_ws/ros2/rosidl/rosidl_typesupport_introspection_c/include -std=c11 -mcpu=cortex-m4 -mthumb -mfpu=fpv4-sp-d16 -mfloat-abi=hard -DUSE_HAL_DRIVER -DSTM32F446xx -D_TIMEVAL_DEFINE -O0 -Wall -fdata-sections -ffunction-sections  -DCLOCK_MONOTONIC=0 -g -std=gnu11 -Wall -Wextra -Wpedantic -MD -MT CMakeFiles/rosidl_typesupport_introspection_c.dir/src/identifier.c.obj -MF CMakeFiles/rosidl_typesupport_introspection_c.dir/src/identifier.c.obj.d -o CMakeFiles/rosidl_typesupport_introspection_c.dir/src/identifier.c.obj -c /home/idgaf/uros_ws/firmware/mcu_ws/ros2/rosidl/rosidl_typesupport_introspection_c/src/identifier.c
[ 50%] Built target ament_cmake_python_copy_rosidl_typesupport_introspection_c_setup
[ 50%] Built target ament_cmake_python_copy_rosidl_typesupport_introspection_c
/usr/bin/gmake  -f CMakeFiles/ament_cmake_python_build_rosidl_typesupport_introspection_c_egg.dir/build.make CMakeFiles/ament_cmake_python_build_rosidl_typesupport_introspection_c_egg.dir/depend
gmake[3]: Entering directory '/home/idgaf/uros_ws/firmware/mcu_ws/build/rosidl_typesupport_introspection_c'
cd /home/idgaf/uros_ws/firmware/mcu_ws/build/rosidl_typesupport_introspection_c && /usr/bin/cmake -E cmake_depends "Unix Makefiles" /home/idgaf/uros_ws/firmware/mcu_ws/ros2/rosidl/rosidl_typesupport_introspection_c /home/idgaf/uros_ws/firmware/mcu_ws/ros2/rosidl/rosidl_typesupport_introspection_c /home/idgaf/uros_ws/firmware/mcu_ws/build/rosidl_typesupport_introspection_c /home/idgaf/uros_ws/firmware/mcu_ws/build/rosidl_typesupport_introspection_c /home/idgaf/uros_ws/firmware/mcu_ws/build/rosidl_typesupport_introspection_c/CMakeFiles/ament_cmake_python_build_rosidl_typesupport_introspection_c_egg.dir/DependInfo.cmake "--color="
gmake[3]: Leaving directory '/home/idgaf/uros_ws/firmware/mcu_ws/build/rosidl_typesupport_introspection_c'
/usr/bin/gmake  -f CMakeFiles/ament_cmake_python_build_rosidl_typesupport_introspection_c_egg.dir/build.make CMakeFiles/ament_cmake_python_build_rosidl_typesupport_introspection_c_egg.dir/build
gmake[3]: Entering directory '/home/idgaf/uros_ws/firmware/mcu_ws/build/rosidl_typesupport_introspection_c'
cd /home/idgaf/uros_ws/firmware/mcu_ws/build/rosidl_typesupport_introspection_c/ament_cmake_python/rosidl_typesupport_introspection_c && /usr/bin/python3 setup.py egg_info
[100%] [32m[1mLinking C static library librosidl_typesupport_introspection_c.a[0m
/usr/bin/cmake -P CMakeFiles/rosidl_typesupport_introspection_c.dir/cmake_clean_target.cmake
/usr/bin/cmake -E cmake_link_script CMakeFiles/rosidl_typesupport_introspection_c.dir/link.txt --verbose=1
/home/idgaf/uros_ws/firmware/toolchain/bin/arm-none-eabi-ar qc librosidl_typesupport_introspection_c.a CMakeFiles/rosidl_typesupport_introspection_c.dir/src/identifier.c.obj
/home/idgaf/uros_ws/firmware/toolchain/bin/arm-none-eabi-ranlib librosidl_typesupport_introspection_c.a
gmake[3]: Leaving directory '/home/idgaf/uros_ws/firmware/mcu_ws/build/rosidl_typesupport_introspection_c'
[100%] Built target rosidl_typesupport_introspection_c
running egg_info
creating rosidl_typesupport_introspection_c.egg-info
writing rosidl_typesupport_introspection_c.egg-info/PKG-INFO
writing dependency_links to rosidl_typesupport_introspection_c.egg-info/dependency_links.txt
writing entry points to rosidl_typesupport_introspection_c.egg-info/entry_points.txt
writing top-level names to rosidl_typesupport_introspection_c.egg-info/top_level.txt
writing manifest file 'rosidl_typesupport_introspection_c.egg-info/SOURCES.txt'
reading manifest file 'rosidl_typesupport_introspection_c.egg-info/SOURCES.txt'
writing manifest file 'rosidl_typesupport_introspection_c.egg-info/SOURCES.txt'
gmake[3]: Leaving directory '/home/idgaf/uros_ws/firmware/mcu_ws/build/rosidl_typesupport_introspection_c'
[100%] Built target ament_cmake_python_build_rosidl_typesupport_introspection_c_egg
gmake[2]: Leaving directory '/home/idgaf/uros_ws/firmware/mcu_ws/build/rosidl_typesupport_introspection_c'
/usr/bin/cmake -E cmake_progress_start /home/idgaf/uros_ws/firmware/mcu_ws/build/rosidl_typesupport_introspection_c/CMakeFiles 0
gmake[1]: Leaving directory '/home/idgaf/uros_ws/firmware/mcu_ws/build/rosidl_typesupport_introspection_c'

-- Install configuration: "Debug"
-- Installing: /home/idgaf/uros_ws/firmware/mcu_ws/install/rosidl_typesupport_introspection_c/share/rosidl_typesupport_introspection_c/environment/pythonpath.sh
-- Installing: /home/idgaf/uros_ws/firmware/mcu_ws/install/rosidl_typesupport_introspection_c/share/rosidl_typesupport_introspection_c/environment/pythonpath.dsv
-- Installing: /home/idgaf/uros_ws/firmware/mcu_ws/install/rosidl_typesupport_introspection_c/lib/python3.12/site-packages/rosidl_typesupport_introspection_c-4.6.6-py3.12.egg-info
-- Installing: /home/idgaf/uros_ws/firmware/mcu_ws/install/rosidl_typesupport_introspection_c/lib/python3.12/site-packages/rosidl_typesupport_introspection_c-4.6.6-py3.12.egg-info/dependency_links.txt
-- Installing: /home/idgaf/uros_ws/firmware/mcu_ws/install/rosidl_typesupport_introspection_c/lib/python3.12/site-packages/rosidl_typesupport_introspection_c-4.6.6-py3.12.egg-info/SOURCES.txt
-- Installing: /home/idgaf/uros_ws/firmware/mcu_ws/install/rosidl_typesupport_introspection_c/lib/python3.12/site-packages/rosidl_typesupport_introspection_c-4.6.6-py3.12.egg-info/PKG-INFO
-- Installing: /home/idgaf/uros_ws/firmware/mcu_ws/install/rosidl_typesupport_introspection_c/lib/python3.12/site-packages/rosidl_typesupport_introspection_c-4.6.6-py3.12.egg-info/top_level.txt
-- Installing: /home/idgaf/uros_ws/firmware/mcu_ws/install/rosidl_typesupport_introspection_c/lib/python3.12/site-packages/rosidl_typesupport_introspection_c-4.6.6-py3.12.egg-info/entry_points.txt
-- Installing: /home/idgaf/uros_ws/firmware/mcu_ws/install/rosidl_typesupport_introspection_c/lib/python3.12/site-packages/rosidl_typesupport_introspection_c
-- Installing: /home/idgaf/uros_ws/firmware/mcu_ws/install/rosidl_typesupport_introspection_c/lib/python3.12/site-packages/rosidl_typesupport_introspection_c/cli.py
-- Installing: /home/idgaf/uros_ws/firmware/mcu_ws/install/rosidl_typesupport_introspection_c/lib/python3.12/site-packages/rosidl_typesupport_introspection_c/__init__.py
Listing '/home/idgaf/uros_ws/firmware/mcu_ws/install/rosidl_typesupport_introspection_c/lib/python3.12/site-packages/rosidl_typesupport_introspection_c'...
Compiling '/home/idgaf/uros_ws/firmware/mcu_ws/install/rosidl_typesupport_introspection_c/lib/python3.12/site-packages/rosidl_typesupport_introspection_c/__init__.py'...
Compiling '/home/idgaf/uros_ws/firmware/mcu_ws/install/rosidl_typesupport_introspection_c/lib/python3.12/site-packages/rosidl_typesupport_introspection_c/cli.py'...
-- Installing: /home/idgaf/uros_ws/firmware/mcu_ws/install/rosidl_typesupport_introspection_c/share/rosidl_typesupport_introspection_c/environment/library_path.sh
-- Installing: /home/idgaf/uros_ws/firmware/mcu_ws/install/rosidl_typesupport_introspection_c/share/rosidl_typesupport_introspection_c/environment/library_path.dsv
-- Installing: /home/idgaf/uros_ws/firmware/mcu_ws/install/rosidl_typesupport_introspection_c/share/ament_index/resource_index/rosidl_typesupport_c/rosidl_typesupport_introspection_c
-- Installing: /home/idgaf/uros_ws/firmware/mcu_ws/install/rosidl_typesupport_introspection_c/share/ament_index/resource_index/rosidl_runtime_packages/rosidl_typesupport_introspection_c
-- Installing: /home/idgaf/uros_ws/firmware/mcu_ws/install/rosidl_typesupport_introspection_c/share/ament_index/resource_index/package_run_dependencies/rosidl_typesupport_introspection_c
-- Installing: /home/idgaf/uros_ws/firmware/mcu_ws/install/rosidl_typesupport_introspection_c/share/ament_index/resource_index/parent_prefix_path/rosidl_typesupport_introspection_c
-- Installing: /home/idgaf/uros_ws/firmware/mcu_ws/install/rosidl_typesupport_introspection_c/share/rosidl_typesupport_introspection_c/environment/ament_prefix_path.sh
-- Installing: /home/idgaf/uros_ws/firmware/mcu_ws/install/rosidl_typesupport_introspection_c/share/rosidl_typesupport_introspection_c/environment/ament_prefix_path.dsv
-- Installing: /home/idgaf/uros_ws/firmware/mcu_ws/install/rosidl_typesupport_introspection_c/share/rosidl_typesupport_introspection_c/environment/path.sh
-- Installing: /home/idgaf/uros_ws/firmware/mcu_ws/install/rosidl_typesupport_introspection_c/share/rosidl_typesupport_introspection_c/environment/path.dsv
-- Installing: /home/idgaf/uros_ws/firmware/mcu_ws/install/rosidl_typesupport_introspection_c/share/rosidl_typesupport_introspection_c/local_setup.bash
-- Installing: /home/idgaf/uros_ws/firmware/mcu_ws/install/rosidl_typesupport_introspection_c/share/rosidl_typesupport_introspection_c/local_setup.sh
-- Installing: /home/idgaf/uros_ws/firmware/mcu_ws/install/rosidl_typesupport_introspection_c/share/rosidl_typesupport_introspection_c/local_setup.zsh
-- Installing: /home/idgaf/uros_ws/firmware/mcu_ws/install/rosidl_typesupport_introspection_c/share/rosidl_typesupport_introspection_c/local_setup.dsv
-- Installing: /home/idgaf/uros_ws/firmware/mcu_ws/install/rosidl_typesupport_introspection_c/share/rosidl_typesupport_introspection_c/package.dsv
-- Installing: /home/idgaf/uros_ws/firmware/mcu_ws/install/rosidl_typesupport_introspection_c/share/ament_index/resource_index/packages/rosidl_typesupport_introspection_c
-- Installing: /home/idgaf/uros_ws/firmware/mcu_ws/install/rosidl_typesupport_introspection_c/share/rosidl_typesupport_introspection_c/cmake/rosidl_typesupport_introspection_cExport.cmake
-- Installing: /home/idgaf/uros_ws/firmware/mcu_ws/install/rosidl_typesupport_introspection_c/share/rosidl_typesupport_introspection_c/cmake/rosidl_typesupport_introspection_cExport-debug.cmake
-- Installing: /home/idgaf/uros_ws/firmware/mcu_ws/install/rosidl_typesupport_introspection_c/share/rosidl_typesupport_introspection_c/cmake/rosidl_typesupport_introspection_c-extras.cmake
-- Installing: /home/idgaf/uros_ws/firmware/mcu_ws/install/rosidl_typesupport_introspection_c/share/rosidl_typesupport_introspection_c/cmake/ament_cmake_export_dependencies-extras.cmake
-- Installing: /home/idgaf/uros_ws/firmware/mcu_ws/install/rosidl_typesupport_introspection_c/share/rosidl_typesupport_introspection_c/cmake/ament_cmake_export_include_directories-extras.cmake
-- Installing: /home/idgaf/uros_ws/firmware/mcu_ws/install/rosidl_typesupport_introspection_c/share/rosidl_typesupport_introspection_c/cmake/ament_cmake_export_libraries-extras.cmake
-- Installing: /home/idgaf/uros_ws/firmware/mcu_ws/install/rosidl_typesupport_introspection_c/share/rosidl_typesupport_introspection_c/cmake/ament_cmake_export_targets-extras.cmake
-- Installing: /home/idgaf/uros_ws/firmware/mcu_ws/install/rosidl_typesupport_introspection_c/share/rosidl_typesupport_introspection_c/cmake/rosidl_typesupport_introspection_cConfig.cmake
-- Installing: /home/idgaf/uros_ws/firmware/mcu_ws/install/rosidl_typesupport_introspection_c/share/rosidl_typesupport_introspection_c/cmake/rosidl_typesupport_introspection_cConfig-version.cmake
-- Installing: /home/idgaf/uros_ws/firmware/mcu_ws/install/rosidl_typesupport_introspection_c/share/rosidl_typesupport_introspection_c/package.xml
-- Installing: /home/idgaf/uros_ws/firmware/mcu_ws/install/rosidl_typesupport_introspection_c/lib/rosidl_typesupport_introspection_c/rosidl_typesupport_introspection_c
-- Up-to-date: /home/idgaf/uros_ws/firmware/mcu_ws/install/rosidl_typesupport_introspection_c/share/rosidl_typesupport_introspection_c/cmake
-- Installing: /home/idgaf/uros_ws/firmware/mcu_ws/install/rosidl_typesupport_introspection_c/share/rosidl_typesupport_introspection_c/cmake/rosidl_typesupport_introspection_c_generate_interfaces.cmake
-- Installing: /home/idgaf/uros_ws/firmware/mcu_ws/install/rosidl_typesupport_introspection_c/share/rosidl_typesupport_introspection_c/resource
-- Installing: /home/idgaf/uros_ws/firmware/mcu_ws/install/rosidl_typesupport_introspection_c/share/rosidl_typesupport_introspection_c/resource/srv__rosidl_typesupport_introspection_c.h.em
-- Installing: /home/idgaf/uros_ws/firmware/mcu_ws/install/rosidl_typesupport_introspection_c/share/rosidl_typesupport_introspection_c/resource/msg__rosidl_typesupport_introspection_c.h.em
-- Installing: /home/idgaf/uros_ws/firmware/mcu_ws/install/rosidl_typesupport_introspection_c/share/rosidl_typesupport_introspection_c/resource/idl__rosidl_typesupport_introspection_c.h.em
-- Installing: /home/idgaf/uros_ws/firmware/mcu_ws/install/rosidl_typesupport_introspection_c/share/rosidl_typesupport_introspection_c/resource/msg__type_support.c.em
-- Installing: /home/idgaf/uros_ws/firmware/mcu_ws/install/rosidl_typesupport_introspection_c/share/rosidl_typesupport_introspection_c/resource/idl__type_support.c.em
-- Installing: /home/idgaf/uros_ws/firmware/mcu_ws/install/rosidl_typesupport_introspection_c/share/rosidl_typesupport_introspection_c/resource/rosidl_typesupport_introspection_c__visibility_control.h.in
-- Installing: /home/idgaf/uros_ws/firmware/mcu_ws/install/rosidl_typesupport_introspection_c/share/rosidl_typesupport_introspection_c/resource/srv__type_support.c.em
-- Installing: /home/idgaf/uros_ws/firmware/mcu_ws/install/rosidl_typesupport_introspection_c/include/rosidl_typesupport_introspection_c
-- Installing: /home/idgaf/uros_ws/firmware/mcu_ws/install/rosidl_typesupport_introspection_c/include/rosidl_typesupport_introspection_c/rosidl_typesupport_introspection_c
-- Installing: /home/idgaf/uros_ws/firmware/mcu_ws/install/rosidl_typesupport_introspection_c/include/rosidl_typesupport_introspection_c/rosidl_typesupport_introspection_c/visibility_control.h
-- Installing: /home/idgaf/uros_ws/firmware/mcu_ws/install/rosidl_typesupport_introspection_c/include/rosidl_typesupport_introspection_c/rosidl_typesupport_introspection_c/service_introspection.h
-- Installing: /home/idgaf/uros_ws/firmware/mcu_ws/install/rosidl_typesupport_introspection_c/include/rosidl_typesupport_introspection_c/rosidl_typesupport_introspection_c/identifier.h
-- Installing: /home/idgaf/uros_ws/firmware/mcu_ws/install/rosidl_typesupport_introspection_c/include/rosidl_typesupport_introspection_c/rosidl_typesupport_introspection_c/message_introspection.h
-- Installing: /home/idgaf/uros_ws/firmware/mcu_ws/install/rosidl_typesupport_introspection_c/include/rosidl_typesupport_introspection_c/rosidl_typesupport_introspection_c/field_types.h
-- Installing: /home/idgaf/uros_ws/firmware/mcu_ws/install/rosidl_typesupport_introspection_c/lib/librosidl_typesupport_introspection_c.a
