Not searching for unused variables given on the command line.
-- Found ament_cmake: 2.5.4 (/home/idgaf/uros_ws/firmware/dev_ws/install/ament_cmake/share/ament_cmake/cmake)
-- Found Python3: /usr/bin/python3 (found version "3.12.3") found components: Interpreter 
-- Configuring done (0.5s)
-- Generating done (0.0s)
-- Build files have been written to: /home/idgaf/uros_ws/firmware/mcu_ws/build/rosidl_generator_dds_idl
Change Dir: '/home/idgaf/uros_ws/firmware/mcu_ws/build/rosidl_generator_dds_idl'

Run Build Command(s): /usr/bin/cmake -E env VERBOSE=1 /usr/bin/gmake -f Makefile -j16 -l16
gmake[1]: Entering directory '/home/idgaf/uros_ws/firmware/mcu_ws/build/rosidl_generator_dds_idl'
/usr/bin/cmake -S/home/idgaf/uros_ws/firmware/mcu_ws/ros2/rosidl_dds/rosidl_generator_dds_idl -B/home/idgaf/uros_ws/firmware/mcu_ws/build/rosidl_generator_dds_idl --check-build-system CMakeFiles/Makefile.cmake 0
/usr/bin/cmake -E cmake_progress_start /home/idgaf/uros_ws/firmware/mcu_ws/build/rosidl_generator_dds_idl/CMakeFiles /home/idgaf/uros_ws/firmware/mcu_ws/build/rosidl_generator_dds_idl//CMakeFiles/progress.marks
/usr/bin/gmake  -f CMakeFiles/Makefile2 all
gmake[2]: Entering directory '/home/idgaf/uros_ws/firmware/mcu_ws/build/rosidl_generator_dds_idl'
/usr/bin/gmake  -f CMakeFiles/ament_cmake_python_copy_rosidl_generator_dds_idl_setup.dir/build.make CMakeFiles/ament_cmake_python_copy_rosidl_generator_dds_idl_setup.dir/depend
/usr/bin/gmake  -f CMakeFiles/ament_cmake_python_copy_rosidl_generator_dds_idl.dir/build.make CMakeFiles/ament_cmake_python_copy_rosidl_generator_dds_idl.dir/depend
gmake[3]: Entering directory '/home/idgaf/uros_ws/firmware/mcu_ws/build/rosidl_generator_dds_idl'
cd /home/idgaf/uros_ws/firmware/mcu_ws/build/rosidl_generator_dds_idl && /usr/bin/cmake -E cmake_depends "Unix Makefiles" /home/idgaf/uros_ws/firmware/mcu_ws/ros2/rosidl_dds/rosidl_generator_dds_idl /home/idgaf/uros_ws/firmware/mcu_ws/ros2/rosidl_dds/rosidl_generator_dds_idl /home/idgaf/uros_ws/firmware/mcu_ws/build/rosidl_generator_dds_idl /home/idgaf/uros_ws/firmware/mcu_ws/build/rosidl_generator_dds_idl /home/idgaf/uros_ws/firmware/mcu_ws/build/rosidl_generator_dds_idl/CMakeFiles/ament_cmake_python_copy_rosidl_generator_dds_idl_setup.dir/DependInfo.cmake "--color="
gmake[3]: Entering directory '/home/idgaf/uros_ws/firmware/mcu_ws/build/rosidl_generator_dds_idl'
cd /home/idgaf/uros_ws/firmware/mcu_ws/build/rosidl_generator_dds_idl && /usr/bin/cmake -E cmake_depends "Unix Makefiles" /home/idgaf/uros_ws/firmware/mcu_ws/ros2/rosidl_dds/rosidl_generator_dds_idl /home/idgaf/uros_ws/firmware/mcu_ws/ros2/rosidl_dds/rosidl_generator_dds_idl /home/idgaf/uros_ws/firmware/mcu_ws/build/rosidl_generator_dds_idl /home/idgaf/uros_ws/firmware/mcu_ws/build/rosidl_generator_dds_idl /home/idgaf/uros_ws/firmware/mcu_ws/build/rosidl_generator_dds_idl/CMakeFiles/ament_cmake_python_copy_rosidl_generator_dds_idl.dir/DependInfo.cmake "--color="
gmake[3]: Leaving directory '/home/idgaf/uros_ws/firmware/mcu_ws/build/rosidl_generator_dds_idl'
/usr/bin/gmake  -f CMakeFiles/ament_cmake_python_copy_rosidl_generator_dds_idl.dir/build.make CMakeFiles/ament_cmake_python_copy_rosidl_generator_dds_idl.dir/build
gmake[3]: Entering directory '/home/idgaf/uros_ws/firmware/mcu_ws/build/rosidl_generator_dds_idl'
/usr/bin/cmake -E copy_directory /home/idgaf/uros_ws/firmware/mcu_ws/ros2/rosidl_dds/rosidl_generator_dds_idl/rosidl_generator_dds_idl /home/idgaf/uros_ws/firmware/mcu_ws/build/rosidl_generator_dds_idl/ament_cmake_python/rosidl_generator_dds_idl/rosidl_generator_dds_idl
gmake[3]: Leaving directory '/home/idgaf/uros_ws/firmware/mcu_ws/build/rosidl_generator_dds_idl'
/usr/bin/gmake  -f CMakeFiles/ament_cmake_python_copy_rosidl_generator_dds_idl_setup.dir/build.make CMakeFiles/ament_cmake_python_copy_rosidl_generator_dds_idl_setup.dir/build
gmake[3]: Entering directory '/home/idgaf/uros_ws/firmware/mcu_ws/build/rosidl_generator_dds_idl'
/usr/bin/cmake -E copy /home/idgaf/uros_ws/firmware/mcu_ws/ros2/rosidl_dds/rosidl_generator_dds_idl/setup.cfg /home/idgaf/uros_ws/firmware/mcu_ws/build/rosidl_generator_dds_idl/ament_cmake_python/rosidl_generator_dds_idl/setup.cfg
gmake[3]: Leaving directory '/home/idgaf/uros_ws/firmware/mcu_ws/build/rosidl_generator_dds_idl'
gmake[3]: Leaving directory '/home/idgaf/uros_ws/firmware/mcu_ws/build/rosidl_generator_dds_idl'
Built target ament_cmake_python_copy_rosidl_generator_dds_idl
Built target ament_cmake_python_copy_rosidl_generator_dds_idl_setup
/usr/bin/gmake  -f CMakeFiles/ament_cmake_python_build_rosidl_generator_dds_idl_egg.dir/build.make CMakeFiles/ament_cmake_python_build_rosidl_generator_dds_idl_egg.dir/depend
gmake[3]: Entering directory '/home/idgaf/uros_ws/firmware/mcu_ws/build/rosidl_generator_dds_idl'
cd /home/idgaf/uros_ws/firmware/mcu_ws/build/rosidl_generator_dds_idl && /usr/bin/cmake -E cmake_depends "Unix Makefiles" /home/idgaf/uros_ws/firmware/mcu_ws/ros2/rosidl_dds/rosidl_generator_dds_idl /home/idgaf/uros_ws/firmware/mcu_ws/ros2/rosidl_dds/rosidl_generator_dds_idl /home/idgaf/uros_ws/firmware/mcu_ws/build/rosidl_generator_dds_idl /home/idgaf/uros_ws/firmware/mcu_ws/build/rosidl_generator_dds_idl /home/idgaf/uros_ws/firmware/mcu_ws/build/rosidl_generator_dds_idl/CMakeFiles/ament_cmake_python_build_rosidl_generator_dds_idl_egg.dir/DependInfo.cmake "--color="
gmake[3]: Leaving directory '/home/idgaf/uros_ws/firmware/mcu_ws/build/rosidl_generator_dds_idl'
/usr/bin/gmake  -f CMakeFiles/ament_cmake_python_build_rosidl_generator_dds_idl_egg.dir/build.make CMakeFiles/ament_cmake_python_build_rosidl_generator_dds_idl_egg.dir/build
gmake[3]: Entering directory '/home/idgaf/uros_ws/firmware/mcu_ws/build/rosidl_generator_dds_idl'
cd /home/idgaf/uros_ws/firmware/mcu_ws/build/rosidl_generator_dds_idl/ament_cmake_python/rosidl_generator_dds_idl && /usr/bin/python3 setup.py egg_info
running egg_info
creating rosidl_generator_dds_idl.egg-info
writing rosidl_generator_dds_idl.egg-info/PKG-INFO
writing dependency_links to rosidl_generator_dds_idl.egg-info/dependency_links.txt
writing entry points to rosidl_generator_dds_idl.egg-info/entry_points.txt
writing top-level names to rosidl_generator_dds_idl.egg-info/top_level.txt
writing manifest file 'rosidl_generator_dds_idl.egg-info/SOURCES.txt'
reading manifest file 'rosidl_generator_dds_idl.egg-info/SOURCES.txt'
writing manifest file 'rosidl_generator_dds_idl.egg-info/SOURCES.txt'
gmake[3]: Leaving directory '/home/idgaf/uros_ws/firmware/mcu_ws/build/rosidl_generator_dds_idl'
Built target ament_cmake_python_build_rosidl_generator_dds_idl_egg
gmake[2]: Leaving directory '/home/idgaf/uros_ws/firmware/mcu_ws/build/rosidl_generator_dds_idl'
/usr/bin/cmake -E cmake_progress_start /home/idgaf/uros_ws/firmware/mcu_ws/build/rosidl_generator_dds_idl/CMakeFiles 0
gmake[1]: Leaving directory '/home/idgaf/uros_ws/firmware/mcu_ws/build/rosidl_generator_dds_idl'

-- Install configuration: "Debug"
-- Installing: /home/idgaf/uros_ws/firmware/mcu_ws/install/rosidl_generator_dds_idl/share/rosidl_generator_dds_idl/environment/pythonpath.sh
-- Installing: /home/idgaf/uros_ws/firmware/mcu_ws/install/rosidl_generator_dds_idl/share/rosidl_generator_dds_idl/environment/pythonpath.dsv
-- Installing: /home/idgaf/uros_ws/firmware/mcu_ws/install/rosidl_generator_dds_idl/lib/python3.12/site-packages/rosidl_generator_dds_idl-0.11.1-py3.12.egg-info
-- Installing: /home/idgaf/uros_ws/firmware/mcu_ws/install/rosidl_generator_dds_idl/lib/python3.12/site-packages/rosidl_generator_dds_idl-0.11.1-py3.12.egg-info/dependency_links.txt
-- Installing: /home/idgaf/uros_ws/firmware/mcu_ws/install/rosidl_generator_dds_idl/lib/python3.12/site-packages/rosidl_generator_dds_idl-0.11.1-py3.12.egg-info/SOURCES.txt
-- Installing: /home/idgaf/uros_ws/firmware/mcu_ws/install/rosidl_generator_dds_idl/lib/python3.12/site-packages/rosidl_generator_dds_idl-0.11.1-py3.12.egg-info/PKG-INFO
-- Installing: /home/idgaf/uros_ws/firmware/mcu_ws/install/rosidl_generator_dds_idl/lib/python3.12/site-packages/rosidl_generator_dds_idl-0.11.1-py3.12.egg-info/top_level.txt
-- Installing: /home/idgaf/uros_ws/firmware/mcu_ws/install/rosidl_generator_dds_idl/lib/python3.12/site-packages/rosidl_generator_dds_idl-0.11.1-py3.12.egg-info/entry_points.txt
-- Installing: /home/idgaf/uros_ws/firmware/mcu_ws/install/rosidl_generator_dds_idl/lib/python3.12/site-packages/rosidl_generator_dds_idl
-- Installing: /home/idgaf/uros_ws/firmware/mcu_ws/install/rosidl_generator_dds_idl/lib/python3.12/site-packages/rosidl_generator_dds_idl/cli.py
-- Installing: /home/idgaf/uros_ws/firmware/mcu_ws/install/rosidl_generator_dds_idl/lib/python3.12/site-packages/rosidl_generator_dds_idl/__init__.py
Listing '/home/idgaf/uros_ws/firmware/mcu_ws/install/rosidl_generator_dds_idl/lib/python3.12/site-packages/rosidl_generator_dds_idl'...
Compiling '/home/idgaf/uros_ws/firmware/mcu_ws/install/rosidl_generator_dds_idl/lib/python3.12/site-packages/rosidl_generator_dds_idl/__init__.py'...
Compiling '/home/idgaf/uros_ws/firmware/mcu_ws/install/rosidl_generator_dds_idl/lib/python3.12/site-packages/rosidl_generator_dds_idl/cli.py'...
-- Installing: /home/idgaf/uros_ws/firmware/mcu_ws/install/rosidl_generator_dds_idl/share/ament_index/resource_index/package_run_dependencies/rosidl_generator_dds_idl
-- Installing: /home/idgaf/uros_ws/firmware/mcu_ws/install/rosidl_generator_dds_idl/share/ament_index/resource_index/parent_prefix_path/rosidl_generator_dds_idl
-- Installing: /home/idgaf/uros_ws/firmware/mcu_ws/install/rosidl_generator_dds_idl/share/rosidl_generator_dds_idl/environment/ament_prefix_path.sh
-- Installing: /home/idgaf/uros_ws/firmware/mcu_ws/install/rosidl_generator_dds_idl/share/rosidl_generator_dds_idl/environment/ament_prefix_path.dsv
-- Installing: /home/idgaf/uros_ws/firmware/mcu_ws/install/rosidl_generator_dds_idl/share/rosidl_generator_dds_idl/environment/path.sh
-- Installing: /home/idgaf/uros_ws/firmware/mcu_ws/install/rosidl_generator_dds_idl/share/rosidl_generator_dds_idl/environment/path.dsv
-- Installing: /home/idgaf/uros_ws/firmware/mcu_ws/install/rosidl_generator_dds_idl/share/rosidl_generator_dds_idl/local_setup.bash
-- Installing: /home/idgaf/uros_ws/firmware/mcu_ws/install/rosidl_generator_dds_idl/share/rosidl_generator_dds_idl/local_setup.sh
-- Installing: /home/idgaf/uros_ws/firmware/mcu_ws/install/rosidl_generator_dds_idl/share/rosidl_generator_dds_idl/local_setup.zsh
-- Installing: /home/idgaf/uros_ws/firmware/mcu_ws/install/rosidl_generator_dds_idl/share/rosidl_generator_dds_idl/local_setup.dsv
-- Installing: /home/idgaf/uros_ws/firmware/mcu_ws/install/rosidl_generator_dds_idl/share/rosidl_generator_dds_idl/package.dsv
-- Installing: /home/idgaf/uros_ws/firmware/mcu_ws/install/rosidl_generator_dds_idl/share/ament_index/resource_index/packages/rosidl_generator_dds_idl
-- Installing: /home/idgaf/uros_ws/firmware/mcu_ws/install/rosidl_generator_dds_idl/share/rosidl_generator_dds_idl/cmake/rosidl_generator_dds_idl-extras.cmake
-- Installing: /home/idgaf/uros_ws/firmware/mcu_ws/install/rosidl_generator_dds_idl/share/rosidl_generator_dds_idl/cmake/rosidl_generator_dds_idlConfig.cmake
-- Installing: /home/idgaf/uros_ws/firmware/mcu_ws/install/rosidl_generator_dds_idl/share/rosidl_generator_dds_idl/cmake/rosidl_generator_dds_idlConfig-version.cmake
-- Installing: /home/idgaf/uros_ws/firmware/mcu_ws/install/rosidl_generator_dds_idl/share/rosidl_generator_dds_idl/package.xml
-- Installing: /home/idgaf/uros_ws/firmware/mcu_ws/install/rosidl_generator_dds_idl/lib/rosidl_generator_dds_idl/rosidl_generator_dds_idl
-- Up-to-date: /home/idgaf/uros_ws/firmware/mcu_ws/install/rosidl_generator_dds_idl/share/rosidl_generator_dds_idl/cmake
-- Installing: /home/idgaf/uros_ws/firmware/mcu_ws/install/rosidl_generator_dds_idl/share/rosidl_generator_dds_idl/cmake/rosidl_generate_dds_interfaces.cmake
-- Installing: /home/idgaf/uros_ws/firmware/mcu_ws/install/rosidl_generator_dds_idl/share/rosidl_generator_dds_idl/resource
-- Installing: /home/idgaf/uros_ws/firmware/mcu_ws/install/rosidl_generator_dds_idl/share/rosidl_generator_dds_idl/resource/idl.idl.em
-- Installing: /home/idgaf/uros_ws/firmware/mcu_ws/install/rosidl_generator_dds_idl/share/rosidl_generator_dds_idl/resource/action.idl.em
-- Installing: /home/idgaf/uros_ws/firmware/mcu_ws/install/rosidl_generator_dds_idl/share/rosidl_generator_dds_idl/resource/srv.idl.em
-- Installing: /home/idgaf/uros_ws/firmware/mcu_ws/install/rosidl_generator_dds_idl/share/rosidl_generator_dds_idl/resource/msg.idl.em
