[0.058s] DEBUG:colcon:Command line arguments: ['/usr/bin/colcon', 'build', '--symlink-install']
[0.058s] DEBUG:colcon:Parsed command line arguments: Namespace(log_base=None, log_level=None, verb_name='build', build_base='build', install_base='install', merge_install=False, symlink_install=True, test_result_base=None, continue_on_error=False, executor='parallel', parallel_workers=16, event_handlers=None, ignore_user_meta=False, metas=['./colcon.meta'], base_paths=['.'], packages_ignore=None, packages_ignore_regex=None, paths=None, packages_up_to=None, packages_up_to_regex=None, packages_above=None, packages_above_and_dependencies=None, packages_above_depth=None, packages_select_by_dep=None, packages_skip_by_dep=None, packages_skip_up_to=None, packages_select_build_failed=False, packages_skip_build_finished=False, packages_select_test_failures=False, packages_skip_test_passed=False, packages_select=None, packages_skip=None, packages_select_regex=None, packages_skip_regex=None, packages_start=None, packages_end=None, cmake_args=None, cmake_target=None, cmake_target_skip_unavailable=False, cmake_clean_cache=False, cmake_clean_first=False, cmake_force_configure=False, ament_cmake_args=None, catkin_cmake_args=None, catkin_skip_building_tests=False, mixin_files=None, mixin=None, verb_parser=<colcon_mixin.mixin.mixin_argument.MixinArgumentDecorator object at 0x72385f5f4aa0>, verb_extension=<colcon_core.verb.build.BuildVerb object at 0x72385f796660>, main=<bound method BuildVerb.main of <colcon_core.verb.build.BuildVerb object at 0x72385f796660>>, mixin_verb=('build',))
[0.081s] Level 1:colcon.colcon_core.package_discovery:discover_packages(colcon_meta) check parameters
[0.081s] INFO:colcon.colcon_metadata.package_discovery.colcon_meta:Using configuration from '/root/.colcon/metadata/default/Gazebo.meta'
[0.081s] INFO:colcon.colcon_metadata.package_discovery.colcon_meta:Using configuration from '/root/.colcon/metadata/default/fastdds.meta'
[0.081s] INFO:colcon.colcon_metadata.package_discovery.colcon_meta:Using configuration from '/root/.colcon/metadata/default/fastrtps.meta'
[0.081s] Level 1:colcon.colcon_core.package_discovery:discover_packages(recursive) check parameters
[0.081s] Level 1:colcon.colcon_core.package_discovery:discover_packages(ignore) check parameters
[0.081s] Level 1:colcon.colcon_core.package_discovery:discover_packages(path) check parameters
[0.081s] Level 1:colcon.colcon_core.package_discovery:discover_packages(colcon_meta) discover
[0.081s] Level 1:colcon.colcon_core.package_discovery:discover_packages(recursive) discover
[0.081s] INFO:colcon.colcon_core.package_discovery:Crawling recursively for packages in '/root/ros2_ws'
[0.082s] Level 1:colcon.colcon_core.package_identification:_identify(.) by extensions ['ignore', 'ignore_ament_install']
[0.082s] Level 1:colcon.colcon_core.package_identification:_identify(.) by extension 'ignore'
[0.082s] Level 1:colcon.colcon_core.package_identification:_identify(.) by extension 'ignore_ament_install'
[0.082s] Level 1:colcon.colcon_core.package_identification:_identify(.) by extensions ['colcon_pkg']
[0.082s] Level 1:colcon.colcon_core.package_identification:_identify(.) by extension 'colcon_pkg'
[0.082s] Level 1:colcon.colcon_core.package_identification:_identify(.) by extensions ['colcon_meta']
[0.082s] Level 1:colcon.colcon_core.package_identification:_identify(.) by extension 'colcon_meta'
[0.082s] Level 1:colcon.colcon_core.package_identification:_identify(.) by extensions ['ros']
[0.082s] Level 1:colcon.colcon_core.package_identification:_identify(.) by extension 'ros'
[0.097s] Level 1:colcon.colcon_core.package_identification:_identify(.) by extensions ['cmake', 'python']
[0.097s] Level 1:colcon.colcon_core.package_identification:_identify(.) by extension 'cmake'
[0.097s] Level 1:colcon.colcon_core.package_identification:_identify(.) by extension 'python'
[0.097s] Level 1:colcon.colcon_core.package_identification:_identify(.) by extensions ['python_setup_py']
[0.097s] Level 1:colcon.colcon_core.package_identification:_identify(.) by extension 'python_setup_py'
[0.097s] Level 1:colcon.colcon_core.package_identification:_identify(build) by extensions ['ignore', 'ignore_ament_install']
[0.097s] Level 1:colcon.colcon_core.package_identification:_identify(build) by extension 'ignore'
[0.097s] Level 1:colcon.colcon_core.package_identification:_identify(build) ignored
[0.097s] Level 1:colcon.colcon_core.package_identification:_identify(install) by extensions ['ignore', 'ignore_ament_install']
[0.097s] Level 1:colcon.colcon_core.package_identification:_identify(install) by extension 'ignore'
[0.097s] Level 1:colcon.colcon_core.package_identification:_identify(install) ignored
[0.097s] Level 1:colcon.colcon_core.package_identification:_identify(launch) by extensions ['ignore', 'ignore_ament_install']
[0.097s] Level 1:colcon.colcon_core.package_identification:_identify(launch) by extension 'ignore'
[0.097s] Level 1:colcon.colcon_core.package_identification:_identify(launch) by extension 'ignore_ament_install'
[0.097s] Level 1:colcon.colcon_core.package_identification:_identify(launch) by extensions ['colcon_pkg']
[0.097s] Level 1:colcon.colcon_core.package_identification:_identify(launch) by extension 'colcon_pkg'
[0.097s] Level 1:colcon.colcon_core.package_identification:_identify(launch) by extensions ['colcon_meta']
[0.097s] Level 1:colcon.colcon_core.package_identification:_identify(launch) by extension 'colcon_meta'
[0.097s] Level 1:colcon.colcon_core.package_identification:_identify(launch) by extensions ['ros']
[0.097s] Level 1:colcon.colcon_core.package_identification:_identify(launch) by extension 'ros'
[0.097s] Level 1:colcon.colcon_core.package_identification:_identify(launch) by extensions ['cmake', 'python']
[0.097s] Level 1:colcon.colcon_core.package_identification:_identify(launch) by extension 'cmake'
[0.097s] Level 1:colcon.colcon_core.package_identification:_identify(launch) by extension 'python'
[0.097s] Level 1:colcon.colcon_core.package_identification:_identify(launch) by extensions ['python_setup_py']
[0.097s] Level 1:colcon.colcon_core.package_identification:_identify(launch) by extension 'python_setup_py'
[0.097s] Level 1:colcon.colcon_core.package_identification:_identify(log) by extensions ['ignore', 'ignore_ament_install']
[0.097s] Level 1:colcon.colcon_core.package_identification:_identify(log) by extension 'ignore'
[0.098s] Level 1:colcon.colcon_core.package_identification:_identify(log) ignored
[0.098s] Level 1:colcon.colcon_core.package_identification:_identify(script) by extensions ['ignore', 'ignore_ament_install']
[0.098s] Level 1:colcon.colcon_core.package_identification:_identify(script) by extension 'ignore'
[0.098s] Level 1:colcon.colcon_core.package_identification:_identify(script) by extension 'ignore_ament_install'
[0.098s] Level 1:colcon.colcon_core.package_identification:_identify(script) by extensions ['colcon_pkg']
[0.098s] Level 1:colcon.colcon_core.package_identification:_identify(script) by extension 'colcon_pkg'
[0.098s] Level 1:colcon.colcon_core.package_identification:_identify(script) by extensions ['colcon_meta']
[0.098s] Level 1:colcon.colcon_core.package_identification:_identify(script) by extension 'colcon_meta'
[0.098s] Level 1:colcon.colcon_core.package_identification:_identify(script) by extensions ['ros']
[0.098s] Level 1:colcon.colcon_core.package_identification:_identify(script) by extension 'ros'
[0.098s] Level 1:colcon.colcon_core.package_identification:_identify(script) by extensions ['cmake', 'python']
[0.098s] Level 1:colcon.colcon_core.package_identification:_identify(script) by extension 'cmake'
[0.098s] Level 1:colcon.colcon_core.package_identification:_identify(script) by extension 'python'
[0.098s] Level 1:colcon.colcon_core.package_identification:_identify(script) by extensions ['python_setup_py']
[0.098s] Level 1:colcon.colcon_core.package_identification:_identify(script) by extension 'python_setup_py'
[0.098s] Level 1:colcon.colcon_core.package_identification:_identify(src) by extensions ['ignore', 'ignore_ament_install']
[0.098s] Level 1:colcon.colcon_core.package_identification:_identify(src) by extension 'ignore'
[0.098s] Level 1:colcon.colcon_core.package_identification:_identify(src) by extension 'ignore_ament_install'
[0.098s] Level 1:colcon.colcon_core.package_identification:_identify(src) by extensions ['colcon_pkg']
[0.098s] Level 1:colcon.colcon_core.package_identification:_identify(src) by extension 'colcon_pkg'
[0.098s] Level 1:colcon.colcon_core.package_identification:_identify(src) by extensions ['colcon_meta']
[0.098s] Level 1:colcon.colcon_core.package_identification:_identify(src) by extension 'colcon_meta'
[0.098s] Level 1:colcon.colcon_core.package_identification:_identify(src) by extensions ['ros']
[0.098s] Level 1:colcon.colcon_core.package_identification:_identify(src) by extension 'ros'
[0.098s] Level 1:colcon.colcon_core.package_identification:_identify(src) by extensions ['cmake', 'python']
[0.098s] Level 1:colcon.colcon_core.package_identification:_identify(src) by extension 'cmake'
[0.098s] Level 1:colcon.colcon_core.package_identification:_identify(src) by extension 'python'
[0.098s] Level 1:colcon.colcon_core.package_identification:_identify(src) by extensions ['python_setup_py']
[0.098s] Level 1:colcon.colcon_core.package_identification:_identify(src) by extension 'python_setup_py'
[0.098s] Level 1:colcon.colcon_core.package_identification:_identify(src/aar6) by extensions ['ignore', 'ignore_ament_install']
[0.098s] Level 1:colcon.colcon_core.package_identification:_identify(src/aar6) by extension 'ignore'
[0.098s] Level 1:colcon.colcon_core.package_identification:_identify(src/aar6) by extension 'ignore_ament_install'
[0.098s] Level 1:colcon.colcon_core.package_identification:_identify(src/aar6) by extensions ['colcon_pkg']
[0.098s] Level 1:colcon.colcon_core.package_identification:_identify(src/aar6) by extension 'colcon_pkg'
[0.098s] Level 1:colcon.colcon_core.package_identification:_identify(src/aar6) by extensions ['colcon_meta']
[0.098s] Level 1:colcon.colcon_core.package_identification:_identify(src/aar6) by extension 'colcon_meta'
[0.098s] Level 1:colcon.colcon_core.package_identification:_identify(src/aar6) by extensions ['ros']
[0.098s] Level 1:colcon.colcon_core.package_identification:_identify(src/aar6) by extension 'ros'
[0.100s] DEBUG:colcon.colcon_core.package_identification:Package 'src/aar6' with type 'ros.ament_cmake' and name 'aar6'
[0.100s] Level 1:colcon.colcon_core.package_identification:_identify(src/moveit) by extensions ['ignore', 'ignore_ament_install']
[0.100s] Level 1:colcon.colcon_core.package_identification:_identify(src/moveit) by extension 'ignore'
[0.100s] Level 1:colcon.colcon_core.package_identification:_identify(src/moveit) by extension 'ignore_ament_install'
[0.100s] Level 1:colcon.colcon_core.package_identification:_identify(src/moveit) by extensions ['colcon_pkg']
[0.100s] Level 1:colcon.colcon_core.package_identification:_identify(src/moveit) by extension 'colcon_pkg'
[0.100s] Level 1:colcon.colcon_core.package_identification:_identify(src/moveit) by extensions ['colcon_meta']
[0.100s] Level 1:colcon.colcon_core.package_identification:_identify(src/moveit) by extension 'colcon_meta'
[0.100s] Level 1:colcon.colcon_core.package_identification:_identify(src/moveit) by extensions ['ros']
[0.100s] Level 1:colcon.colcon_core.package_identification:_identify(src/moveit) by extension 'ros'
[0.101s] DEBUG:colcon.colcon_core.package_identification:Package 'src/moveit' with type 'ros.ament_cmake' and name 'moveit'
[0.101s] Level 1:colcon.colcon_core.package_discovery:discover_packages(recursive) using defaults
[0.101s] Level 1:colcon.colcon_core.package_discovery:discover_packages(ignore) discover
[0.101s] Level 1:colcon.colcon_core.package_discovery:discover_packages(ignore) using defaults
[0.101s] Level 1:colcon.colcon_core.package_discovery:discover_packages(path) discover
[0.101s] Level 1:colcon.colcon_core.package_discovery:discover_packages(path) using defaults
[0.111s] Level 5:colcon.colcon_core.verb:set package 'aar6' build argument 'cmake_args' from command line to 'None'
[0.111s] Level 5:colcon.colcon_core.verb:set package 'aar6' build argument 'cmake_target' from command line to 'None'
[0.111s] Level 5:colcon.colcon_core.verb:set package 'aar6' build argument 'cmake_target_skip_unavailable' from command line to 'False'
[0.111s] Level 5:colcon.colcon_core.verb:set package 'aar6' build argument 'cmake_clean_cache' from command line to 'False'
[0.111s] Level 5:colcon.colcon_core.verb:set package 'aar6' build argument 'cmake_clean_first' from command line to 'False'
[0.111s] Level 5:colcon.colcon_core.verb:set package 'aar6' build argument 'cmake_force_configure' from command line to 'False'
[0.111s] Level 5:colcon.colcon_core.verb:set package 'aar6' build argument 'ament_cmake_args' from command line to 'None'
[0.111s] Level 5:colcon.colcon_core.verb:set package 'aar6' build argument 'catkin_cmake_args' from command line to 'None'
[0.111s] Level 5:colcon.colcon_core.verb:set package 'aar6' build argument 'catkin_skip_building_tests' from command line to 'False'
[0.111s] DEBUG:colcon.colcon_core.verb:Building package 'aar6' with the following arguments: {'ament_cmake_args': None, 'build_base': '/root/ros2_ws/build/aar6', 'catkin_cmake_args': None, 'catkin_skip_building_tests': False, 'cmake_args': None, 'cmake_clean_cache': False, 'cmake_clean_first': False, 'cmake_force_configure': False, 'cmake_target': None, 'cmake_target_skip_unavailable': False, 'install_base': '/root/ros2_ws/install/aar6', 'merge_install': False, 'path': '/root/ros2_ws/src/aar6', 'symlink_install': True, 'test_result_base': None}
[0.111s] Level 5:colcon.colcon_core.verb:set package 'moveit' build argument 'cmake_args' from command line to 'None'
[0.111s] Level 5:colcon.colcon_core.verb:set package 'moveit' build argument 'cmake_target' from command line to 'None'
[0.111s] Level 5:colcon.colcon_core.verb:set package 'moveit' build argument 'cmake_target_skip_unavailable' from command line to 'False'
[0.111s] Level 5:colcon.colcon_core.verb:set package 'moveit' build argument 'cmake_clean_cache' from command line to 'False'
[0.111s] Level 5:colcon.colcon_core.verb:set package 'moveit' build argument 'cmake_clean_first' from command line to 'False'
[0.111s] Level 5:colcon.colcon_core.verb:set package 'moveit' build argument 'cmake_force_configure' from command line to 'False'
[0.112s] Level 5:colcon.colcon_core.verb:set package 'moveit' build argument 'ament_cmake_args' from command line to 'None'
[0.112s] Level 5:colcon.colcon_core.verb:set package 'moveit' build argument 'catkin_cmake_args' from command line to 'None'
[0.112s] Level 5:colcon.colcon_core.verb:set package 'moveit' build argument 'catkin_skip_building_tests' from command line to 'False'
[0.112s] DEBUG:colcon.colcon_core.verb:Building package 'moveit' with the following arguments: {'ament_cmake_args': None, 'build_base': '/root/ros2_ws/build/moveit', 'catkin_cmake_args': None, 'catkin_skip_building_tests': False, 'cmake_args': None, 'cmake_clean_cache': False, 'cmake_clean_first': False, 'cmake_force_configure': False, 'cmake_target': None, 'cmake_target_skip_unavailable': False, 'install_base': '/root/ros2_ws/install/moveit', 'merge_install': False, 'path': '/root/ros2_ws/src/moveit', 'symlink_install': True, 'test_result_base': None}
[0.112s] INFO:colcon.colcon_core.executor:Executing jobs using 'parallel' executor
[0.112s] DEBUG:colcon.colcon_parallel_executor.executor.parallel:run_until_complete
[0.112s] INFO:colcon.colcon_ros.task.ament_cmake.build:Building ROS package in '/root/ros2_ws/src/aar6' with build type 'ament_cmake'
[0.113s] INFO:colcon.colcon_cmake.task.cmake.build:Building CMake package in '/root/ros2_ws/src/aar6'
[0.114s] INFO:colcon.colcon_core.plugin_system:Skipping extension 'colcon_core.shell.bat': Not used on non-Windows systems
[0.114s] INFO:colcon.colcon_core.shell:Skip shell extension 'powershell' for command environment: Not usable outside of PowerShell
[0.114s] DEBUG:colcon.colcon_core.shell:Skip shell extension 'dsv' for command environment
[0.121s] DEBUG:colcon.colcon_core.event_handler.log_command:Invoking command in '/root/ros2_ws/build/aar6': CMAKE_PREFIX_PATH=/opt/ros/jazzy /usr/bin/cmake --build /root/ros2_ws/build/aar6 -- -j16 -l16
[0.177s] DEBUG:colcon.colcon_core.event_handler.log_command:Invoked command in '/root/ros2_ws/build/aar6' returned '0': CMAKE_PREFIX_PATH=/opt/ros/jazzy /usr/bin/cmake --build /root/ros2_ws/build/aar6 -- -j16 -l16
[0.182s] DEBUG:colcon.colcon_core.event_handler.log_command:Invoking command in '/root/ros2_ws/build/aar6': CMAKE_PREFIX_PATH=/opt/ros/jazzy /usr/bin/cmake --install /root/ros2_ws/build/aar6
[0.198s] Level 1:colcon.colcon_core.environment:create_environment_scripts_only(aar6)
[0.198s] DEBUG:colcon.colcon_core.event_handler.log_command:Invoked command in '/root/ros2_ws/build/aar6' returned '0': CMAKE_PREFIX_PATH=/opt/ros/jazzy /usr/bin/cmake --install /root/ros2_ws/build/aar6
[0.200s] Level 1:colcon.colcon_core.environment:checking '/root/ros2_ws/install/aar6' for CMake module files
[0.200s] Level 1:colcon.colcon_core.environment:checking '/root/ros2_ws/install/aar6' for CMake config files
[0.200s] Level 1:colcon.colcon_core.shell:create_environment_hook('aar6', 'cmake_prefix_path')
[0.201s] INFO:colcon.colcon_core.shell:Creating environment hook '/root/ros2_ws/install/aar6/share/aar6/hook/cmake_prefix_path.ps1'
[0.201s] INFO:colcon.colcon_core.shell:Creating environment descriptor '/root/ros2_ws/install/aar6/share/aar6/hook/cmake_prefix_path.dsv'
[0.201s] INFO:colcon.colcon_core.shell:Creating environment hook '/root/ros2_ws/install/aar6/share/aar6/hook/cmake_prefix_path.sh'
[0.202s] Level 1:colcon.colcon_core.environment:checking '/root/ros2_ws/install/aar6/lib'
[0.202s] Level 1:colcon.colcon_core.environment:checking '/root/ros2_ws/install/aar6/bin'
[0.202s] Level 1:colcon.colcon_core.environment:checking '/root/ros2_ws/install/aar6/lib/pkgconfig/aar6.pc'
[0.203s] Level 1:colcon.colcon_core.environment:checking '/root/ros2_ws/install/aar6/lib/python3.12/site-packages'
[0.203s] Level 1:colcon.colcon_core.environment:checking '/root/ros2_ws/install/aar6/bin'
[0.204s] INFO:colcon.colcon_core.shell:Creating package script '/root/ros2_ws/install/aar6/share/aar6/package.ps1'
[0.204s] INFO:colcon.colcon_core.shell:Creating package descriptor '/root/ros2_ws/install/aar6/share/aar6/package.dsv'
[0.204s] INFO:colcon.colcon_core.shell:Creating package script '/root/ros2_ws/install/aar6/share/aar6/package.sh'
[0.205s] INFO:colcon.colcon_core.shell:Creating package script '/root/ros2_ws/install/aar6/share/aar6/package.bash'
[0.205s] INFO:colcon.colcon_core.shell:Creating package script '/root/ros2_ws/install/aar6/share/aar6/package.zsh'
[0.205s] Level 1:colcon.colcon_core.environment:create_file_with_runtime_dependencies(/root/ros2_ws/install/aar6/share/colcon-core/packages/aar6)
[0.206s] Level 1:colcon.colcon_core.environment:create_environment_scripts_only(aar6)
[0.206s] Level 1:colcon.colcon_core.environment:checking '/root/ros2_ws/install/aar6' for CMake module files
[0.206s] Level 1:colcon.colcon_core.environment:checking '/root/ros2_ws/install/aar6' for CMake config files
[0.206s] Level 1:colcon.colcon_core.shell:create_environment_hook('aar6', 'cmake_prefix_path')
[0.206s] INFO:colcon.colcon_core.shell:Creating environment hook '/root/ros2_ws/install/aar6/share/aar6/hook/cmake_prefix_path.ps1'
[0.207s] INFO:colcon.colcon_core.shell:Creating environment descriptor '/root/ros2_ws/install/aar6/share/aar6/hook/cmake_prefix_path.dsv'
[0.207s] INFO:colcon.colcon_core.shell:Creating environment hook '/root/ros2_ws/install/aar6/share/aar6/hook/cmake_prefix_path.sh'
[0.207s] Level 1:colcon.colcon_core.environment:checking '/root/ros2_ws/install/aar6/lib'
[0.207s] Level 1:colcon.colcon_core.environment:checking '/root/ros2_ws/install/aar6/bin'
[0.207s] Level 1:colcon.colcon_core.environment:checking '/root/ros2_ws/install/aar6/lib/pkgconfig/aar6.pc'
[0.207s] Level 1:colcon.colcon_core.environment:checking '/root/ros2_ws/install/aar6/lib/python3.12/site-packages'
[0.208s] Level 1:colcon.colcon_core.environment:checking '/root/ros2_ws/install/aar6/bin'
[0.208s] INFO:colcon.colcon_core.shell:Creating package script '/root/ros2_ws/install/aar6/share/aar6/package.ps1'
[0.208s] INFO:colcon.colcon_core.shell:Creating package descriptor '/root/ros2_ws/install/aar6/share/aar6/package.dsv'
[0.208s] INFO:colcon.colcon_core.shell:Creating package script '/root/ros2_ws/install/aar6/share/aar6/package.sh'
[0.209s] INFO:colcon.colcon_core.shell:Creating package script '/root/ros2_ws/install/aar6/share/aar6/package.bash'
[0.209s] INFO:colcon.colcon_core.shell:Creating package script '/root/ros2_ws/install/aar6/share/aar6/package.zsh'
[0.209s] Level 1:colcon.colcon_core.environment:create_file_with_runtime_dependencies(/root/ros2_ws/install/aar6/share/colcon-core/packages/aar6)
[0.210s] INFO:colcon.colcon_ros.task.ament_cmake.build:Building ROS package in '/root/ros2_ws/src/moveit' with build type 'ament_cmake'
[0.210s] INFO:colcon.colcon_cmake.task.cmake.build:Building CMake package in '/root/ros2_ws/src/moveit'
[0.210s] INFO:colcon.colcon_core.shell:Skip shell extension 'powershell' for command environment: Not usable outside of PowerShell
[0.210s] DEBUG:colcon.colcon_core.shell:Skip shell extension 'dsv' for command environment
[0.215s] DEBUG:colcon.colcon_core.event_handler.log_command:Invoking command in '/root/ros2_ws/build/moveit': AMENT_PREFIX_PATH=/root/ros2_ws/install/aar6:${AMENT_PREFIX_PATH} CMAKE_PREFIX_PATH=/root/ros2_ws/install/aar6:/opt/ros/jazzy /usr/bin/cmake --build /root/ros2_ws/build/moveit -- -j16 -l16
[0.245s] DEBUG:colcon.colcon_core.event_handler.log_command:Invoked command in '/root/ros2_ws/build/moveit' returned '0': AMENT_PREFIX_PATH=/root/ros2_ws/install/aar6:${AMENT_PREFIX_PATH} CMAKE_PREFIX_PATH=/root/ros2_ws/install/aar6:/opt/ros/jazzy /usr/bin/cmake --build /root/ros2_ws/build/moveit -- -j16 -l16
[0.246s] DEBUG:colcon.colcon_core.event_handler.log_command:Invoking command in '/root/ros2_ws/build/moveit': AMENT_PREFIX_PATH=/root/ros2_ws/install/aar6:${AMENT_PREFIX_PATH} CMAKE_PREFIX_PATH=/root/ros2_ws/install/aar6:/opt/ros/jazzy /usr/bin/cmake --install /root/ros2_ws/build/moveit
[0.260s] Level 1:colcon.colcon_core.environment:create_environment_scripts_only(moveit)
[0.260s] Level 1:colcon.colcon_core.environment:checking '/root/ros2_ws/install/moveit' for CMake module files
[0.260s] DEBUG:colcon.colcon_core.event_handler.log_command:Invoked command in '/root/ros2_ws/build/moveit' returned '0': AMENT_PREFIX_PATH=/root/ros2_ws/install/aar6:${AMENT_PREFIX_PATH} CMAKE_PREFIX_PATH=/root/ros2_ws/install/aar6:/opt/ros/jazzy /usr/bin/cmake --install /root/ros2_ws/build/moveit
[0.260s] Level 1:colcon.colcon_core.environment:checking '/root/ros2_ws/install/moveit' for CMake config files
[0.260s] Level 1:colcon.colcon_core.shell:create_environment_hook('moveit', 'cmake_prefix_path')
[0.261s] INFO:colcon.colcon_core.shell:Creating environment hook '/root/ros2_ws/install/moveit/share/moveit/hook/cmake_prefix_path.ps1'
[0.261s] INFO:colcon.colcon_core.shell:Creating environment descriptor '/root/ros2_ws/install/moveit/share/moveit/hook/cmake_prefix_path.dsv'
[0.261s] INFO:colcon.colcon_core.shell:Creating environment hook '/root/ros2_ws/install/moveit/share/moveit/hook/cmake_prefix_path.sh'
[0.261s] Level 1:colcon.colcon_core.environment:checking '/root/ros2_ws/install/moveit/bin'
[0.261s] Level 1:colcon.colcon_core.environment:checking '/root/ros2_ws/install/moveit/lib/pkgconfig/moveit.pc'
[0.262s] Level 1:colcon.colcon_core.environment:checking '/root/ros2_ws/install/moveit/lib/python3.12/site-packages'
[0.262s] Level 1:colcon.colcon_core.environment:checking '/root/ros2_ws/install/moveit/bin'
[0.262s] INFO:colcon.colcon_core.shell:Creating package script '/root/ros2_ws/install/moveit/share/moveit/package.ps1'
[0.262s] INFO:colcon.colcon_core.shell:Creating package descriptor '/root/ros2_ws/install/moveit/share/moveit/package.dsv'
[0.262s] INFO:colcon.colcon_core.shell:Creating package script '/root/ros2_ws/install/moveit/share/moveit/package.sh'
[0.263s] INFO:colcon.colcon_core.shell:Creating package script '/root/ros2_ws/install/moveit/share/moveit/package.bash'
[0.263s] INFO:colcon.colcon_core.shell:Creating package script '/root/ros2_ws/install/moveit/share/moveit/package.zsh'
[0.263s] Level 1:colcon.colcon_core.environment:create_file_with_runtime_dependencies(/root/ros2_ws/install/moveit/share/colcon-core/packages/moveit)
[0.263s] Level 1:colcon.colcon_core.environment:create_environment_scripts_only(moveit)
[0.263s] Level 1:colcon.colcon_core.environment:checking '/root/ros2_ws/install/moveit' for CMake module files
[0.264s] Level 1:colcon.colcon_core.environment:checking '/root/ros2_ws/install/moveit' for CMake config files
[0.264s] Level 1:colcon.colcon_core.shell:create_environment_hook('moveit', 'cmake_prefix_path')
[0.264s] INFO:colcon.colcon_core.shell:Creating environment hook '/root/ros2_ws/install/moveit/share/moveit/hook/cmake_prefix_path.ps1'
[0.264s] INFO:colcon.colcon_core.shell:Creating environment descriptor '/root/ros2_ws/install/moveit/share/moveit/hook/cmake_prefix_path.dsv'
[0.264s] INFO:colcon.colcon_core.shell:Creating environment hook '/root/ros2_ws/install/moveit/share/moveit/hook/cmake_prefix_path.sh'
[0.265s] Level 1:colcon.colcon_core.environment:checking '/root/ros2_ws/install/moveit/bin'
[0.265s] Level 1:colcon.colcon_core.environment:checking '/root/ros2_ws/install/moveit/lib/pkgconfig/moveit.pc'
[0.265s] Level 1:colcon.colcon_core.environment:checking '/root/ros2_ws/install/moveit/lib/python3.12/site-packages'
[0.265s] Level 1:colcon.colcon_core.environment:checking '/root/ros2_ws/install/moveit/bin'
[0.265s] INFO:colcon.colcon_core.shell:Creating package script '/root/ros2_ws/install/moveit/share/moveit/package.ps1'
[0.266s] INFO:colcon.colcon_core.shell:Creating package descriptor '/root/ros2_ws/install/moveit/share/moveit/package.dsv'
[0.266s] INFO:colcon.colcon_core.shell:Creating package script '/root/ros2_ws/install/moveit/share/moveit/package.sh'
[0.266s] INFO:colcon.colcon_core.shell:Creating package script '/root/ros2_ws/install/moveit/share/moveit/package.bash'
[0.266s] INFO:colcon.colcon_core.shell:Creating package script '/root/ros2_ws/install/moveit/share/moveit/package.zsh'
[0.267s] Level 1:colcon.colcon_core.environment:create_file_with_runtime_dependencies(/root/ros2_ws/install/moveit/share/colcon-core/packages/moveit)
[0.267s] DEBUG:colcon.colcon_parallel_executor.executor.parallel:closing loop
[0.267s] DEBUG:colcon.colcon_parallel_executor.executor.parallel:loop closed
[0.267s] DEBUG:colcon.colcon_parallel_executor.executor.parallel:run_until_complete finished with '0'
[0.267s] DEBUG:colcon.colcon_core.event_reactor:joining thread
[0.271s] INFO:colcon.colcon_core.plugin_system:Skipping extension 'colcon_notification.desktop_notification.notify_send': Could not find 'notify-send'
[0.271s] INFO:colcon.colcon_core.plugin_system:Skipping extension 'colcon_notification.desktop_notification.terminal_notifier': Not used on non-Darwin systems
[0.271s] INFO:colcon.colcon_core.plugin_system:Skipping extension 'colcon_notification.desktop_notification.win32': Not used on non-Windows systems
[0.271s] INFO:colcon.colcon_notification.desktop_notification:Sending desktop notification using 'notify2'
[0.271s] DEBUG:colcon.colcon_notification.desktop_notification.notify2:Failed to initialize notify2: org.freedesktop.DBus.Error.InvalidFileContent: D-Bus library appears to be incorrectly set up: see the manual page for dbus-uuidgen to correct this issue. (Failed to open "/var/lib/dbus/machine-id": No such file or directory; UUID file '/etc/machine-id' should contain a hex string of length 32, not length 0, with no other text)
[0.271s] DEBUG:colcon.colcon_core.event_reactor:joined thread
[0.271s] INFO:colcon.colcon_core.shell:Creating prefix script '/root/ros2_ws/install/local_setup.ps1'
[0.272s] INFO:colcon.colcon_core.shell:Creating prefix util module '/root/ros2_ws/install/_local_setup_util_ps1.py'
[0.272s] INFO:colcon.colcon_core.shell:Creating prefix chain script '/root/ros2_ws/install/setup.ps1'
[0.273s] INFO:colcon.colcon_core.shell:Creating prefix script '/root/ros2_ws/install/local_setup.sh'
[0.273s] INFO:colcon.colcon_core.shell:Creating prefix util module '/root/ros2_ws/install/_local_setup_util_sh.py'
[0.274s] INFO:colcon.colcon_core.shell:Creating prefix chain script '/root/ros2_ws/install/setup.sh'
[0.275s] INFO:colcon.colcon_core.shell:Creating prefix script '/root/ros2_ws/install/local_setup.bash'
[0.275s] INFO:colcon.colcon_core.shell:Creating prefix chain script '/root/ros2_ws/install/setup.bash'
[0.276s] INFO:colcon.colcon_core.shell:Creating prefix script '/root/ros2_ws/install/local_setup.zsh'
[0.276s] INFO:colcon.colcon_core.shell:Creating prefix chain script '/root/ros2_ws/install/setup.zsh'
