Not searching for unused variables given on the command line.
-- The C compiler identification is GNU 8.3.1
-- The CXX compiler identification is GNU 8.3.1
-- Detecting C compiler ABI info
-- Detecting C compiler ABI info - done
-- Check for working C compiler: /home/idgaf/uros_ws/firmware/freertos_apps/microros_nucleo_f446re_extensions/../../toolchain/bin/arm-none-eabi-gcc - skipped
-- Detecting C compile features
-- Detecting C compile features - done
-- Detecting CXX compiler ABI info
-- Detecting CXX compiler ABI info - done
-- Check for working CXX compiler: /home/idgaf/uros_ws/firmware/freertos_apps/microros_nucleo_f446re_extensions/../../toolchain/bin/arm-none-eabi-g++ - skipped
-- Detecting CXX compile features
-- Detecting CXX compile features - done
-- Found ament_cmake: 2.5.4 (/home/idgaf/uros_ws/firmware/dev_ws/install/ament_cmake/share/ament_cmake/cmake)
-- Found Python3: /usr/bin/python3 (found version "3.12.3") found components: Interpreter 
-- Found ament_cmake_vendor_package: 2.5.4 (/home/idgaf/uros_ws/firmware/dev_ws/install/ament_cmake_vendor_package/share/ament_cmake_vendor_package/cmake)
-- Checking for module 'yaml-0.1'
--   Found yaml-0.1, version 0.2.5
-- Skipping vendor package build for 'libyaml_vendor', which is already satisfied
-- Configuring done (1.1s)
-- Generating done (0.0s)
-- Build files have been written to: /home/idgaf/uros_ws/firmware/mcu_ws/build/libyaml_vendor
Change Dir: '/home/idgaf/uros_ws/firmware/mcu_ws/build/libyaml_vendor'

Run Build Command(s): /usr/bin/cmake -E env VERBOSE=1 /usr/bin/gmake -f Makefile -j16 -l16
gmake[1]: Entering directory '/home/idgaf/uros_ws/firmware/mcu_ws/build/libyaml_vendor'
/usr/bin/cmake -S/home/idgaf/uros_ws/firmware/mcu_ws/ros2/libyaml_vendor -B/home/idgaf/uros_ws/firmware/mcu_ws/build/libyaml_vendor --check-build-system CMakeFiles/Makefile.cmake 0
/usr/bin/cmake -E cmake_progress_start /home/idgaf/uros_ws/firmware/mcu_ws/build/libyaml_vendor/CMakeFiles /home/idgaf/uros_ws/firmware/mcu_ws/build/libyaml_vendor//CMakeFiles/progress.marks
/usr/bin/gmake  -f CMakeFiles/Makefile2 all
gmake[2]: Entering directory '/home/idgaf/uros_ws/firmware/mcu_ws/build/libyaml_vendor'
gmake[2]: Nothing to be done for 'all'.
gmake[2]: Leaving directory '/home/idgaf/uros_ws/firmware/mcu_ws/build/libyaml_vendor'
/usr/bin/cmake -E cmake_progress_start /home/idgaf/uros_ws/firmware/mcu_ws/build/libyaml_vendor/CMakeFiles 0
gmake[1]: Leaving directory '/home/idgaf/uros_ws/firmware/mcu_ws/build/libyaml_vendor'

-- Install configuration: "Debug"
-- Installing: /home/idgaf/uros_ws/firmware/mcu_ws/install/libyaml_vendor/share/libyaml_vendor/cmake
-- Installing: /home/idgaf/uros_ws/firmware/mcu_ws/install/libyaml_vendor/share/libyaml_vendor/cmake/Modules
-- Installing: /home/idgaf/uros_ws/firmware/mcu_ws/install/libyaml_vendor/share/libyaml_vendor/cmake/Modules/Findyaml.cmake
-- Installing: /home/idgaf/uros_ws/firmware/mcu_ws/install/libyaml_vendor/share/ament_index/resource_index/package_run_dependencies/libyaml_vendor
-- Installing: /home/idgaf/uros_ws/firmware/mcu_ws/install/libyaml_vendor/share/ament_index/resource_index/parent_prefix_path/libyaml_vendor
-- Installing: /home/idgaf/uros_ws/firmware/mcu_ws/install/libyaml_vendor/share/libyaml_vendor/environment/ament_prefix_path.sh
-- Installing: /home/idgaf/uros_ws/firmware/mcu_ws/install/libyaml_vendor/share/libyaml_vendor/environment/ament_prefix_path.dsv
-- Installing: /home/idgaf/uros_ws/firmware/mcu_ws/install/libyaml_vendor/share/libyaml_vendor/environment/path.sh
-- Installing: /home/idgaf/uros_ws/firmware/mcu_ws/install/libyaml_vendor/share/libyaml_vendor/environment/path.dsv
-- Installing: /home/idgaf/uros_ws/firmware/mcu_ws/install/libyaml_vendor/share/libyaml_vendor/local_setup.bash
-- Installing: /home/idgaf/uros_ws/firmware/mcu_ws/install/libyaml_vendor/share/libyaml_vendor/local_setup.sh
-- Installing: /home/idgaf/uros_ws/firmware/mcu_ws/install/libyaml_vendor/share/libyaml_vendor/local_setup.zsh
-- Installing: /home/idgaf/uros_ws/firmware/mcu_ws/install/libyaml_vendor/share/libyaml_vendor/local_setup.dsv
-- Installing: /home/idgaf/uros_ws/firmware/mcu_ws/install/libyaml_vendor/share/libyaml_vendor/package.dsv
-- Installing: /home/idgaf/uros_ws/firmware/mcu_ws/install/libyaml_vendor/share/ament_index/resource_index/packages/libyaml_vendor
-- Installing: /home/idgaf/uros_ws/firmware/mcu_ws/install/libyaml_vendor/share/libyaml_vendor/cmake/libyaml_vendor-extras.cmake
-- Installing: /home/idgaf/uros_ws/firmware/mcu_ws/install/libyaml_vendor/share/libyaml_vendor/cmake/ament_cmake_export_dependencies-extras.cmake
-- Installing: /home/idgaf/uros_ws/firmware/mcu_ws/install/libyaml_vendor/share/libyaml_vendor/cmake/libyaml_vendorConfig.cmake
-- Installing: /home/idgaf/uros_ws/firmware/mcu_ws/install/libyaml_vendor/share/libyaml_vendor/cmake/libyaml_vendorConfig-version.cmake
-- Installing: /home/idgaf/uros_ws/firmware/mcu_ws/install/libyaml_vendor/share/libyaml_vendor/package.xml
