[0.190s] Invoking command in '/home/idgaf/uros_ws/firmware/mcu_ws/build/libyaml_vendor': CMAKE_PREFIX_PATH=${CMAKE_PREFIX_PATH}:/home/idgaf/uros_ws/firmware/dev_ws/install/ament_uncrustify:/home/idgaf/uros_ws/firmware/dev_ws/install/domain_coordinator:/home/idgaf/uros_ws/firmware/dev_ws/install/ament_xmllint:/home/idgaf/uros_ws/firmware/dev_ws/install/ament_pyflakes:/home/idgaf/uros_ws/firmware/dev_ws/install/ament_pycodestyle:/home/idgaf/uros_ws/firmware/dev_ws/install/ament_pep257:/home/idgaf/uros_ws/firmware/dev_ws/install/ament_pclint:/home/idgaf/uros_ws/firmware/dev_ws/install/ament_package:/home/idgaf/uros_ws/firmware/dev_ws/install/ament_mypy:/home/idgaf/uros_ws/firmware/dev_ws/install/ament_lint_cmake:/home/idgaf/uros_ws/firmware/dev_ws/install/ament_flake8:/home/idgaf/uros_ws/firmware/dev_ws/install/ament_copyright:/home/idgaf/uros_ws/firmware/dev_ws/install/ament_lint:/home/idgaf/uros_ws/firmware/dev_ws/install/ament_index_python:/home/idgaf/uros_ws/firmware/dev_ws/install/ament_cpplint:/home/idgaf/uros_ws/firmware/dev_ws/install/ament_cppcheck:/home/idgaf/uros_ws/firmware/dev_ws/install/ament_clang_tidy:/home/idgaf/uros_ws/firmware/dev_ws/install/ament_clang_format DEBUGINFOD_URLS=https://debuginfod.ubuntu.com /usr/bin/cmake /home/idgaf/uros_ws/firmware/mcu_ws/ros2/libyaml_vendor --no-warn-unused-cli -DCMAKE_POSITION_INDEPENDENT_CODE=OFF -DTHIRDPARTY=ON -DBUILD_SHARED_LIBS=OFF -DBUILD_TESTING=OFF -DCMAKE_BUILD_TYPE=Debug -DCMAKE_TOOLCHAIN_FILE=/home/idgaf/uros_ws/firmware/freertos_apps/microros_nucleo_f446re_extensions/arm_toolchain.cmake -DCMAKE_VERBOSE_MAKEFILE=ON -DCMAKE_INSTALL_PREFIX=/home/idgaf/uros_ws/firmware/mcu_ws/install/libyaml_vendor
[0.405s] Not searching for unused variables given on the command line.
[0.405s] -- The C compiler identification is GNU 8.3.1
[0.530s] -- The CXX compiler identification is GNU 8.3.1
[0.546s] -- Detecting C compiler ABI info
[0.635s] -- Detecting C compiler ABI info - done
[0.643s] -- Check for working C compiler: /home/idgaf/uros_ws/firmware/freertos_apps/microros_nucleo_f446re_extensions/../../toolchain/bin/arm-none-eabi-gcc - skipped
[0.644s] -- Detecting C compile features
[0.644s] -- Detecting C compile features - done
[0.654s] -- Detecting CXX compiler ABI info
[0.764s] -- Detecting CXX compiler ABI info - done
[0.779s] -- Check for working CXX compiler: /home/idgaf/uros_ws/firmware/freertos_apps/microros_nucleo_f446re_extensions/../../toolchain/bin/arm-none-eabi-g++ - skipped
[0.779s] -- Detecting CXX compile features
[0.779s] -- Detecting CXX compile features - done
[0.780s] -- Found ament_cmake: 2.5.4 (/home/idgaf/uros_ws/firmware/dev_ws/install/ament_cmake/share/ament_cmake/cmake)
[0.927s] -- Found Python3: /usr/bin/python3 (found version "3.12.3") found components: Interpreter 
[1.050s] -- Found ament_cmake_vendor_package: 2.5.4 (/home/idgaf/uros_ws/firmware/dev_ws/install/ament_cmake_vendor_package/share/ament_cmake_vendor_package/cmake)
[1.088s] -- Checking for module 'yaml-0.1'
[1.108s] --   Found yaml-0.1, version 0.2.5
[1.156s] -- Skipping vendor package build for 'libyaml_vendor', which is already satisfied
[1.280s] -- Configuring done (1.1s)
[1.285s] -- Generating done (0.0s)
[1.287s] -- Build files have been written to: /home/idgaf/uros_ws/firmware/mcu_ws/build/libyaml_vendor
[1.304s] Invoked command in '/home/idgaf/uros_ws/firmware/mcu_ws/build/libyaml_vendor' returned '0': CMAKE_PREFIX_PATH=${CMAKE_PREFIX_PATH}:/home/idgaf/uros_ws/firmware/dev_ws/install/ament_uncrustify:/home/idgaf/uros_ws/firmware/dev_ws/install/domain_coordinator:/home/idgaf/uros_ws/firmware/dev_ws/install/ament_xmllint:/home/idgaf/uros_ws/firmware/dev_ws/install/ament_pyflakes:/home/idgaf/uros_ws/firmware/dev_ws/install/ament_pycodestyle:/home/idgaf/uros_ws/firmware/dev_ws/install/ament_pep257:/home/idgaf/uros_ws/firmware/dev_ws/install/ament_pclint:/home/idgaf/uros_ws/firmware/dev_ws/install/ament_package:/home/idgaf/uros_ws/firmware/dev_ws/install/ament_mypy:/home/idgaf/uros_ws/firmware/dev_ws/install/ament_lint_cmake:/home/idgaf/uros_ws/firmware/dev_ws/install/ament_flake8:/home/idgaf/uros_ws/firmware/dev_ws/install/ament_copyright:/home/idgaf/uros_ws/firmware/dev_ws/install/ament_lint:/home/idgaf/uros_ws/firmware/dev_ws/install/ament_index_python:/home/idgaf/uros_ws/firmware/dev_ws/install/ament_cpplint:/home/idgaf/uros_ws/firmware/dev_ws/install/ament_cppcheck:/home/idgaf/uros_ws/firmware/dev_ws/install/ament_clang_tidy:/home/idgaf/uros_ws/firmware/dev_ws/install/ament_clang_format DEBUGINFOD_URLS=https://debuginfod.ubuntu.com /usr/bin/cmake /home/idgaf/uros_ws/firmware/mcu_ws/ros2/libyaml_vendor --no-warn-unused-cli -DCMAKE_POSITION_INDEPENDENT_CODE=OFF -DTHIRDPARTY=ON -DBUILD_SHARED_LIBS=OFF -DBUILD_TESTING=OFF -DCMAKE_BUILD_TYPE=Debug -DCMAKE_TOOLCHAIN_FILE=/home/idgaf/uros_ws/firmware/freertos_apps/microros_nucleo_f446re_extensions/arm_toolchain.cmake -DCMAKE_VERBOSE_MAKEFILE=ON -DCMAKE_INSTALL_PREFIX=/home/idgaf/uros_ws/firmware/mcu_ws/install/libyaml_vendor
[1.305s] Invoking command in '/home/idgaf/uros_ws/firmware/mcu_ws/build/libyaml_vendor': CMAKE_PREFIX_PATH=${CMAKE_PREFIX_PATH}:/home/idgaf/uros_ws/firmware/dev_ws/install/ament_uncrustify:/home/idgaf/uros_ws/firmware/dev_ws/install/domain_coordinator:/home/idgaf/uros_ws/firmware/dev_ws/install/ament_xmllint:/home/idgaf/uros_ws/firmware/dev_ws/install/ament_pyflakes:/home/idgaf/uros_ws/firmware/dev_ws/install/ament_pycodestyle:/home/idgaf/uros_ws/firmware/dev_ws/install/ament_pep257:/home/idgaf/uros_ws/firmware/dev_ws/install/ament_pclint:/home/idgaf/uros_ws/firmware/dev_ws/install/ament_package:/home/idgaf/uros_ws/firmware/dev_ws/install/ament_mypy:/home/idgaf/uros_ws/firmware/dev_ws/install/ament_lint_cmake:/home/idgaf/uros_ws/firmware/dev_ws/install/ament_flake8:/home/idgaf/uros_ws/firmware/dev_ws/install/ament_copyright:/home/idgaf/uros_ws/firmware/dev_ws/install/ament_lint:/home/idgaf/uros_ws/firmware/dev_ws/install/ament_index_python:/home/idgaf/uros_ws/firmware/dev_ws/install/ament_cpplint:/home/idgaf/uros_ws/firmware/dev_ws/install/ament_cppcheck:/home/idgaf/uros_ws/firmware/dev_ws/install/ament_clang_tidy:/home/idgaf/uros_ws/firmware/dev_ws/install/ament_clang_format DEBUGINFOD_URLS=https://debuginfod.ubuntu.com /usr/bin/cmake --build /home/idgaf/uros_ws/firmware/mcu_ws/build/libyaml_vendor -- -j16 -l16
[1.312s] Change Dir: '/home/idgaf/uros_ws/firmware/mcu_ws/build/libyaml_vendor'
[1.312s] 
[1.312s] Run Build Command(s): /usr/bin/cmake -E env VERBOSE=1 /usr/bin/gmake -f Makefile -j16 -l16
[1.321s] gmake[1]: Entering directory '/home/idgaf/uros_ws/firmware/mcu_ws/build/libyaml_vendor'
[1.321s] /usr/bin/cmake -S/home/idgaf/uros_ws/firmware/mcu_ws/ros2/libyaml_vendor -B/home/idgaf/uros_ws/firmware/mcu_ws/build/libyaml_vendor --check-build-system CMakeFiles/Makefile.cmake 0
[1.331s] /usr/bin/cmake -E cmake_progress_start /home/idgaf/uros_ws/firmware/mcu_ws/build/libyaml_vendor/CMakeFiles /home/idgaf/uros_ws/firmware/mcu_ws/build/libyaml_vendor//CMakeFiles/progress.marks
[1.338s] /usr/bin/gmake  -f CMakeFiles/Makefile2 all
[1.339s] gmake[2]: Entering directory '/home/idgaf/uros_ws/firmware/mcu_ws/build/libyaml_vendor'
[1.339s] gmake[2]: Nothing to be done for 'all'.
[1.339s] gmake[2]: Leaving directory '/home/idgaf/uros_ws/firmware/mcu_ws/build/libyaml_vendor'
[1.339s] /usr/bin/cmake -E cmake_progress_start /home/idgaf/uros_ws/firmware/mcu_ws/build/libyaml_vendor/CMakeFiles 0
[1.345s] gmake[1]: Leaving directory '/home/idgaf/uros_ws/firmware/mcu_ws/build/libyaml_vendor'
[1.346s] 
[1.348s] Invoked command in '/home/idgaf/uros_ws/firmware/mcu_ws/build/libyaml_vendor' returned '0': CMAKE_PREFIX_PATH=${CMAKE_PREFIX_PATH}:/home/idgaf/uros_ws/firmware/dev_ws/install/ament_uncrustify:/home/idgaf/uros_ws/firmware/dev_ws/install/domain_coordinator:/home/idgaf/uros_ws/firmware/dev_ws/install/ament_xmllint:/home/idgaf/uros_ws/firmware/dev_ws/install/ament_pyflakes:/home/idgaf/uros_ws/firmware/dev_ws/install/ament_pycodestyle:/home/idgaf/uros_ws/firmware/dev_ws/install/ament_pep257:/home/idgaf/uros_ws/firmware/dev_ws/install/ament_pclint:/home/idgaf/uros_ws/firmware/dev_ws/install/ament_package:/home/idgaf/uros_ws/firmware/dev_ws/install/ament_mypy:/home/idgaf/uros_ws/firmware/dev_ws/install/ament_lint_cmake:/home/idgaf/uros_ws/firmware/dev_ws/install/ament_flake8:/home/idgaf/uros_ws/firmware/dev_ws/install/ament_copyright:/home/idgaf/uros_ws/firmware/dev_ws/install/ament_lint:/home/idgaf/uros_ws/firmware/dev_ws/install/ament_index_python:/home/idgaf/uros_ws/firmware/dev_ws/install/ament_cpplint:/home/idgaf/uros_ws/firmware/dev_ws/install/ament_cppcheck:/home/idgaf/uros_ws/firmware/dev_ws/install/ament_clang_tidy:/home/idgaf/uros_ws/firmware/dev_ws/install/ament_clang_format DEBUGINFOD_URLS=https://debuginfod.ubuntu.com /usr/bin/cmake --build /home/idgaf/uros_ws/firmware/mcu_ws/build/libyaml_vendor -- -j16 -l16
[1.349s] Invoking command in '/home/idgaf/uros_ws/firmware/mcu_ws/build/libyaml_vendor': CMAKE_PREFIX_PATH=${CMAKE_PREFIX_PATH}:/home/idgaf/uros_ws/firmware/dev_ws/install/ament_uncrustify:/home/idgaf/uros_ws/firmware/dev_ws/install/domain_coordinator:/home/idgaf/uros_ws/firmware/dev_ws/install/ament_xmllint:/home/idgaf/uros_ws/firmware/dev_ws/install/ament_pyflakes:/home/idgaf/uros_ws/firmware/dev_ws/install/ament_pycodestyle:/home/idgaf/uros_ws/firmware/dev_ws/install/ament_pep257:/home/idgaf/uros_ws/firmware/dev_ws/install/ament_pclint:/home/idgaf/uros_ws/firmware/dev_ws/install/ament_package:/home/idgaf/uros_ws/firmware/dev_ws/install/ament_mypy:/home/idgaf/uros_ws/firmware/dev_ws/install/ament_lint_cmake:/home/idgaf/uros_ws/firmware/dev_ws/install/ament_flake8:/home/idgaf/uros_ws/firmware/dev_ws/install/ament_copyright:/home/idgaf/uros_ws/firmware/dev_ws/install/ament_lint:/home/idgaf/uros_ws/firmware/dev_ws/install/ament_index_python:/home/idgaf/uros_ws/firmware/dev_ws/install/ament_cpplint:/home/idgaf/uros_ws/firmware/dev_ws/install/ament_cppcheck:/home/idgaf/uros_ws/firmware/dev_ws/install/ament_clang_tidy:/home/idgaf/uros_ws/firmware/dev_ws/install/ament_clang_format DEBUGINFOD_URLS=https://debuginfod.ubuntu.com /usr/bin/cmake --install /home/idgaf/uros_ws/firmware/mcu_ws/build/libyaml_vendor
[1.358s] -- Install configuration: "Debug"
[1.358s] -- Installing: /home/idgaf/uros_ws/firmware/mcu_ws/install/libyaml_vendor/share/libyaml_vendor/cmake
[1.359s] -- Installing: /home/idgaf/uros_ws/firmware/mcu_ws/install/libyaml_vendor/share/libyaml_vendor/cmake/Modules
[1.359s] -- Installing: /home/idgaf/uros_ws/firmware/mcu_ws/install/libyaml_vendor/share/libyaml_vendor/cmake/Modules/Findyaml.cmake
[1.359s] -- Installing: /home/idgaf/uros_ws/firmware/mcu_ws/install/libyaml_vendor/share/ament_index/resource_index/package_run_dependencies/libyaml_vendor
[1.359s] -- Installing: /home/idgaf/uros_ws/firmware/mcu_ws/install/libyaml_vendor/share/ament_index/resource_index/parent_prefix_path/libyaml_vendor
[1.359s] -- Installing: /home/idgaf/uros_ws/firmware/mcu_ws/install/libyaml_vendor/share/libyaml_vendor/environment/ament_prefix_path.sh
[1.359s] -- Installing: /home/idgaf/uros_ws/firmware/mcu_ws/install/libyaml_vendor/share/libyaml_vendor/environment/ament_prefix_path.dsv
[1.360s] -- Installing: /home/idgaf/uros_ws/firmware/mcu_ws/install/libyaml_vendor/share/libyaml_vendor/environment/path.sh
[1.360s] -- Installing: /home/idgaf/uros_ws/firmware/mcu_ws/install/libyaml_vendor/share/libyaml_vendor/environment/path.dsv
[1.360s] -- Installing: /home/idgaf/uros_ws/firmware/mcu_ws/install/libyaml_vendor/share/libyaml_vendor/local_setup.bash
[1.360s] -- Installing: /home/idgaf/uros_ws/firmware/mcu_ws/install/libyaml_vendor/share/libyaml_vendor/local_setup.sh
[1.360s] -- Installing: /home/idgaf/uros_ws/firmware/mcu_ws/install/libyaml_vendor/share/libyaml_vendor/local_setup.zsh
[1.360s] -- Installing: /home/idgaf/uros_ws/firmware/mcu_ws/install/libyaml_vendor/share/libyaml_vendor/local_setup.dsv
[1.360s] -- Installing: /home/idgaf/uros_ws/firmware/mcu_ws/install/libyaml_vendor/share/libyaml_vendor/package.dsv
[1.361s] -- Installing: /home/idgaf/uros_ws/firmware/mcu_ws/install/libyaml_vendor/share/ament_index/resource_index/packages/libyaml_vendor
[1.361s] -- Installing: /home/idgaf/uros_ws/firmware/mcu_ws/install/libyaml_vendor/share/libyaml_vendor/cmake/libyaml_vendor-extras.cmake
[1.361s] -- Installing: /home/idgaf/uros_ws/firmware/mcu_ws/install/libyaml_vendor/share/libyaml_vendor/cmake/ament_cmake_export_dependencies-extras.cmake
[1.361s] -- Installing: /home/idgaf/uros_ws/firmware/mcu_ws/install/libyaml_vendor/share/libyaml_vendor/cmake/libyaml_vendorConfig.cmake
[1.361s] -- Installing: /home/idgaf/uros_ws/firmware/mcu_ws/install/libyaml_vendor/share/libyaml_vendor/cmake/libyaml_vendorConfig-version.cmake
[1.361s] -- Installing: /home/idgaf/uros_ws/firmware/mcu_ws/install/libyaml_vendor/share/libyaml_vendor/package.xml
[1.364s] Invoked command in '/home/idgaf/uros_ws/firmware/mcu_ws/build/libyaml_vendor' returned '0': CMAKE_PREFIX_PATH=${CMAKE_PREFIX_PATH}:/home/idgaf/uros_ws/firmware/dev_ws/install/ament_uncrustify:/home/idgaf/uros_ws/firmware/dev_ws/install/domain_coordinator:/home/idgaf/uros_ws/firmware/dev_ws/install/ament_xmllint:/home/idgaf/uros_ws/firmware/dev_ws/install/ament_pyflakes:/home/idgaf/uros_ws/firmware/dev_ws/install/ament_pycodestyle:/home/idgaf/uros_ws/firmware/dev_ws/install/ament_pep257:/home/idgaf/uros_ws/firmware/dev_ws/install/ament_pclint:/home/idgaf/uros_ws/firmware/dev_ws/install/ament_package:/home/idgaf/uros_ws/firmware/dev_ws/install/ament_mypy:/home/idgaf/uros_ws/firmware/dev_ws/install/ament_lint_cmake:/home/idgaf/uros_ws/firmware/dev_ws/install/ament_flake8:/home/idgaf/uros_ws/firmware/dev_ws/install/ament_copyright:/home/idgaf/uros_ws/firmware/dev_ws/install/ament_lint:/home/idgaf/uros_ws/firmware/dev_ws/install/ament_index_python:/home/idgaf/uros_ws/firmware/dev_ws/install/ament_cpplint:/home/idgaf/uros_ws/firmware/dev_ws/install/ament_cppcheck:/home/idgaf/uros_ws/firmware/dev_ws/install/ament_clang_tidy:/home/idgaf/uros_ws/firmware/dev_ws/install/ament_clang_format DEBUGINFOD_URLS=https://debuginfod.ubuntu.com /usr/bin/cmake --install /home/idgaf/uros_ws/firmware/mcu_ws/build/libyaml_vendor
