[0.899s] Invoking command in '/home/idgaf/uros_ws/firmware/mcu_ws/ros2/ros2_tracing/tracetools_launch': AMENT_PREFIX_PATH=/home/idgaf/uros_ws/firmware/mcu_ws/install/tracetools_trace:${AMENT_PREFIX_PATH} DEBUGINFOD_URLS=https://debuginfod.ubuntu.com PYTHONPATH=/home/idgaf/uros_ws/firmware/mcu_ws/build/tracetools_launch/prefix_override:/usr/lib/python3/dist-packages/colcon_core/task/python/colcon_distutils_commands:/home/idgaf/uros_ws/firmware/mcu_ws/install/tracetools_launch/lib/python3.12/site-packages:/home/idgaf/uros_ws/firmware/mcu_ws/install/tracetools_trace/lib/python3.12/site-packages:${PYTHONPATH} /usr/bin/python3 -W ignore:setup.py install is deprecated -W ignore:easy_install command is deprecated setup.py egg_info --egg-base ../../../build/tracetools_launch build --build-base /home/idgaf/uros_ws/firmware/mcu_ws/build/tracetools_launch/build install --record /home/idgaf/uros_ws/firmware/mcu_ws/build/tracetools_launch/install.log --single-version-externally-managed install_data
[1.142s] running egg_info
[1.142s] creating ../../../build/tracetools_launch/tracetools_launch.egg-info
[1.164s] writing ../../../build/tracetools_launch/tracetools_launch.egg-info/PKG-INFO
[1.164s] writing dependency_links to ../../../build/tracetools_launch/tracetools_launch.egg-info/dependency_links.txt
[1.164s] writing entry points to ../../../build/tracetools_launch/tracetools_launch.egg-info/entry_points.txt
[1.165s] writing requirements to ../../../build/tracetools_launch/tracetools_launch.egg-info/requires.txt
[1.165s] writing top-level names to ../../../build/tracetools_launch/tracetools_launch.egg-info/top_level.txt
[1.165s] writing manifest file '../../../build/tracetools_launch/tracetools_launch.egg-info/SOURCES.txt'
[1.213s] reading manifest file '../../../build/tracetools_launch/tracetools_launch.egg-info/SOURCES.txt'
[1.213s] writing manifest file '../../../build/tracetools_launch/tracetools_launch.egg-info/SOURCES.txt'
[1.213s] running build
[1.213s] running build_py
[1.213s] creating /home/idgaf/uros_ws/firmware/mcu_ws/build/tracetools_launch/build
[1.213s] creating /home/idgaf/uros_ws/firmware/mcu_ws/build/tracetools_launch/build/lib
[1.213s] creating /home/idgaf/uros_ws/firmware/mcu_ws/build/tracetools_launch/build/lib/tracetools_launch
[1.214s] copying tracetools_launch/action.py -> /home/idgaf/uros_ws/firmware/mcu_ws/build/tracetools_launch/build/lib/tracetools_launch
[1.214s] copying tracetools_launch/__init__.py -> /home/idgaf/uros_ws/firmware/mcu_ws/build/tracetools_launch/build/lib/tracetools_launch
[1.214s] creating /home/idgaf/uros_ws/firmware/mcu_ws/build/tracetools_launch/build/lib/tracetools_launch/actions
[1.214s] copying tracetools_launch/actions/ld_preload.py -> /home/idgaf/uros_ws/firmware/mcu_ws/build/tracetools_launch/build/lib/tracetools_launch/actions
[1.214s] copying tracetools_launch/actions/__init__.py -> /home/idgaf/uros_ws/firmware/mcu_ws/build/tracetools_launch/build/lib/tracetools_launch/actions
[1.214s] running install
[1.226s] running install_lib
[1.248s] creating /home/idgaf/uros_ws/firmware/mcu_ws/install/tracetools_launch/lib/python3.12/site-packages/tracetools_launch
[1.248s] copying /home/idgaf/uros_ws/firmware/mcu_ws/build/tracetools_launch/build/lib/tracetools_launch/action.py -> /home/idgaf/uros_ws/firmware/mcu_ws/install/tracetools_launch/lib/python3.12/site-packages/tracetools_launch
[1.249s] creating /home/idgaf/uros_ws/firmware/mcu_ws/install/tracetools_launch/lib/python3.12/site-packages/tracetools_launch/actions
[1.249s] copying /home/idgaf/uros_ws/firmware/mcu_ws/build/tracetools_launch/build/lib/tracetools_launch/actions/ld_preload.py -> /home/idgaf/uros_ws/firmware/mcu_ws/install/tracetools_launch/lib/python3.12/site-packages/tracetools_launch/actions
[1.249s] copying /home/idgaf/uros_ws/firmware/mcu_ws/build/tracetools_launch/build/lib/tracetools_launch/actions/__init__.py -> /home/idgaf/uros_ws/firmware/mcu_ws/install/tracetools_launch/lib/python3.12/site-packages/tracetools_launch/actions
[1.249s] copying /home/idgaf/uros_ws/firmware/mcu_ws/build/tracetools_launch/build/lib/tracetools_launch/__init__.py -> /home/idgaf/uros_ws/firmware/mcu_ws/install/tracetools_launch/lib/python3.12/site-packages/tracetools_launch
[1.252s] byte-compiling /home/idgaf/uros_ws/firmware/mcu_ws/install/tracetools_launch/lib/python3.12/site-packages/tracetools_launch/action.py to action.cpython-312.pyc
[1.256s] byte-compiling /home/idgaf/uros_ws/firmware/mcu_ws/install/tracetools_launch/lib/python3.12/site-packages/tracetools_launch/actions/ld_preload.py to ld_preload.cpython-312.pyc
[1.257s] byte-compiling /home/idgaf/uros_ws/firmware/mcu_ws/install/tracetools_launch/lib/python3.12/site-packages/tracetools_launch/actions/__init__.py to __init__.cpython-312.pyc
[1.257s] byte-compiling /home/idgaf/uros_ws/firmware/mcu_ws/install/tracetools_launch/lib/python3.12/site-packages/tracetools_launch/__init__.py to __init__.cpython-312.pyc
[1.257s] running install_data
[1.257s] copying package.xml -> /home/idgaf/uros_ws/firmware/mcu_ws/install/tracetools_launch/share/tracetools_launch
[1.258s] creating /home/idgaf/uros_ws/firmware/mcu_ws/install/tracetools_launch/share/tracetools_launch/launch
[1.258s] copying launch/example.launch.py -> /home/idgaf/uros_ws/firmware/mcu_ws/install/tracetools_launch/share/tracetools_launch/launch
[1.258s] copying launch/example.launch.yaml -> /home/idgaf/uros_ws/firmware/mcu_ws/install/tracetools_launch/share/tracetools_launch/launch
[1.258s] copying launch/example.launch.xml -> /home/idgaf/uros_ws/firmware/mcu_ws/install/tracetools_launch/share/tracetools_launch/launch
[1.259s] creating /home/idgaf/uros_ws/firmware/mcu_ws/install/tracetools_launch/share/ament_index
[1.259s] creating /home/idgaf/uros_ws/firmware/mcu_ws/install/tracetools_launch/share/ament_index/resource_index
[1.259s] creating /home/idgaf/uros_ws/firmware/mcu_ws/install/tracetools_launch/share/ament_index/resource_index/packages
[1.259s] copying resource/tracetools_launch -> /home/idgaf/uros_ws/firmware/mcu_ws/install/tracetools_launch/share/ament_index/resource_index/packages
[1.259s] running install_egg_info
[1.277s] Copying ../../../build/tracetools_launch/tracetools_launch.egg-info to /home/idgaf/uros_ws/firmware/mcu_ws/install/tracetools_launch/lib/python3.12/site-packages/tracetools_launch-8.2.4-py3.12.egg-info
[1.278s] running install_scripts
[1.377s] writing list of installed files to '/home/idgaf/uros_ws/firmware/mcu_ws/build/tracetools_launch/install.log'
[1.405s] Invoked command in '/home/idgaf/uros_ws/firmware/mcu_ws/ros2/ros2_tracing/tracetools_launch' returned '0': AMENT_PREFIX_PATH=/home/idgaf/uros_ws/firmware/mcu_ws/install/tracetools_trace:${AMENT_PREFIX_PATH} DEBUGINFOD_URLS=https://debuginfod.ubuntu.com PYTHONPATH=/home/idgaf/uros_ws/firmware/mcu_ws/build/tracetools_launch/prefix_override:/usr/lib/python3/dist-packages/colcon_core/task/python/colcon_distutils_commands:/home/idgaf/uros_ws/firmware/mcu_ws/install/tracetools_launch/lib/python3.12/site-packages:/home/idgaf/uros_ws/firmware/mcu_ws/install/tracetools_trace/lib/python3.12/site-packages:${PYTHONPATH} /usr/bin/python3 -W ignore:setup.py install is deprecated -W ignore:easy_install command is deprecated setup.py egg_info --egg-base ../../../build/tracetools_launch build --build-base /home/idgaf/uros_ws/firmware/mcu_ws/build/tracetools_launch/build install --record /home/idgaf/uros_ws/firmware/mcu_ws/build/tracetools_launch/install.log --single-version-externally-managed install_data
