Not searching for unused variables given on the command line.
-- The C compiler identification is GNU 8.3.1
-- The CXX compiler identification is GNU 8.3.1
-- Detecting C compiler ABI info
-- Detecting C compiler ABI info - done
-- Check for working C compiler: /home/idgaf/uros_ws/firmware/freertos_apps/microros_nucleo_f446re_extensions/../../toolchain/bin/arm-none-eabi-gcc - skipped
-- Detecting C compile features
-- Detecting C compile features - done
-- Detecting CXX compiler ABI info
-- Detecting CXX compiler ABI info - done
-- Check for working CXX compiler: /home/idgaf/uros_ws/firmware/freertos_apps/microros_nucleo_f446re_extensions/../../toolchain/bin/arm-none-eabi-g++ - skipped
-- Detecting CXX compile features
-- Detecting CXX compile features - done
-- Found ament_cmake_ros: 0.12.0 (/home/idgaf/uros_ws/firmware/dev_ws/install/ament_cmake_ros/share/ament_cmake_ros/cmake)
-- Found Python3: /usr/bin/python3 (found version "3.12.3") found components: Interpreter 
-- Found rcutils: 6.7.3 (/home/idgaf/uros_ws/firmware/mcu_ws/install/rcutils/share/rcutils/cmake)
-- Found rosidl_runtime_c: 4.6.6 (/home/idgaf/uros_ws/firmware/mcu_ws/install/rosidl_runtime_c/share/rosidl_runtime_c/cmake)
-- Configuring done (0.8s)
-- Generating done (0.0s)
-- Build files have been written to: /home/idgaf/uros_ws/firmware/mcu_ws/build/rosidl_dynamic_typesupport
Change Dir: '/home/idgaf/uros_ws/firmware/mcu_ws/build/rosidl_dynamic_typesupport'

Run Build Command(s): /usr/bin/cmake -E env VERBOSE=1 /usr/bin/gmake -f Makefile -j16 -l16
gmake[1]: Entering directory '/home/idgaf/uros_ws/firmware/mcu_ws/build/rosidl_dynamic_typesupport'
/usr/bin/cmake -S/home/idgaf/uros_ws/firmware/mcu_ws/ros2/rosidl_dynamic_typesupport -B/home/idgaf/uros_ws/firmware/mcu_ws/build/rosidl_dynamic_typesupport --check-build-system CMakeFiles/Makefile.cmake 0
/usr/bin/cmake -E cmake_progress_start /home/idgaf/uros_ws/firmware/mcu_ws/build/rosidl_dynamic_typesupport/CMakeFiles /home/idgaf/uros_ws/firmware/mcu_ws/build/rosidl_dynamic_typesupport//CMakeFiles/progress.marks
/usr/bin/gmake  -f CMakeFiles/Makefile2 all
gmake[2]: Entering directory '/home/idgaf/uros_ws/firmware/mcu_ws/build/rosidl_dynamic_typesupport'
/usr/bin/gmake  -f CMakeFiles/rosidl_dynamic_typesupport.dir/build.make CMakeFiles/rosidl_dynamic_typesupport.dir/depend
gmake[3]: Entering directory '/home/idgaf/uros_ws/firmware/mcu_ws/build/rosidl_dynamic_typesupport'
cd /home/idgaf/uros_ws/firmware/mcu_ws/build/rosidl_dynamic_typesupport && /usr/bin/cmake -E cmake_depends "Unix Makefiles" /home/idgaf/uros_ws/firmware/mcu_ws/ros2/rosidl_dynamic_typesupport /home/idgaf/uros_ws/firmware/mcu_ws/ros2/rosidl_dynamic_typesupport /home/idgaf/uros_ws/firmware/mcu_ws/build/rosidl_dynamic_typesupport /home/idgaf/uros_ws/firmware/mcu_ws/build/rosidl_dynamic_typesupport /home/idgaf/uros_ws/firmware/mcu_ws/build/rosidl_dynamic_typesupport/CMakeFiles/rosidl_dynamic_typesupport.dir/DependInfo.cmake "--color="
gmake[3]: Leaving directory '/home/idgaf/uros_ws/firmware/mcu_ws/build/rosidl_dynamic_typesupport'
/usr/bin/gmake  -f CMakeFiles/rosidl_dynamic_typesupport.dir/build.make CMakeFiles/rosidl_dynamic_typesupport.dir/build
gmake[3]: Entering directory '/home/idgaf/uros_ws/firmware/mcu_ws/build/rosidl_dynamic_typesupport'
[ 16%] [32mBuilding C object CMakeFiles/rosidl_dynamic_typesupport.dir/src/identifier.c.obj[0m
[ 33%] [32mBuilding C object CMakeFiles/rosidl_dynamic_typesupport.dir/src/dynamic_message_type_support_struct.c.obj[0m
/home/idgaf/uros_ws/firmware/freertos_apps/microros_nucleo_f446re_extensions/../../toolchain/bin/arm-none-eabi-gcc -DROS_PACKAGE_NAME=\"rosidl_dynamic_typesupport\" -I/home/idgaf/uros_ws/firmware/mcu_ws/ros2/rosidl_dynamic_typesupport/src -I/home/idgaf/uros_ws/firmware/mcu_ws/ros2/rosidl_dynamic_typesupport/include -isystem /home/idgaf/uros_ws/firmware/mcu_ws/install/rcutils/include/rcutils -isystem /home/idgaf/uros_ws/firmware/mcu_ws/install/rosidl_runtime_c/include/rosidl_runtime_c -isystem /home/idgaf/uros_ws/firmware/mcu_ws/install/rosidl_typesupport_interface/include/rosidl_typesupport_interface -std=c11 -mcpu=cortex-m4 -mthumb -mfpu=fpv4-sp-d16 -mfloat-abi=hard -DUSE_HAL_DRIVER -DSTM32F446xx -D_TIMEVAL_DEFINE -O0 -Wall -fdata-sections -ffunction-sections  -DCLOCK_MONOTONIC=0 -g -std=gnu11 -Wall -Wextra -Wpedantic -MD -MT CMakeFiles/rosidl_dynamic_typesupport.dir/src/identifier.c.obj -MF CMakeFiles/rosidl_dynamic_typesupport.dir/src/identifier.c.obj.d -o CMakeFiles/rosidl_dynamic_typesupport.dir/src/identifier.c.obj -c /home/idgaf/uros_ws/firmware/mcu_ws/ros2/rosidl_dynamic_typesupport/src/identifier.c
[ 50%] [32mBuilding C object CMakeFiles/rosidl_dynamic_typesupport.dir/src/api/serialization_support.c.obj[0m
/home/idgaf/uros_ws/firmware/freertos_apps/microros_nucleo_f446re_extensions/../../toolchain/bin/arm-none-eabi-gcc -DROS_PACKAGE_NAME=\"rosidl_dynamic_typesupport\" -I/home/idgaf/uros_ws/firmware/mcu_ws/ros2/rosidl_dynamic_typesupport/src -I/home/idgaf/uros_ws/firmware/mcu_ws/ros2/rosidl_dynamic_typesupport/include -isystem /home/idgaf/uros_ws/firmware/mcu_ws/install/rcutils/include/rcutils -isystem /home/idgaf/uros_ws/firmware/mcu_ws/install/rosidl_runtime_c/include/rosidl_runtime_c -isystem /home/idgaf/uros_ws/firmware/mcu_ws/install/rosidl_typesupport_interface/include/rosidl_typesupport_interface -std=c11 -mcpu=cortex-m4 -mthumb -mfpu=fpv4-sp-d16 -mfloat-abi=hard -DUSE_HAL_DRIVER -DSTM32F446xx -D_TIMEVAL_DEFINE -O0 -Wall -fdata-sections -ffunction-sections  -DCLOCK_MONOTONIC=0 -g -std=gnu11 -Wall -Wextra -Wpedantic -MD -MT CMakeFiles/rosidl_dynamic_typesupport.dir/src/dynamic_message_type_support_struct.c.obj -MF CMakeFiles/rosidl_dynamic_typesupport.dir/src/dynamic_message_type_support_struct.c.obj.d -o CMakeFiles/rosidl_dynamic_typesupport.dir/src/dynamic_message_type_support_struct.c.obj -c /home/idgaf/uros_ws/firmware/mcu_ws/ros2/rosidl_dynamic_typesupport/src/dynamic_message_type_support_struct.c
[ 83%] [32mBuilding C object CMakeFiles/rosidl_dynamic_typesupport.dir/src/api/dynamic_data.c.obj[0m
[ 83%] [32mBuilding C object CMakeFiles/rosidl_dynamic_typesupport.dir/src/api/dynamic_type.c.obj[0m
/home/idgaf/uros_ws/firmware/freertos_apps/microros_nucleo_f446re_extensions/../../toolchain/bin/arm-none-eabi-gcc -DROS_PACKAGE_NAME=\"rosidl_dynamic_typesupport\" -I/home/idgaf/uros_ws/firmware/mcu_ws/ros2/rosidl_dynamic_typesupport/src -I/home/idgaf/uros_ws/firmware/mcu_ws/ros2/rosidl_dynamic_typesupport/include -isystem /home/idgaf/uros_ws/firmware/mcu_ws/install/rcutils/include/rcutils -isystem /home/idgaf/uros_ws/firmware/mcu_ws/install/rosidl_runtime_c/include/rosidl_runtime_c -isystem /home/idgaf/uros_ws/firmware/mcu_ws/install/rosidl_typesupport_interface/include/rosidl_typesupport_interface -std=c11 -mcpu=cortex-m4 -mthumb -mfpu=fpv4-sp-d16 -mfloat-abi=hard -DUSE_HAL_DRIVER -DSTM32F446xx -D_TIMEVAL_DEFINE -O0 -Wall -fdata-sections -ffunction-sections  -DCLOCK_MONOTONIC=0 -g -std=gnu11 -Wall -Wextra -Wpedantic -MD -MT CMakeFiles/rosidl_dynamic_typesupport.dir/src/api/serialization_support.c.obj -MF CMakeFiles/rosidl_dynamic_typesupport.dir/src/api/serialization_support.c.obj.d -o CMakeFiles/rosidl_dynamic_typesupport.dir/src/api/serialization_support.c.obj -c /home/idgaf/uros_ws/firmware/mcu_ws/ros2/rosidl_dynamic_typesupport/src/api/serialization_support.c
/home/idgaf/uros_ws/firmware/freertos_apps/microros_nucleo_f446re_extensions/../../toolchain/bin/arm-none-eabi-gcc -DROS_PACKAGE_NAME=\"rosidl_dynamic_typesupport\" -I/home/idgaf/uros_ws/firmware/mcu_ws/ros2/rosidl_dynamic_typesupport/src -I/home/idgaf/uros_ws/firmware/mcu_ws/ros2/rosidl_dynamic_typesupport/include -isystem /home/idgaf/uros_ws/firmware/mcu_ws/install/rcutils/include/rcutils -isystem /home/idgaf/uros_ws/firmware/mcu_ws/install/rosidl_runtime_c/include/rosidl_runtime_c -isystem /home/idgaf/uros_ws/firmware/mcu_ws/install/rosidl_typesupport_interface/include/rosidl_typesupport_interface -std=c11 -mcpu=cortex-m4 -mthumb -mfpu=fpv4-sp-d16 -mfloat-abi=hard -DUSE_HAL_DRIVER -DSTM32F446xx -D_TIMEVAL_DEFINE -O0 -Wall -fdata-sections -ffunction-sections  -DCLOCK_MONOTONIC=0 -g -std=gnu11 -Wall -Wextra -Wpedantic -MD -MT CMakeFiles/rosidl_dynamic_typesupport.dir/src/api/dynamic_data.c.obj -MF CMakeFiles/rosidl_dynamic_typesupport.dir/src/api/dynamic_data.c.obj.d -o CMakeFiles/rosidl_dynamic_typesupport.dir/src/api/dynamic_data.c.obj -c /home/idgaf/uros_ws/firmware/mcu_ws/ros2/rosidl_dynamic_typesupport/src/api/dynamic_data.c
/home/idgaf/uros_ws/firmware/freertos_apps/microros_nucleo_f446re_extensions/../../toolchain/bin/arm-none-eabi-gcc -DROS_PACKAGE_NAME=\"rosidl_dynamic_typesupport\" -I/home/idgaf/uros_ws/firmware/mcu_ws/ros2/rosidl_dynamic_typesupport/src -I/home/idgaf/uros_ws/firmware/mcu_ws/ros2/rosidl_dynamic_typesupport/include -isystem /home/idgaf/uros_ws/firmware/mcu_ws/install/rcutils/include/rcutils -isystem /home/idgaf/uros_ws/firmware/mcu_ws/install/rosidl_runtime_c/include/rosidl_runtime_c -isystem /home/idgaf/uros_ws/firmware/mcu_ws/install/rosidl_typesupport_interface/include/rosidl_typesupport_interface -std=c11 -mcpu=cortex-m4 -mthumb -mfpu=fpv4-sp-d16 -mfloat-abi=hard -DUSE_HAL_DRIVER -DSTM32F446xx -D_TIMEVAL_DEFINE -O0 -Wall -fdata-sections -ffunction-sections  -DCLOCK_MONOTONIC=0 -g -std=gnu11 -Wall -Wextra -Wpedantic -MD -MT CMakeFiles/rosidl_dynamic_typesupport.dir/src/api/dynamic_type.c.obj -MF CMakeFiles/rosidl_dynamic_typesupport.dir/src/api/dynamic_type.c.obj.d -o CMakeFiles/rosidl_dynamic_typesupport.dir/src/api/dynamic_type.c.obj -c /home/idgaf/uros_ws/firmware/mcu_ws/ros2/rosidl_dynamic_typesupport/src/api/dynamic_type.c
[100%] [32m[1mLinking C static library librosidl_dynamic_typesupport.a[0m
/usr/bin/cmake -P CMakeFiles/rosidl_dynamic_typesupport.dir/cmake_clean_target.cmake
/usr/bin/cmake -E cmake_link_script CMakeFiles/rosidl_dynamic_typesupport.dir/link.txt --verbose=1
/home/idgaf/uros_ws/firmware/toolchain/bin/arm-none-eabi-ar qc librosidl_dynamic_typesupport.a CMakeFiles/rosidl_dynamic_typesupport.dir/src/api/serialization_support.c.obj CMakeFiles/rosidl_dynamic_typesupport.dir/src/api/dynamic_data.c.obj CMakeFiles/rosidl_dynamic_typesupport.dir/src/api/dynamic_type.c.obj CMakeFiles/rosidl_dynamic_typesupport.dir/src/dynamic_message_type_support_struct.c.obj CMakeFiles/rosidl_dynamic_typesupport.dir/src/identifier.c.obj
/home/idgaf/uros_ws/firmware/toolchain/bin/arm-none-eabi-ranlib librosidl_dynamic_typesupport.a
gmake[3]: Leaving directory '/home/idgaf/uros_ws/firmware/mcu_ws/build/rosidl_dynamic_typesupport'
[100%] Built target rosidl_dynamic_typesupport
gmake[2]: Leaving directory '/home/idgaf/uros_ws/firmware/mcu_ws/build/rosidl_dynamic_typesupport'
/usr/bin/cmake -E cmake_progress_start /home/idgaf/uros_ws/firmware/mcu_ws/build/rosidl_dynamic_typesupport/CMakeFiles 0
gmake[1]: Leaving directory '/home/idgaf/uros_ws/firmware/mcu_ws/build/rosidl_dynamic_typesupport'

-- Install configuration: "Debug"
-- Installing: /home/idgaf/uros_ws/firmware/mcu_ws/install/rosidl_dynamic_typesupport/lib/librosidl_dynamic_typesupport.a
-- Installing: /home/idgaf/uros_ws/firmware/mcu_ws/install/rosidl_dynamic_typesupport/include/rosidl_dynamic_typesupport
-- Installing: /home/idgaf/uros_ws/firmware/mcu_ws/install/rosidl_dynamic_typesupport/include/rosidl_dynamic_typesupport/rosidl_dynamic_typesupport
-- Installing: /home/idgaf/uros_ws/firmware/mcu_ws/install/rosidl_dynamic_typesupport/include/rosidl_dynamic_typesupport/rosidl_dynamic_typesupport/uchar.h
-- Installing: /home/idgaf/uros_ws/firmware/mcu_ws/install/rosidl_dynamic_typesupport/include/rosidl_dynamic_typesupport/rosidl_dynamic_typesupport/api
-- Installing: /home/idgaf/uros_ws/firmware/mcu_ws/install/rosidl_dynamic_typesupport/include/rosidl_dynamic_typesupport/rosidl_dynamic_typesupport/api/dynamic_type.h
-- Installing: /home/idgaf/uros_ws/firmware/mcu_ws/install/rosidl_dynamic_typesupport/include/rosidl_dynamic_typesupport/rosidl_dynamic_typesupport/api/serialization_support.h
-- Installing: /home/idgaf/uros_ws/firmware/mcu_ws/install/rosidl_dynamic_typesupport/include/rosidl_dynamic_typesupport/rosidl_dynamic_typesupport/api/serialization_support_interface.h
-- Installing: /home/idgaf/uros_ws/firmware/mcu_ws/install/rosidl_dynamic_typesupport/include/rosidl_dynamic_typesupport/rosidl_dynamic_typesupport/api/dynamic_data.h
-- Installing: /home/idgaf/uros_ws/firmware/mcu_ws/install/rosidl_dynamic_typesupport/include/rosidl_dynamic_typesupport/rosidl_dynamic_typesupport/visibility_control.h
-- Installing: /home/idgaf/uros_ws/firmware/mcu_ws/install/rosidl_dynamic_typesupport/include/rosidl_dynamic_typesupport/rosidl_dynamic_typesupport/dynamic_message_type_support_struct.h
-- Installing: /home/idgaf/uros_ws/firmware/mcu_ws/install/rosidl_dynamic_typesupport/include/rosidl_dynamic_typesupport/rosidl_dynamic_typesupport/types.h
-- Installing: /home/idgaf/uros_ws/firmware/mcu_ws/install/rosidl_dynamic_typesupport/include/rosidl_dynamic_typesupport/rosidl_dynamic_typesupport/identifier.h
-- Installing: /home/idgaf/uros_ws/firmware/mcu_ws/install/rosidl_dynamic_typesupport/include/rosidl_dynamic_typesupport/rosidl_dynamic_typesupport/macros.h
-- Installing: /home/idgaf/uros_ws/firmware/mcu_ws/install/rosidl_dynamic_typesupport/share/rosidl_dynamic_typesupport/environment/library_path.sh
-- Installing: /home/idgaf/uros_ws/firmware/mcu_ws/install/rosidl_dynamic_typesupport/share/rosidl_dynamic_typesupport/environment/library_path.dsv
-- Installing: /home/idgaf/uros_ws/firmware/mcu_ws/install/rosidl_dynamic_typesupport/share/ament_index/resource_index/package_run_dependencies/rosidl_dynamic_typesupport
-- Installing: /home/idgaf/uros_ws/firmware/mcu_ws/install/rosidl_dynamic_typesupport/share/ament_index/resource_index/parent_prefix_path/rosidl_dynamic_typesupport
-- Installing: /home/idgaf/uros_ws/firmware/mcu_ws/install/rosidl_dynamic_typesupport/share/rosidl_dynamic_typesupport/environment/ament_prefix_path.sh
-- Installing: /home/idgaf/uros_ws/firmware/mcu_ws/install/rosidl_dynamic_typesupport/share/rosidl_dynamic_typesupport/environment/ament_prefix_path.dsv
-- Installing: /home/idgaf/uros_ws/firmware/mcu_ws/install/rosidl_dynamic_typesupport/share/rosidl_dynamic_typesupport/environment/path.sh
-- Installing: /home/idgaf/uros_ws/firmware/mcu_ws/install/rosidl_dynamic_typesupport/share/rosidl_dynamic_typesupport/environment/path.dsv
-- Installing: /home/idgaf/uros_ws/firmware/mcu_ws/install/rosidl_dynamic_typesupport/share/rosidl_dynamic_typesupport/local_setup.bash
-- Installing: /home/idgaf/uros_ws/firmware/mcu_ws/install/rosidl_dynamic_typesupport/share/rosidl_dynamic_typesupport/local_setup.sh
-- Installing: /home/idgaf/uros_ws/firmware/mcu_ws/install/rosidl_dynamic_typesupport/share/rosidl_dynamic_typesupport/local_setup.zsh
-- Installing: /home/idgaf/uros_ws/firmware/mcu_ws/install/rosidl_dynamic_typesupport/share/rosidl_dynamic_typesupport/local_setup.dsv
-- Installing: /home/idgaf/uros_ws/firmware/mcu_ws/install/rosidl_dynamic_typesupport/share/rosidl_dynamic_typesupport/package.dsv
-- Installing: /home/idgaf/uros_ws/firmware/mcu_ws/install/rosidl_dynamic_typesupport/share/ament_index/resource_index/packages/rosidl_dynamic_typesupport
-- Installing: /home/idgaf/uros_ws/firmware/mcu_ws/install/rosidl_dynamic_typesupport/share/rosidl_dynamic_typesupport/cmake/rosidl_dynamic_typesupport-exportExport.cmake
-- Installing: /home/idgaf/uros_ws/firmware/mcu_ws/install/rosidl_dynamic_typesupport/share/rosidl_dynamic_typesupport/cmake/rosidl_dynamic_typesupport-exportExport-debug.cmake
-- Installing: /home/idgaf/uros_ws/firmware/mcu_ws/install/rosidl_dynamic_typesupport/share/rosidl_dynamic_typesupport/cmake/ament_cmake_export_targets-extras.cmake
-- Installing: /home/idgaf/uros_ws/firmware/mcu_ws/install/rosidl_dynamic_typesupport/share/rosidl_dynamic_typesupport/cmake/ament_cmake_export_dependencies-extras.cmake
-- Installing: /home/idgaf/uros_ws/firmware/mcu_ws/install/rosidl_dynamic_typesupport/share/rosidl_dynamic_typesupport/cmake/rosidl_dynamic_typesupportConfig.cmake
-- Installing: /home/idgaf/uros_ws/firmware/mcu_ws/install/rosidl_dynamic_typesupport/share/rosidl_dynamic_typesupport/cmake/rosidl_dynamic_typesupportConfig-version.cmake
-- Installing: /home/idgaf/uros_ws/firmware/mcu_ws/install/rosidl_dynamic_typesupport/share/rosidl_dynamic_typesupport/package.xml
