Not searching for unused variables given on the command line.
-- The C compiler identification is GNU 8.3.1
-- Detecting C compiler ABI info
-- Detecting C compiler ABI info - done
-- Check for working C compiler: /home/idgaf/uros_ws/firmware/freertos_apps/microros_nucleo_f446re_extensions/../../toolchain/bin/arm-none-eabi-gcc - skipped
-- Detecting C compile features
-- Detecting C compile features - done
-- Found ament_cmake_ros: 0.12.0 (/home/idgaf/uros_ws/firmware/dev_ws/install/ament_cmake_ros/share/ament_cmake_ros/cmake)
-- Found Python3: /usr/bin/python3 (found version "3.12.3") found components: Interpreter 
-- Found rcutils: 6.7.3 (/home/idgaf/uros_ws/firmware/mcu_ws/install/rcutils/share/rcutils/cmake)
-- Found rosidl_typesupport_interface: 4.6.6 (/home/idgaf/uros_ws/firmware/mcu_ws/install/rosidl_typesupport_interface/share/rosidl_typesupport_interface/cmake)
-- Configuring done (0.6s)
-- Generating done (0.0s)
-- Build files have been written to: /home/idgaf/uros_ws/firmware/mcu_ws/build/rosidl_runtime_c
Change Dir: '/home/idgaf/uros_ws/firmware/mcu_ws/build/rosidl_runtime_c'

Run Build Command(s): /usr/bin/cmake -E env VERBOSE=1 /usr/bin/gmake -f Makefile -j16 -l16
gmake[1]: Entering directory '/home/idgaf/uros_ws/firmware/mcu_ws/build/rosidl_runtime_c'
/usr/bin/cmake -S/home/idgaf/uros_ws/firmware/mcu_ws/ros2/rosidl/rosidl_runtime_c -B/home/idgaf/uros_ws/firmware/mcu_ws/build/rosidl_runtime_c --check-build-system CMakeFiles/Makefile.cmake 0
/usr/bin/cmake -E cmake_progress_start /home/idgaf/uros_ws/firmware/mcu_ws/build/rosidl_runtime_c/CMakeFiles /home/idgaf/uros_ws/firmware/mcu_ws/build/rosidl_runtime_c//CMakeFiles/progress.marks
/usr/bin/gmake  -f CMakeFiles/Makefile2 all
gmake[2]: Entering directory '/home/idgaf/uros_ws/firmware/mcu_ws/build/rosidl_runtime_c'
/usr/bin/gmake  -f CMakeFiles/rosidl_runtime_c.dir/build.make CMakeFiles/rosidl_runtime_c.dir/depend
gmake[3]: Entering directory '/home/idgaf/uros_ws/firmware/mcu_ws/build/rosidl_runtime_c'
cd /home/idgaf/uros_ws/firmware/mcu_ws/build/rosidl_runtime_c && /usr/bin/cmake -E cmake_depends "Unix Makefiles" /home/idgaf/uros_ws/firmware/mcu_ws/ros2/rosidl/rosidl_runtime_c /home/idgaf/uros_ws/firmware/mcu_ws/ros2/rosidl/rosidl_runtime_c /home/idgaf/uros_ws/firmware/mcu_ws/build/rosidl_runtime_c /home/idgaf/uros_ws/firmware/mcu_ws/build/rosidl_runtime_c /home/idgaf/uros_ws/firmware/mcu_ws/build/rosidl_runtime_c/CMakeFiles/rosidl_runtime_c.dir/DependInfo.cmake "--color="
gmake[3]: Leaving directory '/home/idgaf/uros_ws/firmware/mcu_ws/build/rosidl_runtime_c'
/usr/bin/gmake  -f CMakeFiles/rosidl_runtime_c.dir/build.make CMakeFiles/rosidl_runtime_c.dir/build
gmake[3]: Entering directory '/home/idgaf/uros_ws/firmware/mcu_ws/build/rosidl_runtime_c'
[ 19%] [32mBuilding C object CMakeFiles/rosidl_runtime_c.dir/src/u16string_functions.c.obj[0m
[ 19%] [32mBuilding C object CMakeFiles/rosidl_runtime_c.dir/src/sequence_bound.c.obj[0m
[ 23%] [32mBuilding C object CMakeFiles/rosidl_runtime_c.dir/src/primitives_sequence_functions.c.obj[0m
[ 28%] [32mBuilding C object CMakeFiles/rosidl_runtime_c.dir/src/string_functions.c.obj[0m
[ 28%] [32mBuilding C object CMakeFiles/rosidl_runtime_c.dir/src/type_hash.c.obj[0m
/home/idgaf/uros_ws/firmware/freertos_apps/microros_nucleo_f446re_extensions/../../toolchain/bin/arm-none-eabi-gcc -DROS_PACKAGE_NAME=\"rosidl_runtime_c\" -I/home/idgaf/uros_ws/firmware/mcu_ws/ros2/rosidl/rosidl_runtime_c/include -isystem /home/idgaf/uros_ws/firmware/mcu_ws/install/rcutils/include/rcutils -isystem /home/idgaf/uros_ws/firmware/mcu_ws/install/rosidl_typesupport_interface/include/rosidl_typesupport_interface -std=c11 -mcpu=cortex-m4 -mthumb -mfpu=fpv4-sp-d16 -mfloat-abi=hard -DUSE_HAL_DRIVER -DSTM32F446xx -D_TIMEVAL_DEFINE -O0 -Wall -fdata-sections -ffunction-sections  -DCLOCK_MONOTONIC=0 -g -std=gnu11 -Wall -MD -MT CMakeFiles/rosidl_runtime_c.dir/src/u16string_functions.c.obj -MF CMakeFiles/rosidl_runtime_c.dir/src/u16string_functions.c.obj.d -o CMakeFiles/rosidl_runtime_c.dir/src/u16string_functions.c.obj -c /home/idgaf/uros_ws/firmware/mcu_ws/ros2/rosidl/rosidl_runtime_c/src/u16string_functions.c
[  4%] [32mBuilding C object CMakeFiles/rosidl_runtime_c.dir/src/service_type_support.c.obj[0m
[ 33%] [32mBuilding C object CMakeFiles/rosidl_runtime_c.dir/src/type_description/field__description.c.obj[0m
/home/idgaf/uros_ws/firmware/freertos_apps/microros_nucleo_f446re_extensions/../../toolchain/bin/arm-none-eabi-gcc -DROS_PACKAGE_NAME=\"rosidl_runtime_c\" -I/home/idgaf/uros_ws/firmware/mcu_ws/ros2/rosidl/rosidl_runtime_c/include -isystem /home/idgaf/uros_ws/firmware/mcu_ws/install/rcutils/include/rcutils -isystem /home/idgaf/uros_ws/firmware/mcu_ws/install/rosidl_typesupport_interface/include/rosidl_typesupport_interface -std=c11 -mcpu=cortex-m4 -mthumb -mfpu=fpv4-sp-d16 -mfloat-abi=hard -DUSE_HAL_DRIVER -DSTM32F446xx -D_TIMEVAL_DEFINE -O0 -Wall -fdata-sections -ffunction-sections  -DCLOCK_MONOTONIC=0 -g -std=gnu11 -Wall -MD -MT CMakeFiles/rosidl_runtime_c.dir/src/sequence_bound.c.obj -MF CMakeFiles/rosidl_runtime_c.dir/src/sequence_bound.c.obj.d -o CMakeFiles/rosidl_runtime_c.dir/src/sequence_bound.c.obj -c /home/idgaf/uros_ws/firmware/mcu_ws/ros2/rosidl/rosidl_runtime_c/src/sequence_bound.c
[ 38%] [32mBuilding C object CMakeFiles/rosidl_runtime_c.dir/src/type_description/field__functions.c.obj[0m
/home/idgaf/uros_ws/firmware/freertos_apps/microros_nucleo_f446re_extensions/../../toolchain/bin/arm-none-eabi-gcc -DROS_PACKAGE_NAME=\"rosidl_runtime_c\" -I/home/idgaf/uros_ws/firmware/mcu_ws/ros2/rosidl/rosidl_runtime_c/include -isystem /home/idgaf/uros_ws/firmware/mcu_ws/install/rcutils/include/rcutils -isystem /home/idgaf/uros_ws/firmware/mcu_ws/install/rosidl_typesupport_interface/include/rosidl_typesupport_interface -std=c11 -mcpu=cortex-m4 -mthumb -mfpu=fpv4-sp-d16 -mfloat-abi=hard -DUSE_HAL_DRIVER -DSTM32F446xx -D_TIMEVAL_DEFINE -O0 -Wall -fdata-sections -ffunction-sections  -DCLOCK_MONOTONIC=0 -g -std=gnu11 -Wall -MD -MT CMakeFiles/rosidl_runtime_c.dir/src/primitives_sequence_functions.c.obj -MF CMakeFiles/rosidl_runtime_c.dir/src/primitives_sequence_functions.c.obj.d -o CMakeFiles/rosidl_runtime_c.dir/src/primitives_sequence_functions.c.obj -c /home/idgaf/uros_ws/firmware/mcu_ws/ros2/rosidl/rosidl_runtime_c/src/primitives_sequence_functions.c
[ 42%] [32mBuilding C object CMakeFiles/rosidl_runtime_c.dir/src/type_description/field_type__functions.c.obj[0m
/home/idgaf/uros_ws/firmware/freertos_apps/microros_nucleo_f446re_extensions/../../toolchain/bin/arm-none-eabi-gcc -DROS_PACKAGE_NAME=\"rosidl_runtime_c\" -I/home/idgaf/uros_ws/firmware/mcu_ws/ros2/rosidl/rosidl_runtime_c/include -isystem /home/idgaf/uros_ws/firmware/mcu_ws/install/rcutils/include/rcutils -isystem /home/idgaf/uros_ws/firmware/mcu_ws/install/rosidl_typesupport_interface/include/rosidl_typesupport_interface -std=c11 -mcpu=cortex-m4 -mthumb -mfpu=fpv4-sp-d16 -mfloat-abi=hard -DUSE_HAL_DRIVER -DSTM32F446xx -D_TIMEVAL_DEFINE -O0 -Wall -fdata-sections -ffunction-sections  -DCLOCK_MONOTONIC=0 -g -std=gnu11 -Wall -MD -MT CMakeFiles/rosidl_runtime_c.dir/src/type_description/field__description.c.obj -MF CMakeFiles/rosidl_runtime_c.dir/src/type_description/field__description.c.obj.d -o CMakeFiles/rosidl_runtime_c.dir/src/type_description/field__description.c.obj -c /home/idgaf/uros_ws/firmware/mcu_ws/ros2/rosidl/rosidl_runtime_c/src/type_description/field__description.c
[ 47%] [32mBuilding C object CMakeFiles/rosidl_runtime_c.dir/src/message_type_support.c.obj[0m
[ 52%] [32mBuilding C object CMakeFiles/rosidl_runtime_c.dir/src/type_description_utils.c.obj[0m
[ 57%] [32mBuilding C object CMakeFiles/rosidl_runtime_c.dir/src/type_description/field_type__description.c.obj[0m
/home/idgaf/uros_ws/firmware/freertos_apps/microros_nucleo_f446re_extensions/../../toolchain/bin/arm-none-eabi-gcc -DROS_PACKAGE_NAME=\"rosidl_runtime_c\" -I/home/idgaf/uros_ws/firmware/mcu_ws/ros2/rosidl/rosidl_runtime_c/include -isystem /home/idgaf/uros_ws/firmware/mcu_ws/install/rcutils/include/rcutils -isystem /home/idgaf/uros_ws/firmware/mcu_ws/install/rosidl_typesupport_interface/include/rosidl_typesupport_interface -std=c11 -mcpu=cortex-m4 -mthumb -mfpu=fpv4-sp-d16 -mfloat-abi=hard -DUSE_HAL_DRIVER -DSTM32F446xx -D_TIMEVAL_DEFINE -O0 -Wall -fdata-sections -ffunction-sections  -DCLOCK_MONOTONIC=0 -g -std=gnu11 -Wall -MD -MT CMakeFiles/rosidl_runtime_c.dir/src/message_type_support.c.obj -MF CMakeFiles/rosidl_runtime_c.dir/src/message_type_support.c.obj.d -o CMakeFiles/rosidl_runtime_c.dir/src/message_type_support.c.obj -c /home/idgaf/uros_ws/firmware/mcu_ws/ros2/rosidl/rosidl_runtime_c/src/message_type_support.c
[ 61%] [32mBuilding C object CMakeFiles/rosidl_runtime_c.dir/src/type_description/individual_type_description__description.c.obj[0m
/home/idgaf/uros_ws/firmware/freertos_apps/microros_nucleo_f446re_extensions/../../toolchain/bin/arm-none-eabi-gcc -DROS_PACKAGE_NAME=\"rosidl_runtime_c\" -I/home/idgaf/uros_ws/firmware/mcu_ws/ros2/rosidl/rosidl_runtime_c/include -isystem /home/idgaf/uros_ws/firmware/mcu_ws/install/rcutils/include/rcutils -isystem /home/idgaf/uros_ws/firmware/mcu_ws/install/rosidl_typesupport_interface/include/rosidl_typesupport_interface -std=c11 -mcpu=cortex-m4 -mthumb -mfpu=fpv4-sp-d16 -mfloat-abi=hard -DUSE_HAL_DRIVER -DSTM32F446xx -D_TIMEVAL_DEFINE -O0 -Wall -fdata-sections -ffunction-sections  -DCLOCK_MONOTONIC=0 -g -std=gnu11 -Wall -MD -MT CMakeFiles/rosidl_runtime_c.dir/src/service_type_support.c.obj -MF CMakeFiles/rosidl_runtime_c.dir/src/service_type_support.c.obj.d -o CMakeFiles/rosidl_runtime_c.dir/src/service_type_support.c.obj -c /home/idgaf/uros_ws/firmware/mcu_ws/ros2/rosidl/rosidl_runtime_c/src/service_type_support.c
/home/idgaf/uros_ws/firmware/freertos_apps/microros_nucleo_f446re_extensions/../../toolchain/bin/arm-none-eabi-gcc -DROS_PACKAGE_NAME=\"rosidl_runtime_c\" -I/home/idgaf/uros_ws/firmware/mcu_ws/ros2/rosidl/rosidl_runtime_c/include -isystem /home/idgaf/uros_ws/firmware/mcu_ws/install/rcutils/include/rcutils -isystem /home/idgaf/uros_ws/firmware/mcu_ws/install/rosidl_typesupport_interface/include/rosidl_typesupport_interface -std=c11 -mcpu=cortex-m4 -mthumb -mfpu=fpv4-sp-d16 -mfloat-abi=hard -DUSE_HAL_DRIVER -DSTM32F446xx -D_TIMEVAL_DEFINE -O0 -Wall -fdata-sections -ffunction-sections  -DCLOCK_MONOTONIC=0 -g -std=gnu11 -Wall -MD -MT CMakeFiles/rosidl_runtime_c.dir/src/string_functions.c.obj -MF CMakeFiles/rosidl_runtime_c.dir/src/string_functions.c.obj.d -o CMakeFiles/rosidl_runtime_c.dir/src/string_functions.c.obj -c /home/idgaf/uros_ws/firmware/mcu_ws/ros2/rosidl/rosidl_runtime_c/src/string_functions.c
/home/idgaf/uros_ws/firmware/freertos_apps/microros_nucleo_f446re_extensions/../../toolchain/bin/arm-none-eabi-gcc -DROS_PACKAGE_NAME=\"rosidl_runtime_c\" -I/home/idgaf/uros_ws/firmware/mcu_ws/ros2/rosidl/rosidl_runtime_c/include -isystem /home/idgaf/uros_ws/firmware/mcu_ws/install/rcutils/include/rcutils -isystem /home/idgaf/uros_ws/firmware/mcu_ws/install/rosidl_typesupport_interface/include/rosidl_typesupport_interface -std=c11 -mcpu=cortex-m4 -mthumb -mfpu=fpv4-sp-d16 -mfloat-abi=hard -DUSE_HAL_DRIVER -DSTM32F446xx -D_TIMEVAL_DEFINE -O0 -Wall -fdata-sections -ffunction-sections  -DCLOCK_MONOTONIC=0 -g -std=gnu11 -Wall -MD -MT CMakeFiles/rosidl_runtime_c.dir/src/type_hash.c.obj -MF CMakeFiles/rosidl_runtime_c.dir/src/type_hash.c.obj.d -o CMakeFiles/rosidl_runtime_c.dir/src/type_hash.c.obj -c /home/idgaf/uros_ws/firmware/mcu_ws/ros2/rosidl/rosidl_runtime_c/src/type_hash.c
[ 66%] [32mBuilding C object CMakeFiles/rosidl_runtime_c.dir/src/type_description/key_value__description.c.obj[0m
/home/idgaf/uros_ws/firmware/freertos_apps/microros_nucleo_f446re_extensions/../../toolchain/bin/arm-none-eabi-gcc -DROS_PACKAGE_NAME=\"rosidl_runtime_c\" -I/home/idgaf/uros_ws/firmware/mcu_ws/ros2/rosidl/rosidl_runtime_c/include -isystem /home/idgaf/uros_ws/firmware/mcu_ws/install/rcutils/include/rcutils -isystem /home/idgaf/uros_ws/firmware/mcu_ws/install/rosidl_typesupport_interface/include/rosidl_typesupport_interface -std=c11 -mcpu=cortex-m4 -mthumb -mfpu=fpv4-sp-d16 -mfloat-abi=hard -DUSE_HAL_DRIVER -DSTM32F446xx -D_TIMEVAL_DEFINE -O0 -Wall -fdata-sections -ffunction-sections  -DCLOCK_MONOTONIC=0 -g -std=gnu11 -Wall -MD -MT CMakeFiles/rosidl_runtime_c.dir/src/type_description_utils.c.obj -MF CMakeFiles/rosidl_runtime_c.dir/src/type_description_utils.c.obj.d -o CMakeFiles/rosidl_runtime_c.dir/src/type_description_utils.c.obj -c /home/idgaf/uros_ws/firmware/mcu_ws/ros2/rosidl/rosidl_runtime_c/src/type_description_utils.c
[ 71%] [32mBuilding C object CMakeFiles/rosidl_runtime_c.dir/src/type_description/individual_type_description__functions.c.obj[0m
/home/idgaf/uros_ws/firmware/freertos_apps/microros_nucleo_f446re_extensions/../../toolchain/bin/arm-none-eabi-gcc -DROS_PACKAGE_NAME=\"rosidl_runtime_c\" -I/home/idgaf/uros_ws/firmware/mcu_ws/ros2/rosidl/rosidl_runtime_c/include -isystem /home/idgaf/uros_ws/firmware/mcu_ws/install/rcutils/include/rcutils -isystem /home/idgaf/uros_ws/firmware/mcu_ws/install/rosidl_typesupport_interface/include/rosidl_typesupport_interface -std=c11 -mcpu=cortex-m4 -mthumb -mfpu=fpv4-sp-d16 -mfloat-abi=hard -DUSE_HAL_DRIVER -DSTM32F446xx -D_TIMEVAL_DEFINE -O0 -Wall -fdata-sections -ffunction-sections  -DCLOCK_MONOTONIC=0 -g -std=gnu11 -Wall -MD -MT CMakeFiles/rosidl_runtime_c.dir/src/type_description/field__functions.c.obj -MF CMakeFiles/rosidl_runtime_c.dir/src/type_description/field__functions.c.obj.d -o CMakeFiles/rosidl_runtime_c.dir/src/type_description/field__functions.c.obj -c /home/idgaf/uros_ws/firmware/mcu_ws/ros2/rosidl/rosidl_runtime_c/src/type_description/field__functions.c
/home/idgaf/uros_ws/firmware/freertos_apps/microros_nucleo_f446re_extensions/../../toolchain/bin/arm-none-eabi-gcc -DROS_PACKAGE_NAME=\"rosidl_runtime_c\" -I/home/idgaf/uros_ws/firmware/mcu_ws/ros2/rosidl/rosidl_runtime_c/include -isystem /home/idgaf/uros_ws/firmware/mcu_ws/install/rcutils/include/rcutils -isystem /home/idgaf/uros_ws/firmware/mcu_ws/install/rosidl_typesupport_interface/include/rosidl_typesupport_interface -std=c11 -mcpu=cortex-m4 -mthumb -mfpu=fpv4-sp-d16 -mfloat-abi=hard -DUSE_HAL_DRIVER -DSTM32F446xx -D_TIMEVAL_DEFINE -O0 -Wall -fdata-sections -ffunction-sections  -DCLOCK_MONOTONIC=0 -g -std=gnu11 -Wall -MD -MT CMakeFiles/rosidl_runtime_c.dir/src/type_description/field_type__description.c.obj -MF CMakeFiles/rosidl_runtime_c.dir/src/type_description/field_type__description.c.obj.d -o CMakeFiles/rosidl_runtime_c.dir/src/type_description/field_type__description.c.obj -c /home/idgaf/uros_ws/firmware/mcu_ws/ros2/rosidl/rosidl_runtime_c/src/type_description/field_type__description.c
[ 76%] [32mBuilding C object CMakeFiles/rosidl_runtime_c.dir/src/type_description/key_value__functions.c.obj[0m
/home/idgaf/uros_ws/firmware/freertos_apps/microros_nucleo_f446re_extensions/../../toolchain/bin/arm-none-eabi-gcc -DROS_PACKAGE_NAME=\"rosidl_runtime_c\" -I/home/idgaf/uros_ws/firmware/mcu_ws/ros2/rosidl/rosidl_runtime_c/include -isystem /home/idgaf/uros_ws/firmware/mcu_ws/install/rcutils/include/rcutils -isystem /home/idgaf/uros_ws/firmware/mcu_ws/install/rosidl_typesupport_interface/include/rosidl_typesupport_interface -std=c11 -mcpu=cortex-m4 -mthumb -mfpu=fpv4-sp-d16 -mfloat-abi=hard -DUSE_HAL_DRIVER -DSTM32F446xx -D_TIMEVAL_DEFINE -O0 -Wall -fdata-sections -ffunction-sections  -DCLOCK_MONOTONIC=0 -g -std=gnu11 -Wall -MD -MT CMakeFiles/rosidl_runtime_c.dir/src/type_description/field_type__functions.c.obj -MF CMakeFiles/rosidl_runtime_c.dir/src/type_description/field_type__functions.c.obj.d -o CMakeFiles/rosidl_runtime_c.dir/src/type_description/field_type__functions.c.obj -c /home/idgaf/uros_ws/firmware/mcu_ws/ros2/rosidl/rosidl_runtime_c/src/type_description/field_type__functions.c
/home/idgaf/uros_ws/firmware/freertos_apps/microros_nucleo_f446re_extensions/../../toolchain/bin/arm-none-eabi-gcc -DROS_PACKAGE_NAME=\"rosidl_runtime_c\" -I/home/idgaf/uros_ws/firmware/mcu_ws/ros2/rosidl/rosidl_runtime_c/include -isystem /home/idgaf/uros_ws/firmware/mcu_ws/install/rcutils/include/rcutils -isystem /home/idgaf/uros_ws/firmware/mcu_ws/install/rosidl_typesupport_interface/include/rosidl_typesupport_interface -std=c11 -mcpu=cortex-m4 -mthumb -mfpu=fpv4-sp-d16 -mfloat-abi=hard -DUSE_HAL_DRIVER -DSTM32F446xx -D_TIMEVAL_DEFINE -O0 -Wall -fdata-sections -ffunction-sections  -DCLOCK_MONOTONIC=0 -g -std=gnu11 -Wall -MD -MT CMakeFiles/rosidl_runtime_c.dir/src/type_description/individual_type_description__description.c.obj -MF CMakeFiles/rosidl_runtime_c.dir/src/type_description/individual_type_description__description.c.obj.d -o CMakeFiles/rosidl_runtime_c.dir/src/type_description/individual_type_description__description.c.obj -c /home/idgaf/uros_ws/firmware/mcu_ws/ros2/rosidl/rosidl_runtime_c/src/type_description/individual_type_description__description.c
/home/idgaf/uros_ws/firmware/freertos_apps/microros_nucleo_f446re_extensions/../../toolchain/bin/arm-none-eabi-gcc -DROS_PACKAGE_NAME=\"rosidl_runtime_c\" -I/home/idgaf/uros_ws/firmware/mcu_ws/ros2/rosidl/rosidl_runtime_c/include -isystem /home/idgaf/uros_ws/firmware/mcu_ws/install/rcutils/include/rcutils -isystem /home/idgaf/uros_ws/firmware/mcu_ws/install/rosidl_typesupport_interface/include/rosidl_typesupport_interface -std=c11 -mcpu=cortex-m4 -mthumb -mfpu=fpv4-sp-d16 -mfloat-abi=hard -DUSE_HAL_DRIVER -DSTM32F446xx -D_TIMEVAL_DEFINE -O0 -Wall -fdata-sections -ffunction-sections  -DCLOCK_MONOTONIC=0 -g -std=gnu11 -Wall -MD -MT CMakeFiles/rosidl_runtime_c.dir/src/type_description/individual_type_description__functions.c.obj -MF CMakeFiles/rosidl_runtime_c.dir/src/type_description/individual_type_description__functions.c.obj.d -o CMakeFiles/rosidl_runtime_c.dir/src/type_description/individual_type_description__functions.c.obj -c /home/idgaf/uros_ws/firmware/mcu_ws/ros2/rosidl/rosidl_runtime_c/src/type_description/individual_type_description__functions.c
/home/idgaf/uros_ws/firmware/freertos_apps/microros_nucleo_f446re_extensions/../../toolchain/bin/arm-none-eabi-gcc -DROS_PACKAGE_NAME=\"rosidl_runtime_c\" -I/home/idgaf/uros_ws/firmware/mcu_ws/ros2/rosidl/rosidl_runtime_c/include -isystem /home/idgaf/uros_ws/firmware/mcu_ws/install/rcutils/include/rcutils -isystem /home/idgaf/uros_ws/firmware/mcu_ws/install/rosidl_typesupport_interface/include/rosidl_typesupport_interface -std=c11 -mcpu=cortex-m4 -mthumb -mfpu=fpv4-sp-d16 -mfloat-abi=hard -DUSE_HAL_DRIVER -DSTM32F446xx -D_TIMEVAL_DEFINE -O0 -Wall -fdata-sections -ffunction-sections  -DCLOCK_MONOTONIC=0 -g -std=gnu11 -Wall -MD -MT CMakeFiles/rosidl_runtime_c.dir/src/type_description/key_value__description.c.obj -MF CMakeFiles/rosidl_runtime_c.dir/src/type_description/key_value__description.c.obj.d -o CMakeFiles/rosidl_runtime_c.dir/src/type_description/key_value__description.c.obj -c /home/idgaf/uros_ws/firmware/mcu_ws/ros2/rosidl/rosidl_runtime_c/src/type_description/key_value__description.c
/home/idgaf/uros_ws/firmware/freertos_apps/microros_nucleo_f446re_extensions/../../toolchain/bin/arm-none-eabi-gcc -DROS_PACKAGE_NAME=\"rosidl_runtime_c\" -I/home/idgaf/uros_ws/firmware/mcu_ws/ros2/rosidl/rosidl_runtime_c/include -isystem /home/idgaf/uros_ws/firmware/mcu_ws/install/rcutils/include/rcutils -isystem /home/idgaf/uros_ws/firmware/mcu_ws/install/rosidl_typesupport_interface/include/rosidl_typesupport_interface -std=c11 -mcpu=cortex-m4 -mthumb -mfpu=fpv4-sp-d16 -mfloat-abi=hard -DUSE_HAL_DRIVER -DSTM32F446xx -D_TIMEVAL_DEFINE -O0 -Wall -fdata-sections -ffunction-sections  -DCLOCK_MONOTONIC=0 -g -std=gnu11 -Wall -MD -MT CMakeFiles/rosidl_runtime_c.dir/src/type_description/key_value__functions.c.obj -MF CMakeFiles/rosidl_runtime_c.dir/src/type_description/key_value__functions.c.obj.d -o CMakeFiles/rosidl_runtime_c.dir/src/type_description/key_value__functions.c.obj -c /home/idgaf/uros_ws/firmware/mcu_ws/ros2/rosidl/rosidl_runtime_c/src/type_description/key_value__functions.c
[01m[K/home/idgaf/uros_ws/firmware/mcu_ws/ros2/rosidl/rosidl_runtime_c/src/type_description_utils.c:[m[K In function '[01m[Krosidl_runtime_c_type_description_utils_get_field_map[m[K':
[01m[K/home/idgaf/uros_ws/firmware/mcu_ws/ros2/rosidl/rosidl_runtime_c/src/type_description_utils.c:141:28:[m[K [01;35m[Kwarning: [m[Kunused variable '[01m[Kerror_string[m[K' [[01;35m[K-Wunused-variable[m[K]
     rcutils_error_string_t [01;35m[Kerror_string[m[K = rcutils_get_error_string();
                            [01;35m[K^~~~~~~~~~~~[m[K
[01m[K/home/idgaf/uros_ws/firmware/mcu_ws/ros2/rosidl/rosidl_runtime_c/src/type_description_utils.c:152:30:[m[K [01;35m[Kwarning: [m[Kunused variable '[01m[Kerror_string[m[K' [[01;35m[K-Wunused-variable[m[K]
       rcutils_error_string_t [01;35m[Kerror_string[m[K = rcutils_get_error_string();
                              [01;35m[K^~~~~~~~~~~~[m[K
[01m[K/home/idgaf/uros_ws/firmware/mcu_ws/ros2/rosidl/rosidl_runtime_c/src/type_description_utils.c:[m[K In function '[01m[Krosidl_runtime_c_type_description_utils_prune_referenced_type_descriptions_in_place[m[K':
[01m[K/home/idgaf/uros_ws/firmware/mcu_ws/ros2/rosidl/rosidl_runtime_c/src/type_description_utils.c:524:28:[m[K [01;35m[Kwarning: [m[Kunused variable '[01m[Kerror_string[m[K' [[01;35m[K-Wunused-variable[m[K]
     rcutils_error_string_t [01;35m[Kerror_string[m[K = rcutils_get_error_string();
                            [01;35m[K^~~~~~~~~~~~[m[K
[01m[K/home/idgaf/uros_ws/firmware/mcu_ws/ros2/rosidl/rosidl_runtime_c/src/type_description_utils.c:534:28:[m[K [01;35m[Kwarning: [m[Kunused variable '[01m[Kerror_string[m[K' [[01;35m[K-Wunused-variable[m[K]
     rcutils_error_string_t [01;35m[Kerror_string[m[K = rcutils_get_error_string();
                            [01;35m[K^~~~~~~~~~~~[m[K
[ 80%] [32mBuilding C object CMakeFiles/rosidl_runtime_c.dir/src/type_description/type_description__description.c.obj[0m
[01m[K/home/idgaf/uros_ws/firmware/mcu_ws/ros2/rosidl/rosidl_runtime_c/src/type_description_utils.c:544:28:[m[K [01;35m[Kwarning: [m[Kunused variable '[01m[Kerror_string[m[K' [[01;35m[K-Wunused-variable[m[K]
     rcutils_error_string_t [01;35m[Kerror_string[m[K = rcutils_get_error_string();
                            [01;35m[K^~~~~~~~~~~~[m[K
[01m[K/home/idgaf/uros_ws/firmware/mcu_ws/ros2/rosidl/rosidl_runtime_c/src/type_description_utils.c:[m[K In function '[01m[Krosidl_runtime_c_type_description_utils_individual_type_description_is_valid[m[K':
[01m[K/home/idgaf/uros_ws/firmware/mcu_ws/ros2/rosidl/rosidl_runtime_c/src/type_description_utils.c:668:30:[m[K [01;35m[Kwarning: [m[Kunused variable '[01m[Kerror_string[m[K' [[01;35m[K-Wunused-variable[m[K]
       rcutils_error_string_t [01;35m[Kerror_string[m[K = rcutils_get_error_string();
                              [01;35m[K^~~~~~~~~~~~[m[K
[01m[K/home/idgaf/uros_ws/firmware/mcu_ws/ros2/rosidl/rosidl_runtime_c/src/type_description_utils.c:684:28:[m[K [01;35m[Kwarning: [m[Kunused variable '[01m[Kerror_string[m[K' [[01;35m[K-Wunused-variable[m[K]
     rcutils_error_string_t [01;35m[Kerror_string[m[K = rcutils_get_error_string();
                            [01;35m[K^~~~~~~~~~~~[m[K
/home/idgaf/uros_ws/firmware/freertos_apps/microros_nucleo_f446re_extensions/../../toolchain/bin/arm-none-eabi-gcc -DROS_PACKAGE_NAME=\"rosidl_runtime_c\" -I/home/idgaf/uros_ws/firmware/mcu_ws/ros2/rosidl/rosidl_runtime_c/include -isystem /home/idgaf/uros_ws/firmware/mcu_ws/install/rcutils/include/rcutils -isystem /home/idgaf/uros_ws/firmware/mcu_ws/install/rosidl_typesupport_interface/include/rosidl_typesupport_interface -std=c11 -mcpu=cortex-m4 -mthumb -mfpu=fpv4-sp-d16 -mfloat-abi=hard -DUSE_HAL_DRIVER -DSTM32F446xx -D_TIMEVAL_DEFINE -O0 -Wall -fdata-sections -ffunction-sections  -DCLOCK_MONOTONIC=0 -g -std=gnu11 -Wall -MD -MT CMakeFiles/rosidl_runtime_c.dir/src/type_description/type_description__description.c.obj -MF CMakeFiles/rosidl_runtime_c.dir/src/type_description/type_description__description.c.obj.d -o CMakeFiles/rosidl_runtime_c.dir/src/type_description/type_description__description.c.obj -c /home/idgaf/uros_ws/firmware/mcu_ws/ros2/rosidl/rosidl_runtime_c/src/type_description/type_description__description.c
[01m[K/home/idgaf/uros_ws/firmware/mcu_ws/ros2/rosidl/rosidl_runtime_c/src/type_description_utils.c:694:28:[m[K [01;35m[Kwarning: [m[Kunused variable '[01m[Kerror_string[m[K' [[01;35m[K-Wunused-variable[m[K]
     rcutils_error_string_t [01;35m[Kerror_string[m[K = rcutils_get_error_string();
                            [01;35m[K^~~~~~~~~~~~[m[K
[01m[K/home/idgaf/uros_ws/firmware/mcu_ws/ros2/rosidl/rosidl_runtime_c/src/type_description_utils.c:[m[K In function '[01m[Krosidl_runtime_c_type_description_utils_type_description_is_valid[m[K':
[01m[K/home/idgaf/uros_ws/firmware/mcu_ws/ros2/rosidl/rosidl_runtime_c/src/type_description_utils.c:738:28:[m[K [01;35m[Kwarning: [m[Kunused variable '[01m[Kerror_string[m[K' [[01;35m[K-Wunused-variable[m[K]
     rcutils_error_string_t [01;35m[Kerror_string[m[K = rcutils_get_error_string();
                            [01;35m[K^~~~~~~~~~~~[m[K
[01m[K/home/idgaf/uros_ws/firmware/mcu_ws/ros2/rosidl/rosidl_runtime_c/src/type_description_utils.c:758:28:[m[K [01;35m[Kwarning: [m[Kunused variable '[01m[Kerror_string[m[K' [[01;35m[K-Wunused-variable[m[K]
     rcutils_error_string_t [01;35m[Kerror_string[m[K = rcutils_get_error_string();
                            [01;35m[K^~~~~~~~~~~~[m[K
[01m[K/home/idgaf/uros_ws/firmware/mcu_ws/ros2/rosidl/rosidl_runtime_c/src/type_description_utils.c:770:28:[m[K [01;35m[Kwarning: [m[Kunused variable '[01m[Kerror_string[m[K' [[01;35m[K-Wunused-variable[m[K]
     rcutils_error_string_t [01;35m[Kerror_string[m[K = rcutils_get_error_string();
                            [01;35m[K^~~~~~~~~~~~[m[K
[01m[K/home/idgaf/uros_ws/firmware/mcu_ws/ros2/rosidl/rosidl_runtime_c/src/type_description_utils.c:790:28:[m[K [01;35m[Kwarning: [m[Kunused variable '[01m[Kerror_string[m[K' [[01;35m[K-Wunused-variable[m[K]
     rcutils_error_string_t [01;35m[Kerror_string[m[K = rcutils_get_error_string();
                            [01;35m[K^~~~~~~~~~~~[m[K
[01m[K/home/idgaf/uros_ws/firmware/mcu_ws/ros2/rosidl/rosidl_runtime_c/src/type_description_utils.c:800:28:[m[K [01;35m[Kwarning: [m[Kunused variable '[01m[Kerror_string[m[K' [[01;35m[K-Wunused-variable[m[K]
     rcutils_error_string_t [01;35m[Kerror_string[m[K = rcutils_get_error_string();
                            [01;35m[K^~~~~~~~~~~~[m[K
[01m[K/home/idgaf/uros_ws/firmware/mcu_ws/ros2/rosidl/rosidl_runtime_c/src/type_description_utils.c:821:30:[m[K [01;35m[Kwarning: [m[Kunused variable '[01m[Kerror_string[m[K' [[01;35m[K-Wunused-variable[m[K]
       rcutils_error_string_t [01;35m[Kerror_string[m[K = rcutils_get_error_string();
                              [01;35m[K^~~~~~~~~~~~[m[K
[01m[K/home/idgaf/uros_ws/firmware/mcu_ws/ros2/rosidl/rosidl_runtime_c/src/type_description_utils.c:835:28:[m[K [01;35m[Kwarning: [m[Kunused variable '[01m[Kerror_string[m[K' [[01;35m[K-Wunused-variable[m[K]
     rcutils_error_string_t [01;35m[Kerror_string[m[K = rcutils_get_error_string();
                            [01;35m[K^~~~~~~~~~~~[m[K
[01m[K/home/idgaf/uros_ws/firmware/mcu_ws/ros2/rosidl/rosidl_runtime_c/src/type_description_utils.c:845:28:[m[K [01;35m[Kwarning: [m[Kunused variable '[01m[Kerror_string[m[K' [[01;35m[K-Wunused-variable[m[K]
     rcutils_error_string_t [01;35m[Kerror_string[m[K = rcutils_get_error_string();
                            [01;35m[K^~~~~~~~~~~~[m[K
[01m[K/home/idgaf/uros_ws/firmware/mcu_ws/ros2/rosidl/rosidl_runtime_c/src/type_description_utils.c:855:28:[m[K [01;35m[Kwarning: [m[Kunused variable '[01m[Kerror_string[m[K' [[01;35m[K-Wunused-variable[m[K]
     rcutils_error_string_t [01;35m[Kerror_string[m[K = rcutils_get_error_string();
                            [01;35m[K^~~~~~~~~~~~[m[K
[01m[K/home/idgaf/uros_ws/firmware/mcu_ws/ros2/rosidl/rosidl_runtime_c/src/type_description_utils.c:865:28:[m[K [01;35m[Kwarning: [m[Kunused variable '[01m[Kerror_string[m[K' [[01;35m[K-Wunused-variable[m[K]
     rcutils_error_string_t [01;35m[Kerror_string[m[K = rcutils_get_error_string();
                            [01;35m[K^~~~~~~~~~~~[m[K
[01m[K/home/idgaf/uros_ws/firmware/mcu_ws/ros2/rosidl/rosidl_runtime_c/src/type_description_utils.c:[m[K In function '[01m[Krosidl_runtime_c_type_description_utils_coerce_to_valid_type_description_in_place[m[K':
[01m[K/home/idgaf/uros_ws/firmware/mcu_ws/ros2/rosidl/rosidl_runtime_c/src/type_description_utils.c:904:28:[m[K [01;35m[Kwarning: [m[Kunused variable '[01m[Kerror_string[m[K' [[01;35m[K-Wunused-variable[m[K]
     rcutils_error_string_t [01;35m[Kerror_string[m[K = rcutils_get_error_string();
                            [01;35m[K^~~~~~~~~~~~[m[K
[01m[K/home/idgaf/uros_ws/firmware/mcu_ws/ros2/rosidl/rosidl_runtime_c/src/type_description_utils.c:915:28:[m[K [01;35m[Kwarning: [m[Kunused variable '[01m[Kerror_string[m[K' [[01;35m[K-Wunused-variable[m[K]
     rcutils_error_string_t [01;35m[Kerror_string[m[K = rcutils_get_error_string();
                            [01;35m[K^~~~~~~~~~~~[m[K
[01m[K/home/idgaf/uros_ws/firmware/mcu_ws/ros2/rosidl/rosidl_runtime_c/src/type_description_utils.c:926:28:[m[K [01;35m[Kwarning: [m[Kunused variable '[01m[Kerror_string[m[K' [[01;35m[K-Wunused-variable[m[K]
     rcutils_error_string_t [01;35m[Kerror_string[m[K = rcutils_get_error_string();
                            [01;35m[K^~~~~~~~~~~~[m[K
[01m[K/home/idgaf/uros_ws/firmware/mcu_ws/ros2/rosidl/rosidl_runtime_c/src/type_description_utils.c:[m[K In function '[01m[Krosidl_runtime_c_type_description_utils_append_referenced_individual_type_description[m[K':
[01m[K/home/idgaf/uros_ws/firmware/mcu_ws/ros2/rosidl/rosidl_runtime_c/src/type_description_utils.c:1191:28:[m[K [01;35m[Kwarning: [m[Kunused variable '[01m[Kerror_string[m[K' [[01;35m[K-Wunused-variable[m[K]
     rcutils_error_string_t [01;35m[Kerror_string[m[K = rcutils_get_error_string();
                            [01;35m[K^~~~~~~~~~~~[m[K
[01m[K/home/idgaf/uros_ws/firmware/mcu_ws/ros2/rosidl/rosidl_runtime_c/src/type_description_utils.c:[m[K In function '[01m[Krosidl_runtime_c_type_description_utils_append_referenced_type_description[m[K':
[01m[K/home/idgaf/uros_ws/firmware/mcu_ws/ros2/rosidl/rosidl_runtime_c/src/type_description_utils.c:1277:30:[m[K [01;35m[Kwarning: [m[Kunused variable '[01m[Kerror_string[m[K' [[01;35m[K-Wunused-variable[m[K]
       rcutils_error_string_t [01;35m[Kerror_string[m[K = rcutils_get_error_string();
                              [01;35m[K^~~~~~~~~~~~[m[K
[01m[K/home/idgaf/uros_ws/firmware/mcu_ws/ros2/rosidl/rosidl_runtime_c/src/type_description_utils.c:[m[K In function '[01m[Krosidl_runtime_c_type_description_utils_repl_all_type_description_type_names_in_place[m[K':
[01m[K/home/idgaf/uros_ws/firmware/mcu_ws/ros2/rosidl/rosidl_runtime_c/src/type_description_utils.c:1438:28:[m[K [01;35m[Kwarning: [m[Kunused variable '[01m[Kerror_string[m[K' [[01;35m[K-Wunused-variable[m[K]
     rcutils_error_string_t [01;35m[Kerror_string[m[K = rcutils_get_error_string();
                            [01;35m[K^~~~~~~~~~~~[m[K
[01m[K/home/idgaf/uros_ws/firmware/mcu_ws/ros2/rosidl/rosidl_runtime_c/src/type_description_utils.c:1456:32:[m[K [01;35m[Kwarning: [m[Kunused variable '[01m[Kerror_string[m[K' [[01;35m[K-Wunused-variable[m[K]
         rcutils_error_string_t [01;35m[Kerror_string[m[K = rcutils_get_error_string();
                                [01;35m[K^~~~~~~~~~~~[m[K
[ 85%] [32mBuilding C object CMakeFiles/rosidl_runtime_c.dir/src/type_description/type_description__functions.c.obj[0m
/home/idgaf/uros_ws/firmware/freertos_apps/microros_nucleo_f446re_extensions/../../toolchain/bin/arm-none-eabi-gcc -DROS_PACKAGE_NAME=\"rosidl_runtime_c\" -I/home/idgaf/uros_ws/firmware/mcu_ws/ros2/rosidl/rosidl_runtime_c/include -isystem /home/idgaf/uros_ws/firmware/mcu_ws/install/rcutils/include/rcutils -isystem /home/idgaf/uros_ws/firmware/mcu_ws/install/rosidl_typesupport_interface/include/rosidl_typesupport_interface -std=c11 -mcpu=cortex-m4 -mthumb -mfpu=fpv4-sp-d16 -mfloat-abi=hard -DUSE_HAL_DRIVER -DSTM32F446xx -D_TIMEVAL_DEFINE -O0 -Wall -fdata-sections -ffunction-sections  -DCLOCK_MONOTONIC=0 -g -std=gnu11 -Wall -MD -MT CMakeFiles/rosidl_runtime_c.dir/src/type_description/type_description__functions.c.obj -MF CMakeFiles/rosidl_runtime_c.dir/src/type_description/type_description__functions.c.obj.d -o CMakeFiles/rosidl_runtime_c.dir/src/type_description/type_description__functions.c.obj -c /home/idgaf/uros_ws/firmware/mcu_ws/ros2/rosidl/rosidl_runtime_c/src/type_description/type_description__functions.c
[ 90%] [32mBuilding C object CMakeFiles/rosidl_runtime_c.dir/src/type_description/type_source__description.c.obj[0m
/home/idgaf/uros_ws/firmware/freertos_apps/microros_nucleo_f446re_extensions/../../toolchain/bin/arm-none-eabi-gcc -DROS_PACKAGE_NAME=\"rosidl_runtime_c\" -I/home/idgaf/uros_ws/firmware/mcu_ws/ros2/rosidl/rosidl_runtime_c/include -isystem /home/idgaf/uros_ws/firmware/mcu_ws/install/rcutils/include/rcutils -isystem /home/idgaf/uros_ws/firmware/mcu_ws/install/rosidl_typesupport_interface/include/rosidl_typesupport_interface -std=c11 -mcpu=cortex-m4 -mthumb -mfpu=fpv4-sp-d16 -mfloat-abi=hard -DUSE_HAL_DRIVER -DSTM32F446xx -D_TIMEVAL_DEFINE -O0 -Wall -fdata-sections -ffunction-sections  -DCLOCK_MONOTONIC=0 -g -std=gnu11 -Wall -MD -MT CMakeFiles/rosidl_runtime_c.dir/src/type_description/type_source__description.c.obj -MF CMakeFiles/rosidl_runtime_c.dir/src/type_description/type_source__description.c.obj.d -o CMakeFiles/rosidl_runtime_c.dir/src/type_description/type_source__description.c.obj -c /home/idgaf/uros_ws/firmware/mcu_ws/ros2/rosidl/rosidl_runtime_c/src/type_description/type_source__description.c
[ 95%] [32mBuilding C object CMakeFiles/rosidl_runtime_c.dir/src/type_description/type_source__functions.c.obj[0m
/home/idgaf/uros_ws/firmware/freertos_apps/microros_nucleo_f446re_extensions/../../toolchain/bin/arm-none-eabi-gcc -DROS_PACKAGE_NAME=\"rosidl_runtime_c\" -I/home/idgaf/uros_ws/firmware/mcu_ws/ros2/rosidl/rosidl_runtime_c/include -isystem /home/idgaf/uros_ws/firmware/mcu_ws/install/rcutils/include/rcutils -isystem /home/idgaf/uros_ws/firmware/mcu_ws/install/rosidl_typesupport_interface/include/rosidl_typesupport_interface -std=c11 -mcpu=cortex-m4 -mthumb -mfpu=fpv4-sp-d16 -mfloat-abi=hard -DUSE_HAL_DRIVER -DSTM32F446xx -D_TIMEVAL_DEFINE -O0 -Wall -fdata-sections -ffunction-sections  -DCLOCK_MONOTONIC=0 -g -std=gnu11 -Wall -MD -MT CMakeFiles/rosidl_runtime_c.dir/src/type_description/type_source__functions.c.obj -MF CMakeFiles/rosidl_runtime_c.dir/src/type_description/type_source__functions.c.obj.d -o CMakeFiles/rosidl_runtime_c.dir/src/type_description/type_source__functions.c.obj -c /home/idgaf/uros_ws/firmware/mcu_ws/ros2/rosidl/rosidl_runtime_c/src/type_description/type_source__functions.c
[100%] [32m[1mLinking C static library librosidl_runtime_c.a[0m
/usr/bin/cmake -P CMakeFiles/rosidl_runtime_c.dir/cmake_clean_target.cmake
/usr/bin/cmake -E cmake_link_script CMakeFiles/rosidl_runtime_c.dir/link.txt --verbose=1
/home/idgaf/uros_ws/firmware/toolchain/bin/arm-none-eabi-ar qc librosidl_runtime_c.a CMakeFiles/rosidl_runtime_c.dir/src/message_type_support.c.obj CMakeFiles/rosidl_runtime_c.dir/src/primitives_sequence_functions.c.obj CMakeFiles/rosidl_runtime_c.dir/src/sequence_bound.c.obj CMakeFiles/rosidl_runtime_c.dir/src/service_type_support.c.obj CMakeFiles/rosidl_runtime_c.dir/src/string_functions.c.obj CMakeFiles/rosidl_runtime_c.dir/src/type_hash.c.obj CMakeFiles/rosidl_runtime_c.dir/src/u16string_functions.c.obj CMakeFiles/rosidl_runtime_c.dir/src/type_description_utils.c.obj CMakeFiles/rosidl_runtime_c.dir/src/type_description/field__description.c.obj CMakeFiles/rosidl_runtime_c.dir/src/type_description/field__functions.c.obj CMakeFiles/rosidl_runtime_c.dir/src/type_description/field_type__description.c.obj CMakeFiles/rosidl_runtime_c.dir/src/type_description/field_type__functions.c.obj CMakeFiles/rosidl_runtime_c.dir/src/type_description/individual_type_description__description.c.obj CMakeFiles/rosidl_runtime_c.dir/src/type_description/individual_type_description__functions.c.obj CMakeFiles/rosidl_runtime_c.dir/src/type_description/key_value__description.c.obj CMakeFiles/rosidl_runtime_c.dir/src/type_description/key_value__functions.c.obj CMakeFiles/rosidl_runtime_c.dir/src/type_description/type_description__description.c.obj CMakeFiles/rosidl_runtime_c.dir/src/type_description/type_description__functions.c.obj CMakeFiles/rosidl_runtime_c.dir/src/type_description/type_source__description.c.obj CMakeFiles/rosidl_runtime_c.dir/src/type_description/type_source__functions.c.obj
/home/idgaf/uros_ws/firmware/toolchain/bin/arm-none-eabi-ranlib librosidl_runtime_c.a
gmake[3]: Leaving directory '/home/idgaf/uros_ws/firmware/mcu_ws/build/rosidl_runtime_c'
[100%] Built target rosidl_runtime_c
gmake[2]: Leaving directory '/home/idgaf/uros_ws/firmware/mcu_ws/build/rosidl_runtime_c'
/usr/bin/cmake -E cmake_progress_start /home/idgaf/uros_ws/firmware/mcu_ws/build/rosidl_runtime_c/CMakeFiles 0
gmake[1]: Leaving directory '/home/idgaf/uros_ws/firmware/mcu_ws/build/rosidl_runtime_c'

-- Install configuration: "Debug"
-- Installing: /home/idgaf/uros_ws/firmware/mcu_ws/install/rosidl_runtime_c/share/rosidl_runtime_c/environment/library_path.sh
-- Installing: /home/idgaf/uros_ws/firmware/mcu_ws/install/rosidl_runtime_c/share/rosidl_runtime_c/environment/library_path.dsv
-- Installing: /home/idgaf/uros_ws/firmware/mcu_ws/install/rosidl_runtime_c/share/ament_index/resource_index/rosidl_runtime_packages/rosidl_runtime_c
-- Installing: /home/idgaf/uros_ws/firmware/mcu_ws/install/rosidl_runtime_c/include/rosidl_runtime_c
-- Installing: /home/idgaf/uros_ws/firmware/mcu_ws/install/rosidl_runtime_c/include/rosidl_runtime_c/rosidl_runtime_c
-- Installing: /home/idgaf/uros_ws/firmware/mcu_ws/install/rosidl_runtime_c/include/rosidl_runtime_c/rosidl_runtime_c/string_bound.h
-- Installing: /home/idgaf/uros_ws/firmware/mcu_ws/install/rosidl_runtime_c/include/rosidl_runtime_c/rosidl_runtime_c/primitives_sequence_functions.h
-- Installing: /home/idgaf/uros_ws/firmware/mcu_ws/install/rosidl_runtime_c/include/rosidl_runtime_c/rosidl_runtime_c/string_functions.h
-- Installing: /home/idgaf/uros_ws/firmware/mcu_ws/install/rosidl_runtime_c/include/rosidl_runtime_c/rosidl_runtime_c/type_hash.h
-- Installing: /home/idgaf/uros_ws/firmware/mcu_ws/install/rosidl_runtime_c/include/rosidl_runtime_c/rosidl_runtime_c/string.h
-- Installing: /home/idgaf/uros_ws/firmware/mcu_ws/install/rosidl_runtime_c/include/rosidl_runtime_c/rosidl_runtime_c/visibility_control.h
-- Installing: /home/idgaf/uros_ws/firmware/mcu_ws/install/rosidl_runtime_c/include/rosidl_runtime_c/rosidl_runtime_c/message_initialization.h
-- Installing: /home/idgaf/uros_ws/firmware/mcu_ws/install/rosidl_runtime_c/include/rosidl_runtime_c/rosidl_runtime_c/type_description_utils.h
-- Installing: /home/idgaf/uros_ws/firmware/mcu_ws/install/rosidl_runtime_c/include/rosidl_runtime_c/rosidl_runtime_c/primitives_sequence.h
-- Installing: /home/idgaf/uros_ws/firmware/mcu_ws/install/rosidl_runtime_c/include/rosidl_runtime_c/rosidl_runtime_c/action_type_support_struct.h
-- Installing: /home/idgaf/uros_ws/firmware/mcu_ws/install/rosidl_runtime_c/include/rosidl_runtime_c/rosidl_runtime_c/message_type_support_struct.h
-- Installing: /home/idgaf/uros_ws/firmware/mcu_ws/install/rosidl_runtime_c/include/rosidl_runtime_c/rosidl_runtime_c/u16string_functions.h
-- Installing: /home/idgaf/uros_ws/firmware/mcu_ws/install/rosidl_runtime_c/include/rosidl_runtime_c/rosidl_runtime_c/type_description
-- Installing: /home/idgaf/uros_ws/firmware/mcu_ws/install/rosidl_runtime_c/include/rosidl_runtime_c/rosidl_runtime_c/type_description/field__struct.h
-- Installing: /home/idgaf/uros_ws/firmware/mcu_ws/install/rosidl_runtime_c/include/rosidl_runtime_c/rosidl_runtime_c/type_description/field__functions.h
-- Installing: /home/idgaf/uros_ws/firmware/mcu_ws/install/rosidl_runtime_c/include/rosidl_runtime_c/rosidl_runtime_c/type_description/type_description__functions.h
-- Installing: /home/idgaf/uros_ws/firmware/mcu_ws/install/rosidl_runtime_c/include/rosidl_runtime_c/rosidl_runtime_c/type_description/field_type__struct.h
-- Installing: /home/idgaf/uros_ws/firmware/mcu_ws/install/rosidl_runtime_c/include/rosidl_runtime_c/rosidl_runtime_c/type_description/type_source__struct.h
-- Installing: /home/idgaf/uros_ws/firmware/mcu_ws/install/rosidl_runtime_c/include/rosidl_runtime_c/rosidl_runtime_c/type_description/type_source__functions.h
-- Installing: /home/idgaf/uros_ws/firmware/mcu_ws/install/rosidl_runtime_c/include/rosidl_runtime_c/rosidl_runtime_c/type_description/type_description__struct.h
-- Installing: /home/idgaf/uros_ws/firmware/mcu_ws/install/rosidl_runtime_c/include/rosidl_runtime_c/rosidl_runtime_c/type_description/key_value__functions.h
-- Installing: /home/idgaf/uros_ws/firmware/mcu_ws/install/rosidl_runtime_c/include/rosidl_runtime_c/rosidl_runtime_c/type_description/individual_type_description__struct.h
-- Installing: /home/idgaf/uros_ws/firmware/mcu_ws/install/rosidl_runtime_c/include/rosidl_runtime_c/rosidl_runtime_c/type_description/field_type__functions.h
-- Installing: /home/idgaf/uros_ws/firmware/mcu_ws/install/rosidl_runtime_c/include/rosidl_runtime_c/rosidl_runtime_c/type_description/individual_type_description__functions.h
-- Installing: /home/idgaf/uros_ws/firmware/mcu_ws/install/rosidl_runtime_c/include/rosidl_runtime_c/rosidl_runtime_c/type_description/key_value__struct.h
-- Installing: /home/idgaf/uros_ws/firmware/mcu_ws/install/rosidl_runtime_c/include/rosidl_runtime_c/rosidl_runtime_c/sequence_bound.h
-- Installing: /home/idgaf/uros_ws/firmware/mcu_ws/install/rosidl_runtime_c/include/rosidl_runtime_c/rosidl_runtime_c/u16string.h
-- Installing: /home/idgaf/uros_ws/firmware/mcu_ws/install/rosidl_runtime_c/include/rosidl_runtime_c/rosidl_runtime_c/service_type_support_struct.h
-- Installing: /home/idgaf/uros_ws/firmware/mcu_ws/install/rosidl_runtime_c/lib/librosidl_runtime_c.a
-- Installing: /home/idgaf/uros_ws/firmware/mcu_ws/install/rosidl_runtime_c/share/ament_index/resource_index/package_run_dependencies/rosidl_runtime_c
-- Installing: /home/idgaf/uros_ws/firmware/mcu_ws/install/rosidl_runtime_c/share/ament_index/resource_index/parent_prefix_path/rosidl_runtime_c
-- Installing: /home/idgaf/uros_ws/firmware/mcu_ws/install/rosidl_runtime_c/share/rosidl_runtime_c/environment/ament_prefix_path.sh
-- Installing: /home/idgaf/uros_ws/firmware/mcu_ws/install/rosidl_runtime_c/share/rosidl_runtime_c/environment/ament_prefix_path.dsv
-- Installing: /home/idgaf/uros_ws/firmware/mcu_ws/install/rosidl_runtime_c/share/rosidl_runtime_c/environment/path.sh
-- Installing: /home/idgaf/uros_ws/firmware/mcu_ws/install/rosidl_runtime_c/share/rosidl_runtime_c/environment/path.dsv
-- Installing: /home/idgaf/uros_ws/firmware/mcu_ws/install/rosidl_runtime_c/share/rosidl_runtime_c/local_setup.bash
-- Installing: /home/idgaf/uros_ws/firmware/mcu_ws/install/rosidl_runtime_c/share/rosidl_runtime_c/local_setup.sh
-- Installing: /home/idgaf/uros_ws/firmware/mcu_ws/install/rosidl_runtime_c/share/rosidl_runtime_c/local_setup.zsh
-- Installing: /home/idgaf/uros_ws/firmware/mcu_ws/install/rosidl_runtime_c/share/rosidl_runtime_c/local_setup.dsv
-- Installing: /home/idgaf/uros_ws/firmware/mcu_ws/install/rosidl_runtime_c/share/rosidl_runtime_c/package.dsv
-- Installing: /home/idgaf/uros_ws/firmware/mcu_ws/install/rosidl_runtime_c/share/ament_index/resource_index/packages/rosidl_runtime_c
-- Installing: /home/idgaf/uros_ws/firmware/mcu_ws/install/rosidl_runtime_c/share/rosidl_runtime_c/cmake/rosidl_runtime_cExport.cmake
-- Installing: /home/idgaf/uros_ws/firmware/mcu_ws/install/rosidl_runtime_c/share/rosidl_runtime_c/cmake/rosidl_runtime_cExport-debug.cmake
-- Installing: /home/idgaf/uros_ws/firmware/mcu_ws/install/rosidl_runtime_c/share/rosidl_runtime_c/cmake/ament_cmake_export_dependencies-extras.cmake
-- Installing: /home/idgaf/uros_ws/firmware/mcu_ws/install/rosidl_runtime_c/share/rosidl_runtime_c/cmake/ament_cmake_export_include_directories-extras.cmake
-- Installing: /home/idgaf/uros_ws/firmware/mcu_ws/install/rosidl_runtime_c/share/rosidl_runtime_c/cmake/ament_cmake_export_libraries-extras.cmake
-- Installing: /home/idgaf/uros_ws/firmware/mcu_ws/install/rosidl_runtime_c/share/rosidl_runtime_c/cmake/ament_cmake_export_targets-extras.cmake
-- Installing: /home/idgaf/uros_ws/firmware/mcu_ws/install/rosidl_runtime_c/share/rosidl_runtime_c/cmake/rosidl_runtime_cConfig.cmake
-- Installing: /home/idgaf/uros_ws/firmware/mcu_ws/install/rosidl_runtime_c/share/rosidl_runtime_c/cmake/rosidl_runtime_cConfig-version.cmake
-- Installing: /home/idgaf/uros_ws/firmware/mcu_ws/install/rosidl_runtime_c/share/rosidl_runtime_c/package.xml
