[0.082s] DEBUG:colcon:Command line arguments: ['/usr/bin/colcon', 'list', '-p', '--base-paths', '/home/idgaf/Documents/robot/Robot_ros2_ws']
[0.082s] DEBUG:colcon:Parsed command line arguments: Namespace(log_base=None, log_level=None, verb_name='list', build_base='build', ignore_user_meta=False, metas=['./colcon.meta'], base_paths=['/home/idgaf/Documents/robot/Robot_ros2_ws'], packages_ignore=None, packages_ignore_regex=None, paths=None, packages_up_to=None, packages_up_to_regex=None, packages_above=None, packages_above_and_dependencies=None, packages_above_depth=None, packages_select_by_dep=None, packages_skip_by_dep=None, packages_skip_up_to=None, packages_select_build_failed=False, packages_skip_build_finished=False, packages_select_test_failures=False, packages_skip_test_passed=False, packages_select=None, packages_skip=None, packages_select_regex=None, packages_skip_regex=None, packages_start=None, packages_end=None, allow_overriding=[], topological_order=False, names_only=False, paths_only=True, topological_graph=False, topological_graph_dot=False, topological_graph_density=False, topological_graph_legend=False, topological_graph_dot_cluster=False, topological_graph_dot_include_skipped=False, mixin_files=None, mixin=None, verb_parser=<colcon_mixin.mixin.mixin_argument.MixinArgumentDecorator object at 0x7fc2ba5b5fd0>, verb_extension=<colcon_package_information.verb.list.ListVerb object at 0x7fc2ba6d9970>, main=<bound method ListVerb.main of <colcon_package_information.verb.list.ListVerb object at 0x7fc2ba6d9970>>, mixin_verb=('list',))
[0.116s] Level 1:colcon.colcon_core.package_discovery:discover_packages(colcon_meta) check parameters
[0.117s] Level 1:colcon.colcon_core.package_discovery:discover_packages(recursive) check parameters
[0.117s] Level 1:colcon.colcon_core.package_discovery:discover_packages(ignore) check parameters
[0.117s] Level 1:colcon.colcon_core.package_discovery:discover_packages(path) check parameters
[0.117s] Level 1:colcon.colcon_core.package_discovery:discover_packages(recursive) discover
[0.117s] INFO:colcon.colcon_core.package_discovery:Crawling recursively for packages in '/home/idgaf/Documents/robot/Robot_ros2_ws'
[0.117s] Level 1:colcon.colcon_core.package_identification:_identify(/home/idgaf/Documents/robot/Robot_ros2_ws) by extensions ['ignore', 'ignore_ament_install']
[0.117s] Level 1:colcon.colcon_core.package_identification:_identify(/home/idgaf/Documents/robot/Robot_ros2_ws) by extension 'ignore'
[0.117s] Level 1:colcon.colcon_core.package_identification:_identify(/home/idgaf/Documents/robot/Robot_ros2_ws) by extension 'ignore_ament_install'
[0.117s] Level 1:colcon.colcon_core.package_identification:_identify(/home/idgaf/Documents/robot/Robot_ros2_ws) by extensions ['colcon_pkg']
[0.117s] Level 1:colcon.colcon_core.package_identification:_identify(/home/idgaf/Documents/robot/Robot_ros2_ws) by extension 'colcon_pkg'
[0.117s] Level 1:colcon.colcon_core.package_identification:_identify(/home/idgaf/Documents/robot/Robot_ros2_ws) by extensions ['colcon_meta']
[0.117s] Level 1:colcon.colcon_core.package_identification:_identify(/home/idgaf/Documents/robot/Robot_ros2_ws) by extension 'colcon_meta'
[0.117s] Level 1:colcon.colcon_core.package_identification:_identify(/home/idgaf/Documents/robot/Robot_ros2_ws) by extensions ['ros']
[0.117s] Level 1:colcon.colcon_core.package_identification:_identify(/home/idgaf/Documents/robot/Robot_ros2_ws) by extension 'ros'
[0.140s] Level 1:colcon.colcon_core.package_identification:_identify(/home/idgaf/Documents/robot/Robot_ros2_ws) by extensions ['cmake', 'python']
[0.140s] Level 1:colcon.colcon_core.package_identification:_identify(/home/idgaf/Documents/robot/Robot_ros2_ws) by extension 'cmake'
[0.140s] Level 1:colcon.colcon_core.package_identification:_identify(/home/idgaf/Documents/robot/Robot_ros2_ws) by extension 'python'
[0.140s] Level 1:colcon.colcon_core.package_identification:_identify(/home/idgaf/Documents/robot/Robot_ros2_ws) by extensions ['python_setup_py']
[0.140s] Level 1:colcon.colcon_core.package_identification:_identify(/home/idgaf/Documents/robot/Robot_ros2_ws) by extension 'python_setup_py'
[0.140s] Level 1:colcon.colcon_core.package_identification:_identify(/home/idgaf/Documents/robot/Robot_ros2_ws/build) by extensions ['ignore', 'ignore_ament_install']
[0.140s] Level 1:colcon.colcon_core.package_identification:_identify(/home/idgaf/Documents/robot/Robot_ros2_ws/build) by extension 'ignore'
[0.140s] Level 1:colcon.colcon_core.package_identification:_identify(/home/idgaf/Documents/robot/Robot_ros2_ws/build) ignored
[0.141s] Level 1:colcon.colcon_core.package_identification:_identify(/home/idgaf/Documents/robot/Robot_ros2_ws/install) by extensions ['ignore', 'ignore_ament_install']
[0.141s] Level 1:colcon.colcon_core.package_identification:_identify(/home/idgaf/Documents/robot/Robot_ros2_ws/install) by extension 'ignore'
[0.141s] Level 1:colcon.colcon_core.package_identification:_identify(/home/idgaf/Documents/robot/Robot_ros2_ws/install) ignored
[0.141s] Level 1:colcon.colcon_core.package_identification:_identify(/home/idgaf/Documents/robot/Robot_ros2_ws/launch) by extensions ['ignore', 'ignore_ament_install']
[0.141s] Level 1:colcon.colcon_core.package_identification:_identify(/home/idgaf/Documents/robot/Robot_ros2_ws/launch) by extension 'ignore'
[0.141s] Level 1:colcon.colcon_core.package_identification:_identify(/home/idgaf/Documents/robot/Robot_ros2_ws/launch) by extension 'ignore_ament_install'
[0.141s] Level 1:colcon.colcon_core.package_identification:_identify(/home/idgaf/Documents/robot/Robot_ros2_ws/launch) by extensions ['colcon_pkg']
[0.141s] Level 1:colcon.colcon_core.package_identification:_identify(/home/idgaf/Documents/robot/Robot_ros2_ws/launch) by extension 'colcon_pkg'
[0.141s] Level 1:colcon.colcon_core.package_identification:_identify(/home/idgaf/Documents/robot/Robot_ros2_ws/launch) by extensions ['colcon_meta']
[0.141s] Level 1:colcon.colcon_core.package_identification:_identify(/home/idgaf/Documents/robot/Robot_ros2_ws/launch) by extension 'colcon_meta'
[0.141s] Level 1:colcon.colcon_core.package_identification:_identify(/home/idgaf/Documents/robot/Robot_ros2_ws/launch) by extensions ['ros']
[0.141s] Level 1:colcon.colcon_core.package_identification:_identify(/home/idgaf/Documents/robot/Robot_ros2_ws/launch) by extension 'ros'
[0.142s] Level 1:colcon.colcon_core.package_identification:_identify(/home/idgaf/Documents/robot/Robot_ros2_ws/launch) by extensions ['cmake', 'python']
[0.142s] Level 1:colcon.colcon_core.package_identification:_identify(/home/idgaf/Documents/robot/Robot_ros2_ws/launch) by extension 'cmake'
[0.142s] Level 1:colcon.colcon_core.package_identification:_identify(/home/idgaf/Documents/robot/Robot_ros2_ws/launch) by extension 'python'
[0.142s] Level 1:colcon.colcon_core.package_identification:_identify(/home/idgaf/Documents/robot/Robot_ros2_ws/launch) by extensions ['python_setup_py']
[0.142s] Level 1:colcon.colcon_core.package_identification:_identify(/home/idgaf/Documents/robot/Robot_ros2_ws/launch) by extension 'python_setup_py'
[0.142s] Level 1:colcon.colcon_core.package_identification:_identify(/home/idgaf/Documents/robot/Robot_ros2_ws/log) by extensions ['ignore', 'ignore_ament_install']
[0.142s] Level 1:colcon.colcon_core.package_identification:_identify(/home/idgaf/Documents/robot/Robot_ros2_ws/log) by extension 'ignore'
[0.142s] Level 1:colcon.colcon_core.package_identification:_identify(/home/idgaf/Documents/robot/Robot_ros2_ws/log) ignored
[0.143s] Level 1:colcon.colcon_core.package_identification:_identify(/home/idgaf/Documents/robot/Robot_ros2_ws/script) by extensions ['ignore', 'ignore_ament_install']
[0.143s] Level 1:colcon.colcon_core.package_identification:_identify(/home/idgaf/Documents/robot/Robot_ros2_ws/script) by extension 'ignore'
[0.143s] Level 1:colcon.colcon_core.package_identification:_identify(/home/idgaf/Documents/robot/Robot_ros2_ws/script) by extension 'ignore_ament_install'
[0.143s] Level 1:colcon.colcon_core.package_identification:_identify(/home/idgaf/Documents/robot/Robot_ros2_ws/script) by extensions ['colcon_pkg']
[0.143s] Level 1:colcon.colcon_core.package_identification:_identify(/home/idgaf/Documents/robot/Robot_ros2_ws/script) by extension 'colcon_pkg'
[0.143s] Level 1:colcon.colcon_core.package_identification:_identify(/home/idgaf/Documents/robot/Robot_ros2_ws/script) by extensions ['colcon_meta']
[0.143s] Level 1:colcon.colcon_core.package_identification:_identify(/home/idgaf/Documents/robot/Robot_ros2_ws/script) by extension 'colcon_meta'
[0.143s] Level 1:colcon.colcon_core.package_identification:_identify(/home/idgaf/Documents/robot/Robot_ros2_ws/script) by extensions ['ros']
[0.143s] Level 1:colcon.colcon_core.package_identification:_identify(/home/idgaf/Documents/robot/Robot_ros2_ws/script) by extension 'ros'
[0.143s] Level 1:colcon.colcon_core.package_identification:_identify(/home/idgaf/Documents/robot/Robot_ros2_ws/script) by extensions ['cmake', 'python']
[0.143s] Level 1:colcon.colcon_core.package_identification:_identify(/home/idgaf/Documents/robot/Robot_ros2_ws/script) by extension 'cmake'
[0.143s] Level 1:colcon.colcon_core.package_identification:_identify(/home/idgaf/Documents/robot/Robot_ros2_ws/script) by extension 'python'
[0.143s] Level 1:colcon.colcon_core.package_identification:_identify(/home/idgaf/Documents/robot/Robot_ros2_ws/script) by extensions ['python_setup_py']
[0.143s] Level 1:colcon.colcon_core.package_identification:_identify(/home/idgaf/Documents/robot/Robot_ros2_ws/script) by extension 'python_setup_py'
[0.143s] Level 1:colcon.colcon_core.package_identification:_identify(/home/idgaf/Documents/robot/Robot_ros2_ws/src) by extensions ['ignore', 'ignore_ament_install']
[0.143s] Level 1:colcon.colcon_core.package_identification:_identify(/home/idgaf/Documents/robot/Robot_ros2_ws/src) by extension 'ignore'
[0.143s] Level 1:colcon.colcon_core.package_identification:_identify(/home/idgaf/Documents/robot/Robot_ros2_ws/src) by extension 'ignore_ament_install'
[0.143s] Level 1:colcon.colcon_core.package_identification:_identify(/home/idgaf/Documents/robot/Robot_ros2_ws/src) by extensions ['colcon_pkg']
[0.143s] Level 1:colcon.colcon_core.package_identification:_identify(/home/idgaf/Documents/robot/Robot_ros2_ws/src) by extension 'colcon_pkg'
[0.143s] Level 1:colcon.colcon_core.package_identification:_identify(/home/idgaf/Documents/robot/Robot_ros2_ws/src) by extensions ['colcon_meta']
[0.143s] Level 1:colcon.colcon_core.package_identification:_identify(/home/idgaf/Documents/robot/Robot_ros2_ws/src) by extension 'colcon_meta'
[0.143s] Level 1:colcon.colcon_core.package_identification:_identify(/home/idgaf/Documents/robot/Robot_ros2_ws/src) by extensions ['ros']
[0.143s] Level 1:colcon.colcon_core.package_identification:_identify(/home/idgaf/Documents/robot/Robot_ros2_ws/src) by extension 'ros'
[0.143s] Level 1:colcon.colcon_core.package_identification:_identify(/home/idgaf/Documents/robot/Robot_ros2_ws/src) by extensions ['cmake', 'python']
[0.143s] Level 1:colcon.colcon_core.package_identification:_identify(/home/idgaf/Documents/robot/Robot_ros2_ws/src) by extension 'cmake'
[0.143s] Level 1:colcon.colcon_core.package_identification:_identify(/home/idgaf/Documents/robot/Robot_ros2_ws/src) by extension 'python'
[0.143s] Level 1:colcon.colcon_core.package_identification:_identify(/home/idgaf/Documents/robot/Robot_ros2_ws/src) by extensions ['python_setup_py']
[0.143s] Level 1:colcon.colcon_core.package_identification:_identify(/home/idgaf/Documents/robot/Robot_ros2_ws/src) by extension 'python_setup_py'
[0.143s] Level 1:colcon.colcon_core.package_identification:_identify(/home/idgaf/Documents/robot/Robot_ros2_ws/src/aar6) by extensions ['ignore', 'ignore_ament_install']
[0.144s] Level 1:colcon.colcon_core.package_identification:_identify(/home/idgaf/Documents/robot/Robot_ros2_ws/src/aar6) by extension 'ignore'
[0.144s] Level 1:colcon.colcon_core.package_identification:_identify(/home/idgaf/Documents/robot/Robot_ros2_ws/src/aar6) by extension 'ignore_ament_install'
[0.144s] Level 1:colcon.colcon_core.package_identification:_identify(/home/idgaf/Documents/robot/Robot_ros2_ws/src/aar6) by extensions ['colcon_pkg']
[0.144s] Level 1:colcon.colcon_core.package_identification:_identify(/home/idgaf/Documents/robot/Robot_ros2_ws/src/aar6) by extension 'colcon_pkg'
[0.144s] Level 1:colcon.colcon_core.package_identification:_identify(/home/idgaf/Documents/robot/Robot_ros2_ws/src/aar6) by extensions ['colcon_meta']
[0.144s] Level 1:colcon.colcon_core.package_identification:_identify(/home/idgaf/Documents/robot/Robot_ros2_ws/src/aar6) by extension 'colcon_meta'
[0.144s] Level 1:colcon.colcon_core.package_identification:_identify(/home/idgaf/Documents/robot/Robot_ros2_ws/src/aar6) by extensions ['ros']
[0.144s] Level 1:colcon.colcon_core.package_identification:_identify(/home/idgaf/Documents/robot/Robot_ros2_ws/src/aar6) by extension 'ros'
[0.148s] DEBUG:colcon.colcon_core.package_identification:Package '/home/idgaf/Documents/robot/Robot_ros2_ws/src/aar6' with type 'ros.ament_cmake' and name 'aar6'
[0.148s] Level 1:colcon.colcon_core.package_identification:_identify(/home/idgaf/Documents/robot/Robot_ros2_ws/src/moveit) by extensions ['ignore', 'ignore_ament_install']
[0.148s] Level 1:colcon.colcon_core.package_identification:_identify(/home/idgaf/Documents/robot/Robot_ros2_ws/src/moveit) by extension 'ignore'
[0.149s] Level 1:colcon.colcon_core.package_identification:_identify(/home/idgaf/Documents/robot/Robot_ros2_ws/src/moveit) by extension 'ignore_ament_install'
[0.149s] Level 1:colcon.colcon_core.package_identification:_identify(/home/idgaf/Documents/robot/Robot_ros2_ws/src/moveit) by extensions ['colcon_pkg']
[0.149s] Level 1:colcon.colcon_core.package_identification:_identify(/home/idgaf/Documents/robot/Robot_ros2_ws/src/moveit) by extension 'colcon_pkg'
[0.149s] Level 1:colcon.colcon_core.package_identification:_identify(/home/idgaf/Documents/robot/Robot_ros2_ws/src/moveit) by extensions ['colcon_meta']
[0.149s] Level 1:colcon.colcon_core.package_identification:_identify(/home/idgaf/Documents/robot/Robot_ros2_ws/src/moveit) by extension 'colcon_meta'
[0.149s] Level 1:colcon.colcon_core.package_identification:_identify(/home/idgaf/Documents/robot/Robot_ros2_ws/src/moveit) by extensions ['ros']
[0.149s] Level 1:colcon.colcon_core.package_identification:_identify(/home/idgaf/Documents/robot/Robot_ros2_ws/src/moveit) by extension 'ros'
[0.150s] DEBUG:colcon.colcon_core.package_identification:Package '/home/idgaf/Documents/robot/Robot_ros2_ws/src/moveit' with type 'ros.ament_cmake' and name 'moveit'
[0.150s] Level 1:colcon.colcon_core.package_discovery:discover_packages(recursive) using defaults
