[0.008s] Invoking command in '/root/ros2_ws/build/aar6': CMAKE_PREFIX_PATH=/opt/ros/jazzy /usr/bin/cmake --build /root/ros2_ws/build/aar6 -- -j16 -l16
[0.055s] [100%] Built target joint_state_pub
[0.064s] Invoked command in '/root/ros2_ws/build/aar6' returned '0': CMAKE_PREFIX_PATH=/opt/ros/jazzy /usr/bin/cmake --build /root/ros2_ws/build/aar6 -- -j16 -l16
[0.070s] Invoking command in '/root/ros2_ws/build/aar6': CMAKE_PREFIX_PATH=/opt/ros/jazzy /usr/bin/cmake --install /root/ros2_ws/build/aar6
[0.075s] -- Install configuration: ""
[0.076s] -- Execute custom install script
[0.076s] -- Up-to-date symlink: /root/ros2_ws/install/aar6/share/aar6//launch/display.launch.py
[0.076s] -- Up-to-date symlink: /root/ros2_ws/install/aar6/share/aar6//launch/monitor.launch.py
[0.076s] -- Up-to-date symlink: /root/ros2_ws/install/aar6/share/aar6//urdf/PAROL6.csv
[0.076s] -- Up-to-date symlink: /root/ros2_ws/install/aar6/share/aar6//urdf/PAROL6.urdf
[0.077s] -- Up-to-date symlink: /root/ros2_ws/install/aar6/share/aar6//urdf/PAROL6/PAROL6.usd
[0.077s] -- Up-to-date symlink: /root/ros2_ws/install/aar6/share/aar6//urdf/PAROL6/configuration/PAROL6_base.usd
[0.077s] -- Up-to-date symlink: /root/ros2_ws/install/aar6/share/aar6//urdf/PAROL6/configuration/PAROL6_physics.usd
[0.077s] -- Up-to-date symlink: /root/ros2_ws/install/aar6/share/aar6//urdf/PAROL6/configuration/PAROL6_robot.usd
[0.077s] -- Up-to-date symlink: /root/ros2_ws/install/aar6/share/aar6//urdf/PAROL6/configuration/PAROL6_sensor.usd
[0.077s] -- Up-to-date symlink: /root/ros2_ws/install/aar6/share/aar6//meshes/Gripper_Body.STL
[0.077s] -- Up-to-date symlink: /root/ros2_ws/install/aar6/share/aar6//meshes/L1.STL
[0.077s] -- Up-to-date symlink: /root/ros2_ws/install/aar6/share/aar6//meshes/L2.STL
[0.077s] -- Up-to-date symlink: /root/ros2_ws/install/aar6/share/aar6//meshes/L3.STL
[0.078s] -- Up-to-date symlink: /root/ros2_ws/install/aar6/share/aar6//meshes/L4.STL
[0.078s] -- Up-to-date symlink: /root/ros2_ws/install/aar6/share/aar6//meshes/L5.STL
[0.078s] -- Up-to-date symlink: /root/ros2_ws/install/aar6/share/aar6//meshes/L6.dae
[0.078s] -- Up-to-date symlink: /root/ros2_ws/install/aar6/share/aar6//meshes/L6.stl
[0.078s] -- Up-to-date symlink: /root/ros2_ws/install/aar6/share/aar6//meshes/L6prev.dae
[0.078s] -- Up-to-date symlink: /root/ros2_ws/install/aar6/share/aar6//meshes/base_link.STL
[0.078s] -- Up-to-date symlink: /root/ros2_ws/install/aar6/share/aar6//meshes/fin.dae
[0.078s] -- Up-to-date symlink: /root/ros2_ws/install/aar6/share/aar6//meshes/gripper_finger.STL
[0.078s] -- Up-to-date symlink: /root/ros2_ws/install/aar6/share/aar6//rviz/rviz_monitor.rviz
[0.078s] -- Up-to-date symlink: /root/ros2_ws/install/aar6/lib/aar6/joint_state_pub
[0.078s] -- Up-to-date symlink: /root/ros2_ws/install/aar6/share/ament_index/resource_index/package_run_dependencies/aar6
[0.078s] -- Up-to-date symlink: /root/ros2_ws/install/aar6/share/ament_index/resource_index/parent_prefix_path/aar6
[0.079s] -- Up-to-date symlink: /root/ros2_ws/install/aar6/share/aar6/environment/ament_prefix_path.sh
[0.079s] -- Up-to-date symlink: /root/ros2_ws/install/aar6/share/aar6/environment/ament_prefix_path.dsv
[0.079s] -- Up-to-date symlink: /root/ros2_ws/install/aar6/share/aar6/environment/path.sh
[0.079s] -- Up-to-date symlink: /root/ros2_ws/install/aar6/share/aar6/environment/path.dsv
[0.079s] -- Up-to-date symlink: /root/ros2_ws/install/aar6/share/aar6/local_setup.bash
[0.079s] -- Up-to-date symlink: /root/ros2_ws/install/aar6/share/aar6/local_setup.sh
[0.079s] -- Up-to-date symlink: /root/ros2_ws/install/aar6/share/aar6/local_setup.zsh
[0.079s] -- Up-to-date symlink: /root/ros2_ws/install/aar6/share/aar6/local_setup.dsv
[0.079s] -- Symlinking: /root/ros2_ws/install/aar6/share/aar6/package.dsv
[0.084s] -- Up-to-date symlink: /root/ros2_ws/install/aar6/share/ament_index/resource_index/packages/aar6
[0.084s] -- Up-to-date symlink: /root/ros2_ws/install/aar6/share/aar6/cmake/aar6Config.cmake
[0.084s] -- Up-to-date symlink: /root/ros2_ws/install/aar6/share/aar6/cmake/aar6Config-version.cmake
[0.084s] -- Up-to-date symlink: /root/ros2_ws/install/aar6/share/aar6/package.xml
[0.086s] Invoked command in '/root/ros2_ws/build/aar6' returned '0': CMAKE_PREFIX_PATH=/opt/ros/jazzy /usr/bin/cmake --install /root/ros2_ws/build/aar6
