Not searching for unused variables given on the command line.
-- The C compiler identification is GNU 8.3.1
-- Detecting C compiler ABI info
-- Detecting C compiler ABI info - done
-- Check for working C compiler: /home/idgaf/uros_ws/firmware/freertos_apps/microros_nucleo_f446re_extensions/../../toolchain/bin/arm-none-eabi-gcc - skipped
-- Detecting C compile features
-- Detecting C compile features - done
-- The CXX compiler identification is GNU 8.3.1
-- Detecting CXX compiler ABI info
-- Detecting CXX compiler ABI info - done
-- Check for working CXX compiler: /home/idgaf/uros_ws/firmware/freertos_apps/microros_nucleo_f446re_extensions/../../toolchain/bin/arm-none-eabi-g++ - skipped
-- Detecting CXX compile features
-- Detecting CXX compile features - done
-- Configuring done (0.5s)
-- Generating done (0.0s)
-- Build files have been written to: /home/idgaf/uros_ws/firmware/mcu_ws/build/microcdr
Change Dir: '/home/idgaf/uros_ws/firmware/mcu_ws/build/microcdr'

Run Build Command(s): /usr/bin/cmake -E env VERBOSE=1 /usr/bin/gmake -f Makefile -j16 -l16
gmake[1]: Entering directory '/home/idgaf/uros_ws/firmware/mcu_ws/build/microcdr'
/usr/bin/cmake -S/home/idgaf/uros_ws/firmware/mcu_ws/eProsima/Micro-CDR -B/home/idgaf/uros_ws/firmware/mcu_ws/build/microcdr --check-build-system CMakeFiles/Makefile.cmake 0
/usr/bin/cmake -E cmake_progress_start /home/idgaf/uros_ws/firmware/mcu_ws/build/microcdr/CMakeFiles /home/idgaf/uros_ws/firmware/mcu_ws/build/microcdr//CMakeFiles/progress.marks
/usr/bin/gmake  -f CMakeFiles/Makefile2 all
gmake[2]: Entering directory '/home/idgaf/uros_ws/firmware/mcu_ws/build/microcdr'
/usr/bin/gmake  -f CMakeFiles/ucdr.dir/build.make CMakeFiles/ucdr.dir/depend
gmake[3]: Entering directory '/home/idgaf/uros_ws/firmware/mcu_ws/build/microcdr'
cd /home/idgaf/uros_ws/firmware/mcu_ws/build/microcdr && /usr/bin/cmake -E cmake_depends "Unix Makefiles" /home/idgaf/uros_ws/firmware/mcu_ws/eProsima/Micro-CDR /home/idgaf/uros_ws/firmware/mcu_ws/eProsima/Micro-CDR /home/idgaf/uros_ws/firmware/mcu_ws/build/microcdr /home/idgaf/uros_ws/firmware/mcu_ws/build/microcdr /home/idgaf/uros_ws/firmware/mcu_ws/build/microcdr/CMakeFiles/ucdr.dir/DependInfo.cmake "--color="
gmake[3]: Leaving directory '/home/idgaf/uros_ws/firmware/mcu_ws/build/microcdr'
/usr/bin/gmake  -f CMakeFiles/ucdr.dir/build.make CMakeFiles/ucdr.dir/build
gmake[3]: Entering directory '/home/idgaf/uros_ws/firmware/mcu_ws/build/microcdr'
[ 12%] [34m[1mCreating directories for 'ucdr'[0m
/usr/bin/cmake -Dcfgdir= -P /home/idgaf/uros_ws/firmware/mcu_ws/build/microcdr/ucdr-prefix/tmp/ucdr-mkdirs.cmake
/usr/bin/cmake -E touch /home/idgaf/uros_ws/firmware/mcu_ws/build/microcdr/ucdr-prefix/src/ucdr-stamp/ucdr-mkdir
[ 25%] [34m[1mNo download step for 'ucdr'[0m
/usr/bin/cmake -E echo_append
/usr/bin/cmake -E touch /home/idgaf/uros_ws/firmware/mcu_ws/build/microcdr/ucdr-prefix/src/ucdr-stamp/ucdr-download
[ 37%] [34m[1mNo update step for 'ucdr'[0m
/usr/bin/cmake -E echo_append
/usr/bin/cmake -E touch /home/idgaf/uros_ws/firmware/mcu_ws/build/microcdr/ucdr-prefix/src/ucdr-stamp/ucdr-update
[ 50%] [34m[1mNo patch step for 'ucdr'[0m
/usr/bin/cmake -E echo_append
/usr/bin/cmake -E touch /home/idgaf/uros_ws/firmware/mcu_ws/build/microcdr/ucdr-prefix/src/ucdr-stamp/ucdr-patch
[ 62%] [34m[1mPerforming configure step for 'ucdr'[0m
/usr/bin/cmake "-GUnix Makefiles" -C/home/idgaf/uros_ws/firmware/mcu_ws/build/microcdr/ucdr-prefix/tmp/ucdr-cache-Debug.cmake -S /home/idgaf/uros_ws/firmware/mcu_ws/eProsima/Micro-CDR -B /home/idgaf/uros_ws/firmware/mcu_ws/build/microcdr
loading initial cache file /home/idgaf/uros_ws/firmware/mcu_ws/build/microcdr/ucdr-prefix/tmp/ucdr-cache-Debug.cmake
Re-run cmake no build system arguments
-- Configuring done (0.0s)
-- Generating done (0.0s)
-- Build files have been written to: /home/idgaf/uros_ws/firmware/mcu_ws/build/microcdr
/usr/bin/cmake -E touch /home/idgaf/uros_ws/firmware/mcu_ws/build/microcdr/ucdr-prefix/src/ucdr-stamp/ucdr-configure
[ 75%] [34m[1mPerforming build step for 'ucdr'[0m
/usr/bin/gmake
gmake[4]: Entering directory '/home/idgaf/uros_ws/firmware/mcu_ws/build/microcdr'
/usr/bin/cmake -S/home/idgaf/uros_ws/firmware/mcu_ws/eProsima/Micro-CDR -B/home/idgaf/uros_ws/firmware/mcu_ws/build/microcdr --check-build-system CMakeFiles/Makefile.cmake 0
/usr/bin/cmake -E cmake_progress_start /home/idgaf/uros_ws/firmware/mcu_ws/build/microcdr/CMakeFiles /home/idgaf/uros_ws/firmware/mcu_ws/build/microcdr//CMakeFiles/progress.marks
/usr/bin/gmake  -f CMakeFiles/Makefile2 all
gmake[5]: Entering directory '/home/idgaf/uros_ws/firmware/mcu_ws/build/microcdr'
/usr/bin/gmake  -f CMakeFiles/microcdr.dir/build.make CMakeFiles/microcdr.dir/depend
gmake[6]: Entering directory '/home/idgaf/uros_ws/firmware/mcu_ws/build/microcdr'
cd /home/idgaf/uros_ws/firmware/mcu_ws/build/microcdr && /usr/bin/cmake -E cmake_depends "Unix Makefiles" /home/idgaf/uros_ws/firmware/mcu_ws/eProsima/Micro-CDR /home/idgaf/uros_ws/firmware/mcu_ws/eProsima/Micro-CDR /home/idgaf/uros_ws/firmware/mcu_ws/build/microcdr /home/idgaf/uros_ws/firmware/mcu_ws/build/microcdr /home/idgaf/uros_ws/firmware/mcu_ws/build/microcdr/CMakeFiles/microcdr.dir/DependInfo.cmake "--color="
gmake[6]: Leaving directory '/home/idgaf/uros_ws/firmware/mcu_ws/build/microcdr'
/usr/bin/gmake  -f CMakeFiles/microcdr.dir/build.make CMakeFiles/microcdr.dir/build
gmake[6]: Entering directory '/home/idgaf/uros_ws/firmware/mcu_ws/build/microcdr'
[ 33%] [32mBuilding C object CMakeFiles/microcdr.dir/src/c/types/sequence.c.obj[0m
[ 33%] [32mBuilding C object CMakeFiles/microcdr.dir/src/c/types/array.c.obj[0m
[ 50%] [32mBuilding C object CMakeFiles/microcdr.dir/src/c/types/basic.c.obj[0m
[ 66%] [32mBuilding C object CMakeFiles/microcdr.dir/src/c/types/string.c.obj[0m
/home/idgaf/uros_ws/firmware/freertos_apps/microros_nucleo_f446re_extensions/../../toolchain/bin/arm-none-eabi-gcc  -I/home/idgaf/uros_ws/firmware/mcu_ws/eProsima/Micro-CDR/include -I/home/idgaf/uros_ws/firmware/mcu_ws/build/microcdr/include -std=c11 -mcpu=cortex-m4 -mthumb -mfpu=fpv4-sp-d16 -mfloat-abi=hard -DUSE_HAL_DRIVER -DSTM32F446xx -D_TIMEVAL_DEFINE -O0 -Wall -fdata-sections -ffunction-sections  -DCLOCK_MONOTONIC=0 -g -std=gnu99 -fPIC -Wall -Wextra -Wshadow -pedantic -Wcast-align -Wunused -Wconversion -Wnull-dereference -Wduplicated-branches -Wduplicated-cond -Wrestrict -Wdouble-promotion -Wsign-conversion -fdata-sections -ffunction-sections -MD -MT CMakeFiles/microcdr.dir/src/c/types/array.c.obj -MF CMakeFiles/microcdr.dir/src/c/types/array.c.obj.d -o CMakeFiles/microcdr.dir/src/c/types/array.c.obj -c /home/idgaf/uros_ws/firmware/mcu_ws/eProsima/Micro-CDR/src/c/types/array.c
/home/idgaf/uros_ws/firmware/freertos_apps/microros_nucleo_f446re_extensions/../../toolchain/bin/arm-none-eabi-gcc  -I/home/idgaf/uros_ws/firmware/mcu_ws/eProsima/Micro-CDR/include -I/home/idgaf/uros_ws/firmware/mcu_ws/build/microcdr/include -std=c11 -mcpu=cortex-m4 -mthumb -mfpu=fpv4-sp-d16 -mfloat-abi=hard -DUSE_HAL_DRIVER -DSTM32F446xx -D_TIMEVAL_DEFINE -O0 -Wall -fdata-sections -ffunction-sections  -DCLOCK_MONOTONIC=0 -g -std=gnu99 -fPIC -Wall -Wextra -Wshadow -pedantic -Wcast-align -Wunused -Wconversion -Wnull-dereference -Wduplicated-branches -Wduplicated-cond -Wrestrict -Wdouble-promotion -Wsign-conversion -fdata-sections -ffunction-sections -MD -MT CMakeFiles/microcdr.dir/src/c/types/basic.c.obj -MF CMakeFiles/microcdr.dir/src/c/types/basic.c.obj.d -o CMakeFiles/microcdr.dir/src/c/types/basic.c.obj -c /home/idgaf/uros_ws/firmware/mcu_ws/eProsima/Micro-CDR/src/c/types/basic.c
[ 83%] [32mBuilding C object CMakeFiles/microcdr.dir/src/c/common.c.obj[0m
/home/idgaf/uros_ws/firmware/freertos_apps/microros_nucleo_f446re_extensions/../../toolchain/bin/arm-none-eabi-gcc  -I/home/idgaf/uros_ws/firmware/mcu_ws/eProsima/Micro-CDR/include -I/home/idgaf/uros_ws/firmware/mcu_ws/build/microcdr/include -std=c11 -mcpu=cortex-m4 -mthumb -mfpu=fpv4-sp-d16 -mfloat-abi=hard -DUSE_HAL_DRIVER -DSTM32F446xx -D_TIMEVAL_DEFINE -O0 -Wall -fdata-sections -ffunction-sections  -DCLOCK_MONOTONIC=0 -g -std=gnu99 -fPIC -Wall -Wextra -Wshadow -pedantic -Wcast-align -Wunused -Wconversion -Wnull-dereference -Wduplicated-branches -Wduplicated-cond -Wrestrict -Wdouble-promotion -Wsign-conversion -fdata-sections -ffunction-sections -MD -MT CMakeFiles/microcdr.dir/src/c/types/string.c.obj -MF CMakeFiles/microcdr.dir/src/c/types/string.c.obj.d -o CMakeFiles/microcdr.dir/src/c/types/string.c.obj -c /home/idgaf/uros_ws/firmware/mcu_ws/eProsima/Micro-CDR/src/c/types/string.c
/home/idgaf/uros_ws/firmware/freertos_apps/microros_nucleo_f446re_extensions/../../toolchain/bin/arm-none-eabi-gcc  -I/home/idgaf/uros_ws/firmware/mcu_ws/eProsima/Micro-CDR/include -I/home/idgaf/uros_ws/firmware/mcu_ws/build/microcdr/include -std=c11 -mcpu=cortex-m4 -mthumb -mfpu=fpv4-sp-d16 -mfloat-abi=hard -DUSE_HAL_DRIVER -DSTM32F446xx -D_TIMEVAL_DEFINE -O0 -Wall -fdata-sections -ffunction-sections  -DCLOCK_MONOTONIC=0 -g -std=gnu99 -fPIC -Wall -Wextra -Wshadow -pedantic -Wcast-align -Wunused -Wconversion -Wnull-dereference -Wduplicated-branches -Wduplicated-cond -Wrestrict -Wdouble-promotion -Wsign-conversion -fdata-sections -ffunction-sections -MD -MT CMakeFiles/microcdr.dir/src/c/types/sequence.c.obj -MF CMakeFiles/microcdr.dir/src/c/types/sequence.c.obj.d -o CMakeFiles/microcdr.dir/src/c/types/sequence.c.obj -c /home/idgaf/uros_ws/firmware/mcu_ws/eProsima/Micro-CDR/src/c/types/sequence.c
/home/idgaf/uros_ws/firmware/freertos_apps/microros_nucleo_f446re_extensions/../../toolchain/bin/arm-none-eabi-gcc  -I/home/idgaf/uros_ws/firmware/mcu_ws/eProsima/Micro-CDR/include -I/home/idgaf/uros_ws/firmware/mcu_ws/build/microcdr/include -std=c11 -mcpu=cortex-m4 -mthumb -mfpu=fpv4-sp-d16 -mfloat-abi=hard -DUSE_HAL_DRIVER -DSTM32F446xx -D_TIMEVAL_DEFINE -O0 -Wall -fdata-sections -ffunction-sections  -DCLOCK_MONOTONIC=0 -g -std=gnu99 -fPIC -Wall -Wextra -Wshadow -pedantic -Wcast-align -Wunused -Wconversion -Wnull-dereference -Wduplicated-branches -Wduplicated-cond -Wrestrict -Wdouble-promotion -Wsign-conversion -fdata-sections -ffunction-sections -MD -MT CMakeFiles/microcdr.dir/src/c/common.c.obj -MF CMakeFiles/microcdr.dir/src/c/common.c.obj.d -o CMakeFiles/microcdr.dir/src/c/common.c.obj -c /home/idgaf/uros_ws/firmware/mcu_ws/eProsima/Micro-CDR/src/c/common.c
[100%] [32m[1mLinking C static library libmicrocdr.a[0m
/usr/bin/cmake -P CMakeFiles/microcdr.dir/cmake_clean_target.cmake
/usr/bin/cmake -E cmake_link_script CMakeFiles/microcdr.dir/link.txt --verbose=1
/home/idgaf/uros_ws/firmware/toolchain/bin/arm-none-eabi-ar qc libmicrocdr.a CMakeFiles/microcdr.dir/src/c/common.c.obj CMakeFiles/microcdr.dir/src/c/types/basic.c.obj CMakeFiles/microcdr.dir/src/c/types/string.c.obj CMakeFiles/microcdr.dir/src/c/types/array.c.obj CMakeFiles/microcdr.dir/src/c/types/sequence.c.obj
/home/idgaf/uros_ws/firmware/toolchain/bin/arm-none-eabi-ranlib libmicrocdr.a
gmake[6]: Leaving directory '/home/idgaf/uros_ws/firmware/mcu_ws/build/microcdr'
[100%] Built target microcdr
gmake[5]: Leaving directory '/home/idgaf/uros_ws/firmware/mcu_ws/build/microcdr'
/usr/bin/cmake -E cmake_progress_start /home/idgaf/uros_ws/firmware/mcu_ws/build/microcdr/CMakeFiles 0
gmake[4]: Leaving directory '/home/idgaf/uros_ws/firmware/mcu_ws/build/microcdr'
/usr/bin/cmake -E touch /home/idgaf/uros_ws/firmware/mcu_ws/build/microcdr/ucdr-prefix/src/ucdr-stamp/ucdr-build
[34m[1mNo install step for 'ucdr'[0m
/usr/bin/cmake -E echo_append
/usr/bin/cmake -E touch /home/idgaf/uros_ws/firmware/mcu_ws/build/microcdr/ucdr-prefix/src/ucdr-stamp/ucdr-install
[34m[1mCompleted 'ucdr'[0m
/usr/bin/cmake -E make_directory /home/idgaf/uros_ws/firmware/mcu_ws/build/microcdr/CMakeFiles
/usr/bin/cmake -E touch /home/idgaf/uros_ws/firmware/mcu_ws/build/microcdr/CMakeFiles/ucdr-complete
/usr/bin/cmake -E touch /home/idgaf/uros_ws/firmware/mcu_ws/build/microcdr/ucdr-prefix/src/ucdr-stamp/ucdr-done
gmake[3]: Leaving directory '/home/idgaf/uros_ws/firmware/mcu_ws/build/microcdr'
Built target ucdr
gmake[2]: Leaving directory '/home/idgaf/uros_ws/firmware/mcu_ws/build/microcdr'
/usr/bin/cmake -E cmake_progress_start /home/idgaf/uros_ws/firmware/mcu_ws/build/microcdr/CMakeFiles 0
gmake[1]: Leaving directory '/home/idgaf/uros_ws/firmware/mcu_ws/build/microcdr'

-- Install configuration: "Debug"
-- Installing: /home/idgaf/uros_ws/firmware/mcu_ws/install/microcdr/lib/libmicrocdr.a
-- Installing: /home/idgaf/uros_ws/firmware/mcu_ws/install/microcdr/include/ucdr
-- Installing: /home/idgaf/uros_ws/firmware/mcu_ws/install/microcdr/include/ucdr/microcdr.h
-- Installing: /home/idgaf/uros_ws/firmware/mcu_ws/install/microcdr/include/ucdr/visibility.h
-- Installing: /home/idgaf/uros_ws/firmware/mcu_ws/install/microcdr/include/ucdr/config.h
-- Installing: /home/idgaf/uros_ws/firmware/mcu_ws/install/microcdr/share/microcdr/cmake/microcdrTargets.cmake
-- Installing: /home/idgaf/uros_ws/firmware/mcu_ws/install/microcdr/share/microcdr/cmake/microcdrTargets-debug.cmake
-- Installing: /home/idgaf/uros_ws/firmware/mcu_ws/install/microcdr/share/microcdr/cmake/microcdrConfig.cmake
-- Installing: /home/idgaf/uros_ws/firmware/mcu_ws/install/microcdr/share/microcdr/cmake/microcdrConfigVersion.cmake
