[0.184s] Invoking command in '/home/idgaf/uros_ws/firmware/mcu_ws/build/microcdr': DEBUGINFOD_URLS=https://debuginfod.ubuntu.com /usr/bin/cmake /home/idgaf/uros_ws/firmware/mcu_ws/eProsima/Micro-CDR --no-warn-unused-cli -DCMAKE_POSITION_INDEPENDENT_CODE=OFF -DTHIRDPARTY=ON -DBUILD_SHARED_LIBS=OFF -DBUILD_TESTING=OFF -DCMAKE_BUILD_TYPE=Debug -DCMAKE_TOOLCHAIN_FILE=/home/idgaf/uros_ws/firmware/freertos_apps/microros_nucleo_f446re_extensions/arm_toolchain.cmake -DCMAKE_VERBOSE_MAKEFILE=ON -DUCDR_ISOLATED_INSTALL=OFF -DCMAKE_INSTALL_PREFIX=/home/idgaf/uros_ws/firmware/mcu_ws/install/microcdr
[0.415s] Not searching for unused variables given on the command line.
[0.415s] -- The C compiler identification is GNU 8.3.1
[0.415s] -- Detecting C compiler ABI info
[0.510s] -- Detecting C compiler ABI info - done
[0.519s] -- Check for working C compiler: /home/idgaf/uros_ws/firmware/freertos_apps/microros_nucleo_f446re_extensions/../../toolchain/bin/arm-none-eabi-gcc - skipped
[0.519s] -- Detecting C compile features
[0.520s] -- Detecting C compile features - done
[0.611s] -- The CXX compiler identification is GNU 8.3.1
[0.629s] -- Detecting CXX compiler ABI info
[0.734s] -- Detecting CXX compiler ABI info - done
[0.745s] -- Check for working CXX compiler: /home/idgaf/uros_ws/firmware/freertos_apps/microros_nucleo_f446re_extensions/../../toolchain/bin/arm-none-eabi-g++ - skipped
[0.746s] -- Detecting CXX compile features
[0.746s] -- Detecting CXX compile features - done
[0.758s] -- Configuring done (0.5s)
[0.761s] -- Generating done (0.0s)
[0.762s] -- Build files have been written to: /home/idgaf/uros_ws/firmware/mcu_ws/build/microcdr
[0.789s] Invoked command in '/home/idgaf/uros_ws/firmware/mcu_ws/build/microcdr' returned '0': DEBUGINFOD_URLS=https://debuginfod.ubuntu.com /usr/bin/cmake /home/idgaf/uros_ws/firmware/mcu_ws/eProsima/Micro-CDR --no-warn-unused-cli -DCMAKE_POSITION_INDEPENDENT_CODE=OFF -DTHIRDPARTY=ON -DBUILD_SHARED_LIBS=OFF -DBUILD_TESTING=OFF -DCMAKE_BUILD_TYPE=Debug -DCMAKE_TOOLCHAIN_FILE=/home/idgaf/uros_ws/firmware/freertos_apps/microros_nucleo_f446re_extensions/arm_toolchain.cmake -DCMAKE_VERBOSE_MAKEFILE=ON -DUCDR_ISOLATED_INSTALL=OFF -DCMAKE_INSTALL_PREFIX=/home/idgaf/uros_ws/firmware/mcu_ws/install/microcdr
[0.790s] Invoking command in '/home/idgaf/uros_ws/firmware/mcu_ws/build/microcdr': DEBUGINFOD_URLS=https://debuginfod.ubuntu.com /usr/bin/cmake --build /home/idgaf/uros_ws/firmware/mcu_ws/build/microcdr -- -j16 -l16
[0.799s] Change Dir: '/home/idgaf/uros_ws/firmware/mcu_ws/build/microcdr'
[0.800s] 
[0.800s] Run Build Command(s): /usr/bin/cmake -E env VERBOSE=1 /usr/bin/gmake -f Makefile -j16 -l16
[0.809s] gmake[1]: Entering directory '/home/idgaf/uros_ws/firmware/mcu_ws/build/microcdr'
[0.809s] /usr/bin/cmake -S/home/idgaf/uros_ws/firmware/mcu_ws/eProsima/Micro-CDR -B/home/idgaf/uros_ws/firmware/mcu_ws/build/microcdr --check-build-system CMakeFiles/Makefile.cmake 0
[0.818s] /usr/bin/cmake -E cmake_progress_start /home/idgaf/uros_ws/firmware/mcu_ws/build/microcdr/CMakeFiles /home/idgaf/uros_ws/firmware/mcu_ws/build/microcdr//CMakeFiles/progress.marks
[0.825s] /usr/bin/gmake  -f CMakeFiles/Makefile2 all
[0.826s] gmake[2]: Entering directory '/home/idgaf/uros_ws/firmware/mcu_ws/build/microcdr'
[0.826s] /usr/bin/gmake  -f CMakeFiles/ucdr.dir/build.make CMakeFiles/ucdr.dir/depend
[0.827s] gmake[3]: Entering directory '/home/idgaf/uros_ws/firmware/mcu_ws/build/microcdr'
[0.827s] cd /home/idgaf/uros_ws/firmware/mcu_ws/build/microcdr && /usr/bin/cmake -E cmake_depends "Unix Makefiles" /home/idgaf/uros_ws/firmware/mcu_ws/eProsima/Micro-CDR /home/idgaf/uros_ws/firmware/mcu_ws/eProsima/Micro-CDR /home/idgaf/uros_ws/firmware/mcu_ws/build/microcdr /home/idgaf/uros_ws/firmware/mcu_ws/build/microcdr /home/idgaf/uros_ws/firmware/mcu_ws/build/microcdr/CMakeFiles/ucdr.dir/DependInfo.cmake "--color="
[0.835s] gmake[3]: Leaving directory '/home/idgaf/uros_ws/firmware/mcu_ws/build/microcdr'
[0.835s] /usr/bin/gmake  -f CMakeFiles/ucdr.dir/build.make CMakeFiles/ucdr.dir/build
[0.837s] gmake[3]: Entering directory '/home/idgaf/uros_ws/firmware/mcu_ws/build/microcdr'
[0.844s] [ 12%] [34m[1mCreating directories for 'ucdr'[0m
[0.844s] /usr/bin/cmake -Dcfgdir= -P /home/idgaf/uros_ws/firmware/mcu_ws/build/microcdr/ucdr-prefix/tmp/ucdr-mkdirs.cmake
[0.854s] /usr/bin/cmake -E touch /home/idgaf/uros_ws/firmware/mcu_ws/build/microcdr/ucdr-prefix/src/ucdr-stamp/ucdr-mkdir
[0.869s] [ 25%] [34m[1mNo download step for 'ucdr'[0m
[0.870s] /usr/bin/cmake -E echo_append
[0.879s] /usr/bin/cmake -E touch /home/idgaf/uros_ws/firmware/mcu_ws/build/microcdr/ucdr-prefix/src/ucdr-stamp/ucdr-download
[0.894s] [ 37%] [34m[1mNo update step for 'ucdr'[0m
[0.895s] /usr/bin/cmake -E echo_append
[0.902s] /usr/bin/cmake -E touch /home/idgaf/uros_ws/firmware/mcu_ws/build/microcdr/ucdr-prefix/src/ucdr-stamp/ucdr-update
[0.919s] [ 50%] [34m[1mNo patch step for 'ucdr'[0m
[0.920s] /usr/bin/cmake -E echo_append
[0.930s] /usr/bin/cmake -E touch /home/idgaf/uros_ws/firmware/mcu_ws/build/microcdr/ucdr-prefix/src/ucdr-stamp/ucdr-patch
[0.943s] [ 62%] [34m[1mPerforming configure step for 'ucdr'[0m
[0.944s] /usr/bin/cmake "-GUnix Makefiles" -C/home/idgaf/uros_ws/firmware/mcu_ws/build/microcdr/ucdr-prefix/tmp/ucdr-cache-Debug.cmake -S /home/idgaf/uros_ws/firmware/mcu_ws/eProsima/Micro-CDR -B /home/idgaf/uros_ws/firmware/mcu_ws/build/microcdr
[0.952s] loading initial cache file /home/idgaf/uros_ws/firmware/mcu_ws/build/microcdr/ucdr-prefix/tmp/ucdr-cache-Debug.cmake
[0.952s] Re-run cmake no build system arguments
[0.961s] -- Configuring done (0.0s)
[0.964s] -- Generating done (0.0s)
[0.966s] -- Build files have been written to: /home/idgaf/uros_ws/firmware/mcu_ws/build/microcdr
[0.967s] /usr/bin/cmake -E touch /home/idgaf/uros_ws/firmware/mcu_ws/build/microcdr/ucdr-prefix/src/ucdr-stamp/ucdr-configure
[0.985s] [ 75%] [34m[1mPerforming build step for 'ucdr'[0m
[0.986s] /usr/bin/gmake
[0.987s] gmake[4]: Entering directory '/home/idgaf/uros_ws/firmware/mcu_ws/build/microcdr'
[0.987s] /usr/bin/cmake -S/home/idgaf/uros_ws/firmware/mcu_ws/eProsima/Micro-CDR -B/home/idgaf/uros_ws/firmware/mcu_ws/build/microcdr --check-build-system CMakeFiles/Makefile.cmake 0
[0.995s] /usr/bin/cmake -E cmake_progress_start /home/idgaf/uros_ws/firmware/mcu_ws/build/microcdr/CMakeFiles /home/idgaf/uros_ws/firmware/mcu_ws/build/microcdr//CMakeFiles/progress.marks
[1.002s] /usr/bin/gmake  -f CMakeFiles/Makefile2 all
[1.003s] gmake[5]: Entering directory '/home/idgaf/uros_ws/firmware/mcu_ws/build/microcdr'
[1.003s] /usr/bin/gmake  -f CMakeFiles/microcdr.dir/build.make CMakeFiles/microcdr.dir/depend
[1.005s] gmake[6]: Entering directory '/home/idgaf/uros_ws/firmware/mcu_ws/build/microcdr'
[1.005s] cd /home/idgaf/uros_ws/firmware/mcu_ws/build/microcdr && /usr/bin/cmake -E cmake_depends "Unix Makefiles" /home/idgaf/uros_ws/firmware/mcu_ws/eProsima/Micro-CDR /home/idgaf/uros_ws/firmware/mcu_ws/eProsima/Micro-CDR /home/idgaf/uros_ws/firmware/mcu_ws/build/microcdr /home/idgaf/uros_ws/firmware/mcu_ws/build/microcdr /home/idgaf/uros_ws/firmware/mcu_ws/build/microcdr/CMakeFiles/microcdr.dir/DependInfo.cmake "--color="
[1.013s] gmake[6]: Leaving directory '/home/idgaf/uros_ws/firmware/mcu_ws/build/microcdr'
[1.013s] /usr/bin/gmake  -f CMakeFiles/microcdr.dir/build.make CMakeFiles/microcdr.dir/build
[1.015s] gmake[6]: Entering directory '/home/idgaf/uros_ws/firmware/mcu_ws/build/microcdr'
[1.023s] [ 33%] [32mBuilding C object CMakeFiles/microcdr.dir/src/c/types/sequence.c.obj[0m
[1.023s] [ 33%] [32mBuilding C object CMakeFiles/microcdr.dir/src/c/types/array.c.obj[0m
[1.023s] [ 50%] [32mBuilding C object CMakeFiles/microcdr.dir/src/c/types/basic.c.obj[0m
[1.023s] [ 66%] [32mBuilding C object CMakeFiles/microcdr.dir/src/c/types/string.c.obj[0m
[1.024s] /home/idgaf/uros_ws/firmware/freertos_apps/microros_nucleo_f446re_extensions/../../toolchain/bin/arm-none-eabi-gcc  -I/home/idgaf/uros_ws/firmware/mcu_ws/eProsima/Micro-CDR/include -I/home/idgaf/uros_ws/firmware/mcu_ws/build/microcdr/include -std=c11 -mcpu=cortex-m4 -mthumb -mfpu=fpv4-sp-d16 -mfloat-abi=hard -DUSE_HAL_DRIVER -DSTM32F446xx -D_TIMEVAL_DEFINE -O0 -Wall -fdata-sections -ffunction-sections  -DCLOCK_MONOTONIC=0 -g -std=gnu99 -fPIC -Wall -Wextra -Wshadow -pedantic -Wcast-align -Wunused -Wconversion -Wnull-dereference -Wduplicated-branches -Wduplicated-cond -Wrestrict -Wdouble-promotion -Wsign-conversion -fdata-sections -ffunction-sections -MD -MT CMakeFiles/microcdr.dir/src/c/types/array.c.obj -MF CMakeFiles/microcdr.dir/src/c/types/array.c.obj.d -o CMakeFiles/microcdr.dir/src/c/types/array.c.obj -c /home/idgaf/uros_ws/firmware/mcu_ws/eProsima/Micro-CDR/src/c/types/array.c
[1.024s] /home/idgaf/uros_ws/firmware/freertos_apps/microros_nucleo_f446re_extensions/../../toolchain/bin/arm-none-eabi-gcc  -I/home/idgaf/uros_ws/firmware/mcu_ws/eProsima/Micro-CDR/include -I/home/idgaf/uros_ws/firmware/mcu_ws/build/microcdr/include -std=c11 -mcpu=cortex-m4 -mthumb -mfpu=fpv4-sp-d16 -mfloat-abi=hard -DUSE_HAL_DRIVER -DSTM32F446xx -D_TIMEVAL_DEFINE -O0 -Wall -fdata-sections -ffunction-sections  -DCLOCK_MONOTONIC=0 -g -std=gnu99 -fPIC -Wall -Wextra -Wshadow -pedantic -Wcast-align -Wunused -Wconversion -Wnull-dereference -Wduplicated-branches -Wduplicated-cond -Wrestrict -Wdouble-promotion -Wsign-conversion -fdata-sections -ffunction-sections -MD -MT CMakeFiles/microcdr.dir/src/c/types/basic.c.obj -MF CMakeFiles/microcdr.dir/src/c/types/basic.c.obj.d -o CMakeFiles/microcdr.dir/src/c/types/basic.c.obj -c /home/idgaf/uros_ws/firmware/mcu_ws/eProsima/Micro-CDR/src/c/types/basic.c
[1.024s] [ 83%] [32mBuilding C object CMakeFiles/microcdr.dir/src/c/common.c.obj[0m
[1.024s] /home/idgaf/uros_ws/firmware/freertos_apps/microros_nucleo_f446re_extensions/../../toolchain/bin/arm-none-eabi-gcc  -I/home/idgaf/uros_ws/firmware/mcu_ws/eProsima/Micro-CDR/include -I/home/idgaf/uros_ws/firmware/mcu_ws/build/microcdr/include -std=c11 -mcpu=cortex-m4 -mthumb -mfpu=fpv4-sp-d16 -mfloat-abi=hard -DUSE_HAL_DRIVER -DSTM32F446xx -D_TIMEVAL_DEFINE -O0 -Wall -fdata-sections -ffunction-sections  -DCLOCK_MONOTONIC=0 -g -std=gnu99 -fPIC -Wall -Wextra -Wshadow -pedantic -Wcast-align -Wunused -Wconversion -Wnull-dereference -Wduplicated-branches -Wduplicated-cond -Wrestrict -Wdouble-promotion -Wsign-conversion -fdata-sections -ffunction-sections -MD -MT CMakeFiles/microcdr.dir/src/c/types/string.c.obj -MF CMakeFiles/microcdr.dir/src/c/types/string.c.obj.d -o CMakeFiles/microcdr.dir/src/c/types/string.c.obj -c /home/idgaf/uros_ws/firmware/mcu_ws/eProsima/Micro-CDR/src/c/types/string.c
[1.024s] /home/idgaf/uros_ws/firmware/freertos_apps/microros_nucleo_f446re_extensions/../../toolchain/bin/arm-none-eabi-gcc  -I/home/idgaf/uros_ws/firmware/mcu_ws/eProsima/Micro-CDR/include -I/home/idgaf/uros_ws/firmware/mcu_ws/build/microcdr/include -std=c11 -mcpu=cortex-m4 -mthumb -mfpu=fpv4-sp-d16 -mfloat-abi=hard -DUSE_HAL_DRIVER -DSTM32F446xx -D_TIMEVAL_DEFINE -O0 -Wall -fdata-sections -ffunction-sections  -DCLOCK_MONOTONIC=0 -g -std=gnu99 -fPIC -Wall -Wextra -Wshadow -pedantic -Wcast-align -Wunused -Wconversion -Wnull-dereference -Wduplicated-branches -Wduplicated-cond -Wrestrict -Wdouble-promotion -Wsign-conversion -fdata-sections -ffunction-sections -MD -MT CMakeFiles/microcdr.dir/src/c/types/sequence.c.obj -MF CMakeFiles/microcdr.dir/src/c/types/sequence.c.obj.d -o CMakeFiles/microcdr.dir/src/c/types/sequence.c.obj -c /home/idgaf/uros_ws/firmware/mcu_ws/eProsima/Micro-CDR/src/c/types/sequence.c
[1.025s] /home/idgaf/uros_ws/firmware/freertos_apps/microros_nucleo_f446re_extensions/../../toolchain/bin/arm-none-eabi-gcc  -I/home/idgaf/uros_ws/firmware/mcu_ws/eProsima/Micro-CDR/include -I/home/idgaf/uros_ws/firmware/mcu_ws/build/microcdr/include -std=c11 -mcpu=cortex-m4 -mthumb -mfpu=fpv4-sp-d16 -mfloat-abi=hard -DUSE_HAL_DRIVER -DSTM32F446xx -D_TIMEVAL_DEFINE -O0 -Wall -fdata-sections -ffunction-sections  -DCLOCK_MONOTONIC=0 -g -std=gnu99 -fPIC -Wall -Wextra -Wshadow -pedantic -Wcast-align -Wunused -Wconversion -Wnull-dereference -Wduplicated-branches -Wduplicated-cond -Wrestrict -Wdouble-promotion -Wsign-conversion -fdata-sections -ffunction-sections -MD -MT CMakeFiles/microcdr.dir/src/c/common.c.obj -MF CMakeFiles/microcdr.dir/src/c/common.c.obj.d -o CMakeFiles/microcdr.dir/src/c/common.c.obj -c /home/idgaf/uros_ws/firmware/mcu_ws/eProsima/Micro-CDR/src/c/common.c
[1.436s] [100%] [32m[1mLinking C static library libmicrocdr.a[0m
[1.437s] /usr/bin/cmake -P CMakeFiles/microcdr.dir/cmake_clean_target.cmake
[1.446s] /usr/bin/cmake -E cmake_link_script CMakeFiles/microcdr.dir/link.txt --verbose=1
[1.454s] /home/idgaf/uros_ws/firmware/toolchain/bin/arm-none-eabi-ar qc libmicrocdr.a CMakeFiles/microcdr.dir/src/c/common.c.obj CMakeFiles/microcdr.dir/src/c/types/basic.c.obj CMakeFiles/microcdr.dir/src/c/types/string.c.obj CMakeFiles/microcdr.dir/src/c/types/array.c.obj CMakeFiles/microcdr.dir/src/c/types/sequence.c.obj
[1.456s] /home/idgaf/uros_ws/firmware/toolchain/bin/arm-none-eabi-ranlib libmicrocdr.a
[1.460s] gmake[6]: Leaving directory '/home/idgaf/uros_ws/firmware/mcu_ws/build/microcdr'
[1.467s] [100%] Built target microcdr
[1.468s] gmake[5]: Leaving directory '/home/idgaf/uros_ws/firmware/mcu_ws/build/microcdr'
[1.469s] /usr/bin/cmake -E cmake_progress_start /home/idgaf/uros_ws/firmware/mcu_ws/build/microcdr/CMakeFiles 0
[1.476s] gmake[4]: Leaving directory '/home/idgaf/uros_ws/firmware/mcu_ws/build/microcdr'
[1.476s] /usr/bin/cmake -E touch /home/idgaf/uros_ws/firmware/mcu_ws/build/microcdr/ucdr-prefix/src/ucdr-stamp/ucdr-build
[1.490s] [34m[1mNo install step for 'ucdr'[0m
[1.491s] /usr/bin/cmake -E echo_append
[1.497s] /usr/bin/cmake -E touch /home/idgaf/uros_ws/firmware/mcu_ws/build/microcdr/ucdr-prefix/src/ucdr-stamp/ucdr-install
[1.511s] [34m[1mCompleted 'ucdr'[0m
[1.511s] /usr/bin/cmake -E make_directory /home/idgaf/uros_ws/firmware/mcu_ws/build/microcdr/CMakeFiles
[1.519s] /usr/bin/cmake -E touch /home/idgaf/uros_ws/firmware/mcu_ws/build/microcdr/CMakeFiles/ucdr-complete
[1.526s] /usr/bin/cmake -E touch /home/idgaf/uros_ws/firmware/mcu_ws/build/microcdr/ucdr-prefix/src/ucdr-stamp/ucdr-done
[1.534s] gmake[3]: Leaving directory '/home/idgaf/uros_ws/firmware/mcu_ws/build/microcdr'
[1.540s] Built target ucdr
[1.541s] gmake[2]: Leaving directory '/home/idgaf/uros_ws/firmware/mcu_ws/build/microcdr'
[1.541s] /usr/bin/cmake -E cmake_progress_start /home/idgaf/uros_ws/firmware/mcu_ws/build/microcdr/CMakeFiles 0
[1.548s] gmake[1]: Leaving directory '/home/idgaf/uros_ws/firmware/mcu_ws/build/microcdr'
[1.550s] 
[1.552s] Invoked command in '/home/idgaf/uros_ws/firmware/mcu_ws/build/microcdr' returned '0': DEBUGINFOD_URLS=https://debuginfod.ubuntu.com /usr/bin/cmake --build /home/idgaf/uros_ws/firmware/mcu_ws/build/microcdr -- -j16 -l16
[1.553s] Invoking command in '/home/idgaf/uros_ws/firmware/mcu_ws/build/microcdr': DEBUGINFOD_URLS=https://debuginfod.ubuntu.com /usr/bin/cmake --install /home/idgaf/uros_ws/firmware/mcu_ws/build/microcdr
[1.560s] -- Install configuration: "Debug"
[1.560s] -- Installing: /home/idgaf/uros_ws/firmware/mcu_ws/install/microcdr/lib/libmicrocdr.a
[1.560s] -- Installing: /home/idgaf/uros_ws/firmware/mcu_ws/install/microcdr/include/ucdr
[1.561s] -- Installing: /home/idgaf/uros_ws/firmware/mcu_ws/install/microcdr/include/ucdr/microcdr.h
[1.561s] -- Installing: /home/idgaf/uros_ws/firmware/mcu_ws/install/microcdr/include/ucdr/visibility.h
[1.561s] -- Installing: /home/idgaf/uros_ws/firmware/mcu_ws/install/microcdr/include/ucdr/config.h
[1.561s] -- Installing: /home/idgaf/uros_ws/firmware/mcu_ws/install/microcdr/share/microcdr/cmake/microcdrTargets.cmake
[1.561s] -- Installing: /home/idgaf/uros_ws/firmware/mcu_ws/install/microcdr/share/microcdr/cmake/microcdrTargets-debug.cmake
[1.561s] -- Installing: /home/idgaf/uros_ws/firmware/mcu_ws/install/microcdr/share/microcdr/cmake/microcdrConfig.cmake
[1.561s] -- Installing: /home/idgaf/uros_ws/firmware/mcu_ws/install/microcdr/share/microcdr/cmake/microcdrConfigVersion.cmake
[1.563s] Invoked command in '/home/idgaf/uros_ws/firmware/mcu_ws/build/microcdr' returned '0': DEBUGINFOD_URLS=https://debuginfod.ubuntu.com /usr/bin/cmake --install /home/idgaf/uros_ws/firmware/mcu_ws/build/microcdr
