Not searching for unused variables given on the command line.
-- The C compiler identification is GNU 8.3.1
-- The CXX compiler identification is GNU 8.3.1
-- Detecting C compiler ABI info
-- Detecting C compiler ABI info - done
-- Check for working C compiler: /home/idgaf/uros_ws/firmware/freertos_apps/microros_nucleo_f446re_extensions/../../toolchain/bin/arm-none-eabi-gcc - skipped
-- Detecting C compile features
-- Detecting C compile features - done
-- Detecting CXX compiler ABI info
-- Detecting CXX compiler ABI info - done
-- Check for working CXX compiler: /home/idgaf/uros_ws/firmware/freertos_apps/microros_nucleo_f446re_extensions/../../toolchain/bin/arm-none-eabi-g++ - skipped
-- Detecting CXX compile features
-- Detecting CXX compile features - done
-- Found ament_cmake_ros: 0.12.0 (/home/idgaf/uros_ws/firmware/dev_ws/install/ament_cmake_ros/share/ament_cmake_ros/cmake)
-- Found Python3: /usr/bin/python3 (found version "3.12.3") found components: Interpreter 
-- Found action_msgs: 2.0.3 (/home/idgaf/uros_ws/firmware/mcu_ws/install/action_msgs/share/action_msgs/cmake)
-- Using all available rosidl_typesupport_c: rosidl_typesupport_microxrcedds_c;rosidl_typesupport_introspection_c
-- Found rosidl_adapter: 4.6.6 (/home/idgaf/uros_ws/firmware/mcu_ws/install/rosidl_adapter/share/rosidl_adapter/cmake)
-- Found rcl: 9.2.7 (/home/idgaf/uros_ws/firmware/mcu_ws/install/rcl/share/rcl/cmake)
-- Found rmw_implementation_cmake: 7.3.2 (/home/idgaf/uros_ws/firmware/mcu_ws/install/rmw_implementation_cmake/share/rmw_implementation_cmake/cmake)
-- Found rmw_microxrcedds: 5.0.1 (/home/idgaf/uros_ws/firmware/mcu_ws/install/rmw_microxrcedds/share/rmw_microxrcedds/cmake)
-- Using RMW implementation 'rmw_microxrcedds'
-- Configuring done (1.4s)
-- Generating done (0.0s)
-- Build files have been written to: /home/idgaf/uros_ws/firmware/mcu_ws/build/rcl_action
Change Dir: '/home/idgaf/uros_ws/firmware/mcu_ws/build/rcl_action'

Run Build Command(s): /usr/bin/cmake -E env VERBOSE=1 /usr/bin/gmake -f Makefile -j16 -l16
gmake[1]: Entering directory '/home/idgaf/uros_ws/firmware/mcu_ws/build/rcl_action'
/usr/bin/cmake -S/home/idgaf/uros_ws/firmware/mcu_ws/uros/rcl/rcl_action -B/home/idgaf/uros_ws/firmware/mcu_ws/build/rcl_action --check-build-system CMakeFiles/Makefile.cmake 0
/usr/bin/cmake -E cmake_progress_start /home/idgaf/uros_ws/firmware/mcu_ws/build/rcl_action/CMakeFiles /home/idgaf/uros_ws/firmware/mcu_ws/build/rcl_action//CMakeFiles/progress.marks
/usr/bin/gmake  -f CMakeFiles/Makefile2 all
gmake[2]: Entering directory '/home/idgaf/uros_ws/firmware/mcu_ws/build/rcl_action'
/usr/bin/gmake  -f CMakeFiles/ament_generate_version_header__rcl_action.dir/build.make CMakeFiles/ament_generate_version_header__rcl_action.dir/depend
gmake[3]: Entering directory '/home/idgaf/uros_ws/firmware/mcu_ws/build/rcl_action'
cd /home/idgaf/uros_ws/firmware/mcu_ws/build/rcl_action && /usr/bin/cmake -E cmake_depends "Unix Makefiles" /home/idgaf/uros_ws/firmware/mcu_ws/uros/rcl/rcl_action /home/idgaf/uros_ws/firmware/mcu_ws/uros/rcl/rcl_action /home/idgaf/uros_ws/firmware/mcu_ws/build/rcl_action /home/idgaf/uros_ws/firmware/mcu_ws/build/rcl_action /home/idgaf/uros_ws/firmware/mcu_ws/build/rcl_action/CMakeFiles/ament_generate_version_header__rcl_action.dir/DependInfo.cmake "--color="
gmake[3]: Leaving directory '/home/idgaf/uros_ws/firmware/mcu_ws/build/rcl_action'
/usr/bin/gmake  -f CMakeFiles/ament_generate_version_header__rcl_action.dir/build.make CMakeFiles/ament_generate_version_header__rcl_action.dir/build
gmake[3]: Entering directory '/home/idgaf/uros_ws/firmware/mcu_ws/build/rcl_action'
[ 11%] [34m[1mGenerating rcl_action/version.h[0m
/usr/bin/cmake -P /home/idgaf/uros_ws/firmware/mcu_ws/build/rcl_action/ament_generate_version_header/rcl_action/generate_version_header.cmake
gmake[3]: Leaving directory '/home/idgaf/uros_ws/firmware/mcu_ws/build/rcl_action'
[ 11%] Built target ament_generate_version_header__rcl_action
/usr/bin/gmake  -f CMakeFiles/rcl_action.dir/build.make CMakeFiles/rcl_action.dir/depend
gmake[3]: Entering directory '/home/idgaf/uros_ws/firmware/mcu_ws/build/rcl_action'
cd /home/idgaf/uros_ws/firmware/mcu_ws/build/rcl_action && /usr/bin/cmake -E cmake_depends "Unix Makefiles" /home/idgaf/uros_ws/firmware/mcu_ws/uros/rcl/rcl_action /home/idgaf/uros_ws/firmware/mcu_ws/uros/rcl/rcl_action /home/idgaf/uros_ws/firmware/mcu_ws/build/rcl_action /home/idgaf/uros_ws/firmware/mcu_ws/build/rcl_action /home/idgaf/uros_ws/firmware/mcu_ws/build/rcl_action/CMakeFiles/rcl_action.dir/DependInfo.cmake "--color="
gmake[3]: Leaving directory '/home/idgaf/uros_ws/firmware/mcu_ws/build/rcl_action'
/usr/bin/gmake  -f CMakeFiles/rcl_action.dir/build.make CMakeFiles/rcl_action.dir/build
gmake[3]: Entering directory '/home/idgaf/uros_ws/firmware/mcu_ws/build/rcl_action'
[ 22%] [32mBuilding C object CMakeFiles/rcl_action.dir/src/rcl_action/action_server.c.obj[0m
/home/idgaf/uros_ws/firmware/freertos_apps/microros_nucleo_f446re_extensions/../../toolchain/bin/arm-none-eabi-gcc -DRCL_ACTION_BUILDING_DLL -DROS_PACKAGE_NAME=\"rcl_action\" -I/home/idgaf/uros_ws/firmware/mcu_ws/uros/rcl/rcl_action/include -I/home/idgaf/uros_ws/firmware/mcu_ws/build/rcl_action/ament_generate_version_header/rcl_action -isystem /home/idgaf/uros_ws/firmware/mcu_ws/install/action_msgs/include/action_msgs -isystem /home/idgaf/uros_ws/firmware/mcu_ws/install/builtin_interfaces/include/builtin_interfaces -isystem /home/idgaf/uros_ws/firmware/mcu_ws/install/rosidl_runtime_c/include/rosidl_runtime_c -isystem /home/idgaf/uros_ws/firmware/mcu_ws/install/rcutils/include/rcutils -isystem /home/idgaf/uros_ws/firmware/mcu_ws/install/rosidl_typesupport_interface/include/rosidl_typesupport_interface -isystem /home/idgaf/uros_ws/firmware/mcu_ws/install/unique_identifier_msgs/include/unique_identifier_msgs -isystem /home/idgaf/uros_ws/firmware/mcu_ws/install/service_msgs/include/service_msgs -isystem /home/idgaf/uros_ws/firmware/mcu_ws/install/rosidl_typesupport_introspection_c/include/rosidl_typesupport_introspection_c -isystem /home/idgaf/uros_ws/firmware/mcu_ws/install/rcl/include/rcl -isystem /home/idgaf/uros_ws/firmware/mcu_ws/install/rcl_interfaces/include/rcl_interfaces -isystem /home/idgaf/uros_ws/firmware/mcu_ws/install/rcl_logging_interface/include/rcl_logging_interface -isystem /home/idgaf/uros_ws/firmware/mcu_ws/install/rmw/include/rmw -isystem /home/idgaf/uros_ws/firmware/mcu_ws/install/rosidl_dynamic_typesupport/include/rosidl_dynamic_typesupport -isystem /home/idgaf/uros_ws/firmware/mcu_ws/install/rmw_microxrcedds/include -isystem /home/idgaf/uros_ws/firmware/mcu_ws/install/microxrcedds_client/include -isystem /home/idgaf/uros_ws/firmware/mcu_ws/install/microcdr/include -isystem /home/idgaf/uros_ws/firmware/mcu_ws/install/rosidl_typesupport_microxrcedds_c/include -isystem /home/idgaf/uros_ws/firmware/mcu_ws/install/type_description_interfaces/include/type_description_interfaces -std=c11 -mcpu=cortex-m4 -mthumb -mfpu=fpv4-sp-d16 -mfloat-abi=hard -DUSE_HAL_DRIVER -DSTM32F446xx -D_TIMEVAL_DEFINE -O0 -Wall -fdata-sections -ffunction-sections  -DCLOCK_MONOTONIC=0 -g -std=gnu11 -fvisibility=hidden -Wall -Wextra -Wpedantic -MD -MT CMakeFiles/rcl_action.dir/src/rcl_action/action_server.c.obj -MF CMakeFiles/rcl_action.dir/src/rcl_action/action_server.c.obj.d -o CMakeFiles/rcl_action.dir/src/rcl_action/action_server.c.obj -c /home/idgaf/uros_ws/firmware/mcu_ws/uros/rcl/rcl_action/src/rcl_action/action_server.c
[ 33%] [32mBuilding C object CMakeFiles/rcl_action.dir/src/rcl_action/types.c.obj[0m
[ 44%] [32mBuilding C object CMakeFiles/rcl_action.dir/src/rcl_action/names.c.obj[0m
[ 55%] [32mBuilding C object CMakeFiles/rcl_action.dir/src/rcl_action/action_client.c.obj[0m
[ 66%] [32mBuilding C object CMakeFiles/rcl_action.dir/src/rcl_action/goal_handle.c.obj[0m
/home/idgaf/uros_ws/firmware/freertos_apps/microros_nucleo_f446re_extensions/../../toolchain/bin/arm-none-eabi-gcc -DRCL_ACTION_BUILDING_DLL -DROS_PACKAGE_NAME=\"rcl_action\" -I/home/idgaf/uros_ws/firmware/mcu_ws/uros/rcl/rcl_action/include -I/home/idgaf/uros_ws/firmware/mcu_ws/build/rcl_action/ament_generate_version_header/rcl_action -isystem /home/idgaf/uros_ws/firmware/mcu_ws/install/action_msgs/include/action_msgs -isystem /home/idgaf/uros_ws/firmware/mcu_ws/install/builtin_interfaces/include/builtin_interfaces -isystem /home/idgaf/uros_ws/firmware/mcu_ws/install/rosidl_runtime_c/include/rosidl_runtime_c -isystem /home/idgaf/uros_ws/firmware/mcu_ws/install/rcutils/include/rcutils -isystem /home/idgaf/uros_ws/firmware/mcu_ws/install/rosidl_typesupport_interface/include/rosidl_typesupport_interface -isystem /home/idgaf/uros_ws/firmware/mcu_ws/install/unique_identifier_msgs/include/unique_identifier_msgs -isystem /home/idgaf/uros_ws/firmware/mcu_ws/install/service_msgs/include/service_msgs -isystem /home/idgaf/uros_ws/firmware/mcu_ws/install/rosidl_typesupport_introspection_c/include/rosidl_typesupport_introspection_c -isystem /home/idgaf/uros_ws/firmware/mcu_ws/install/rcl/include/rcl -isystem /home/idgaf/uros_ws/firmware/mcu_ws/install/rcl_interfaces/include/rcl_interfaces -isystem /home/idgaf/uros_ws/firmware/mcu_ws/install/rcl_logging_interface/include/rcl_logging_interface -isystem /home/idgaf/uros_ws/firmware/mcu_ws/install/rmw/include/rmw -isystem /home/idgaf/uros_ws/firmware/mcu_ws/install/rosidl_dynamic_typesupport/include/rosidl_dynamic_typesupport -isystem /home/idgaf/uros_ws/firmware/mcu_ws/install/rmw_microxrcedds/include -isystem /home/idgaf/uros_ws/firmware/mcu_ws/install/microxrcedds_client/include -isystem /home/idgaf/uros_ws/firmware/mcu_ws/install/microcdr/include -isystem /home/idgaf/uros_ws/firmware/mcu_ws/install/rosidl_typesupport_microxrcedds_c/include -isystem /home/idgaf/uros_ws/firmware/mcu_ws/install/type_description_interfaces/include/type_description_interfaces -std=c11 -mcpu=cortex-m4 -mthumb -mfpu=fpv4-sp-d16 -mfloat-abi=hard -DUSE_HAL_DRIVER -DSTM32F446xx -D_TIMEVAL_DEFINE -O0 -Wall -fdata-sections -ffunction-sections  -DCLOCK_MONOTONIC=0 -g -std=gnu11 -fvisibility=hidden -Wall -Wextra -Wpedantic -MD -MT CMakeFiles/rcl_action.dir/src/rcl_action/types.c.obj -MF CMakeFiles/rcl_action.dir/src/rcl_action/types.c.obj.d -o CMakeFiles/rcl_action.dir/src/rcl_action/types.c.obj -c /home/idgaf/uros_ws/firmware/mcu_ws/uros/rcl/rcl_action/src/rcl_action/types.c
/home/idgaf/uros_ws/firmware/freertos_apps/microros_nucleo_f446re_extensions/../../toolchain/bin/arm-none-eabi-gcc -DRCL_ACTION_BUILDING_DLL -DROS_PACKAGE_NAME=\"rcl_action\" -I/home/idgaf/uros_ws/firmware/mcu_ws/uros/rcl/rcl_action/include -I/home/idgaf/uros_ws/firmware/mcu_ws/build/rcl_action/ament_generate_version_header/rcl_action -isystem /home/idgaf/uros_ws/firmware/mcu_ws/install/action_msgs/include/action_msgs -isystem /home/idgaf/uros_ws/firmware/mcu_ws/install/builtin_interfaces/include/builtin_interfaces -isystem /home/idgaf/uros_ws/firmware/mcu_ws/install/rosidl_runtime_c/include/rosidl_runtime_c -isystem /home/idgaf/uros_ws/firmware/mcu_ws/install/rcutils/include/rcutils -isystem /home/idgaf/uros_ws/firmware/mcu_ws/install/rosidl_typesupport_interface/include/rosidl_typesupport_interface -isystem /home/idgaf/uros_ws/firmware/mcu_ws/install/unique_identifier_msgs/include/unique_identifier_msgs -isystem /home/idgaf/uros_ws/firmware/mcu_ws/install/service_msgs/include/service_msgs -isystem /home/idgaf/uros_ws/firmware/mcu_ws/install/rosidl_typesupport_introspection_c/include/rosidl_typesupport_introspection_c -isystem /home/idgaf/uros_ws/firmware/mcu_ws/install/rcl/include/rcl -isystem /home/idgaf/uros_ws/firmware/mcu_ws/install/rcl_interfaces/include/rcl_interfaces -isystem /home/idgaf/uros_ws/firmware/mcu_ws/install/rcl_logging_interface/include/rcl_logging_interface -isystem /home/idgaf/uros_ws/firmware/mcu_ws/install/rmw/include/rmw -isystem /home/idgaf/uros_ws/firmware/mcu_ws/install/rosidl_dynamic_typesupport/include/rosidl_dynamic_typesupport -isystem /home/idgaf/uros_ws/firmware/mcu_ws/install/rmw_microxrcedds/include -isystem /home/idgaf/uros_ws/firmware/mcu_ws/install/microxrcedds_client/include -isystem /home/idgaf/uros_ws/firmware/mcu_ws/install/microcdr/include -isystem /home/idgaf/uros_ws/firmware/mcu_ws/install/rosidl_typesupport_microxrcedds_c/include -isystem /home/idgaf/uros_ws/firmware/mcu_ws/install/type_description_interfaces/include/type_description_interfaces -std=c11 -mcpu=cortex-m4 -mthumb -mfpu=fpv4-sp-d16 -mfloat-abi=hard -DUSE_HAL_DRIVER -DSTM32F446xx -D_TIMEVAL_DEFINE -O0 -Wall -fdata-sections -ffunction-sections  -DCLOCK_MONOTONIC=0 -g -std=gnu11 -fvisibility=hidden -Wall -Wextra -Wpedantic -MD -MT CMakeFiles/rcl_action.dir/src/rcl_action/names.c.obj -MF CMakeFiles/rcl_action.dir/src/rcl_action/names.c.obj.d -o CMakeFiles/rcl_action.dir/src/rcl_action/names.c.obj -c /home/idgaf/uros_ws/firmware/mcu_ws/uros/rcl/rcl_action/src/rcl_action/names.c
[ 77%] [32mBuilding C object CMakeFiles/rcl_action.dir/src/rcl_action/goal_state_machine.c.obj[0m
[ 88%] [32mBuilding C object CMakeFiles/rcl_action.dir/src/rcl_action/graph.c.obj[0m
/home/idgaf/uros_ws/firmware/freertos_apps/microros_nucleo_f446re_extensions/../../toolchain/bin/arm-none-eabi-gcc -DRCL_ACTION_BUILDING_DLL -DROS_PACKAGE_NAME=\"rcl_action\" -I/home/idgaf/uros_ws/firmware/mcu_ws/uros/rcl/rcl_action/include -I/home/idgaf/uros_ws/firmware/mcu_ws/build/rcl_action/ament_generate_version_header/rcl_action -isystem /home/idgaf/uros_ws/firmware/mcu_ws/install/action_msgs/include/action_msgs -isystem /home/idgaf/uros_ws/firmware/mcu_ws/install/builtin_interfaces/include/builtin_interfaces -isystem /home/idgaf/uros_ws/firmware/mcu_ws/install/rosidl_runtime_c/include/rosidl_runtime_c -isystem /home/idgaf/uros_ws/firmware/mcu_ws/install/rcutils/include/rcutils -isystem /home/idgaf/uros_ws/firmware/mcu_ws/install/rosidl_typesupport_interface/include/rosidl_typesupport_interface -isystem /home/idgaf/uros_ws/firmware/mcu_ws/install/unique_identifier_msgs/include/unique_identifier_msgs -isystem /home/idgaf/uros_ws/firmware/mcu_ws/install/service_msgs/include/service_msgs -isystem /home/idgaf/uros_ws/firmware/mcu_ws/install/rosidl_typesupport_introspection_c/include/rosidl_typesupport_introspection_c -isystem /home/idgaf/uros_ws/firmware/mcu_ws/install/rcl/include/rcl -isystem /home/idgaf/uros_ws/firmware/mcu_ws/install/rcl_interfaces/include/rcl_interfaces -isystem /home/idgaf/uros_ws/firmware/mcu_ws/install/rcl_logging_interface/include/rcl_logging_interface -isystem /home/idgaf/uros_ws/firmware/mcu_ws/install/rmw/include/rmw -isystem /home/idgaf/uros_ws/firmware/mcu_ws/install/rosidl_dynamic_typesupport/include/rosidl_dynamic_typesupport -isystem /home/idgaf/uros_ws/firmware/mcu_ws/install/rmw_microxrcedds/include -isystem /home/idgaf/uros_ws/firmware/mcu_ws/install/microxrcedds_client/include -isystem /home/idgaf/uros_ws/firmware/mcu_ws/install/microcdr/include -isystem /home/idgaf/uros_ws/firmware/mcu_ws/install/rosidl_typesupport_microxrcedds_c/include -isystem /home/idgaf/uros_ws/firmware/mcu_ws/install/type_description_interfaces/include/type_description_interfaces -std=c11 -mcpu=cortex-m4 -mthumb -mfpu=fpv4-sp-d16 -mfloat-abi=hard -DUSE_HAL_DRIVER -DSTM32F446xx -D_TIMEVAL_DEFINE -O0 -Wall -fdata-sections -ffunction-sections  -DCLOCK_MONOTONIC=0 -g -std=gnu11 -fvisibility=hidden -Wall -Wextra -Wpedantic -MD -MT CMakeFiles/rcl_action.dir/src/rcl_action/action_client.c.obj -MF CMakeFiles/rcl_action.dir/src/rcl_action/action_client.c.obj.d -o CMakeFiles/rcl_action.dir/src/rcl_action/action_client.c.obj -c /home/idgaf/uros_ws/firmware/mcu_ws/uros/rcl/rcl_action/src/rcl_action/action_client.c
/home/idgaf/uros_ws/firmware/freertos_apps/microros_nucleo_f446re_extensions/../../toolchain/bin/arm-none-eabi-gcc -DRCL_ACTION_BUILDING_DLL -DROS_PACKAGE_NAME=\"rcl_action\" -I/home/idgaf/uros_ws/firmware/mcu_ws/uros/rcl/rcl_action/include -I/home/idgaf/uros_ws/firmware/mcu_ws/build/rcl_action/ament_generate_version_header/rcl_action -isystem /home/idgaf/uros_ws/firmware/mcu_ws/install/action_msgs/include/action_msgs -isystem /home/idgaf/uros_ws/firmware/mcu_ws/install/builtin_interfaces/include/builtin_interfaces -isystem /home/idgaf/uros_ws/firmware/mcu_ws/install/rosidl_runtime_c/include/rosidl_runtime_c -isystem /home/idgaf/uros_ws/firmware/mcu_ws/install/rcutils/include/rcutils -isystem /home/idgaf/uros_ws/firmware/mcu_ws/install/rosidl_typesupport_interface/include/rosidl_typesupport_interface -isystem /home/idgaf/uros_ws/firmware/mcu_ws/install/unique_identifier_msgs/include/unique_identifier_msgs -isystem /home/idgaf/uros_ws/firmware/mcu_ws/install/service_msgs/include/service_msgs -isystem /home/idgaf/uros_ws/firmware/mcu_ws/install/rosidl_typesupport_introspection_c/include/rosidl_typesupport_introspection_c -isystem /home/idgaf/uros_ws/firmware/mcu_ws/install/rcl/include/rcl -isystem /home/idgaf/uros_ws/firmware/mcu_ws/install/rcl_interfaces/include/rcl_interfaces -isystem /home/idgaf/uros_ws/firmware/mcu_ws/install/rcl_logging_interface/include/rcl_logging_interface -isystem /home/idgaf/uros_ws/firmware/mcu_ws/install/rmw/include/rmw -isystem /home/idgaf/uros_ws/firmware/mcu_ws/install/rosidl_dynamic_typesupport/include/rosidl_dynamic_typesupport -isystem /home/idgaf/uros_ws/firmware/mcu_ws/install/rmw_microxrcedds/include -isystem /home/idgaf/uros_ws/firmware/mcu_ws/install/microxrcedds_client/include -isystem /home/idgaf/uros_ws/firmware/mcu_ws/install/microcdr/include -isystem /home/idgaf/uros_ws/firmware/mcu_ws/install/rosidl_typesupport_microxrcedds_c/include -isystem /home/idgaf/uros_ws/firmware/mcu_ws/install/type_description_interfaces/include/type_description_interfaces -std=c11 -mcpu=cortex-m4 -mthumb -mfpu=fpv4-sp-d16 -mfloat-abi=hard -DUSE_HAL_DRIVER -DSTM32F446xx -D_TIMEVAL_DEFINE -O0 -Wall -fdata-sections -ffunction-sections  -DCLOCK_MONOTONIC=0 -g -std=gnu11 -fvisibility=hidden -Wall -Wextra -Wpedantic -MD -MT CMakeFiles/rcl_action.dir/src/rcl_action/goal_handle.c.obj -MF CMakeFiles/rcl_action.dir/src/rcl_action/goal_handle.c.obj.d -o CMakeFiles/rcl_action.dir/src/rcl_action/goal_handle.c.obj -c /home/idgaf/uros_ws/firmware/mcu_ws/uros/rcl/rcl_action/src/rcl_action/goal_handle.c
/home/idgaf/uros_ws/firmware/freertos_apps/microros_nucleo_f446re_extensions/../../toolchain/bin/arm-none-eabi-gcc -DRCL_ACTION_BUILDING_DLL -DROS_PACKAGE_NAME=\"rcl_action\" -I/home/idgaf/uros_ws/firmware/mcu_ws/uros/rcl/rcl_action/include -I/home/idgaf/uros_ws/firmware/mcu_ws/build/rcl_action/ament_generate_version_header/rcl_action -isystem /home/idgaf/uros_ws/firmware/mcu_ws/install/action_msgs/include/action_msgs -isystem /home/idgaf/uros_ws/firmware/mcu_ws/install/builtin_interfaces/include/builtin_interfaces -isystem /home/idgaf/uros_ws/firmware/mcu_ws/install/rosidl_runtime_c/include/rosidl_runtime_c -isystem /home/idgaf/uros_ws/firmware/mcu_ws/install/rcutils/include/rcutils -isystem /home/idgaf/uros_ws/firmware/mcu_ws/install/rosidl_typesupport_interface/include/rosidl_typesupport_interface -isystem /home/idgaf/uros_ws/firmware/mcu_ws/install/unique_identifier_msgs/include/unique_identifier_msgs -isystem /home/idgaf/uros_ws/firmware/mcu_ws/install/service_msgs/include/service_msgs -isystem /home/idgaf/uros_ws/firmware/mcu_ws/install/rosidl_typesupport_introspection_c/include/rosidl_typesupport_introspection_c -isystem /home/idgaf/uros_ws/firmware/mcu_ws/install/rcl/include/rcl -isystem /home/idgaf/uros_ws/firmware/mcu_ws/install/rcl_interfaces/include/rcl_interfaces -isystem /home/idgaf/uros_ws/firmware/mcu_ws/install/rcl_logging_interface/include/rcl_logging_interface -isystem /home/idgaf/uros_ws/firmware/mcu_ws/install/rmw/include/rmw -isystem /home/idgaf/uros_ws/firmware/mcu_ws/install/rosidl_dynamic_typesupport/include/rosidl_dynamic_typesupport -isystem /home/idgaf/uros_ws/firmware/mcu_ws/install/rmw_microxrcedds/include -isystem /home/idgaf/uros_ws/firmware/mcu_ws/install/microxrcedds_client/include -isystem /home/idgaf/uros_ws/firmware/mcu_ws/install/microcdr/include -isystem /home/idgaf/uros_ws/firmware/mcu_ws/install/rosidl_typesupport_microxrcedds_c/include -isystem /home/idgaf/uros_ws/firmware/mcu_ws/install/type_description_interfaces/include/type_description_interfaces -std=c11 -mcpu=cortex-m4 -mthumb -mfpu=fpv4-sp-d16 -mfloat-abi=hard -DUSE_HAL_DRIVER -DSTM32F446xx -D_TIMEVAL_DEFINE -O0 -Wall -fdata-sections -ffunction-sections  -DCLOCK_MONOTONIC=0 -g -std=gnu11 -fvisibility=hidden -Wall -Wextra -Wpedantic -MD -MT CMakeFiles/rcl_action.dir/src/rcl_action/goal_state_machine.c.obj -MF CMakeFiles/rcl_action.dir/src/rcl_action/goal_state_machine.c.obj.d -o CMakeFiles/rcl_action.dir/src/rcl_action/goal_state_machine.c.obj -c /home/idgaf/uros_ws/firmware/mcu_ws/uros/rcl/rcl_action/src/rcl_action/goal_state_machine.c
/home/idgaf/uros_ws/firmware/freertos_apps/microros_nucleo_f446re_extensions/../../toolchain/bin/arm-none-eabi-gcc -DRCL_ACTION_BUILDING_DLL -DROS_PACKAGE_NAME=\"rcl_action\" -I/home/idgaf/uros_ws/firmware/mcu_ws/uros/rcl/rcl_action/include -I/home/idgaf/uros_ws/firmware/mcu_ws/build/rcl_action/ament_generate_version_header/rcl_action -isystem /home/idgaf/uros_ws/firmware/mcu_ws/install/action_msgs/include/action_msgs -isystem /home/idgaf/uros_ws/firmware/mcu_ws/install/builtin_interfaces/include/builtin_interfaces -isystem /home/idgaf/uros_ws/firmware/mcu_ws/install/rosidl_runtime_c/include/rosidl_runtime_c -isystem /home/idgaf/uros_ws/firmware/mcu_ws/install/rcutils/include/rcutils -isystem /home/idgaf/uros_ws/firmware/mcu_ws/install/rosidl_typesupport_interface/include/rosidl_typesupport_interface -isystem /home/idgaf/uros_ws/firmware/mcu_ws/install/unique_identifier_msgs/include/unique_identifier_msgs -isystem /home/idgaf/uros_ws/firmware/mcu_ws/install/service_msgs/include/service_msgs -isystem /home/idgaf/uros_ws/firmware/mcu_ws/install/rosidl_typesupport_introspection_c/include/rosidl_typesupport_introspection_c -isystem /home/idgaf/uros_ws/firmware/mcu_ws/install/rcl/include/rcl -isystem /home/idgaf/uros_ws/firmware/mcu_ws/install/rcl_interfaces/include/rcl_interfaces -isystem /home/idgaf/uros_ws/firmware/mcu_ws/install/rcl_logging_interface/include/rcl_logging_interface -isystem /home/idgaf/uros_ws/firmware/mcu_ws/install/rmw/include/rmw -isystem /home/idgaf/uros_ws/firmware/mcu_ws/install/rosidl_dynamic_typesupport/include/rosidl_dynamic_typesupport -isystem /home/idgaf/uros_ws/firmware/mcu_ws/install/rmw_microxrcedds/include -isystem /home/idgaf/uros_ws/firmware/mcu_ws/install/microxrcedds_client/include -isystem /home/idgaf/uros_ws/firmware/mcu_ws/install/microcdr/include -isystem /home/idgaf/uros_ws/firmware/mcu_ws/install/rosidl_typesupport_microxrcedds_c/include -isystem /home/idgaf/uros_ws/firmware/mcu_ws/install/type_description_interfaces/include/type_description_interfaces -std=c11 -mcpu=cortex-m4 -mthumb -mfpu=fpv4-sp-d16 -mfloat-abi=hard -DUSE_HAL_DRIVER -DSTM32F446xx -D_TIMEVAL_DEFINE -O0 -Wall -fdata-sections -ffunction-sections  -DCLOCK_MONOTONIC=0 -g -std=gnu11 -fvisibility=hidden -Wall -Wextra -Wpedantic -MD -MT CMakeFiles/rcl_action.dir/src/rcl_action/graph.c.obj -MF CMakeFiles/rcl_action.dir/src/rcl_action/graph.c.obj.d -o CMakeFiles/rcl_action.dir/src/rcl_action/graph.c.obj -c /home/idgaf/uros_ws/firmware/mcu_ws/uros/rcl/rcl_action/src/rcl_action/graph.c
[100%] [32m[1mLinking CXX static library librcl_action.a[0m
/usr/bin/cmake -P CMakeFiles/rcl_action.dir/cmake_clean_target.cmake
/usr/bin/cmake -E cmake_link_script CMakeFiles/rcl_action.dir/link.txt --verbose=1
/home/idgaf/uros_ws/firmware/toolchain/bin/arm-none-eabi-ar qc librcl_action.a CMakeFiles/rcl_action.dir/src/rcl_action/action_client.c.obj CMakeFiles/rcl_action.dir/src/rcl_action/action_server.c.obj CMakeFiles/rcl_action.dir/src/rcl_action/goal_handle.c.obj CMakeFiles/rcl_action.dir/src/rcl_action/goal_state_machine.c.obj CMakeFiles/rcl_action.dir/src/rcl_action/graph.c.obj CMakeFiles/rcl_action.dir/src/rcl_action/names.c.obj CMakeFiles/rcl_action.dir/src/rcl_action/types.c.obj
/home/idgaf/uros_ws/firmware/toolchain/bin/arm-none-eabi-ranlib librcl_action.a
gmake[3]: Leaving directory '/home/idgaf/uros_ws/firmware/mcu_ws/build/rcl_action'
[100%] Built target rcl_action
gmake[2]: Leaving directory '/home/idgaf/uros_ws/firmware/mcu_ws/build/rcl_action'
/usr/bin/cmake -E cmake_progress_start /home/idgaf/uros_ws/firmware/mcu_ws/build/rcl_action/CMakeFiles 0
gmake[1]: Leaving directory '/home/idgaf/uros_ws/firmware/mcu_ws/build/rcl_action'

-- Install configuration: "Debug"
-- Installing: /home/idgaf/uros_ws/firmware/mcu_ws/install/rcl_action/include/rcl_action
-- Installing: /home/idgaf/uros_ws/firmware/mcu_ws/install/rcl_action/include/rcl_action/rcl_action
-- Installing: /home/idgaf/uros_ws/firmware/mcu_ws/install/rcl_action/include/rcl_action/rcl_action/names.h
-- Installing: /home/idgaf/uros_ws/firmware/mcu_ws/install/rcl_action/include/rcl_action/rcl_action/graph.h
-- Installing: /home/idgaf/uros_ws/firmware/mcu_ws/install/rcl_action/include/rcl_action/rcl_action/action_server.h
-- Installing: /home/idgaf/uros_ws/firmware/mcu_ws/install/rcl_action/include/rcl_action/rcl_action/goal_handle.h
-- Installing: /home/idgaf/uros_ws/firmware/mcu_ws/install/rcl_action/include/rcl_action/rcl_action/action_client.h
-- Installing: /home/idgaf/uros_ws/firmware/mcu_ws/install/rcl_action/include/rcl_action/rcl_action/visibility_control.h
-- Installing: /home/idgaf/uros_ws/firmware/mcu_ws/install/rcl_action/include/rcl_action/rcl_action/wait.h
-- Installing: /home/idgaf/uros_ws/firmware/mcu_ws/install/rcl_action/include/rcl_action/rcl_action/types.h
-- Installing: /home/idgaf/uros_ws/firmware/mcu_ws/install/rcl_action/include/rcl_action/rcl_action/rcl_action.h
-- Installing: /home/idgaf/uros_ws/firmware/mcu_ws/install/rcl_action/include/rcl_action/rcl_action/default_qos.h
-- Installing: /home/idgaf/uros_ws/firmware/mcu_ws/install/rcl_action/include/rcl_action/rcl_action/goal_state_machine.h
-- Installing: /home/idgaf/uros_ws/firmware/mcu_ws/install/rcl_action/lib/librcl_action.a
-- Installing: /home/idgaf/uros_ws/firmware/mcu_ws/install/rcl_action/share/rcl_action/environment/library_path.sh
-- Installing: /home/idgaf/uros_ws/firmware/mcu_ws/install/rcl_action/share/rcl_action/environment/library_path.dsv
-- Installing: /home/idgaf/uros_ws/firmware/mcu_ws/install/rcl_action/include/rcl_action/rcl_action/version.h
-- Installing: /home/idgaf/uros_ws/firmware/mcu_ws/install/rcl_action/share/ament_index/resource_index/package_run_dependencies/rcl_action
-- Installing: /home/idgaf/uros_ws/firmware/mcu_ws/install/rcl_action/share/ament_index/resource_index/parent_prefix_path/rcl_action
-- Installing: /home/idgaf/uros_ws/firmware/mcu_ws/install/rcl_action/share/rcl_action/environment/ament_prefix_path.sh
-- Installing: /home/idgaf/uros_ws/firmware/mcu_ws/install/rcl_action/share/rcl_action/environment/ament_prefix_path.dsv
-- Installing: /home/idgaf/uros_ws/firmware/mcu_ws/install/rcl_action/share/rcl_action/environment/path.sh
-- Installing: /home/idgaf/uros_ws/firmware/mcu_ws/install/rcl_action/share/rcl_action/environment/path.dsv
-- Installing: /home/idgaf/uros_ws/firmware/mcu_ws/install/rcl_action/share/rcl_action/local_setup.bash
-- Installing: /home/idgaf/uros_ws/firmware/mcu_ws/install/rcl_action/share/rcl_action/local_setup.sh
-- Installing: /home/idgaf/uros_ws/firmware/mcu_ws/install/rcl_action/share/rcl_action/local_setup.zsh
-- Installing: /home/idgaf/uros_ws/firmware/mcu_ws/install/rcl_action/share/rcl_action/local_setup.dsv
-- Installing: /home/idgaf/uros_ws/firmware/mcu_ws/install/rcl_action/share/rcl_action/package.dsv
-- Installing: /home/idgaf/uros_ws/firmware/mcu_ws/install/rcl_action/share/ament_index/resource_index/packages/rcl_action
-- Installing: /home/idgaf/uros_ws/firmware/mcu_ws/install/rcl_action/share/rcl_action/cmake/rcl_actionExport.cmake
-- Installing: /home/idgaf/uros_ws/firmware/mcu_ws/install/rcl_action/share/rcl_action/cmake/rcl_actionExport-debug.cmake
-- Installing: /home/idgaf/uros_ws/firmware/mcu_ws/install/rcl_action/share/rcl_action/cmake/ament_cmake_export_include_directories-extras.cmake
-- Installing: /home/idgaf/uros_ws/firmware/mcu_ws/install/rcl_action/share/rcl_action/cmake/ament_cmake_export_libraries-extras.cmake
-- Installing: /home/idgaf/uros_ws/firmware/mcu_ws/install/rcl_action/share/rcl_action/cmake/ament_cmake_export_targets-extras.cmake
-- Installing: /home/idgaf/uros_ws/firmware/mcu_ws/install/rcl_action/share/rcl_action/cmake/ament_cmake_export_dependencies-extras.cmake
-- Installing: /home/idgaf/uros_ws/firmware/mcu_ws/install/rcl_action/share/rcl_action/cmake/rcl_actionConfig.cmake
-- Installing: /home/idgaf/uros_ws/firmware/mcu_ws/install/rcl_action/share/rcl_action/cmake/rcl_actionConfig-version.cmake
-- Installing: /home/idgaf/uros_ws/firmware/mcu_ws/install/rcl_action/share/rcl_action/package.xml
