[0.007s] Invoking command in '/home/idgaf/Documents/robot/Robot_ros2_ws/build/aar6': CMAKE_PREFIX_PATH=${CMAKE_PREFIX_PATH}:/opt/ros/jazzy DEBUGINFOD_URLS=https://debuginfod.ubuntu.com /usr/bin/cmake --build /home/idgaf/Documents/robot/Robot_ros2_ws/build/aar6 -- -j16 -l16
[0.025s] -- Found ament_cmake: 2.5.4 (/opt/ros/jazzy/share/ament_cmake/cmake)
[0.170s] -- Found ament_lint_auto: 0.17.2 (/opt/ros/jazzy/share/ament_lint_auto/cmake)
[0.228s] [31mCMake Error at CMakeLists.txt:48 (install):
[0.228s]   install TARGETS given target "joint_state_pub" which does not exist.
[0.228s] 
[0.228s] [0m
[0.230s] -- Added test 'cppcheck' to perform static code analysis on C / C++ code
[0.230s] -- Configured cppcheck include dirs: 
[0.230s] -- Configured cppcheck exclude dirs and/or files: 
[0.231s] -- Added test 'flake8' to check Python code syntax and style conventions
[0.231s] -- Configured 'flake8' exclude dirs and/or files: 
[0.231s] -- Added test 'lint_cmake' to check CMake code style
[0.231s] -- Added test 'pep257' to check Python code against some of the docstring style conventions in PEP 257
[0.232s] -- Added test 'uncrustify' to check C / C++ code style
[0.232s] -- Configured uncrustify additional arguments: 
[0.232s] -- Added test 'xmllint' to check XML markup files
[0.233s] -- Configuring incomplete, errors occurred!
[0.235s] gmake: *** [Makefile:226: cmake_check_build_system] Error 1
[0.236s] Invoked command in '/home/idgaf/Documents/robot/Robot_ros2_ws/build/aar6' returned '2': CMAKE_PREFIX_PATH=${CMAKE_PREFIX_PATH}:/opt/ros/jazzy DEBUGINFOD_URLS=https://debuginfod.ubuntu.com /usr/bin/cmake --build /home/idgaf/Documents/robot/Robot_ros2_ws/build/aar6 -- -j16 -l16
