[0.180s] Invoking command in '/home/idgaf/uros_ws/firmware/mcu_ws/build/rmw_implementation_cmake': CMAKE_PREFIX_PATH=${CMAKE_PREFIX_PATH}:/home/idgaf/uros_ws/firmware/dev_ws/install/ament_uncrustify:/home/idgaf/uros_ws/firmware/dev_ws/install/domain_coordinator:/home/idgaf/uros_ws/firmware/dev_ws/install/ament_xmllint:/home/idgaf/uros_ws/firmware/dev_ws/install/ament_pyflakes:/home/idgaf/uros_ws/firmware/dev_ws/install/ament_pycodestyle:/home/idgaf/uros_ws/firmware/dev_ws/install/ament_pep257:/home/idgaf/uros_ws/firmware/dev_ws/install/ament_pclint:/home/idgaf/uros_ws/firmware/dev_ws/install/ament_package:/home/idgaf/uros_ws/firmware/dev_ws/install/ament_mypy:/home/idgaf/uros_ws/firmware/dev_ws/install/ament_lint_cmake:/home/idgaf/uros_ws/firmware/dev_ws/install/ament_flake8:/home/idgaf/uros_ws/firmware/dev_ws/install/ament_copyright:/home/idgaf/uros_ws/firmware/dev_ws/install/ament_lint:/home/idgaf/uros_ws/firmware/dev_ws/install/ament_index_python:/home/idgaf/uros_ws/firmware/dev_ws/install/ament_cpplint:/home/idgaf/uros_ws/firmware/dev_ws/install/ament_cppcheck:/home/idgaf/uros_ws/firmware/dev_ws/install/ament_clang_tidy:/home/idgaf/uros_ws/firmware/dev_ws/install/ament_clang_format DEBUGINFOD_URLS=https://debuginfod.ubuntu.com /usr/bin/cmake /home/idgaf/uros_ws/firmware/mcu_ws/ros2/rmw/rmw_implementation_cmake --no-warn-unused-cli -DCMAKE_POSITION_INDEPENDENT_CODE=OFF -DTHIRDPARTY=ON -DBUILD_SHARED_LIBS=OFF -DBUILD_TESTING=OFF -DCMAKE_BUILD_TYPE=Debug -DCMAKE_TOOLCHAIN_FILE=/home/idgaf/uros_ws/firmware/freertos_apps/microros_nucleo_f446re_extensions/arm_toolchain.cmake -DCMAKE_VERBOSE_MAKEFILE=ON -DCMAKE_INSTALL_PREFIX=/home/idgaf/uros_ws/firmware/mcu_ws/install/rmw_implementation_cmake
[0.409s] Not searching for unused variables given on the command line.
[0.409s] -- Found ament_cmake: 2.5.4 (/home/idgaf/uros_ws/firmware/dev_ws/install/ament_cmake/share/ament_cmake/cmake)
[0.409s] -- Found Python3: /usr/bin/python3 (found version "3.12.3") found components: Interpreter 
[0.682s] -- Configuring done (0.5s)
[0.686s] -- Generating done (0.0s)
[0.688s] -- Build files have been written to: /home/idgaf/uros_ws/firmware/mcu_ws/build/rmw_implementation_cmake
[0.692s] Invoked command in '/home/idgaf/uros_ws/firmware/mcu_ws/build/rmw_implementation_cmake' returned '0': CMAKE_PREFIX_PATH=${CMAKE_PREFIX_PATH}:/home/idgaf/uros_ws/firmware/dev_ws/install/ament_uncrustify:/home/idgaf/uros_ws/firmware/dev_ws/install/domain_coordinator:/home/idgaf/uros_ws/firmware/dev_ws/install/ament_xmllint:/home/idgaf/uros_ws/firmware/dev_ws/install/ament_pyflakes:/home/idgaf/uros_ws/firmware/dev_ws/install/ament_pycodestyle:/home/idgaf/uros_ws/firmware/dev_ws/install/ament_pep257:/home/idgaf/uros_ws/firmware/dev_ws/install/ament_pclint:/home/idgaf/uros_ws/firmware/dev_ws/install/ament_package:/home/idgaf/uros_ws/firmware/dev_ws/install/ament_mypy:/home/idgaf/uros_ws/firmware/dev_ws/install/ament_lint_cmake:/home/idgaf/uros_ws/firmware/dev_ws/install/ament_flake8:/home/idgaf/uros_ws/firmware/dev_ws/install/ament_copyright:/home/idgaf/uros_ws/firmware/dev_ws/install/ament_lint:/home/idgaf/uros_ws/firmware/dev_ws/install/ament_index_python:/home/idgaf/uros_ws/firmware/dev_ws/install/ament_cpplint:/home/idgaf/uros_ws/firmware/dev_ws/install/ament_cppcheck:/home/idgaf/uros_ws/firmware/dev_ws/install/ament_clang_tidy:/home/idgaf/uros_ws/firmware/dev_ws/install/ament_clang_format DEBUGINFOD_URLS=https://debuginfod.ubuntu.com /usr/bin/cmake /home/idgaf/uros_ws/firmware/mcu_ws/ros2/rmw/rmw_implementation_cmake --no-warn-unused-cli -DCMAKE_POSITION_INDEPENDENT_CODE=OFF -DTHIRDPARTY=ON -DBUILD_SHARED_LIBS=OFF -DBUILD_TESTING=OFF -DCMAKE_BUILD_TYPE=Debug -DCMAKE_TOOLCHAIN_FILE=/home/idgaf/uros_ws/firmware/freertos_apps/microros_nucleo_f446re_extensions/arm_toolchain.cmake -DCMAKE_VERBOSE_MAKEFILE=ON -DCMAKE_INSTALL_PREFIX=/home/idgaf/uros_ws/firmware/mcu_ws/install/rmw_implementation_cmake
[0.693s] Invoking command in '/home/idgaf/uros_ws/firmware/mcu_ws/build/rmw_implementation_cmake': CMAKE_PREFIX_PATH=${CMAKE_PREFIX_PATH}:/home/idgaf/uros_ws/firmware/dev_ws/install/ament_uncrustify:/home/idgaf/uros_ws/firmware/dev_ws/install/domain_coordinator:/home/idgaf/uros_ws/firmware/dev_ws/install/ament_xmllint:/home/idgaf/uros_ws/firmware/dev_ws/install/ament_pyflakes:/home/idgaf/uros_ws/firmware/dev_ws/install/ament_pycodestyle:/home/idgaf/uros_ws/firmware/dev_ws/install/ament_pep257:/home/idgaf/uros_ws/firmware/dev_ws/install/ament_pclint:/home/idgaf/uros_ws/firmware/dev_ws/install/ament_package:/home/idgaf/uros_ws/firmware/dev_ws/install/ament_mypy:/home/idgaf/uros_ws/firmware/dev_ws/install/ament_lint_cmake:/home/idgaf/uros_ws/firmware/dev_ws/install/ament_flake8:/home/idgaf/uros_ws/firmware/dev_ws/install/ament_copyright:/home/idgaf/uros_ws/firmware/dev_ws/install/ament_lint:/home/idgaf/uros_ws/firmware/dev_ws/install/ament_index_python:/home/idgaf/uros_ws/firmware/dev_ws/install/ament_cpplint:/home/idgaf/uros_ws/firmware/dev_ws/install/ament_cppcheck:/home/idgaf/uros_ws/firmware/dev_ws/install/ament_clang_tidy:/home/idgaf/uros_ws/firmware/dev_ws/install/ament_clang_format DEBUGINFOD_URLS=https://debuginfod.ubuntu.com /usr/bin/cmake --build /home/idgaf/uros_ws/firmware/mcu_ws/build/rmw_implementation_cmake -- -j16 -l16
[0.702s] Change Dir: '/home/idgaf/uros_ws/firmware/mcu_ws/build/rmw_implementation_cmake'
[0.702s] 
[0.703s] Run Build Command(s): /usr/bin/cmake -E env VERBOSE=1 /usr/bin/gmake -f Makefile -j16 -l16
[0.710s] gmake[1]: Entering directory '/home/idgaf/uros_ws/firmware/mcu_ws/build/rmw_implementation_cmake'
[0.710s] /usr/bin/cmake -S/home/idgaf/uros_ws/firmware/mcu_ws/ros2/rmw/rmw_implementation_cmake -B/home/idgaf/uros_ws/firmware/mcu_ws/build/rmw_implementation_cmake --check-build-system CMakeFiles/Makefile.cmake 0
[0.719s] /usr/bin/cmake -E cmake_progress_start /home/idgaf/uros_ws/firmware/mcu_ws/build/rmw_implementation_cmake/CMakeFiles /home/idgaf/uros_ws/firmware/mcu_ws/build/rmw_implementation_cmake//CMakeFiles/progress.marks
[0.728s] /usr/bin/gmake  -f CMakeFiles/Makefile2 all
[0.729s] gmake[2]: Entering directory '/home/idgaf/uros_ws/firmware/mcu_ws/build/rmw_implementation_cmake'
[0.730s] gmake[2]: Nothing to be done for 'all'.
[0.730s] gmake[2]: Leaving directory '/home/idgaf/uros_ws/firmware/mcu_ws/build/rmw_implementation_cmake'
[0.730s] /usr/bin/cmake -E cmake_progress_start /home/idgaf/uros_ws/firmware/mcu_ws/build/rmw_implementation_cmake/CMakeFiles 0
[0.738s] gmake[1]: Leaving directory '/home/idgaf/uros_ws/firmware/mcu_ws/build/rmw_implementation_cmake'
[0.738s] 
[0.780s] Invoked command in '/home/idgaf/uros_ws/firmware/mcu_ws/build/rmw_implementation_cmake' returned '0': CMAKE_PREFIX_PATH=${CMAKE_PREFIX_PATH}:/home/idgaf/uros_ws/firmware/dev_ws/install/ament_uncrustify:/home/idgaf/uros_ws/firmware/dev_ws/install/domain_coordinator:/home/idgaf/uros_ws/firmware/dev_ws/install/ament_xmllint:/home/idgaf/uros_ws/firmware/dev_ws/install/ament_pyflakes:/home/idgaf/uros_ws/firmware/dev_ws/install/ament_pycodestyle:/home/idgaf/uros_ws/firmware/dev_ws/install/ament_pep257:/home/idgaf/uros_ws/firmware/dev_ws/install/ament_pclint:/home/idgaf/uros_ws/firmware/dev_ws/install/ament_package:/home/idgaf/uros_ws/firmware/dev_ws/install/ament_mypy:/home/idgaf/uros_ws/firmware/dev_ws/install/ament_lint_cmake:/home/idgaf/uros_ws/firmware/dev_ws/install/ament_flake8:/home/idgaf/uros_ws/firmware/dev_ws/install/ament_copyright:/home/idgaf/uros_ws/firmware/dev_ws/install/ament_lint:/home/idgaf/uros_ws/firmware/dev_ws/install/ament_index_python:/home/idgaf/uros_ws/firmware/dev_ws/install/ament_cpplint:/home/idgaf/uros_ws/firmware/dev_ws/install/ament_cppcheck:/home/idgaf/uros_ws/firmware/dev_ws/install/ament_clang_tidy:/home/idgaf/uros_ws/firmware/dev_ws/install/ament_clang_format DEBUGINFOD_URLS=https://debuginfod.ubuntu.com /usr/bin/cmake --build /home/idgaf/uros_ws/firmware/mcu_ws/build/rmw_implementation_cmake -- -j16 -l16
[0.782s] Invoking command in '/home/idgaf/uros_ws/firmware/mcu_ws/build/rmw_implementation_cmake': CMAKE_PREFIX_PATH=${CMAKE_PREFIX_PATH}:/home/idgaf/uros_ws/firmware/dev_ws/install/ament_uncrustify:/home/idgaf/uros_ws/firmware/dev_ws/install/domain_coordinator:/home/idgaf/uros_ws/firmware/dev_ws/install/ament_xmllint:/home/idgaf/uros_ws/firmware/dev_ws/install/ament_pyflakes:/home/idgaf/uros_ws/firmware/dev_ws/install/ament_pycodestyle:/home/idgaf/uros_ws/firmware/dev_ws/install/ament_pep257:/home/idgaf/uros_ws/firmware/dev_ws/install/ament_pclint:/home/idgaf/uros_ws/firmware/dev_ws/install/ament_package:/home/idgaf/uros_ws/firmware/dev_ws/install/ament_mypy:/home/idgaf/uros_ws/firmware/dev_ws/install/ament_lint_cmake:/home/idgaf/uros_ws/firmware/dev_ws/install/ament_flake8:/home/idgaf/uros_ws/firmware/dev_ws/install/ament_copyright:/home/idgaf/uros_ws/firmware/dev_ws/install/ament_lint:/home/idgaf/uros_ws/firmware/dev_ws/install/ament_index_python:/home/idgaf/uros_ws/firmware/dev_ws/install/ament_cpplint:/home/idgaf/uros_ws/firmware/dev_ws/install/ament_cppcheck:/home/idgaf/uros_ws/firmware/dev_ws/install/ament_clang_tidy:/home/idgaf/uros_ws/firmware/dev_ws/install/ament_clang_format DEBUGINFOD_URLS=https://debuginfod.ubuntu.com /usr/bin/cmake --install /home/idgaf/uros_ws/firmware/mcu_ws/build/rmw_implementation_cmake
[0.787s] -- Install configuration: "Debug"
[0.787s] -- Installing: /home/idgaf/uros_ws/firmware/mcu_ws/install/rmw_implementation_cmake/share/ament_index/resource_index/package_run_dependencies/rmw_implementation_cmake
[0.787s] -- Installing: /home/idgaf/uros_ws/firmware/mcu_ws/install/rmw_implementation_cmake/share/ament_index/resource_index/parent_prefix_path/rmw_implementation_cmake
[0.787s] -- Installing: /home/idgaf/uros_ws/firmware/mcu_ws/install/rmw_implementation_cmake/share/rmw_implementation_cmake/environment/ament_prefix_path.sh
[0.788s] -- Installing: /home/idgaf/uros_ws/firmware/mcu_ws/install/rmw_implementation_cmake/share/rmw_implementation_cmake/environment/ament_prefix_path.dsv
[0.788s] -- Installing: /home/idgaf/uros_ws/firmware/mcu_ws/install/rmw_implementation_cmake/share/rmw_implementation_cmake/environment/path.sh
[0.788s] -- Installing: /home/idgaf/uros_ws/firmware/mcu_ws/install/rmw_implementation_cmake/share/rmw_implementation_cmake/environment/path.dsv
[0.788s] -- Installing: /home/idgaf/uros_ws/firmware/mcu_ws/install/rmw_implementation_cmake/share/rmw_implementation_cmake/local_setup.bash
[0.788s] -- Installing: /home/idgaf/uros_ws/firmware/mcu_ws/install/rmw_implementation_cmake/share/rmw_implementation_cmake/local_setup.sh
[0.788s] -- Installing: /home/idgaf/uros_ws/firmware/mcu_ws/install/rmw_implementation_cmake/share/rmw_implementation_cmake/local_setup.zsh
[0.788s] -- Installing: /home/idgaf/uros_ws/firmware/mcu_ws/install/rmw_implementation_cmake/share/rmw_implementation_cmake/local_setup.dsv
[0.788s] -- Installing: /home/idgaf/uros_ws/firmware/mcu_ws/install/rmw_implementation_cmake/share/rmw_implementation_cmake/package.dsv
[0.788s] -- Installing: /home/idgaf/uros_ws/firmware/mcu_ws/install/rmw_implementation_cmake/share/ament_index/resource_index/packages/rmw_implementation_cmake
[0.789s] -- Installing: /home/idgaf/uros_ws/firmware/mcu_ws/install/rmw_implementation_cmake/share/rmw_implementation_cmake/cmake/rmw_implementation_cmake-extras.cmake
[0.789s] -- Installing: /home/idgaf/uros_ws/firmware/mcu_ws/install/rmw_implementation_cmake/share/rmw_implementation_cmake/cmake/ament_cmake_export_dependencies-extras.cmake
[0.789s] -- Installing: /home/idgaf/uros_ws/firmware/mcu_ws/install/rmw_implementation_cmake/share/rmw_implementation_cmake/cmake/rmw_implementation_cmakeConfig.cmake
[0.789s] -- Installing: /home/idgaf/uros_ws/firmware/mcu_ws/install/rmw_implementation_cmake/share/rmw_implementation_cmake/cmake/rmw_implementation_cmakeConfig-version.cmake
[0.789s] -- Installing: /home/idgaf/uros_ws/firmware/mcu_ws/install/rmw_implementation_cmake/share/rmw_implementation_cmake/package.xml
[0.789s] -- Up-to-date: /home/idgaf/uros_ws/firmware/mcu_ws/install/rmw_implementation_cmake/share/rmw_implementation_cmake/cmake
[0.789s] -- Installing: /home/idgaf/uros_ws/firmware/mcu_ws/install/rmw_implementation_cmake/share/rmw_implementation_cmake/cmake/get_default_rmw_implementation.cmake
[0.789s] -- Installing: /home/idgaf/uros_ws/firmware/mcu_ws/install/rmw_implementation_cmake/share/rmw_implementation_cmake/cmake/get_available_rmw_implementations.cmake
[0.790s] -- Installing: /home/idgaf/uros_ws/firmware/mcu_ws/install/rmw_implementation_cmake/share/rmw_implementation_cmake/cmake/call_for_each_rmw_implementation.cmake
[0.791s] Invoked command in '/home/idgaf/uros_ws/firmware/mcu_ws/build/rmw_implementation_cmake' returned '0': CMAKE_PREFIX_PATH=${CMAKE_PREFIX_PATH}:/home/idgaf/uros_ws/firmware/dev_ws/install/ament_uncrustify:/home/idgaf/uros_ws/firmware/dev_ws/install/domain_coordinator:/home/idgaf/uros_ws/firmware/dev_ws/install/ament_xmllint:/home/idgaf/uros_ws/firmware/dev_ws/install/ament_pyflakes:/home/idgaf/uros_ws/firmware/dev_ws/install/ament_pycodestyle:/home/idgaf/uros_ws/firmware/dev_ws/install/ament_pep257:/home/idgaf/uros_ws/firmware/dev_ws/install/ament_pclint:/home/idgaf/uros_ws/firmware/dev_ws/install/ament_package:/home/idgaf/uros_ws/firmware/dev_ws/install/ament_mypy:/home/idgaf/uros_ws/firmware/dev_ws/install/ament_lint_cmake:/home/idgaf/uros_ws/firmware/dev_ws/install/ament_flake8:/home/idgaf/uros_ws/firmware/dev_ws/install/ament_copyright:/home/idgaf/uros_ws/firmware/dev_ws/install/ament_lint:/home/idgaf/uros_ws/firmware/dev_ws/install/ament_index_python:/home/idgaf/uros_ws/firmware/dev_ws/install/ament_cpplint:/home/idgaf/uros_ws/firmware/dev_ws/install/ament_cppcheck:/home/idgaf/uros_ws/firmware/dev_ws/install/ament_clang_tidy:/home/idgaf/uros_ws/firmware/dev_ws/install/ament_clang_format DEBUGINFOD_URLS=https://debuginfod.ubuntu.com /usr/bin/cmake --install /home/idgaf/uros_ws/firmware/mcu_ws/build/rmw_implementation_cmake
