[0.184s] DEBUG:colcon:Command line arguments: ['/usr/bin/colcon', 'build']
[0.184s] DEBUG:colcon:Parsed command line arguments: Namespace(log_base=None, log_level=None, verb_name='build', build_base='build', install_base='install', merge_install=False, symlink_install=False, test_result_base=None, continue_on_error=False, executor='parallel', parallel_workers=16, event_handlers=None, ignore_user_meta=False, metas=['./colcon.meta'], base_paths=['.'], packages_ignore=None, packages_ignore_regex=None, paths=None, packages_up_to=None, packages_up_to_regex=None, packages_above=None, packages_above_and_dependencies=None, packages_above_depth=None, packages_select_by_dep=None, packages_skip_by_dep=None, packages_skip_up_to=None, packages_select_build_failed=False, packages_skip_build_finished=False, packages_select_test_failures=False, packages_skip_test_passed=False, packages_select=None, packages_skip=None, packages_select_regex=None, packages_skip_regex=None, packages_start=None, packages_end=None, allow_overriding=[], cmake_args=None, cmake_target=None, cmake_target_skip_unavailable=False, cmake_clean_cache=False, cmake_clean_first=False, cmake_force_configure=False, ament_cmake_args=None, catkin_cmake_args=None, catkin_skip_building_tests=False, mixin_files=None, mixin=None, verb_parser=<colcon_mixin.mixin.mixin_argument.MixinArgumentDecorator object at 0x7459895bc890>, verb_extension=<colcon_core.verb.build.BuildVerb object at 0x74598a323740>, main=<bound method BuildVerb.main of <colcon_core.verb.build.BuildVerb object at 0x74598a323740>>, mixin_verb=('build',))
[0.257s] Level 1:colcon.colcon_core.package_discovery:discover_packages(colcon_meta) check parameters
[0.257s] Level 1:colcon.colcon_core.package_discovery:discover_packages(recursive) check parameters
[0.257s] Level 1:colcon.colcon_core.package_discovery:discover_packages(ignore) check parameters
[0.257s] Level 1:colcon.colcon_core.package_discovery:discover_packages(path) check parameters
[0.257s] Level 1:colcon.colcon_core.package_discovery:discover_packages(colcon_meta) discover
[0.257s] Level 1:colcon.colcon_core.package_discovery:discover_packages(recursive) discover
[0.257s] INFO:colcon.colcon_core.package_discovery:Crawling recursively for packages in '/home/idgaf/Documents/robot/Robot_ros2_ws'
[0.258s] Level 1:colcon.colcon_core.package_identification:_identify(.) by extensions ['ignore', 'ignore_ament_install']
[0.258s] Level 1:colcon.colcon_core.package_identification:_identify(.) by extension 'ignore'
[0.258s] Level 1:colcon.colcon_core.package_identification:_identify(.) by extension 'ignore_ament_install'
[0.258s] Level 1:colcon.colcon_core.package_identification:_identify(.) by extensions ['colcon_pkg']
[0.258s] Level 1:colcon.colcon_core.package_identification:_identify(.) by extension 'colcon_pkg'
[0.259s] Level 1:colcon.colcon_core.package_identification:_identify(.) by extensions ['colcon_meta']
[0.259s] Level 1:colcon.colcon_core.package_identification:_identify(.) by extension 'colcon_meta'
[0.259s] Level 1:colcon.colcon_core.package_identification:_identify(.) by extensions ['ros']
[0.259s] Level 1:colcon.colcon_core.package_identification:_identify(.) by extension 'ros'
[0.316s] Level 1:colcon.colcon_core.package_identification:_identify(.) by extensions ['cmake', 'python']
[0.316s] Level 1:colcon.colcon_core.package_identification:_identify(.) by extension 'cmake'
[0.316s] Level 1:colcon.colcon_core.package_identification:_identify(.) by extension 'python'
[0.316s] Level 1:colcon.colcon_core.package_identification:_identify(.) by extensions ['python_setup_py']
[0.316s] Level 1:colcon.colcon_core.package_identification:_identify(.) by extension 'python_setup_py'
[0.316s] Level 1:colcon.colcon_core.package_identification:_identify(build) by extensions ['ignore', 'ignore_ament_install']
[0.316s] Level 1:colcon.colcon_core.package_identification:_identify(build) by extension 'ignore'
[0.317s] Level 1:colcon.colcon_core.package_identification:_identify(build) ignored
[0.317s] Level 1:colcon.colcon_core.package_identification:_identify(install) by extensions ['ignore', 'ignore_ament_install']
[0.317s] Level 1:colcon.colcon_core.package_identification:_identify(install) by extension 'ignore'
[0.317s] Level 1:colcon.colcon_core.package_identification:_identify(install) ignored
[0.317s] Level 1:colcon.colcon_core.package_identification:_identify(launch) by extensions ['ignore', 'ignore_ament_install']
[0.317s] Level 1:colcon.colcon_core.package_identification:_identify(launch) by extension 'ignore'
[0.317s] Level 1:colcon.colcon_core.package_identification:_identify(launch) by extension 'ignore_ament_install'
[0.317s] Level 1:colcon.colcon_core.package_identification:_identify(launch) by extensions ['colcon_pkg']
[0.317s] Level 1:colcon.colcon_core.package_identification:_identify(launch) by extension 'colcon_pkg'
[0.318s] Level 1:colcon.colcon_core.package_identification:_identify(launch) by extensions ['colcon_meta']
[0.318s] Level 1:colcon.colcon_core.package_identification:_identify(launch) by extension 'colcon_meta'
[0.318s] Level 1:colcon.colcon_core.package_identification:_identify(launch) by extensions ['ros']
[0.318s] Level 1:colcon.colcon_core.package_identification:_identify(launch) by extension 'ros'
[0.318s] Level 1:colcon.colcon_core.package_identification:_identify(launch) by extensions ['cmake', 'python']
[0.318s] Level 1:colcon.colcon_core.package_identification:_identify(launch) by extension 'cmake'
[0.318s] Level 1:colcon.colcon_core.package_identification:_identify(launch) by extension 'python'
[0.318s] Level 1:colcon.colcon_core.package_identification:_identify(launch) by extensions ['python_setup_py']
[0.318s] Level 1:colcon.colcon_core.package_identification:_identify(launch) by extension 'python_setup_py'
[0.318s] Level 1:colcon.colcon_core.package_identification:_identify(log) by extensions ['ignore', 'ignore_ament_install']
[0.318s] Level 1:colcon.colcon_core.package_identification:_identify(log) by extension 'ignore'
[0.318s] Level 1:colcon.colcon_core.package_identification:_identify(log) ignored
[0.319s] Level 1:colcon.colcon_core.package_identification:_identify(src) by extensions ['ignore', 'ignore_ament_install']
[0.319s] Level 1:colcon.colcon_core.package_identification:_identify(src) by extension 'ignore'
[0.319s] Level 1:colcon.colcon_core.package_identification:_identify(src) by extension 'ignore_ament_install'
[0.319s] Level 1:colcon.colcon_core.package_identification:_identify(src) by extensions ['colcon_pkg']
[0.319s] Level 1:colcon.colcon_core.package_identification:_identify(src) by extension 'colcon_pkg'
[0.319s] Level 1:colcon.colcon_core.package_identification:_identify(src) by extensions ['colcon_meta']
[0.319s] Level 1:colcon.colcon_core.package_identification:_identify(src) by extension 'colcon_meta'
[0.319s] Level 1:colcon.colcon_core.package_identification:_identify(src) by extensions ['ros']
[0.319s] Level 1:colcon.colcon_core.package_identification:_identify(src) by extension 'ros'
[0.320s] Level 1:colcon.colcon_core.package_identification:_identify(src) by extensions ['cmake', 'python']
[0.320s] Level 1:colcon.colcon_core.package_identification:_identify(src) by extension 'cmake'
[0.320s] Level 1:colcon.colcon_core.package_identification:_identify(src) by extension 'python'
[0.320s] Level 1:colcon.colcon_core.package_identification:_identify(src) by extensions ['python_setup_py']
[0.320s] Level 1:colcon.colcon_core.package_identification:_identify(src) by extension 'python_setup_py'
[0.320s] Level 1:colcon.colcon_core.package_identification:_identify(src/aar6) by extensions ['ignore', 'ignore_ament_install']
[0.320s] Level 1:colcon.colcon_core.package_identification:_identify(src/aar6) by extension 'ignore'
[0.320s] Level 1:colcon.colcon_core.package_identification:_identify(src/aar6) by extension 'ignore_ament_install'
[0.320s] Level 1:colcon.colcon_core.package_identification:_identify(src/aar6) by extensions ['colcon_pkg']
[0.320s] Level 1:colcon.colcon_core.package_identification:_identify(src/aar6) by extension 'colcon_pkg'
[0.321s] Level 1:colcon.colcon_core.package_identification:_identify(src/aar6) by extensions ['colcon_meta']
[0.321s] Level 1:colcon.colcon_core.package_identification:_identify(src/aar6) by extension 'colcon_meta'
[0.321s] Level 1:colcon.colcon_core.package_identification:_identify(src/aar6) by extensions ['ros']
[0.321s] Level 1:colcon.colcon_core.package_identification:_identify(src/aar6) by extension 'ros'
[0.327s] DEBUG:colcon.colcon_core.package_identification:Package 'src/aar6' with type 'ros.ament_cmake' and name 'aar6'
[0.327s] Level 1:colcon.colcon_core.package_identification:_identify(src/moveit) by extensions ['ignore', 'ignore_ament_install']
[0.327s] Level 1:colcon.colcon_core.package_identification:_identify(src/moveit) by extension 'ignore'
[0.327s] Level 1:colcon.colcon_core.package_identification:_identify(src/moveit) by extension 'ignore_ament_install'
[0.327s] Level 1:colcon.colcon_core.package_identification:_identify(src/moveit) by extensions ['colcon_pkg']
[0.327s] Level 1:colcon.colcon_core.package_identification:_identify(src/moveit) by extension 'colcon_pkg'
[0.328s] Level 1:colcon.colcon_core.package_identification:_identify(src/moveit) by extensions ['colcon_meta']
[0.328s] Level 1:colcon.colcon_core.package_identification:_identify(src/moveit) by extension 'colcon_meta'
[0.328s] Level 1:colcon.colcon_core.package_identification:_identify(src/moveit) by extensions ['ros']
[0.328s] Level 1:colcon.colcon_core.package_identification:_identify(src/moveit) by extension 'ros'
[0.329s] DEBUG:colcon.colcon_core.package_identification:Package 'src/moveit' with type 'ros.ament_cmake' and name 'moveit'
[0.329s] Level 1:colcon.colcon_core.package_discovery:discover_packages(recursive) using defaults
[0.329s] Level 1:colcon.colcon_core.package_discovery:discover_packages(ignore) discover
[0.329s] Level 1:colcon.colcon_core.package_discovery:discover_packages(ignore) using defaults
[0.329s] Level 1:colcon.colcon_core.package_discovery:discover_packages(path) discover
[0.329s] Level 1:colcon.colcon_core.package_discovery:discover_packages(path) using defaults
[0.363s] Level 1:colcon.colcon_core.package_discovery:discover_packages(prefix_path) check parameters
[0.364s] Level 1:colcon.colcon_core.package_discovery:discover_packages(prefix_path) discover
[0.367s] DEBUG:colcon.colcon_installed_package_information.package_discovery:Found 2 installed packages in /home/idgaf/Documents/robot/Robot_ros2_ws/install
[0.371s] DEBUG:colcon.colcon_installed_package_information.package_discovery:Found 456 installed packages in /opt/ros/jazzy
[0.374s] Level 1:colcon.colcon_core.package_discovery:discover_packages(prefix_path) using defaults
[0.472s] Level 5:colcon.colcon_core.verb:set package 'aar6' build argument 'cmake_args' from command line to 'None'
[0.472s] Level 5:colcon.colcon_core.verb:set package 'aar6' build argument 'cmake_target' from command line to 'None'
[0.472s] Level 5:colcon.colcon_core.verb:set package 'aar6' build argument 'cmake_target_skip_unavailable' from command line to 'False'
[0.472s] Level 5:colcon.colcon_core.verb:set package 'aar6' build argument 'cmake_clean_cache' from command line to 'False'
[0.472s] Level 5:colcon.colcon_core.verb:set package 'aar6' build argument 'cmake_clean_first' from command line to 'False'
[0.473s] Level 5:colcon.colcon_core.verb:set package 'aar6' build argument 'cmake_force_configure' from command line to 'False'
[0.473s] Level 5:colcon.colcon_core.verb:set package 'aar6' build argument 'ament_cmake_args' from command line to 'None'
[0.473s] Level 5:colcon.colcon_core.verb:set package 'aar6' build argument 'catkin_cmake_args' from command line to 'None'
[0.473s] Level 5:colcon.colcon_core.verb:set package 'aar6' build argument 'catkin_skip_building_tests' from command line to 'False'
[0.473s] DEBUG:colcon.colcon_core.verb:Building package 'aar6' with the following arguments: {'ament_cmake_args': None, 'build_base': '/home/idgaf/Documents/robot/Robot_ros2_ws/build/aar6', 'catkin_cmake_args': None, 'catkin_skip_building_tests': False, 'cmake_args': None, 'cmake_clean_cache': False, 'cmake_clean_first': False, 'cmake_force_configure': False, 'cmake_target': None, 'cmake_target_skip_unavailable': False, 'install_base': '/home/idgaf/Documents/robot/Robot_ros2_ws/install/aar6', 'merge_install': False, 'path': '/home/idgaf/Documents/robot/Robot_ros2_ws/src/aar6', 'symlink_install': False, 'test_result_base': None}
[0.473s] Level 5:colcon.colcon_core.verb:set package 'moveit' build argument 'cmake_args' from command line to 'None'
[0.473s] Level 5:colcon.colcon_core.verb:set package 'moveit' build argument 'cmake_target' from command line to 'None'
[0.473s] Level 5:colcon.colcon_core.verb:set package 'moveit' build argument 'cmake_target_skip_unavailable' from command line to 'False'
[0.473s] Level 5:colcon.colcon_core.verb:set package 'moveit' build argument 'cmake_clean_cache' from command line to 'False'
[0.473s] Level 5:colcon.colcon_core.verb:set package 'moveit' build argument 'cmake_clean_first' from command line to 'False'
[0.473s] Level 5:colcon.colcon_core.verb:set package 'moveit' build argument 'cmake_force_configure' from command line to 'False'
[0.473s] Level 5:colcon.colcon_core.verb:set package 'moveit' build argument 'ament_cmake_args' from command line to 'None'
[0.473s] Level 5:colcon.colcon_core.verb:set package 'moveit' build argument 'catkin_cmake_args' from command line to 'None'
[0.473s] Level 5:colcon.colcon_core.verb:set package 'moveit' build argument 'catkin_skip_building_tests' from command line to 'False'
[0.473s] DEBUG:colcon.colcon_core.verb:Building package 'moveit' with the following arguments: {'ament_cmake_args': None, 'build_base': '/home/idgaf/Documents/robot/Robot_ros2_ws/build/moveit', 'catkin_cmake_args': None, 'catkin_skip_building_tests': False, 'cmake_args': None, 'cmake_clean_cache': False, 'cmake_clean_first': False, 'cmake_force_configure': False, 'cmake_target': None, 'cmake_target_skip_unavailable': False, 'install_base': '/home/idgaf/Documents/robot/Robot_ros2_ws/install/moveit', 'merge_install': False, 'path': '/home/idgaf/Documents/robot/Robot_ros2_ws/src/moveit', 'symlink_install': False, 'test_result_base': None}
[0.474s] INFO:colcon.colcon_core.executor:Executing jobs using 'parallel' executor
[0.475s] DEBUG:colcon.colcon_parallel_executor.executor.parallel:run_until_complete
[0.476s] INFO:colcon.colcon_ros.task.ament_cmake.build:Building ROS package in '/home/idgaf/Documents/robot/Robot_ros2_ws/src/aar6' with build type 'ament_cmake'
[0.476s] INFO:colcon.colcon_cmake.task.cmake.build:Building CMake package in '/home/idgaf/Documents/robot/Robot_ros2_ws/src/aar6'
[0.482s] INFO:colcon.colcon_core.plugin_system:Skipping extension 'colcon_core.shell.bat': Not used on non-Windows systems
[0.483s] INFO:colcon.colcon_core.shell:Skip shell extension 'powershell' for command environment: Not usable outside of PowerShell
[0.483s] DEBUG:colcon.colcon_core.shell:Skip shell extension 'dsv' for command environment
[0.502s] DEBUG:colcon.colcon_core.event_handler.log_command:Invoking command in '/home/idgaf/Documents/robot/Robot_ros2_ws/build/aar6': CMAKE_PREFIX_PATH=${CMAKE_PREFIX_PATH}:/opt/ros/jazzy DEBUGINFOD_URLS=https://debuginfod.ubuntu.com /usr/bin/cmake --build /home/idgaf/Documents/robot/Robot_ros2_ws/build/aar6 -- -j16 -l16
[13.450s] DEBUG:colcon.colcon_core.event_handler.log_command:Invoked command in '/home/idgaf/Documents/robot/Robot_ros2_ws/build/aar6' returned '0': CMAKE_PREFIX_PATH=${CMAKE_PREFIX_PATH}:/opt/ros/jazzy DEBUGINFOD_URLS=https://debuginfod.ubuntu.com /usr/bin/cmake --build /home/idgaf/Documents/robot/Robot_ros2_ws/build/aar6 -- -j16 -l16
[13.468s] DEBUG:colcon.colcon_core.event_handler.log_command:Invoking command in '/home/idgaf/Documents/robot/Robot_ros2_ws/build/aar6': CMAKE_PREFIX_PATH=${CMAKE_PREFIX_PATH}:/opt/ros/jazzy DEBUGINFOD_URLS=https://debuginfod.ubuntu.com /usr/bin/cmake --install /home/idgaf/Documents/robot/Robot_ros2_ws/build/aar6
[13.497s] Level 1:colcon.colcon_core.environment:create_environment_scripts_only(aar6)
[13.498s] DEBUG:colcon.colcon_core.event_handler.log_command:Invoked command in '/home/idgaf/Documents/robot/Robot_ros2_ws/build/aar6' returned '0': CMAKE_PREFIX_PATH=${CMAKE_PREFIX_PATH}:/opt/ros/jazzy DEBUGINFOD_URLS=https://debuginfod.ubuntu.com /usr/bin/cmake --install /home/idgaf/Documents/robot/Robot_ros2_ws/build/aar6
[13.503s] Level 1:colcon.colcon_core.environment:checking '/home/idgaf/Documents/robot/Robot_ros2_ws/install/aar6' for CMake module files
[13.504s] Level 1:colcon.colcon_core.environment:checking '/home/idgaf/Documents/robot/Robot_ros2_ws/install/aar6' for CMake config files
[13.504s] Level 1:colcon.colcon_core.shell:create_environment_hook('aar6', 'cmake_prefix_path')
[13.505s] INFO:colcon.colcon_core.shell:Creating environment hook '/home/idgaf/Documents/robot/Robot_ros2_ws/install/aar6/share/aar6/hook/cmake_prefix_path.ps1'
[13.506s] INFO:colcon.colcon_core.shell:Creating environment descriptor '/home/idgaf/Documents/robot/Robot_ros2_ws/install/aar6/share/aar6/hook/cmake_prefix_path.dsv'
[13.507s] INFO:colcon.colcon_core.shell:Creating environment hook '/home/idgaf/Documents/robot/Robot_ros2_ws/install/aar6/share/aar6/hook/cmake_prefix_path.sh'
[13.509s] Level 1:colcon.colcon_core.environment:checking '/home/idgaf/Documents/robot/Robot_ros2_ws/install/aar6/lib'
[13.509s] Level 1:colcon.colcon_core.environment:checking '/home/idgaf/Documents/robot/Robot_ros2_ws/install/aar6/bin'
[13.509s] Level 1:colcon.colcon_core.environment:checking '/home/idgaf/Documents/robot/Robot_ros2_ws/install/aar6/lib/pkgconfig/aar6.pc'
[13.510s] Level 1:colcon.colcon_core.environment:checking '/home/idgaf/Documents/robot/Robot_ros2_ws/install/aar6/lib/python3.12/site-packages'
[13.510s] Level 1:colcon.colcon_core.environment:checking '/home/idgaf/Documents/robot/Robot_ros2_ws/install/aar6/bin'
[13.511s] INFO:colcon.colcon_core.shell:Creating package script '/home/idgaf/Documents/robot/Robot_ros2_ws/install/aar6/share/aar6/package.ps1'
[13.512s] INFO:colcon.colcon_core.shell:Creating package descriptor '/home/idgaf/Documents/robot/Robot_ros2_ws/install/aar6/share/aar6/package.dsv'
[13.513s] INFO:colcon.colcon_core.shell:Creating package script '/home/idgaf/Documents/robot/Robot_ros2_ws/install/aar6/share/aar6/package.sh'
[13.514s] INFO:colcon.colcon_core.shell:Creating package script '/home/idgaf/Documents/robot/Robot_ros2_ws/install/aar6/share/aar6/package.bash'
[13.515s] INFO:colcon.colcon_core.shell:Creating package script '/home/idgaf/Documents/robot/Robot_ros2_ws/install/aar6/share/aar6/package.zsh'
[13.517s] Level 1:colcon.colcon_core.environment:create_file_with_runtime_dependencies(/home/idgaf/Documents/robot/Robot_ros2_ws/install/aar6/share/colcon-core/packages/aar6)
[13.517s] Level 1:colcon.colcon_core.environment:create_environment_scripts_only(aar6)
[13.518s] Level 1:colcon.colcon_core.environment:checking '/home/idgaf/Documents/robot/Robot_ros2_ws/install/aar6' for CMake module files
[13.519s] Level 1:colcon.colcon_core.environment:checking '/home/idgaf/Documents/robot/Robot_ros2_ws/install/aar6' for CMake config files
[13.519s] Level 1:colcon.colcon_core.shell:create_environment_hook('aar6', 'cmake_prefix_path')
[13.519s] INFO:colcon.colcon_core.shell:Creating environment hook '/home/idgaf/Documents/robot/Robot_ros2_ws/install/aar6/share/aar6/hook/cmake_prefix_path.ps1'
[13.520s] INFO:colcon.colcon_core.shell:Creating environment descriptor '/home/idgaf/Documents/robot/Robot_ros2_ws/install/aar6/share/aar6/hook/cmake_prefix_path.dsv'
[13.520s] INFO:colcon.colcon_core.shell:Creating environment hook '/home/idgaf/Documents/robot/Robot_ros2_ws/install/aar6/share/aar6/hook/cmake_prefix_path.sh'
[13.521s] Level 1:colcon.colcon_core.environment:checking '/home/idgaf/Documents/robot/Robot_ros2_ws/install/aar6/lib'
[13.521s] Level 1:colcon.colcon_core.environment:checking '/home/idgaf/Documents/robot/Robot_ros2_ws/install/aar6/bin'
[13.521s] Level 1:colcon.colcon_core.environment:checking '/home/idgaf/Documents/robot/Robot_ros2_ws/install/aar6/lib/pkgconfig/aar6.pc'
[13.522s] Level 1:colcon.colcon_core.environment:checking '/home/idgaf/Documents/robot/Robot_ros2_ws/install/aar6/lib/python3.12/site-packages'
[13.523s] Level 1:colcon.colcon_core.environment:checking '/home/idgaf/Documents/robot/Robot_ros2_ws/install/aar6/bin'
[13.523s] INFO:colcon.colcon_core.shell:Creating package script '/home/idgaf/Documents/robot/Robot_ros2_ws/install/aar6/share/aar6/package.ps1'
[13.525s] INFO:colcon.colcon_core.shell:Creating package descriptor '/home/idgaf/Documents/robot/Robot_ros2_ws/install/aar6/share/aar6/package.dsv'
[13.525s] INFO:colcon.colcon_core.shell:Creating package script '/home/idgaf/Documents/robot/Robot_ros2_ws/install/aar6/share/aar6/package.sh'
[13.526s] INFO:colcon.colcon_core.shell:Creating package script '/home/idgaf/Documents/robot/Robot_ros2_ws/install/aar6/share/aar6/package.bash'
[13.527s] INFO:colcon.colcon_core.shell:Creating package script '/home/idgaf/Documents/robot/Robot_ros2_ws/install/aar6/share/aar6/package.zsh'
[13.527s] Level 1:colcon.colcon_core.environment:create_file_with_runtime_dependencies(/home/idgaf/Documents/robot/Robot_ros2_ws/install/aar6/share/colcon-core/packages/aar6)
[13.528s] INFO:colcon.colcon_ros.task.ament_cmake.build:Building ROS package in '/home/idgaf/Documents/robot/Robot_ros2_ws/src/moveit' with build type 'ament_cmake'
[13.528s] INFO:colcon.colcon_cmake.task.cmake.build:Building CMake package in '/home/idgaf/Documents/robot/Robot_ros2_ws/src/moveit'
[13.529s] INFO:colcon.colcon_core.shell:Skip shell extension 'powershell' for command environment: Not usable outside of PowerShell
[13.529s] DEBUG:colcon.colcon_core.shell:Skip shell extension 'dsv' for command environment
[13.547s] DEBUG:colcon.colcon_core.event_handler.log_command:Invoking command in '/home/idgaf/Documents/robot/Robot_ros2_ws/build/moveit': CMAKE_PREFIX_PATH=/home/idgaf/Documents/robot/Robot_ros2_ws/install/aar6:/home/idgaf/Documents/robot/Robot_ros2_ws/install/moveit:/opt/ros/jazzy/opt/gz_sim_vendor:/opt/ros/jazzy/opt/gz_sensors_vendor:/opt/ros/jazzy/opt/gz_physics_vendor:/opt/ros/jazzy/opt/sdformat_vendor:/opt/ros/jazzy/opt/gz_gui_vendor:/opt/ros/jazzy/opt/gz_transport_vendor:/opt/ros/jazzy/opt/gz_rendering_vendor:/opt/ros/jazzy/opt/gz_plugin_vendor:/opt/ros/jazzy/opt/gz_fuel_tools_vendor:/opt/ros/jazzy/opt/gz_msgs_vendor:/opt/ros/jazzy/opt/gz_common_vendor:/opt/ros/jazzy/opt/gz_math_vendor:/opt/ros/jazzy/opt/gz_utils_vendor:/opt/ros/jazzy/opt/gz_tools_vendor:/opt/ros/jazzy/opt/gz_ogre_next_vendor:/opt/ros/jazzy/opt/gz_dartsim_vendor:/opt/ros/jazzy/opt/gz_cmake_vendor:/opt/ros/jazzy DEBUGINFOD_URLS=https://debuginfod.ubuntu.com /usr/bin/cmake --build /home/idgaf/Documents/robot/Robot_ros2_ws/build/moveit -- -j16 -l16
[13.617s] DEBUG:colcon.colcon_core.event_handler.log_command:Invoked command in '/home/idgaf/Documents/robot/Robot_ros2_ws/build/moveit' returned '0': CMAKE_PREFIX_PATH=/home/idgaf/Documents/robot/Robot_ros2_ws/install/aar6:/home/idgaf/Documents/robot/Robot_ros2_ws/install/moveit:/opt/ros/jazzy/opt/gz_sim_vendor:/opt/ros/jazzy/opt/gz_sensors_vendor:/opt/ros/jazzy/opt/gz_physics_vendor:/opt/ros/jazzy/opt/sdformat_vendor:/opt/ros/jazzy/opt/gz_gui_vendor:/opt/ros/jazzy/opt/gz_transport_vendor:/opt/ros/jazzy/opt/gz_rendering_vendor:/opt/ros/jazzy/opt/gz_plugin_vendor:/opt/ros/jazzy/opt/gz_fuel_tools_vendor:/opt/ros/jazzy/opt/gz_msgs_vendor:/opt/ros/jazzy/opt/gz_common_vendor:/opt/ros/jazzy/opt/gz_math_vendor:/opt/ros/jazzy/opt/gz_utils_vendor:/opt/ros/jazzy/opt/gz_tools_vendor:/opt/ros/jazzy/opt/gz_ogre_next_vendor:/opt/ros/jazzy/opt/gz_dartsim_vendor:/opt/ros/jazzy/opt/gz_cmake_vendor:/opt/ros/jazzy DEBUGINFOD_URLS=https://debuginfod.ubuntu.com /usr/bin/cmake --build /home/idgaf/Documents/robot/Robot_ros2_ws/build/moveit -- -j16 -l16
[13.620s] DEBUG:colcon.colcon_core.event_handler.log_command:Invoking command in '/home/idgaf/Documents/robot/Robot_ros2_ws/build/moveit': CMAKE_PREFIX_PATH=/home/idgaf/Documents/robot/Robot_ros2_ws/install/aar6:/home/idgaf/Documents/robot/Robot_ros2_ws/install/moveit:/opt/ros/jazzy/opt/gz_sim_vendor:/opt/ros/jazzy/opt/gz_sensors_vendor:/opt/ros/jazzy/opt/gz_physics_vendor:/opt/ros/jazzy/opt/sdformat_vendor:/opt/ros/jazzy/opt/gz_gui_vendor:/opt/ros/jazzy/opt/gz_transport_vendor:/opt/ros/jazzy/opt/gz_rendering_vendor:/opt/ros/jazzy/opt/gz_plugin_vendor:/opt/ros/jazzy/opt/gz_fuel_tools_vendor:/opt/ros/jazzy/opt/gz_msgs_vendor:/opt/ros/jazzy/opt/gz_common_vendor:/opt/ros/jazzy/opt/gz_math_vendor:/opt/ros/jazzy/opt/gz_utils_vendor:/opt/ros/jazzy/opt/gz_tools_vendor:/opt/ros/jazzy/opt/gz_ogre_next_vendor:/opt/ros/jazzy/opt/gz_dartsim_vendor:/opt/ros/jazzy/opt/gz_cmake_vendor:/opt/ros/jazzy DEBUGINFOD_URLS=https://debuginfod.ubuntu.com /usr/bin/cmake --install /home/idgaf/Documents/robot/Robot_ros2_ws/build/moveit
[13.640s] Level 1:colcon.colcon_core.environment:create_environment_scripts_only(moveit)
[13.641s] Level 1:colcon.colcon_core.environment:checking '/home/idgaf/Documents/robot/Robot_ros2_ws/install/moveit' for CMake module files
[13.642s] DEBUG:colcon.colcon_core.event_handler.log_command:Invoked command in '/home/idgaf/Documents/robot/Robot_ros2_ws/build/moveit' returned '0': CMAKE_PREFIX_PATH=/home/idgaf/Documents/robot/Robot_ros2_ws/install/aar6:/home/idgaf/Documents/robot/Robot_ros2_ws/install/moveit:/opt/ros/jazzy/opt/gz_sim_vendor:/opt/ros/jazzy/opt/gz_sensors_vendor:/opt/ros/jazzy/opt/gz_physics_vendor:/opt/ros/jazzy/opt/sdformat_vendor:/opt/ros/jazzy/opt/gz_gui_vendor:/opt/ros/jazzy/opt/gz_transport_vendor:/opt/ros/jazzy/opt/gz_rendering_vendor:/opt/ros/jazzy/opt/gz_plugin_vendor:/opt/ros/jazzy/opt/gz_fuel_tools_vendor:/opt/ros/jazzy/opt/gz_msgs_vendor:/opt/ros/jazzy/opt/gz_common_vendor:/opt/ros/jazzy/opt/gz_math_vendor:/opt/ros/jazzy/opt/gz_utils_vendor:/opt/ros/jazzy/opt/gz_tools_vendor:/opt/ros/jazzy/opt/gz_ogre_next_vendor:/opt/ros/jazzy/opt/gz_dartsim_vendor:/opt/ros/jazzy/opt/gz_cmake_vendor:/opt/ros/jazzy DEBUGINFOD_URLS=https://debuginfod.ubuntu.com /usr/bin/cmake --install /home/idgaf/Documents/robot/Robot_ros2_ws/build/moveit
[13.642s] Level 1:colcon.colcon_core.environment:checking '/home/idgaf/Documents/robot/Robot_ros2_ws/install/moveit' for CMake config files
[13.643s] Level 1:colcon.colcon_core.shell:create_environment_hook('moveit', 'cmake_prefix_path')
[13.643s] INFO:colcon.colcon_core.shell:Creating environment hook '/home/idgaf/Documents/robot/Robot_ros2_ws/install/moveit/share/moveit/hook/cmake_prefix_path.ps1'
[13.644s] INFO:colcon.colcon_core.shell:Creating environment descriptor '/home/idgaf/Documents/robot/Robot_ros2_ws/install/moveit/share/moveit/hook/cmake_prefix_path.dsv'
[13.645s] INFO:colcon.colcon_core.shell:Creating environment hook '/home/idgaf/Documents/robot/Robot_ros2_ws/install/moveit/share/moveit/hook/cmake_prefix_path.sh'
[13.646s] Level 1:colcon.colcon_core.environment:checking '/home/idgaf/Documents/robot/Robot_ros2_ws/install/moveit/bin'
[13.646s] Level 1:colcon.colcon_core.environment:checking '/home/idgaf/Documents/robot/Robot_ros2_ws/install/moveit/lib/pkgconfig/moveit.pc'
[13.646s] Level 1:colcon.colcon_core.environment:checking '/home/idgaf/Documents/robot/Robot_ros2_ws/install/moveit/lib/python3.12/site-packages'
[13.647s] Level 1:colcon.colcon_core.environment:checking '/home/idgaf/Documents/robot/Robot_ros2_ws/install/moveit/bin'
[13.647s] INFO:colcon.colcon_core.shell:Creating package script '/home/idgaf/Documents/robot/Robot_ros2_ws/install/moveit/share/moveit/package.ps1'
[13.648s] INFO:colcon.colcon_core.shell:Creating package descriptor '/home/idgaf/Documents/robot/Robot_ros2_ws/install/moveit/share/moveit/package.dsv'
[13.648s] INFO:colcon.colcon_core.shell:Creating package script '/home/idgaf/Documents/robot/Robot_ros2_ws/install/moveit/share/moveit/package.sh'
[13.649s] INFO:colcon.colcon_core.shell:Creating package script '/home/idgaf/Documents/robot/Robot_ros2_ws/install/moveit/share/moveit/package.bash'
[13.650s] INFO:colcon.colcon_core.shell:Creating package script '/home/idgaf/Documents/robot/Robot_ros2_ws/install/moveit/share/moveit/package.zsh'
[13.651s] Level 1:colcon.colcon_core.environment:create_file_with_runtime_dependencies(/home/idgaf/Documents/robot/Robot_ros2_ws/install/moveit/share/colcon-core/packages/moveit)
[13.651s] Level 1:colcon.colcon_core.environment:create_environment_scripts_only(moveit)
[13.652s] Level 1:colcon.colcon_core.environment:checking '/home/idgaf/Documents/robot/Robot_ros2_ws/install/moveit' for CMake module files
[13.652s] Level 1:colcon.colcon_core.environment:checking '/home/idgaf/Documents/robot/Robot_ros2_ws/install/moveit' for CMake config files
[13.653s] Level 1:colcon.colcon_core.shell:create_environment_hook('moveit', 'cmake_prefix_path')
[13.653s] INFO:colcon.colcon_core.shell:Creating environment hook '/home/idgaf/Documents/robot/Robot_ros2_ws/install/moveit/share/moveit/hook/cmake_prefix_path.ps1'
[13.654s] INFO:colcon.colcon_core.shell:Creating environment descriptor '/home/idgaf/Documents/robot/Robot_ros2_ws/install/moveit/share/moveit/hook/cmake_prefix_path.dsv'
[13.654s] INFO:colcon.colcon_core.shell:Creating environment hook '/home/idgaf/Documents/robot/Robot_ros2_ws/install/moveit/share/moveit/hook/cmake_prefix_path.sh'
[13.655s] Level 1:colcon.colcon_core.environment:checking '/home/idgaf/Documents/robot/Robot_ros2_ws/install/moveit/bin'
[13.655s] Level 1:colcon.colcon_core.environment:checking '/home/idgaf/Documents/robot/Robot_ros2_ws/install/moveit/lib/pkgconfig/moveit.pc'
[13.656s] Level 1:colcon.colcon_core.environment:checking '/home/idgaf/Documents/robot/Robot_ros2_ws/install/moveit/lib/python3.12/site-packages'
[13.656s] Level 1:colcon.colcon_core.environment:checking '/home/idgaf/Documents/robot/Robot_ros2_ws/install/moveit/bin'
[13.656s] INFO:colcon.colcon_core.shell:Creating package script '/home/idgaf/Documents/robot/Robot_ros2_ws/install/moveit/share/moveit/package.ps1'
[13.657s] INFO:colcon.colcon_core.shell:Creating package descriptor '/home/idgaf/Documents/robot/Robot_ros2_ws/install/moveit/share/moveit/package.dsv'
[13.658s] INFO:colcon.colcon_core.shell:Creating package script '/home/idgaf/Documents/robot/Robot_ros2_ws/install/moveit/share/moveit/package.sh'
[13.659s] INFO:colcon.colcon_core.shell:Creating package script '/home/idgaf/Documents/robot/Robot_ros2_ws/install/moveit/share/moveit/package.bash'
[13.659s] INFO:colcon.colcon_core.shell:Creating package script '/home/idgaf/Documents/robot/Robot_ros2_ws/install/moveit/share/moveit/package.zsh'
[13.660s] Level 1:colcon.colcon_core.environment:create_file_with_runtime_dependencies(/home/idgaf/Documents/robot/Robot_ros2_ws/install/moveit/share/colcon-core/packages/moveit)
[13.660s] DEBUG:colcon.colcon_parallel_executor.executor.parallel:closing loop
[13.661s] DEBUG:colcon.colcon_parallel_executor.executor.parallel:loop closed
[13.661s] DEBUG:colcon.colcon_parallel_executor.executor.parallel:run_until_complete finished with '0'
[13.661s] DEBUG:colcon.colcon_core.event_reactor:joining thread
[13.676s] INFO:colcon.colcon_core.plugin_system:Skipping extension 'colcon_notification.desktop_notification.terminal_notifier': Not used on non-Darwin systems
[13.676s] INFO:colcon.colcon_core.plugin_system:Skipping extension 'colcon_notification.desktop_notification.win32': Not used on non-Windows systems
[13.676s] INFO:colcon.colcon_notification.desktop_notification:Sending desktop notification using 'notify2'
[13.718s] DEBUG:colcon.colcon_core.event_reactor:joined thread
[13.718s] INFO:colcon.colcon_core.shell:Creating prefix script '/home/idgaf/Documents/robot/Robot_ros2_ws/install/local_setup.ps1'
[13.720s] INFO:colcon.colcon_core.shell:Creating prefix util module '/home/idgaf/Documents/robot/Robot_ros2_ws/install/_local_setup_util_ps1.py'
[13.722s] INFO:colcon.colcon_core.shell:Creating prefix chain script '/home/idgaf/Documents/robot/Robot_ros2_ws/install/setup.ps1'
[13.724s] INFO:colcon.colcon_core.shell:Creating prefix script '/home/idgaf/Documents/robot/Robot_ros2_ws/install/local_setup.sh'
[13.725s] INFO:colcon.colcon_core.shell:Creating prefix util module '/home/idgaf/Documents/robot/Robot_ros2_ws/install/_local_setup_util_sh.py'
[13.726s] INFO:colcon.colcon_core.shell:Creating prefix chain script '/home/idgaf/Documents/robot/Robot_ros2_ws/install/setup.sh'
[13.728s] INFO:colcon.colcon_core.shell:Creating prefix script '/home/idgaf/Documents/robot/Robot_ros2_ws/install/local_setup.bash'
[13.729s] INFO:colcon.colcon_core.shell:Creating prefix chain script '/home/idgaf/Documents/robot/Robot_ros2_ws/install/setup.bash'
[13.748s] INFO:colcon.colcon_core.shell:Creating prefix script '/home/idgaf/Documents/robot/Robot_ros2_ws/install/local_setup.zsh'
[13.749s] INFO:colcon.colcon_core.shell:Creating prefix chain script '/home/idgaf/Documents/robot/Robot_ros2_ws/install/setup.zsh'
