Not searching for unused variables given on the command line.
-- Found ament_cmake: 2.5.4 (/home/idgaf/uros_ws/firmware/dev_ws/install/ament_cmake/share/ament_cmake/cmake)
-- Found Python3: /usr/bin/python3 (found version "3.12.3") found components: Interpreter 
-- Configuring done (0.3s)
-- Generating done (0.0s)
-- Build files have been written to: /home/idgaf/uros_ws/firmware/mcu_ws/build/rosidl_core_runtime
Change Dir: '/home/idgaf/uros_ws/firmware/mcu_ws/build/rosidl_core_runtime'

Run Build Command(s): /usr/bin/cmake -E env VERBOSE=1 /usr/bin/gmake -f Makefile -j16 -l16
gmake[1]: Entering directory '/home/idgaf/uros_ws/firmware/mcu_ws/build/rosidl_core_runtime'
/usr/bin/cmake -S/home/idgaf/uros_ws/firmware/mcu_ws/ros2/rosidl_core/rosidl_core_runtime -B/home/idgaf/uros_ws/firmware/mcu_ws/build/rosidl_core_runtime --check-build-system CMakeFiles/Makefile.cmake 0
/usr/bin/cmake -E cmake_progress_start /home/idgaf/uros_ws/firmware/mcu_ws/build/rosidl_core_runtime/CMakeFiles /home/idgaf/uros_ws/firmware/mcu_ws/build/rosidl_core_runtime//CMakeFiles/progress.marks
/usr/bin/gmake  -f CMakeFiles/Makefile2 all
gmake[2]: Entering directory '/home/idgaf/uros_ws/firmware/mcu_ws/build/rosidl_core_runtime'
gmake[2]: Nothing to be done for 'all'.
gmake[2]: Leaving directory '/home/idgaf/uros_ws/firmware/mcu_ws/build/rosidl_core_runtime'
/usr/bin/cmake -E cmake_progress_start /home/idgaf/uros_ws/firmware/mcu_ws/build/rosidl_core_runtime/CMakeFiles 0
gmake[1]: Leaving directory '/home/idgaf/uros_ws/firmware/mcu_ws/build/rosidl_core_runtime'

-- Install configuration: "Debug"
-- Installing: /home/idgaf/uros_ws/firmware/mcu_ws/install/rosidl_core_runtime/share/ament_index/resource_index/package_run_dependencies/rosidl_core_runtime
-- Installing: /home/idgaf/uros_ws/firmware/mcu_ws/install/rosidl_core_runtime/share/ament_index/resource_index/parent_prefix_path/rosidl_core_runtime
-- Installing: /home/idgaf/uros_ws/firmware/mcu_ws/install/rosidl_core_runtime/share/rosidl_core_runtime/environment/ament_prefix_path.sh
-- Installing: /home/idgaf/uros_ws/firmware/mcu_ws/install/rosidl_core_runtime/share/rosidl_core_runtime/environment/ament_prefix_path.dsv
-- Installing: /home/idgaf/uros_ws/firmware/mcu_ws/install/rosidl_core_runtime/share/rosidl_core_runtime/environment/path.sh
-- Installing: /home/idgaf/uros_ws/firmware/mcu_ws/install/rosidl_core_runtime/share/rosidl_core_runtime/environment/path.dsv
-- Installing: /home/idgaf/uros_ws/firmware/mcu_ws/install/rosidl_core_runtime/share/rosidl_core_runtime/local_setup.bash
-- Installing: /home/idgaf/uros_ws/firmware/mcu_ws/install/rosidl_core_runtime/share/rosidl_core_runtime/local_setup.sh
-- Installing: /home/idgaf/uros_ws/firmware/mcu_ws/install/rosidl_core_runtime/share/rosidl_core_runtime/local_setup.zsh
-- Installing: /home/idgaf/uros_ws/firmware/mcu_ws/install/rosidl_core_runtime/share/rosidl_core_runtime/local_setup.dsv
-- Installing: /home/idgaf/uros_ws/firmware/mcu_ws/install/rosidl_core_runtime/share/rosidl_core_runtime/package.dsv
-- Installing: /home/idgaf/uros_ws/firmware/mcu_ws/install/rosidl_core_runtime/share/ament_index/resource_index/packages/rosidl_core_runtime
-- Installing: /home/idgaf/uros_ws/firmware/mcu_ws/install/rosidl_core_runtime/share/rosidl_core_runtime/cmake/rosidl_core_runtime-extras.cmake
-- Installing: /home/idgaf/uros_ws/firmware/mcu_ws/install/rosidl_core_runtime/share/rosidl_core_runtime/cmake/rosidl_core_runtimeConfig.cmake
-- Installing: /home/idgaf/uros_ws/firmware/mcu_ws/install/rosidl_core_runtime/share/rosidl_core_runtime/cmake/rosidl_core_runtimeConfig-version.cmake
-- Installing: /home/idgaf/uros_ws/firmware/mcu_ws/install/rosidl_core_runtime/share/rosidl_core_runtime/package.xml
