-- The C compiler identification is GNU 13.3.0
-- The CXX compiler identification is GNU 13.3.0
-- Detecting C compiler ABI info
-- Detecting C compiler ABI info - done
-- Check for working C compiler: /usr/bin/cc - skipped
-- Detecting C compile features
-- Detecting C compile features - done
-- Detecting CXX compiler ABI info
-- Detecting CXX compiler ABI info - done
-- Check for working CXX compiler: /usr/bin/c++ - skipped
-- Detecting CXX compile features
-- Detecting CXX compile features - done
-- Found ament_cmake: 2.5.4 (/opt/ros/jazzy/share/ament_cmake/cmake)
-- Found Python3: /usr/bin/python3 (found version "3.12.3") found components: Interpreter 
-- Override CMake install command with custom implementation using symlinks instead of copying resources
-- Found rclcpp: 28.1.12 (/opt/ros/jazzy/share/rclcpp/cmake)
-- Found rosidl_generator_c: 4.6.6 (/opt/ros/jazzy/share/rosidl_generator_c/cmake)
-- Found rosidl_generator_cpp: 4.6.6 (/opt/ros/jazzy/share/rosidl_generator_cpp/cmake)
-- Using all available rosidl_typesupport_c: rosidl_typesupport_fastrtps_c;rosidl_typesupport_introspection_c
-- Using all available rosidl_typesupport_cpp: rosidl_typesupport_fastrtps_cpp;rosidl_typesupport_introspection_cpp
-- Found rmw_implementation_cmake: 7.3.2 (/opt/ros/jazzy/share/rmw_implementation_cmake/cmake)
-- Found rmw_fastrtps_cpp: 8.4.3 (/opt/ros/jazzy/share/rmw_fastrtps_cpp/cmake)
-- Found OpenSSL: /usr/lib/x86_64-linux-gnu/libcrypto.so (found version "3.0.13")  
-- Found FastRTPS: /opt/ros/jazzy/include (Required is at least version "2.13") 
-- Using RMW implementation 'rmw_fastrtps_cpp' as default
-- Found sensor_msgs: 5.3.6 (/opt/ros/jazzy/share/sensor_msgs/cmake)
-- Found ament_lint_auto: 0.17.3 (/opt/ros/jazzy/share/ament_lint_auto/cmake)
-- Added test 'cppcheck' to perform static code analysis on C / C++ code
-- Configured cppcheck include dirs: 
-- Configured cppcheck exclude dirs and/or files: 
-- Added test 'flake8' to check Python code syntax and style conventions
-- Configured 'flake8' exclude dirs and/or files: 
-- Added test 'lint_cmake' to check CMake code style
-- Added test 'pep257' to check Python code against some of the docstring style conventions in PEP 257
-- Added test 'uncrustify' to check C / C++ code style
-- Configured uncrustify additional arguments: 
-- Added test 'xmllint' to check XML markup files
-- Configuring done (1.0s)
-- Generating done (0.0s)
-- Build files have been written to: /root/ros2_ws/build/aar6
[ 50%] [32mBuilding CXX object CMakeFiles/joint_state_pub.dir/src/joint_state_pub.cpp.o[0m
[100%] [32m[1mLinking CXX executable joint_state_pub[0m
[100%] Built target joint_state_pub
-- Install configuration: ""
-- Execute custom install script
-- Symlinking: /root/ros2_ws/install/aar6/share/aar6//launch/display.launch.py
-- Symlinking: /root/ros2_ws/install/aar6/share/aar6//launch/monitor.launch.py
-- Symlinking: /root/ros2_ws/install/aar6/share/aar6//urdf/PAROL6.csv
-- Symlinking: /root/ros2_ws/install/aar6/share/aar6//urdf/PAROL6.urdf
-- Symlinking: /root/ros2_ws/install/aar6/share/aar6//urdf/PAROL6/PAROL6.usd
-- Symlinking: /root/ros2_ws/install/aar6/share/aar6//urdf/PAROL6/configuration/PAROL6_base.usd
-- Symlinking: /root/ros2_ws/install/aar6/share/aar6//urdf/PAROL6/configuration/PAROL6_physics.usd
-- Symlinking: /root/ros2_ws/install/aar6/share/aar6//urdf/PAROL6/configuration/PAROL6_robot.usd
-- Symlinking: /root/ros2_ws/install/aar6/share/aar6//urdf/PAROL6/configuration/PAROL6_sensor.usd
-- Symlinking: /root/ros2_ws/install/aar6/share/aar6//meshes/Gripper_Body.STL
-- Symlinking: /root/ros2_ws/install/aar6/share/aar6//meshes/L1.STL
-- Symlinking: /root/ros2_ws/install/aar6/share/aar6//meshes/L2.STL
-- Symlinking: /root/ros2_ws/install/aar6/share/aar6//meshes/L3.STL
-- Symlinking: /root/ros2_ws/install/aar6/share/aar6//meshes/L4.STL
-- Symlinking: /root/ros2_ws/install/aar6/share/aar6//meshes/L5.STL
-- Symlinking: /root/ros2_ws/install/aar6/share/aar6//meshes/L6.dae
-- Symlinking: /root/ros2_ws/install/aar6/share/aar6//meshes/L6.stl
-- Symlinking: /root/ros2_ws/install/aar6/share/aar6//meshes/L6prev.dae
-- Symlinking: /root/ros2_ws/install/aar6/share/aar6//meshes/base_link.STL
-- Symlinking: /root/ros2_ws/install/aar6/share/aar6//meshes/fin.dae
-- Symlinking: /root/ros2_ws/install/aar6/share/aar6//meshes/gripper_finger.STL
-- Symlinking: /root/ros2_ws/install/aar6/share/aar6//rviz/rviz_monitor.rviz
-- Symlinking: /root/ros2_ws/install/aar6/lib/aar6/joint_state_pub
-- Symlinking: /root/ros2_ws/install/aar6/share/ament_index/resource_index/package_run_dependencies/aar6
-- Symlinking: /root/ros2_ws/install/aar6/share/ament_index/resource_index/parent_prefix_path/aar6
-- Symlinking: /root/ros2_ws/install/aar6/share/aar6/environment/ament_prefix_path.sh
-- Symlinking: /root/ros2_ws/install/aar6/share/aar6/environment/ament_prefix_path.dsv
-- Symlinking: /root/ros2_ws/install/aar6/share/aar6/environment/path.sh
-- Symlinking: /root/ros2_ws/install/aar6/share/aar6/environment/path.dsv
-- Symlinking: /root/ros2_ws/install/aar6/share/aar6/local_setup.bash
-- Symlinking: /root/ros2_ws/install/aar6/share/aar6/local_setup.sh
-- Symlinking: /root/ros2_ws/install/aar6/share/aar6/local_setup.zsh
-- Symlinking: /root/ros2_ws/install/aar6/share/aar6/local_setup.dsv
-- Symlinking: /root/ros2_ws/install/aar6/share/aar6/package.dsv
-- Symlinking: /root/ros2_ws/install/aar6/share/ament_index/resource_index/packages/aar6
-- Symlinking: /root/ros2_ws/install/aar6/share/aar6/cmake/aar6Config.cmake
-- Symlinking: /root/ros2_ws/install/aar6/share/aar6/cmake/aar6Config-version.cmake
-- Symlinking: /root/ros2_ws/install/aar6/share/aar6/package.xml
