[0.006s] Invoking command in '/home/idgaf/Documents/robot/Robot_ros2_ws/build/moveit': DEBUGINFOD_URLS=https://debuginfod.ubuntu.com /usr/bin/cmake /home/idgaf/Documents/robot/Robot_ros2_ws/src/moveit -DCMAKE_INSTALL_PREFIX=/home/idgaf/Documents/robot/Robot_ros2_ws/install/moveit
[0.142s] -- The C compiler identification is GNU 11.4.0
[0.231s] -- The CXX compiler identification is GNU 11.4.0
[0.249s] -- Detecting C compiler ABI info
[0.316s] -- Detecting C compiler ABI info - done
[0.322s] -- Check for working C compiler: /usr/bin/cc - skipped
[0.322s] -- Detecting C compile features
[0.323s] -- Detecting C compile features - done
[0.331s] -- Detecting CXX compiler ABI info
[0.406s] -- Detecting CXX compiler ABI info - done
[0.413s] -- Check for working CXX compiler: /usr/bin/c++ - skipped
[0.413s] -- Detecting CXX compile features
[0.413s] -- Detecting CXX compile features - done
[0.479s] -- Found ament_cmake: 2.5.4 (/opt/ros/jazzy/share/ament_cmake/cmake)
[0.600s] -- Found Python3: /usr/bin/python3 (found version "3.12.3") found components: Interpreter 
[0.769s] Error parsing '/home/idgaf/Documents/robot/Robot_ros2_ws/src/moveit/package.xml':
[4.016s] Traceback (most recent call last):
[4.016s]   File "/opt/ros/jazzy/share/ament_cmake_core/cmake/core/package_xml_2_cmake.py", line 150, in <module>
[4.016s]     main()
[4.016s]   File "/opt/ros/jazzy/share/ament_cmake_core/cmake/core/package_xml_2_cmake.py", line 53, in main
[4.016s]     raise e
[4.016s]   File "/opt/ros/jazzy/share/ament_cmake_core/cmake/core/package_xml_2_cmake.py", line 49, in main
[4.016s]     package = parse_package_string(
[4.016s]               ^^^^^^^^^^^^^^^^^^^^^
[4.016s]   File "/usr/lib/python3/dist-packages/catkin_pkg/package.py", line 788, in parse_package_string
[4.016s]     pkg.validate(warnings=warnings)
[4.016s]   File "/usr/lib/python3/dist-packages/catkin_pkg/package.py", line 330, in validate
[4.016s]     raise InvalidPackage('\n'.join(errors), self.filename)
[4.016s] catkin_pkg.package.InvalidPackage: Error(s) in package '/home/idgaf/Documents/robot/Robot_ros2_ws/src/moveit/package.xml':
[4.016s] Invalid email "" for person ""
[4.016s] Maintainers must have an email address
[4.016s] Invalid email "" for person ""
[4.042s] [31mCMake Error at /opt/ros/jazzy/share/ament_cmake_core/cmake/core/ament_package_xml.cmake:95 (message):
[4.042s]   execute_process(/usr/bin/python3
[4.042s]   /opt/ros/jazzy/share/ament_cmake_core/cmake/core/package_xml_2_cmake.py
[4.042s]   /home/idgaf/Documents/robot/Robot_ros2_ws/src/moveit/package.xml
[4.042s]   /home/idgaf/Documents/robot/Robot_ros2_ws/build/moveit/ament_cmake_core/package.cmake)
[4.042s]   returned error code 1
[4.042s] Call Stack (most recent call first):
[4.042s]   /opt/ros/jazzy/share/ament_cmake_core/cmake/core/ament_package_xml.cmake:49 (_ament_package_xml)
[4.042s]   /opt/ros/jazzy/share/ament_cmake_core/cmake/core/ament_package.cmake:63 (ament_package_xml)
[4.042s]   CMakeLists.txt:6 (ament_package)
[4.042s] 
[4.042s] [0m
[4.043s] -- Configuring incomplete, errors occurred!
[4.047s] Invoked command in '/home/idgaf/Documents/robot/Robot_ros2_ws/build/moveit' returned '1': DEBUGINFOD_URLS=https://debuginfod.ubuntu.com /usr/bin/cmake /home/idgaf/Documents/robot/Robot_ros2_ws/src/moveit -DCMAKE_INSTALL_PREFIX=/home/idgaf/Documents/robot/Robot_ros2_ws/install/moveit
