[0.006s] Invoking command in '/root/ros2_ws/build/aar6': CMAKE_PREFIX_PATH=${CMAKE_PREFIX_PATH}:/opt/ros/jazzy /usr/bin/cmake /root/ros2_ws/src/aar6 -DCMAKE_INSTALL_PREFIX=/root/ros2_ws/install/aar6
[0.019s] -- Found ament_cmake: 2.5.4 (/opt/ros/jazzy/share/ament_cmake/cmake)
[0.135s] -- Override CMake install command with custom implementation using symlinks instead of copying resources
[0.139s] -- Found rclcpp: 28.1.12 (/opt/ros/jazzy/share/rclcpp/cmake)
[0.154s] -- Found rosidl_generator_c: 4.6.6 (/opt/ros/jazzy/share/rosidl_generator_c/cmake)
[0.159s] -- Found rosidl_generator_cpp: 4.6.6 (/opt/ros/jazzy/share/rosidl_generator_cpp/cmake)
[0.166s] -- Using all available rosidl_typesupport_c: rosidl_typesupport_fastrtps_c;rosidl_typesupport_introspection_c
[0.174s] -- Using all available rosidl_typesupport_cpp: rosidl_typesupport_fastrtps_cpp;rosidl_typesupport_introspection_cpp
[0.213s] -- Found rmw_implementation_cmake: 7.3.2 (/opt/ros/jazzy/share/rmw_implementation_cmake/cmake)
[0.213s] -- Found rmw_fastrtps_cpp: 8.4.3 (/opt/ros/jazzy/share/rmw_fastrtps_cpp/cmake)
[0.256s] -- Using RMW implementation 'rmw_fastrtps_cpp' as default
[0.294s] -- Found sensor_msgs: 5.3.6 (/opt/ros/jazzy/share/sensor_msgs/cmake)
[0.329s] -- Found ament_lint_auto: 0.17.3 (/opt/ros/jazzy/share/ament_lint_auto/cmake)
[0.385s] -- Added test 'cppcheck' to perform static code analysis on C / C++ code
[0.385s] -- Configured cppcheck include dirs: 
[0.386s] -- Configured cppcheck exclude dirs and/or files: 
[0.386s] -- Added test 'flake8' to check Python code syntax and style conventions
[0.386s] -- Configured 'flake8' exclude dirs and/or files: 
[0.386s] -- Added test 'lint_cmake' to check CMake code style
[0.387s] -- Added test 'pep257' to check Python code against some of the docstring style conventions in PEP 257
[0.388s] -- Added test 'uncrustify' to check C / C++ code style
[0.388s] -- Configured uncrustify additional arguments: 
[0.388s] -- Added test 'xmllint' to check XML markup files
[0.389s] -- Configuring done (0.4s)
[0.396s] -- Generating done (0.0s)
[0.397s] -- Build files have been written to: /root/ros2_ws/build/aar6
[0.402s] Invoked command in '/root/ros2_ws/build/aar6' returned '0': CMAKE_PREFIX_PATH=${CMAKE_PREFIX_PATH}:/opt/ros/jazzy /usr/bin/cmake /root/ros2_ws/src/aar6 -DCMAKE_INSTALL_PREFIX=/root/ros2_ws/install/aar6
[0.402s] Invoking command in '/root/ros2_ws/build/aar6': CMAKE_PREFIX_PATH=${CMAKE_PREFIX_PATH}:/opt/ros/jazzy /usr/bin/cmake --build /root/ros2_ws/build/aar6 -- -j16 -l16
[0.443s] [100%] Built target joint_state_pub
[0.451s] Invoked command in '/root/ros2_ws/build/aar6' returned '0': CMAKE_PREFIX_PATH=${CMAKE_PREFIX_PATH}:/opt/ros/jazzy /usr/bin/cmake --build /root/ros2_ws/build/aar6 -- -j16 -l16
[0.458s] Invoking command in '/root/ros2_ws/build/aar6': CMAKE_PREFIX_PATH=${CMAKE_PREFIX_PATH}:/opt/ros/jazzy /usr/bin/cmake --install /root/ros2_ws/build/aar6
[0.463s] -- Install configuration: ""
[0.463s] -- Execute custom install script
[0.463s] -- Up-to-date symlink: /root/ros2_ws/install/aar6/share/aar6//launch/display.launch.py
[0.464s] -- Up-to-date symlink: /root/ros2_ws/install/aar6/share/aar6//launch/monitor.launch.py
[0.464s] -- Up-to-date symlink: /root/ros2_ws/install/aar6/share/aar6//urdf/PAROL6.csv
[0.464s] -- Up-to-date symlink: /root/ros2_ws/install/aar6/share/aar6//urdf/PAROL6.urdf
[0.464s] -- Up-to-date symlink: /root/ros2_ws/install/aar6/share/aar6//urdf/PAROL6/PAROL6.usd
[0.464s] -- Up-to-date symlink: /root/ros2_ws/install/aar6/share/aar6//urdf/PAROL6/configuration/PAROL6_base.usd
[0.464s] -- Up-to-date symlink: /root/ros2_ws/install/aar6/share/aar6//urdf/PAROL6/configuration/PAROL6_physics.usd
[0.464s] -- Up-to-date symlink: /root/ros2_ws/install/aar6/share/aar6//urdf/PAROL6/configuration/PAROL6_robot.usd
[0.464s] -- Up-to-date symlink: /root/ros2_ws/install/aar6/share/aar6//urdf/PAROL6/configuration/PAROL6_sensor.usd
[0.464s] -- Up-to-date symlink: /root/ros2_ws/install/aar6/share/aar6//meshes/Gripper_Body.STL
[0.464s] -- Up-to-date symlink: /root/ros2_ws/install/aar6/share/aar6//meshes/L1.STL
[0.465s] -- Up-to-date symlink: /root/ros2_ws/install/aar6/share/aar6//meshes/L2.STL
[0.465s] -- Up-to-date symlink: /root/ros2_ws/install/aar6/share/aar6//meshes/L3.STL
[0.465s] -- Up-to-date symlink: /root/ros2_ws/install/aar6/share/aar6//meshes/L4.STL
[0.465s] -- Up-to-date symlink: /root/ros2_ws/install/aar6/share/aar6//meshes/L5.STL
[0.465s] -- Up-to-date symlink: /root/ros2_ws/install/aar6/share/aar6//meshes/L6.dae
[0.465s] -- Up-to-date symlink: /root/ros2_ws/install/aar6/share/aar6//meshes/L6.stl
[0.465s] -- Up-to-date symlink: /root/ros2_ws/install/aar6/share/aar6//meshes/L6prev.dae
[0.465s] -- Up-to-date symlink: /root/ros2_ws/install/aar6/share/aar6//meshes/base_link.STL
[0.465s] -- Up-to-date symlink: /root/ros2_ws/install/aar6/share/aar6//meshes/fin.dae
[0.465s] -- Up-to-date symlink: /root/ros2_ws/install/aar6/share/aar6//meshes/gripper_finger.STL
[0.465s] -- Up-to-date symlink: /root/ros2_ws/install/aar6/share/aar6//rviz/rviz_monitor.rviz
[0.465s] -- Up-to-date symlink: /root/ros2_ws/install/aar6/lib/aar6/joint_state_pub
[0.465s] -- Up-to-date symlink: /root/ros2_ws/install/aar6/share/ament_index/resource_index/package_run_dependencies/aar6
[0.466s] -- Up-to-date symlink: /root/ros2_ws/install/aar6/share/ament_index/resource_index/parent_prefix_path/aar6
[0.466s] -- Up-to-date symlink: /root/ros2_ws/install/aar6/share/aar6/environment/ament_prefix_path.sh
[0.466s] -- Up-to-date symlink: /root/ros2_ws/install/aar6/share/aar6/environment/ament_prefix_path.dsv
[0.466s] -- Up-to-date symlink: /root/ros2_ws/install/aar6/share/aar6/environment/path.sh
[0.466s] -- Up-to-date symlink: /root/ros2_ws/install/aar6/share/aar6/environment/path.dsv
[0.466s] -- Up-to-date symlink: /root/ros2_ws/install/aar6/share/aar6/local_setup.bash
[0.466s] -- Up-to-date symlink: /root/ros2_ws/install/aar6/share/aar6/local_setup.sh
[0.466s] -- Up-to-date symlink: /root/ros2_ws/install/aar6/share/aar6/local_setup.zsh
[0.466s] -- Up-to-date symlink: /root/ros2_ws/install/aar6/share/aar6/local_setup.dsv
[0.466s] -- Symlinking: /root/ros2_ws/install/aar6/share/aar6/package.dsv
[0.472s] -- Up-to-date symlink: /root/ros2_ws/install/aar6/share/ament_index/resource_index/packages/aar6
[0.472s] -- Up-to-date symlink: /root/ros2_ws/install/aar6/share/aar6/cmake/aar6Config.cmake
[0.472s] -- Up-to-date symlink: /root/ros2_ws/install/aar6/share/aar6/cmake/aar6Config-version.cmake
[0.472s] -- Up-to-date symlink: /root/ros2_ws/install/aar6/share/aar6/package.xml
[0.473s] Invoked command in '/root/ros2_ws/build/aar6' returned '0': CMAKE_PREFIX_PATH=${CMAKE_PREFIX_PATH}:/opt/ros/jazzy /usr/bin/cmake --install /root/ros2_ws/build/aar6
