Not searching for unused variables given on the command line.
-- The C compiler identification is GNU 8.3.1
-- The CXX compiler identification is GNU 8.3.1
-- Detecting C compiler ABI info
-- Detecting C compiler ABI info - done
-- Check for working C compiler: /home/idgaf/uros_ws/firmware/freertos_apps/microros_nucleo_f446re_extensions/../../toolchain/bin/arm-none-eabi-gcc - skipped
-- Detecting C compile features
-- Detecting C compile features - done
-- Detecting CXX compiler ABI info
-- Detecting CXX compiler ABI info - done
-- Check for working CXX compiler: /home/idgaf/uros_ws/firmware/freertos_apps/microros_nucleo_f446re_extensions/../../toolchain/bin/arm-none-eabi-g++ - skipped
-- Detecting CXX compile features
-- Detecting CXX compile features - done
-- Found ament_cmake_ros: 0.12.0 (/home/idgaf/uros_ws/firmware/dev_ws/install/ament_cmake_ros/share/ament_cmake_ros/cmake)
-- Found Python3: /usr/bin/python3 (found version "3.12.3") found components: Interpreter 
-- Found rcutils: 6.7.3 (/home/idgaf/uros_ws/firmware/mcu_ws/install/rcutils/share/rcutils/cmake)
-- Found rosidl_dynamic_typesupport: 0.1.2 (/home/idgaf/uros_ws/firmware/mcu_ws/install/rosidl_dynamic_typesupport/share/rosidl_dynamic_typesupport/cmake)
-- Configuring done (0.7s)
-- Generating done (0.0s)
-- Build files have been written to: /home/idgaf/uros_ws/firmware/mcu_ws/build/rmw
Change Dir: '/home/idgaf/uros_ws/firmware/mcu_ws/build/rmw'

Run Build Command(s): /usr/bin/cmake -E env VERBOSE=1 /usr/bin/gmake -f Makefile -j16 -l16
gmake[1]: Entering directory '/home/idgaf/uros_ws/firmware/mcu_ws/build/rmw'
/usr/bin/cmake -S/home/idgaf/uros_ws/firmware/mcu_ws/ros2/rmw/rmw -B/home/idgaf/uros_ws/firmware/mcu_ws/build/rmw --check-build-system CMakeFiles/Makefile.cmake 0
/usr/bin/cmake -E cmake_progress_start /home/idgaf/uros_ws/firmware/mcu_ws/build/rmw/CMakeFiles /home/idgaf/uros_ws/firmware/mcu_ws/build/rmw//CMakeFiles/progress.marks
/usr/bin/gmake  -f CMakeFiles/Makefile2 all
gmake[2]: Entering directory '/home/idgaf/uros_ws/firmware/mcu_ws/build/rmw'
/usr/bin/gmake  -f CMakeFiles/rmw.dir/build.make CMakeFiles/rmw.dir/depend
gmake[3]: Entering directory '/home/idgaf/uros_ws/firmware/mcu_ws/build/rmw'
cd /home/idgaf/uros_ws/firmware/mcu_ws/build/rmw && /usr/bin/cmake -E cmake_depends "Unix Makefiles" /home/idgaf/uros_ws/firmware/mcu_ws/ros2/rmw/rmw /home/idgaf/uros_ws/firmware/mcu_ws/ros2/rmw/rmw /home/idgaf/uros_ws/firmware/mcu_ws/build/rmw /home/idgaf/uros_ws/firmware/mcu_ws/build/rmw /home/idgaf/uros_ws/firmware/mcu_ws/build/rmw/CMakeFiles/rmw.dir/DependInfo.cmake "--color="
gmake[3]: Leaving directory '/home/idgaf/uros_ws/firmware/mcu_ws/build/rmw'
/usr/bin/gmake  -f CMakeFiles/rmw.dir/build.make CMakeFiles/rmw.dir/build
gmake[3]: Entering directory '/home/idgaf/uros_ws/firmware/mcu_ws/build/rmw'
[  8%] [32mBuilding C object CMakeFiles/rmw.dir/src/init_options.c.obj[0m
[  8%] [32mBuilding C object CMakeFiles/rmw.dir/src/event.c.obj[0m
[ 12%] [32mBuilding C object CMakeFiles/rmw.dir/src/convert_rcutils_ret_to_rmw_ret.c.obj[0m
[ 16%] [32mBuilding C object CMakeFiles/rmw.dir/src/discovery_options.c.obj[0m
[ 20%] [32mBuilding C object CMakeFiles/rmw.dir/src/message_sequence.c.obj[0m
[ 25%] [32mBuilding C object CMakeFiles/rmw.dir/src/names_and_types.c.obj[0m
/home/idgaf/uros_ws/firmware/freertos_apps/microros_nucleo_f446re_extensions/../../toolchain/bin/arm-none-eabi-gcc -DROS_PACKAGE_NAME=\"rmw\" -I/home/idgaf/uros_ws/firmware/mcu_ws/ros2/rmw/rmw/include -isystem /home/idgaf/uros_ws/firmware/mcu_ws/install/rcutils/include/rcutils -isystem /home/idgaf/uros_ws/firmware/mcu_ws/install/rosidl_dynamic_typesupport/include/rosidl_dynamic_typesupport -isystem /home/idgaf/uros_ws/firmware/mcu_ws/install/rosidl_runtime_c/include/rosidl_runtime_c -isystem /home/idgaf/uros_ws/firmware/mcu_ws/install/rosidl_typesupport_interface/include/rosidl_typesupport_interface -std=c11 -mcpu=cortex-m4 -mthumb -mfpu=fpv4-sp-d16 -mfloat-abi=hard -DUSE_HAL_DRIVER -DSTM32F446xx -D_TIMEVAL_DEFINE -O0 -Wall -fdata-sections -ffunction-sections  -DCLOCK_MONOTONIC=0 -g -std=gnu99 -fvisibility=hidden -Wall -Wextra -Wpedantic -MD -MT CMakeFiles/rmw.dir/src/event.c.obj -MF CMakeFiles/rmw.dir/src/event.c.obj.d -o CMakeFiles/rmw.dir/src/event.c.obj -c /home/idgaf/uros_ws/firmware/mcu_ws/ros2/rmw/rmw/src/event.c
[ 33%] [32mBuilding C object CMakeFiles/rmw.dir/src/network_flow_endpoint.c.obj[0m
[ 33%] [32mBuilding C object CMakeFiles/rmw.dir/src/allocators.c.obj[0m
[ 37%] [32mBuilding C object CMakeFiles/rmw.dir/src/init.c.obj[0m
[ 41%] [32mBuilding C object CMakeFiles/rmw.dir/src/network_flow_endpoint_array.c.obj[0m
/home/idgaf/uros_ws/firmware/freertos_apps/microros_nucleo_f446re_extensions/../../toolchain/bin/arm-none-eabi-gcc -DROS_PACKAGE_NAME=\"rmw\" -I/home/idgaf/uros_ws/firmware/mcu_ws/ros2/rmw/rmw/include -isystem /home/idgaf/uros_ws/firmware/mcu_ws/install/rcutils/include/rcutils -isystem /home/idgaf/uros_ws/firmware/mcu_ws/install/rosidl_dynamic_typesupport/include/rosidl_dynamic_typesupport -isystem /home/idgaf/uros_ws/firmware/mcu_ws/install/rosidl_runtime_c/include/rosidl_runtime_c -isystem /home/idgaf/uros_ws/firmware/mcu_ws/install/rosidl_typesupport_interface/include/rosidl_typesupport_interface -std=c11 -mcpu=cortex-m4 -mthumb -mfpu=fpv4-sp-d16 -mfloat-abi=hard -DUSE_HAL_DRIVER -DSTM32F446xx -D_TIMEVAL_DEFINE -O0 -Wall -fdata-sections -ffunction-sections  -DCLOCK_MONOTONIC=0 -g -std=gnu99 -fvisibility=hidden -Wall -Wextra -Wpedantic -MD -MT CMakeFiles/rmw.dir/src/allocators.c.obj -MF CMakeFiles/rmw.dir/src/allocators.c.obj.d -o CMakeFiles/rmw.dir/src/allocators.c.obj -c /home/idgaf/uros_ws/firmware/mcu_ws/ros2/rmw/rmw/src/allocators.c
/home/idgaf/uros_ws/firmware/freertos_apps/microros_nucleo_f446re_extensions/../../toolchain/bin/arm-none-eabi-gcc -DROS_PACKAGE_NAME=\"rmw\" -I/home/idgaf/uros_ws/firmware/mcu_ws/ros2/rmw/rmw/include -isystem /home/idgaf/uros_ws/firmware/mcu_ws/install/rcutils/include/rcutils -isystem /home/idgaf/uros_ws/firmware/mcu_ws/install/rosidl_dynamic_typesupport/include/rosidl_dynamic_typesupport -isystem /home/idgaf/uros_ws/firmware/mcu_ws/install/rosidl_runtime_c/include/rosidl_runtime_c -isystem /home/idgaf/uros_ws/firmware/mcu_ws/install/rosidl_typesupport_interface/include/rosidl_typesupport_interface -std=c11 -mcpu=cortex-m4 -mthumb -mfpu=fpv4-sp-d16 -mfloat-abi=hard -DUSE_HAL_DRIVER -DSTM32F446xx -D_TIMEVAL_DEFINE -O0 -Wall -fdata-sections -ffunction-sections  -DCLOCK_MONOTONIC=0 -g -std=gnu99 -fvisibility=hidden -Wall -Wextra -Wpedantic -MD -MT CMakeFiles/rmw.dir/src/convert_rcutils_ret_to_rmw_ret.c.obj -MF CMakeFiles/rmw.dir/src/convert_rcutils_ret_to_rmw_ret.c.obj.d -o CMakeFiles/rmw.dir/src/convert_rcutils_ret_to_rmw_ret.c.obj -c /home/idgaf/uros_ws/firmware/mcu_ws/ros2/rmw/rmw/src/convert_rcutils_ret_to_rmw_ret.c
/home/idgaf/uros_ws/firmware/freertos_apps/microros_nucleo_f446re_extensions/../../toolchain/bin/arm-none-eabi-gcc -DROS_PACKAGE_NAME=\"rmw\" -I/home/idgaf/uros_ws/firmware/mcu_ws/ros2/rmw/rmw/include -isystem /home/idgaf/uros_ws/firmware/mcu_ws/install/rcutils/include/rcutils -isystem /home/idgaf/uros_ws/firmware/mcu_ws/install/rosidl_dynamic_typesupport/include/rosidl_dynamic_typesupport -isystem /home/idgaf/uros_ws/firmware/mcu_ws/install/rosidl_runtime_c/include/rosidl_runtime_c -isystem /home/idgaf/uros_ws/firmware/mcu_ws/install/rosidl_typesupport_interface/include/rosidl_typesupport_interface -std=c11 -mcpu=cortex-m4 -mthumb -mfpu=fpv4-sp-d16 -mfloat-abi=hard -DUSE_HAL_DRIVER -DSTM32F446xx -D_TIMEVAL_DEFINE -O0 -Wall -fdata-sections -ffunction-sections  -DCLOCK_MONOTONIC=0 -g -std=gnu99 -fvisibility=hidden -Wall -Wextra -Wpedantic -MD -MT CMakeFiles/rmw.dir/src/discovery_options.c.obj -MF CMakeFiles/rmw.dir/src/discovery_options.c.obj.d -o CMakeFiles/rmw.dir/src/discovery_options.c.obj -c /home/idgaf/uros_ws/firmware/mcu_ws/ros2/rmw/rmw/src/discovery_options.c
/home/idgaf/uros_ws/firmware/freertos_apps/microros_nucleo_f446re_extensions/../../toolchain/bin/arm-none-eabi-gcc -DROS_PACKAGE_NAME=\"rmw\" -I/home/idgaf/uros_ws/firmware/mcu_ws/ros2/rmw/rmw/include -isystem /home/idgaf/uros_ws/firmware/mcu_ws/install/rcutils/include/rcutils -isystem /home/idgaf/uros_ws/firmware/mcu_ws/install/rosidl_dynamic_typesupport/include/rosidl_dynamic_typesupport -isystem /home/idgaf/uros_ws/firmware/mcu_ws/install/rosidl_runtime_c/include/rosidl_runtime_c -isystem /home/idgaf/uros_ws/firmware/mcu_ws/install/rosidl_typesupport_interface/include/rosidl_typesupport_interface -std=c11 -mcpu=cortex-m4 -mthumb -mfpu=fpv4-sp-d16 -mfloat-abi=hard -DUSE_HAL_DRIVER -DSTM32F446xx -D_TIMEVAL_DEFINE -O0 -Wall -fdata-sections -ffunction-sections  -DCLOCK_MONOTONIC=0 -g -std=gnu99 -fvisibility=hidden -Wall -Wextra -Wpedantic -MD -MT CMakeFiles/rmw.dir/src/init_options.c.obj -MF CMakeFiles/rmw.dir/src/init_options.c.obj.d -o CMakeFiles/rmw.dir/src/init_options.c.obj -c /home/idgaf/uros_ws/firmware/mcu_ws/ros2/rmw/rmw/src/init_options.c
/home/idgaf/uros_ws/firmware/freertos_apps/microros_nucleo_f446re_extensions/../../toolchain/bin/arm-none-eabi-gcc -DROS_PACKAGE_NAME=\"rmw\" -I/home/idgaf/uros_ws/firmware/mcu_ws/ros2/rmw/rmw/include -isystem /home/idgaf/uros_ws/firmware/mcu_ws/install/rcutils/include/rcutils -isystem /home/idgaf/uros_ws/firmware/mcu_ws/install/rosidl_dynamic_typesupport/include/rosidl_dynamic_typesupport -isystem /home/idgaf/uros_ws/firmware/mcu_ws/install/rosidl_runtime_c/include/rosidl_runtime_c -isystem /home/idgaf/uros_ws/firmware/mcu_ws/install/rosidl_typesupport_interface/include/rosidl_typesupport_interface -std=c11 -mcpu=cortex-m4 -mthumb -mfpu=fpv4-sp-d16 -mfloat-abi=hard -DUSE_HAL_DRIVER -DSTM32F446xx -D_TIMEVAL_DEFINE -O0 -Wall -fdata-sections -ffunction-sections  -DCLOCK_MONOTONIC=0 -g -std=gnu99 -fvisibility=hidden -Wall -Wextra -Wpedantic -MD -MT CMakeFiles/rmw.dir/src/message_sequence.c.obj -MF CMakeFiles/rmw.dir/src/message_sequence.c.obj.d -o CMakeFiles/rmw.dir/src/message_sequence.c.obj -c /home/idgaf/uros_ws/firmware/mcu_ws/ros2/rmw/rmw/src/message_sequence.c
[ 45%] [32mBuilding C object CMakeFiles/rmw.dir/src/publisher_options.c.obj[0m
[ 50%] [32mBuilding C object CMakeFiles/rmw.dir/src/security_options.c.obj[0m
[ 54%] [32mBuilding C object CMakeFiles/rmw.dir/src/qos_string_conversions.c.obj[0m
/home/idgaf/uros_ws/firmware/freertos_apps/microros_nucleo_f446re_extensions/../../toolchain/bin/arm-none-eabi-gcc -DROS_PACKAGE_NAME=\"rmw\" -I/home/idgaf/uros_ws/firmware/mcu_ws/ros2/rmw/rmw/include -isystem /home/idgaf/uros_ws/firmware/mcu_ws/install/rcutils/include/rcutils -isystem /home/idgaf/uros_ws/firmware/mcu_ws/install/rosidl_dynamic_typesupport/include/rosidl_dynamic_typesupport -isystem /home/idgaf/uros_ws/firmware/mcu_ws/install/rosidl_runtime_c/include/rosidl_runtime_c -isystem /home/idgaf/uros_ws/firmware/mcu_ws/install/rosidl_typesupport_interface/include/rosidl_typesupport_interface -std=c11 -mcpu=cortex-m4 -mthumb -mfpu=fpv4-sp-d16 -mfloat-abi=hard -DUSE_HAL_DRIVER -DSTM32F446xx -D_TIMEVAL_DEFINE -O0 -Wall -fdata-sections -ffunction-sections  -DCLOCK_MONOTONIC=0 -g -std=gnu99 -fvisibility=hidden -Wall -Wextra -Wpedantic -MD -MT CMakeFiles/rmw.dir/src/names_and_types.c.obj -MF CMakeFiles/rmw.dir/src/names_and_types.c.obj.d -o CMakeFiles/rmw.dir/src/names_and_types.c.obj -c /home/idgaf/uros_ws/firmware/mcu_ws/ros2/rmw/rmw/src/names_and_types.c
/home/idgaf/uros_ws/firmware/freertos_apps/microros_nucleo_f446re_extensions/../../toolchain/bin/arm-none-eabi-gcc -DROS_PACKAGE_NAME=\"rmw\" -I/home/idgaf/uros_ws/firmware/mcu_ws/ros2/rmw/rmw/include -isystem /home/idgaf/uros_ws/firmware/mcu_ws/install/rcutils/include/rcutils -isystem /home/idgaf/uros_ws/firmware/mcu_ws/install/rosidl_dynamic_typesupport/include/rosidl_dynamic_typesupport -isystem /home/idgaf/uros_ws/firmware/mcu_ws/install/rosidl_runtime_c/include/rosidl_runtime_c -isystem /home/idgaf/uros_ws/firmware/mcu_ws/install/rosidl_typesupport_interface/include/rosidl_typesupport_interface -std=c11 -mcpu=cortex-m4 -mthumb -mfpu=fpv4-sp-d16 -mfloat-abi=hard -DUSE_HAL_DRIVER -DSTM32F446xx -D_TIMEVAL_DEFINE -O0 -Wall -fdata-sections -ffunction-sections  -DCLOCK_MONOTONIC=0 -g -std=gnu99 -fvisibility=hidden -Wall -Wextra -Wpedantic -MD -MT CMakeFiles/rmw.dir/src/init.c.obj -MF CMakeFiles/rmw.dir/src/init.c.obj.d -o CMakeFiles/rmw.dir/src/init.c.obj -c /home/idgaf/uros_ws/firmware/mcu_ws/ros2/rmw/rmw/src/init.c
[ 58%] [32mBuilding C object CMakeFiles/rmw.dir/src/sanity_checks.c.obj[0m
/home/idgaf/uros_ws/firmware/freertos_apps/microros_nucleo_f446re_extensions/../../toolchain/bin/arm-none-eabi-gcc -DROS_PACKAGE_NAME=\"rmw\" -I/home/idgaf/uros_ws/firmware/mcu_ws/ros2/rmw/rmw/include -isystem /home/idgaf/uros_ws/firmware/mcu_ws/install/rcutils/include/rcutils -isystem /home/idgaf/uros_ws/firmware/mcu_ws/install/rosidl_dynamic_typesupport/include/rosidl_dynamic_typesupport -isystem /home/idgaf/uros_ws/firmware/mcu_ws/install/rosidl_runtime_c/include/rosidl_runtime_c -isystem /home/idgaf/uros_ws/firmware/mcu_ws/install/rosidl_typesupport_interface/include/rosidl_typesupport_interface -std=c11 -mcpu=cortex-m4 -mthumb -mfpu=fpv4-sp-d16 -mfloat-abi=hard -DUSE_HAL_DRIVER -DSTM32F446xx -D_TIMEVAL_DEFINE -O0 -Wall -fdata-sections -ffunction-sections  -DCLOCK_MONOTONIC=0 -g -std=gnu99 -fvisibility=hidden -Wall -Wextra -Wpedantic -MD -MT CMakeFiles/rmw.dir/src/network_flow_endpoint_array.c.obj -MF CMakeFiles/rmw.dir/src/network_flow_endpoint_array.c.obj.d -o CMakeFiles/rmw.dir/src/network_flow_endpoint_array.c.obj -c /home/idgaf/uros_ws/firmware/mcu_ws/ros2/rmw/rmw/src/network_flow_endpoint_array.c
[ 62%] [32mBuilding C object CMakeFiles/rmw.dir/src/subscription_content_filter_options.c.obj[0m
/home/idgaf/uros_ws/firmware/freertos_apps/microros_nucleo_f446re_extensions/../../toolchain/bin/arm-none-eabi-gcc -DROS_PACKAGE_NAME=\"rmw\" -I/home/idgaf/uros_ws/firmware/mcu_ws/ros2/rmw/rmw/include -isystem /home/idgaf/uros_ws/firmware/mcu_ws/install/rcutils/include/rcutils -isystem /home/idgaf/uros_ws/firmware/mcu_ws/install/rosidl_dynamic_typesupport/include/rosidl_dynamic_typesupport -isystem /home/idgaf/uros_ws/firmware/mcu_ws/install/rosidl_runtime_c/include/rosidl_runtime_c -isystem /home/idgaf/uros_ws/firmware/mcu_ws/install/rosidl_typesupport_interface/include/rosidl_typesupport_interface -std=c11 -mcpu=cortex-m4 -mthumb -mfpu=fpv4-sp-d16 -mfloat-abi=hard -DUSE_HAL_DRIVER -DSTM32F446xx -D_TIMEVAL_DEFINE -O0 -Wall -fdata-sections -ffunction-sections  -DCLOCK_MONOTONIC=0 -g -std=gnu99 -fvisibility=hidden -Wall -Wextra -Wpedantic -MD -MT CMakeFiles/rmw.dir/src/network_flow_endpoint.c.obj -MF CMakeFiles/rmw.dir/src/network_flow_endpoint.c.obj.d -o CMakeFiles/rmw.dir/src/network_flow_endpoint.c.obj -c /home/idgaf/uros_ws/firmware/mcu_ws/ros2/rmw/rmw/src/network_flow_endpoint.c
/home/idgaf/uros_ws/firmware/freertos_apps/microros_nucleo_f446re_extensions/../../toolchain/bin/arm-none-eabi-gcc -DROS_PACKAGE_NAME=\"rmw\" -I/home/idgaf/uros_ws/firmware/mcu_ws/ros2/rmw/rmw/include -isystem /home/idgaf/uros_ws/firmware/mcu_ws/install/rcutils/include/rcutils -isystem /home/idgaf/uros_ws/firmware/mcu_ws/install/rosidl_dynamic_typesupport/include/rosidl_dynamic_typesupport -isystem /home/idgaf/uros_ws/firmware/mcu_ws/install/rosidl_runtime_c/include/rosidl_runtime_c -isystem /home/idgaf/uros_ws/firmware/mcu_ws/install/rosidl_typesupport_interface/include/rosidl_typesupport_interface -std=c11 -mcpu=cortex-m4 -mthumb -mfpu=fpv4-sp-d16 -mfloat-abi=hard -DUSE_HAL_DRIVER -DSTM32F446xx -D_TIMEVAL_DEFINE -O0 -Wall -fdata-sections -ffunction-sections  -DCLOCK_MONOTONIC=0 -g -std=gnu99 -fvisibility=hidden -Wall -Wextra -Wpedantic -MD -MT CMakeFiles/rmw.dir/src/publisher_options.c.obj -MF CMakeFiles/rmw.dir/src/publisher_options.c.obj.d -o CMakeFiles/rmw.dir/src/publisher_options.c.obj -c /home/idgaf/uros_ws/firmware/mcu_ws/ros2/rmw/rmw/src/publisher_options.c
/home/idgaf/uros_ws/firmware/freertos_apps/microros_nucleo_f446re_extensions/../../toolchain/bin/arm-none-eabi-gcc -DROS_PACKAGE_NAME=\"rmw\" -I/home/idgaf/uros_ws/firmware/mcu_ws/ros2/rmw/rmw/include -isystem /home/idgaf/uros_ws/firmware/mcu_ws/install/rcutils/include/rcutils -isystem /home/idgaf/uros_ws/firmware/mcu_ws/install/rosidl_dynamic_typesupport/include/rosidl_dynamic_typesupport -isystem /home/idgaf/uros_ws/firmware/mcu_ws/install/rosidl_runtime_c/include/rosidl_runtime_c -isystem /home/idgaf/uros_ws/firmware/mcu_ws/install/rosidl_typesupport_interface/include/rosidl_typesupport_interface -std=c11 -mcpu=cortex-m4 -mthumb -mfpu=fpv4-sp-d16 -mfloat-abi=hard -DUSE_HAL_DRIVER -DSTM32F446xx -D_TIMEVAL_DEFINE -O0 -Wall -fdata-sections -ffunction-sections  -DCLOCK_MONOTONIC=0 -g -std=gnu99 -fvisibility=hidden -Wall -Wextra -Wpedantic -MD -MT CMakeFiles/rmw.dir/src/qos_string_conversions.c.obj -MF CMakeFiles/rmw.dir/src/qos_string_conversions.c.obj.d -o CMakeFiles/rmw.dir/src/qos_string_conversions.c.obj -c /home/idgaf/uros_ws/firmware/mcu_ws/ros2/rmw/rmw/src/qos_string_conversions.c
[ 66%] [32mBuilding C object CMakeFiles/rmw.dir/src/subscription_options.c.obj[0m
/home/idgaf/uros_ws/firmware/freertos_apps/microros_nucleo_f446re_extensions/../../toolchain/bin/arm-none-eabi-gcc -DROS_PACKAGE_NAME=\"rmw\" -I/home/idgaf/uros_ws/firmware/mcu_ws/ros2/rmw/rmw/include -isystem /home/idgaf/uros_ws/firmware/mcu_ws/install/rcutils/include/rcutils -isystem /home/idgaf/uros_ws/firmware/mcu_ws/install/rosidl_dynamic_typesupport/include/rosidl_dynamic_typesupport -isystem /home/idgaf/uros_ws/firmware/mcu_ws/install/rosidl_runtime_c/include/rosidl_runtime_c -isystem /home/idgaf/uros_ws/firmware/mcu_ws/install/rosidl_typesupport_interface/include/rosidl_typesupport_interface -std=c11 -mcpu=cortex-m4 -mthumb -mfpu=fpv4-sp-d16 -mfloat-abi=hard -DUSE_HAL_DRIVER -DSTM32F446xx -D_TIMEVAL_DEFINE -O0 -Wall -fdata-sections -ffunction-sections  -DCLOCK_MONOTONIC=0 -g -std=gnu99 -fvisibility=hidden -Wall -Wextra -Wpedantic -MD -MT CMakeFiles/rmw.dir/src/sanity_checks.c.obj -MF CMakeFiles/rmw.dir/src/sanity_checks.c.obj.d -o CMakeFiles/rmw.dir/src/sanity_checks.c.obj -c /home/idgaf/uros_ws/firmware/mcu_ws/ros2/rmw/rmw/src/sanity_checks.c
/home/idgaf/uros_ws/firmware/freertos_apps/microros_nucleo_f446re_extensions/../../toolchain/bin/arm-none-eabi-gcc -DROS_PACKAGE_NAME=\"rmw\" -I/home/idgaf/uros_ws/firmware/mcu_ws/ros2/rmw/rmw/include -isystem /home/idgaf/uros_ws/firmware/mcu_ws/install/rcutils/include/rcutils -isystem /home/idgaf/uros_ws/firmware/mcu_ws/install/rosidl_dynamic_typesupport/include/rosidl_dynamic_typesupport -isystem /home/idgaf/uros_ws/firmware/mcu_ws/install/rosidl_runtime_c/include/rosidl_runtime_c -isystem /home/idgaf/uros_ws/firmware/mcu_ws/install/rosidl_typesupport_interface/include/rosidl_typesupport_interface -std=c11 -mcpu=cortex-m4 -mthumb -mfpu=fpv4-sp-d16 -mfloat-abi=hard -DUSE_HAL_DRIVER -DSTM32F446xx -D_TIMEVAL_DEFINE -O0 -Wall -fdata-sections -ffunction-sections  -DCLOCK_MONOTONIC=0 -g -std=gnu99 -fvisibility=hidden -Wall -Wextra -Wpedantic -MD -MT CMakeFiles/rmw.dir/src/security_options.c.obj -MF CMakeFiles/rmw.dir/src/security_options.c.obj.d -o CMakeFiles/rmw.dir/src/security_options.c.obj -c /home/idgaf/uros_ws/firmware/mcu_ws/ros2/rmw/rmw/src/security_options.c
/home/idgaf/uros_ws/firmware/freertos_apps/microros_nucleo_f446re_extensions/../../toolchain/bin/arm-none-eabi-gcc -DROS_PACKAGE_NAME=\"rmw\" -I/home/idgaf/uros_ws/firmware/mcu_ws/ros2/rmw/rmw/include -isystem /home/idgaf/uros_ws/firmware/mcu_ws/install/rcutils/include/rcutils -isystem /home/idgaf/uros_ws/firmware/mcu_ws/install/rosidl_dynamic_typesupport/include/rosidl_dynamic_typesupport -isystem /home/idgaf/uros_ws/firmware/mcu_ws/install/rosidl_runtime_c/include/rosidl_runtime_c -isystem /home/idgaf/uros_ws/firmware/mcu_ws/install/rosidl_typesupport_interface/include/rosidl_typesupport_interface -std=c11 -mcpu=cortex-m4 -mthumb -mfpu=fpv4-sp-d16 -mfloat-abi=hard -DUSE_HAL_DRIVER -DSTM32F446xx -D_TIMEVAL_DEFINE -O0 -Wall -fdata-sections -ffunction-sections  -DCLOCK_MONOTONIC=0 -g -std=gnu99 -fvisibility=hidden -Wall -Wextra -Wpedantic -MD -MT CMakeFiles/rmw.dir/src/subscription_content_filter_options.c.obj -MF CMakeFiles/rmw.dir/src/subscription_content_filter_options.c.obj.d -o CMakeFiles/rmw.dir/src/subscription_content_filter_options.c.obj -c /home/idgaf/uros_ws/firmware/mcu_ws/ros2/rmw/rmw/src/subscription_content_filter_options.c
/home/idgaf/uros_ws/firmware/freertos_apps/microros_nucleo_f446re_extensions/../../toolchain/bin/arm-none-eabi-gcc -DROS_PACKAGE_NAME=\"rmw\" -I/home/idgaf/uros_ws/firmware/mcu_ws/ros2/rmw/rmw/include -isystem /home/idgaf/uros_ws/firmware/mcu_ws/install/rcutils/include/rcutils -isystem /home/idgaf/uros_ws/firmware/mcu_ws/install/rosidl_dynamic_typesupport/include/rosidl_dynamic_typesupport -isystem /home/idgaf/uros_ws/firmware/mcu_ws/install/rosidl_runtime_c/include/rosidl_runtime_c -isystem /home/idgaf/uros_ws/firmware/mcu_ws/install/rosidl_typesupport_interface/include/rosidl_typesupport_interface -std=c11 -mcpu=cortex-m4 -mthumb -mfpu=fpv4-sp-d16 -mfloat-abi=hard -DUSE_HAL_DRIVER -DSTM32F446xx -D_TIMEVAL_DEFINE -O0 -Wall -fdata-sections -ffunction-sections  -DCLOCK_MONOTONIC=0 -g -std=gnu99 -fvisibility=hidden -Wall -Wextra -Wpedantic -MD -MT CMakeFiles/rmw.dir/src/subscription_options.c.obj -MF CMakeFiles/rmw.dir/src/subscription_options.c.obj.d -o CMakeFiles/rmw.dir/src/subscription_options.c.obj -c /home/idgaf/uros_ws/firmware/mcu_ws/ros2/rmw/rmw/src/subscription_options.c
[ 70%] [32mBuilding C object CMakeFiles/rmw.dir/src/time.c.obj[0m
/home/idgaf/uros_ws/firmware/freertos_apps/microros_nucleo_f446re_extensions/../../toolchain/bin/arm-none-eabi-gcc -DROS_PACKAGE_NAME=\"rmw\" -I/home/idgaf/uros_ws/firmware/mcu_ws/ros2/rmw/rmw/include -isystem /home/idgaf/uros_ws/firmware/mcu_ws/install/rcutils/include/rcutils -isystem /home/idgaf/uros_ws/firmware/mcu_ws/install/rosidl_dynamic_typesupport/include/rosidl_dynamic_typesupport -isystem /home/idgaf/uros_ws/firmware/mcu_ws/install/rosidl_runtime_c/include/rosidl_runtime_c -isystem /home/idgaf/uros_ws/firmware/mcu_ws/install/rosidl_typesupport_interface/include/rosidl_typesupport_interface -std=c11 -mcpu=cortex-m4 -mthumb -mfpu=fpv4-sp-d16 -mfloat-abi=hard -DUSE_HAL_DRIVER -DSTM32F446xx -D_TIMEVAL_DEFINE -O0 -Wall -fdata-sections -ffunction-sections  -DCLOCK_MONOTONIC=0 -g -std=gnu99 -fvisibility=hidden -Wall -Wextra -Wpedantic -MD -MT CMakeFiles/rmw.dir/src/time.c.obj -MF CMakeFiles/rmw.dir/src/time.c.obj.d -o CMakeFiles/rmw.dir/src/time.c.obj -c /home/idgaf/uros_ws/firmware/mcu_ws/ros2/rmw/rmw/src/time.c
[ 75%] [32mBuilding C object CMakeFiles/rmw.dir/src/topic_endpoint_info_array.c.obj[0m
/home/idgaf/uros_ws/firmware/freertos_apps/microros_nucleo_f446re_extensions/../../toolchain/bin/arm-none-eabi-gcc -DROS_PACKAGE_NAME=\"rmw\" -I/home/idgaf/uros_ws/firmware/mcu_ws/ros2/rmw/rmw/include -isystem /home/idgaf/uros_ws/firmware/mcu_ws/install/rcutils/include/rcutils -isystem /home/idgaf/uros_ws/firmware/mcu_ws/install/rosidl_dynamic_typesupport/include/rosidl_dynamic_typesupport -isystem /home/idgaf/uros_ws/firmware/mcu_ws/install/rosidl_runtime_c/include/rosidl_runtime_c -isystem /home/idgaf/uros_ws/firmware/mcu_ws/install/rosidl_typesupport_interface/include/rosidl_typesupport_interface -std=c11 -mcpu=cortex-m4 -mthumb -mfpu=fpv4-sp-d16 -mfloat-abi=hard -DUSE_HAL_DRIVER -DSTM32F446xx -D_TIMEVAL_DEFINE -O0 -Wall -fdata-sections -ffunction-sections  -DCLOCK_MONOTONIC=0 -g -std=gnu99 -fvisibility=hidden -Wall -Wextra -Wpedantic -MD -MT CMakeFiles/rmw.dir/src/topic_endpoint_info_array.c.obj -MF CMakeFiles/rmw.dir/src/topic_endpoint_info_array.c.obj.d -o CMakeFiles/rmw.dir/src/topic_endpoint_info_array.c.obj -c /home/idgaf/uros_ws/firmware/mcu_ws/ros2/rmw/rmw/src/topic_endpoint_info_array.c
[ 79%] [32mBuilding C object CMakeFiles/rmw.dir/src/topic_endpoint_info.c.obj[0m
/home/idgaf/uros_ws/firmware/freertos_apps/microros_nucleo_f446re_extensions/../../toolchain/bin/arm-none-eabi-gcc -DROS_PACKAGE_NAME=\"rmw\" -I/home/idgaf/uros_ws/firmware/mcu_ws/ros2/rmw/rmw/include -isystem /home/idgaf/uros_ws/firmware/mcu_ws/install/rcutils/include/rcutils -isystem /home/idgaf/uros_ws/firmware/mcu_ws/install/rosidl_dynamic_typesupport/include/rosidl_dynamic_typesupport -isystem /home/idgaf/uros_ws/firmware/mcu_ws/install/rosidl_runtime_c/include/rosidl_runtime_c -isystem /home/idgaf/uros_ws/firmware/mcu_ws/install/rosidl_typesupport_interface/include/rosidl_typesupport_interface -std=c11 -mcpu=cortex-m4 -mthumb -mfpu=fpv4-sp-d16 -mfloat-abi=hard -DUSE_HAL_DRIVER -DSTM32F446xx -D_TIMEVAL_DEFINE -O0 -Wall -fdata-sections -ffunction-sections  -DCLOCK_MONOTONIC=0 -g -std=gnu99 -fvisibility=hidden -Wall -Wextra -Wpedantic -MD -MT CMakeFiles/rmw.dir/src/topic_endpoint_info.c.obj -MF CMakeFiles/rmw.dir/src/topic_endpoint_info.c.obj.d -o CMakeFiles/rmw.dir/src/topic_endpoint_info.c.obj -c /home/idgaf/uros_ws/firmware/mcu_ws/ros2/rmw/rmw/src/topic_endpoint_info.c
[ 83%] [32mBuilding C object CMakeFiles/rmw.dir/src/types.c.obj[0m
[ 87%] [32mBuilding C object CMakeFiles/rmw.dir/src/validate_full_topic_name.c.obj[0m
/home/idgaf/uros_ws/firmware/freertos_apps/microros_nucleo_f446re_extensions/../../toolchain/bin/arm-none-eabi-gcc -DROS_PACKAGE_NAME=\"rmw\" -I/home/idgaf/uros_ws/firmware/mcu_ws/ros2/rmw/rmw/include -isystem /home/idgaf/uros_ws/firmware/mcu_ws/install/rcutils/include/rcutils -isystem /home/idgaf/uros_ws/firmware/mcu_ws/install/rosidl_dynamic_typesupport/include/rosidl_dynamic_typesupport -isystem /home/idgaf/uros_ws/firmware/mcu_ws/install/rosidl_runtime_c/include/rosidl_runtime_c -isystem /home/idgaf/uros_ws/firmware/mcu_ws/install/rosidl_typesupport_interface/include/rosidl_typesupport_interface -std=c11 -mcpu=cortex-m4 -mthumb -mfpu=fpv4-sp-d16 -mfloat-abi=hard -DUSE_HAL_DRIVER -DSTM32F446xx -D_TIMEVAL_DEFINE -O0 -Wall -fdata-sections -ffunction-sections  -DCLOCK_MONOTONIC=0 -g -std=gnu99 -fvisibility=hidden -Wall -Wextra -Wpedantic -MD -MT CMakeFiles/rmw.dir/src/types.c.obj -MF CMakeFiles/rmw.dir/src/types.c.obj.d -o CMakeFiles/rmw.dir/src/types.c.obj -c /home/idgaf/uros_ws/firmware/mcu_ws/ros2/rmw/rmw/src/types.c
/home/idgaf/uros_ws/firmware/freertos_apps/microros_nucleo_f446re_extensions/../../toolchain/bin/arm-none-eabi-gcc -DROS_PACKAGE_NAME=\"rmw\" -I/home/idgaf/uros_ws/firmware/mcu_ws/ros2/rmw/rmw/include -isystem /home/idgaf/uros_ws/firmware/mcu_ws/install/rcutils/include/rcutils -isystem /home/idgaf/uros_ws/firmware/mcu_ws/install/rosidl_dynamic_typesupport/include/rosidl_dynamic_typesupport -isystem /home/idgaf/uros_ws/firmware/mcu_ws/install/rosidl_runtime_c/include/rosidl_runtime_c -isystem /home/idgaf/uros_ws/firmware/mcu_ws/install/rosidl_typesupport_interface/include/rosidl_typesupport_interface -std=c11 -mcpu=cortex-m4 -mthumb -mfpu=fpv4-sp-d16 -mfloat-abi=hard -DUSE_HAL_DRIVER -DSTM32F446xx -D_TIMEVAL_DEFINE -O0 -Wall -fdata-sections -ffunction-sections  -DCLOCK_MONOTONIC=0 -g -std=gnu99 -fvisibility=hidden -Wall -Wextra -Wpedantic -MD -MT CMakeFiles/rmw.dir/src/validate_full_topic_name.c.obj -MF CMakeFiles/rmw.dir/src/validate_full_topic_name.c.obj.d -o CMakeFiles/rmw.dir/src/validate_full_topic_name.c.obj -c /home/idgaf/uros_ws/firmware/mcu_ws/ros2/rmw/rmw/src/validate_full_topic_name.c
[ 91%] [32mBuilding C object CMakeFiles/rmw.dir/src/validate_namespace.c.obj[0m
/home/idgaf/uros_ws/firmware/freertos_apps/microros_nucleo_f446re_extensions/../../toolchain/bin/arm-none-eabi-gcc -DROS_PACKAGE_NAME=\"rmw\" -I/home/idgaf/uros_ws/firmware/mcu_ws/ros2/rmw/rmw/include -isystem /home/idgaf/uros_ws/firmware/mcu_ws/install/rcutils/include/rcutils -isystem /home/idgaf/uros_ws/firmware/mcu_ws/install/rosidl_dynamic_typesupport/include/rosidl_dynamic_typesupport -isystem /home/idgaf/uros_ws/firmware/mcu_ws/install/rosidl_runtime_c/include/rosidl_runtime_c -isystem /home/idgaf/uros_ws/firmware/mcu_ws/install/rosidl_typesupport_interface/include/rosidl_typesupport_interface -std=c11 -mcpu=cortex-m4 -mthumb -mfpu=fpv4-sp-d16 -mfloat-abi=hard -DUSE_HAL_DRIVER -DSTM32F446xx -D_TIMEVAL_DEFINE -O0 -Wall -fdata-sections -ffunction-sections  -DCLOCK_MONOTONIC=0 -g -std=gnu99 -fvisibility=hidden -Wall -Wextra -Wpedantic -MD -MT CMakeFiles/rmw.dir/src/validate_namespace.c.obj -MF CMakeFiles/rmw.dir/src/validate_namespace.c.obj.d -o CMakeFiles/rmw.dir/src/validate_namespace.c.obj -c /home/idgaf/uros_ws/firmware/mcu_ws/ros2/rmw/rmw/src/validate_namespace.c
[ 95%] [32mBuilding C object CMakeFiles/rmw.dir/src/validate_node_name.c.obj[0m
/home/idgaf/uros_ws/firmware/freertos_apps/microros_nucleo_f446re_extensions/../../toolchain/bin/arm-none-eabi-gcc -DROS_PACKAGE_NAME=\"rmw\" -I/home/idgaf/uros_ws/firmware/mcu_ws/ros2/rmw/rmw/include -isystem /home/idgaf/uros_ws/firmware/mcu_ws/install/rcutils/include/rcutils -isystem /home/idgaf/uros_ws/firmware/mcu_ws/install/rosidl_dynamic_typesupport/include/rosidl_dynamic_typesupport -isystem /home/idgaf/uros_ws/firmware/mcu_ws/install/rosidl_runtime_c/include/rosidl_runtime_c -isystem /home/idgaf/uros_ws/firmware/mcu_ws/install/rosidl_typesupport_interface/include/rosidl_typesupport_interface -std=c11 -mcpu=cortex-m4 -mthumb -mfpu=fpv4-sp-d16 -mfloat-abi=hard -DUSE_HAL_DRIVER -DSTM32F446xx -D_TIMEVAL_DEFINE -O0 -Wall -fdata-sections -ffunction-sections  -DCLOCK_MONOTONIC=0 -g -std=gnu99 -fvisibility=hidden -Wall -Wextra -Wpedantic -MD -MT CMakeFiles/rmw.dir/src/validate_node_name.c.obj -MF CMakeFiles/rmw.dir/src/validate_node_name.c.obj.d -o CMakeFiles/rmw.dir/src/validate_node_name.c.obj -c /home/idgaf/uros_ws/firmware/mcu_ws/ros2/rmw/rmw/src/validate_node_name.c
[100%] [32m[1mLinking C static library librmw.a[0m
/usr/bin/cmake -P CMakeFiles/rmw.dir/cmake_clean_target.cmake
/usr/bin/cmake -E cmake_link_script CMakeFiles/rmw.dir/link.txt --verbose=1
/home/idgaf/uros_ws/firmware/toolchain/bin/arm-none-eabi-ar qc librmw.a CMakeFiles/rmw.dir/src/allocators.c.obj CMakeFiles/rmw.dir/src/convert_rcutils_ret_to_rmw_ret.c.obj CMakeFiles/rmw.dir/src/discovery_options.c.obj CMakeFiles/rmw.dir/src/event.c.obj CMakeFiles/rmw.dir/src/init.c.obj CMakeFiles/rmw.dir/src/init_options.c.obj CMakeFiles/rmw.dir/src/message_sequence.c.obj CMakeFiles/rmw.dir/src/names_and_types.c.obj CMakeFiles/rmw.dir/src/network_flow_endpoint_array.c.obj CMakeFiles/rmw.dir/src/network_flow_endpoint.c.obj CMakeFiles/rmw.dir/src/publisher_options.c.obj CMakeFiles/rmw.dir/src/qos_string_conversions.c.obj CMakeFiles/rmw.dir/src/sanity_checks.c.obj CMakeFiles/rmw.dir/src/security_options.c.obj CMakeFiles/rmw.dir/src/subscription_content_filter_options.c.obj CMakeFiles/rmw.dir/src/subscription_options.c.obj CMakeFiles/rmw.dir/src/time.c.obj CMakeFiles/rmw.dir/src/topic_endpoint_info_array.c.obj CMakeFiles/rmw.dir/src/topic_endpoint_info.c.obj CMakeFiles/rmw.dir/src/types.c.obj CMakeFiles/rmw.dir/src/validate_full_topic_name.c.obj CMakeFiles/rmw.dir/src/validate_namespace.c.obj CMakeFiles/rmw.dir/src/validate_node_name.c.obj
/home/idgaf/uros_ws/firmware/toolchain/bin/arm-none-eabi-ranlib librmw.a
gmake[3]: Leaving directory '/home/idgaf/uros_ws/firmware/mcu_ws/build/rmw'
[100%] Built target rmw
gmake[2]: Leaving directory '/home/idgaf/uros_ws/firmware/mcu_ws/build/rmw'
/usr/bin/cmake -E cmake_progress_start /home/idgaf/uros_ws/firmware/mcu_ws/build/rmw/CMakeFiles 0
gmake[1]: Leaving directory '/home/idgaf/uros_ws/firmware/mcu_ws/build/rmw'

-- Install configuration: "Debug"
-- Installing: /home/idgaf/uros_ws/firmware/mcu_ws/install/rmw/share/rmw/environment/library_path.sh
-- Installing: /home/idgaf/uros_ws/firmware/mcu_ws/install/rmw/share/rmw/environment/library_path.dsv
-- Installing: /home/idgaf/uros_ws/firmware/mcu_ws/install/rmw/share/ament_index/resource_index/package_run_dependencies/rmw
-- Installing: /home/idgaf/uros_ws/firmware/mcu_ws/install/rmw/share/ament_index/resource_index/parent_prefix_path/rmw
-- Installing: /home/idgaf/uros_ws/firmware/mcu_ws/install/rmw/share/rmw/environment/ament_prefix_path.sh
-- Installing: /home/idgaf/uros_ws/firmware/mcu_ws/install/rmw/share/rmw/environment/ament_prefix_path.dsv
-- Installing: /home/idgaf/uros_ws/firmware/mcu_ws/install/rmw/share/rmw/environment/path.sh
-- Installing: /home/idgaf/uros_ws/firmware/mcu_ws/install/rmw/share/rmw/environment/path.dsv
-- Installing: /home/idgaf/uros_ws/firmware/mcu_ws/install/rmw/share/rmw/local_setup.bash
-- Installing: /home/idgaf/uros_ws/firmware/mcu_ws/install/rmw/share/rmw/local_setup.sh
-- Installing: /home/idgaf/uros_ws/firmware/mcu_ws/install/rmw/share/rmw/local_setup.zsh
-- Installing: /home/idgaf/uros_ws/firmware/mcu_ws/install/rmw/share/rmw/local_setup.dsv
-- Installing: /home/idgaf/uros_ws/firmware/mcu_ws/install/rmw/share/rmw/package.dsv
-- Installing: /home/idgaf/uros_ws/firmware/mcu_ws/install/rmw/share/ament_index/resource_index/packages/rmw
-- Installing: /home/idgaf/uros_ws/firmware/mcu_ws/install/rmw/share/rmw/cmake/rmwExport.cmake
-- Installing: /home/idgaf/uros_ws/firmware/mcu_ws/install/rmw/share/rmw/cmake/rmwExport-debug.cmake
-- Installing: /home/idgaf/uros_ws/firmware/mcu_ws/install/rmw/share/rmw/cmake/rmw-extras.cmake
-- Installing: /home/idgaf/uros_ws/firmware/mcu_ws/install/rmw/share/rmw/cmake/ament_cmake_export_dependencies-extras.cmake
-- Installing: /home/idgaf/uros_ws/firmware/mcu_ws/install/rmw/share/rmw/cmake/ament_cmake_export_include_directories-extras.cmake
-- Installing: /home/idgaf/uros_ws/firmware/mcu_ws/install/rmw/share/rmw/cmake/ament_cmake_export_libraries-extras.cmake
-- Installing: /home/idgaf/uros_ws/firmware/mcu_ws/install/rmw/share/rmw/cmake/ament_cmake_export_targets-extras.cmake
-- Installing: /home/idgaf/uros_ws/firmware/mcu_ws/install/rmw/share/rmw/cmake/rmwConfig.cmake
-- Installing: /home/idgaf/uros_ws/firmware/mcu_ws/install/rmw/share/rmw/cmake/rmwConfig-version.cmake
-- Installing: /home/idgaf/uros_ws/firmware/mcu_ws/install/rmw/share/rmw/package.xml
-- Up-to-date: /home/idgaf/uros_ws/firmware/mcu_ws/install/rmw/share/rmw/cmake
-- Installing: /home/idgaf/uros_ws/firmware/mcu_ws/install/rmw/share/rmw/cmake/register_rmw_implementation.cmake
-- Installing: /home/idgaf/uros_ws/firmware/mcu_ws/install/rmw/share/rmw/cmake/configure_rmw_library.cmake
-- Installing: /home/idgaf/uros_ws/firmware/mcu_ws/install/rmw/share/rmw/cmake/get_rmw_typesupport.cmake
-- Installing: /home/idgaf/uros_ws/firmware/mcu_ws/install/rmw/include/rmw
-- Installing: /home/idgaf/uros_ws/firmware/mcu_ws/install/rmw/include/rmw/rmw
-- Installing: /home/idgaf/uros_ws/firmware/mcu_ws/install/rmw/include/rmw/rmw/features.h
-- Installing: /home/idgaf/uros_ws/firmware/mcu_ws/install/rmw/include/rmw/rmw/domain_id.h
-- Installing: /home/idgaf/uros_ws/firmware/mcu_ws/install/rmw/include/rmw/rmw/incompatible_qos_events_statuses.h
-- Installing: /home/idgaf/uros_ws/firmware/mcu_ws/install/rmw/include/rmw/rmw/serialized_message.h
-- Installing: /home/idgaf/uros_ws/firmware/mcu_ws/install/rmw/include/rmw/rmw/subscription_content_filter_options.h
-- Installing: /home/idgaf/uros_ws/firmware/mcu_ws/install/rmw/include/rmw/rmw/ret_types.h
-- Installing: /home/idgaf/uros_ws/firmware/mcu_ws/install/rmw/include/rmw/rmw/validate_node_name.h
-- Installing: /home/idgaf/uros_ws/firmware/mcu_ws/install/rmw/include/rmw/rmw/qos_profiles.h
-- Installing: /home/idgaf/uros_ws/firmware/mcu_ws/install/rmw/include/rmw/rmw/message_sequence.h
-- Installing: /home/idgaf/uros_ws/firmware/mcu_ws/install/rmw/include/rmw/rmw/names_and_types.h
-- Installing: /home/idgaf/uros_ws/firmware/mcu_ws/install/rmw/include/rmw/rmw/validate_full_topic_name.h
-- Installing: /home/idgaf/uros_ws/firmware/mcu_ws/install/rmw/include/rmw/rmw/network_flow_endpoint.h
-- Installing: /home/idgaf/uros_ws/firmware/mcu_ws/install/rmw/include/rmw/rmw/init_options.h
-- Installing: /home/idgaf/uros_ws/firmware/mcu_ws/install/rmw/include/rmw/rmw/rmw.h
-- Installing: /home/idgaf/uros_ws/firmware/mcu_ws/install/rmw/include/rmw/rmw/event_callback_type.h
-- Installing: /home/idgaf/uros_ws/firmware/mcu_ws/install/rmw/include/rmw/rmw/topic_endpoint_info.h
-- Installing: /home/idgaf/uros_ws/firmware/mcu_ws/install/rmw/include/rmw/rmw/events_statuses
-- Installing: /home/idgaf/uros_ws/firmware/mcu_ws/install/rmw/include/rmw/rmw/events_statuses/matched.h
-- Installing: /home/idgaf/uros_ws/firmware/mcu_ws/install/rmw/include/rmw/rmw/events_statuses/events_statuses.h
-- Installing: /home/idgaf/uros_ws/firmware/mcu_ws/install/rmw/include/rmw/rmw/events_statuses/liveliness_changed.h
-- Installing: /home/idgaf/uros_ws/firmware/mcu_ws/install/rmw/include/rmw/rmw/events_statuses/incompatible_qos.h
-- Installing: /home/idgaf/uros_ws/firmware/mcu_ws/install/rmw/include/rmw/rmw/events_statuses/liveliness_lost.h
-- Installing: /home/idgaf/uros_ws/firmware/mcu_ws/install/rmw/include/rmw/rmw/events_statuses/requested_deadline_missed.h
-- Installing: /home/idgaf/uros_ws/firmware/mcu_ws/install/rmw/include/rmw/rmw/events_statuses/message_lost.h
-- Installing: /home/idgaf/uros_ws/firmware/mcu_ws/install/rmw/include/rmw/rmw/events_statuses/offered_deadline_missed.h
-- Installing: /home/idgaf/uros_ws/firmware/mcu_ws/install/rmw/include/rmw/rmw/events_statuses/incompatible_type.h
-- Installing: /home/idgaf/uros_ws/firmware/mcu_ws/install/rmw/include/rmw/rmw/topic_endpoint_info_array.h
-- Installing: /home/idgaf/uros_ws/firmware/mcu_ws/install/rmw/include/rmw/rmw/visibility_control.h
-- Installing: /home/idgaf/uros_ws/firmware/mcu_ws/install/rmw/include/rmw/rmw/impl
-- Installing: /home/idgaf/uros_ws/firmware/mcu_ws/install/rmw/include/rmw/rmw/impl/config.h
-- Installing: /home/idgaf/uros_ws/firmware/mcu_ws/install/rmw/include/rmw/rmw/impl/cpp
-- Installing: /home/idgaf/uros_ws/firmware/mcu_ws/install/rmw/include/rmw/rmw/impl/cpp/demangle.hpp
-- Installing: /home/idgaf/uros_ws/firmware/mcu_ws/install/rmw/include/rmw/rmw/impl/cpp/macros.hpp
-- Installing: /home/idgaf/uros_ws/firmware/mcu_ws/install/rmw/include/rmw/rmw/impl/cpp/key_value.hpp
-- Installing: /home/idgaf/uros_ws/firmware/mcu_ws/install/rmw/include/rmw/rmw/localhost.h
-- Installing: /home/idgaf/uros_ws/firmware/mcu_ws/install/rmw/include/rmw/rmw/subscription_options.h
-- Installing: /home/idgaf/uros_ws/firmware/mcu_ws/install/rmw/include/rmw/rmw/error_handling.h
-- Installing: /home/idgaf/uros_ws/firmware/mcu_ws/install/rmw/include/rmw/rmw/get_node_info_and_types.h
-- Installing: /home/idgaf/uros_ws/firmware/mcu_ws/install/rmw/include/rmw/rmw/validate_namespace.h
-- Installing: /home/idgaf/uros_ws/firmware/mcu_ws/install/rmw/include/rmw/rmw/check_type_identifiers_match.h
-- Installing: /home/idgaf/uros_ws/firmware/mcu_ws/install/rmw/include/rmw/rmw/qos_string_conversions.h
-- Installing: /home/idgaf/uros_ws/firmware/mcu_ws/install/rmw/include/rmw/rmw/publisher_options.h
-- Installing: /home/idgaf/uros_ws/firmware/mcu_ws/install/rmw/include/rmw/rmw/convert_rcutils_ret_to_rmw_ret.h
-- Installing: /home/idgaf/uros_ws/firmware/mcu_ws/install/rmw/include/rmw/rmw/time.h
-- Installing: /home/idgaf/uros_ws/firmware/mcu_ws/install/rmw/include/rmw/rmw/security_options.h
-- Installing: /home/idgaf/uros_ws/firmware/mcu_ws/install/rmw/include/rmw/rmw/get_topic_names_and_types.h
-- Installing: /home/idgaf/uros_ws/firmware/mcu_ws/install/rmw/include/rmw/rmw/sanity_checks.h
-- Installing: /home/idgaf/uros_ws/firmware/mcu_ws/install/rmw/include/rmw/rmw/allocators.h
-- Installing: /home/idgaf/uros_ws/firmware/mcu_ws/install/rmw/include/rmw/rmw/types.h
-- Installing: /home/idgaf/uros_ws/firmware/mcu_ws/install/rmw/include/rmw/rmw/get_network_flow_endpoints.h
-- Installing: /home/idgaf/uros_ws/firmware/mcu_ws/install/rmw/include/rmw/rmw/init.h
-- Installing: /home/idgaf/uros_ws/firmware/mcu_ws/install/rmw/include/rmw/rmw/get_topic_endpoint_info.h
-- Installing: /home/idgaf/uros_ws/firmware/mcu_ws/install/rmw/include/rmw/rmw/get_service_names_and_types.h
-- Installing: /home/idgaf/uros_ws/firmware/mcu_ws/install/rmw/include/rmw/rmw/macros.h
-- Installing: /home/idgaf/uros_ws/firmware/mcu_ws/install/rmw/include/rmw/rmw/dynamic_message_type_support.h
-- Installing: /home/idgaf/uros_ws/firmware/mcu_ws/install/rmw/include/rmw/rmw/discovery_options.h
-- Installing: /home/idgaf/uros_ws/firmware/mcu_ws/install/rmw/include/rmw/rmw/qos_policy_kind.h
-- Installing: /home/idgaf/uros_ws/firmware/mcu_ws/install/rmw/include/rmw/rmw/network_flow_endpoint_array.h
-- Installing: /home/idgaf/uros_ws/firmware/mcu_ws/install/rmw/include/rmw/rmw/event.h
-- Installing: /home/idgaf/uros_ws/firmware/mcu_ws/install/rmw/lib/librmw.a
