Not searching for unused variables given on the command line.
-- The C compiler identification is GNU 8.3.1
-- The CXX compiler identification is GNU 8.3.1
-- Detecting C compiler ABI info
-- Detecting C compiler ABI info - done
-- Check for working C compiler: /home/idgaf/uros_ws/firmware/freertos_apps/microros_nucleo_f446re_extensions/../../toolchain/bin/arm-none-eabi-gcc - skipped
-- Detecting C compile features
-- Detecting C compile features - done
-- Detecting CXX compiler ABI info
-- Detecting CXX compiler ABI info - done
-- Check for working CXX compiler: /home/idgaf/uros_ws/firmware/freertos_apps/microros_nucleo_f446re_extensions/../../toolchain/bin/arm-none-eabi-g++ - skipped
-- Detecting CXX compile features
-- Detecting CXX compile features - done
-- Found ament_cmake: 2.5.4 (/home/idgaf/uros_ws/firmware/dev_ws/install/ament_cmake/share/ament_cmake/cmake)
-- Found Python3: /usr/bin/python3 (found version "3.12.3") found components: Interpreter 
-- Found rmw: 7.3.2 (/home/idgaf/uros_ws/firmware/mcu_ws/install/rmw/share/rmw/cmake)
-- Found rmw_implementation_cmake: 7.3.2 (/home/idgaf/uros_ws/firmware/mcu_ws/install/rmw_implementation_cmake/share/rmw_implementation_cmake/cmake)
-- Found rmw_microxrcedds: 5.0.1 (/home/idgaf/uros_ws/firmware/mcu_ws/install/rmw_microxrcedds/share/rmw_microxrcedds/cmake)
-- Found rosidl_adapter: 4.6.6 (/home/idgaf/uros_ws/firmware/mcu_ws/install/rosidl_adapter/share/rosidl_adapter/cmake)
-- 
-- Default rmw implementation: 'rmw_microxrcedds'
-- 
-- Runtime selection of RMW disabled; Only using 'rmw_microxrcedds'
-- Configuring done (2.3s)
-- Generating done (0.0s)
-- Build files have been written to: /home/idgaf/uros_ws/firmware/mcu_ws/build/rmw_implementation
Change Dir: '/home/idgaf/uros_ws/firmware/mcu_ws/build/rmw_implementation'

Run Build Command(s): /usr/bin/cmake -E env VERBOSE=1 /usr/bin/gmake -f Makefile -j16 -l16
gmake[1]: Entering directory '/home/idgaf/uros_ws/firmware/mcu_ws/build/rmw_implementation'
/usr/bin/cmake -S/home/idgaf/uros_ws/firmware/mcu_ws/ros2/rmw_implementation/rmw_implementation -B/home/idgaf/uros_ws/firmware/mcu_ws/build/rmw_implementation --check-build-system CMakeFiles/Makefile.cmake 0
/usr/bin/cmake -E cmake_progress_start /home/idgaf/uros_ws/firmware/mcu_ws/build/rmw_implementation/CMakeFiles /home/idgaf/uros_ws/firmware/mcu_ws/build/rmw_implementation//CMakeFiles/progress.marks
/usr/bin/gmake  -f CMakeFiles/Makefile2 all
gmake[2]: Entering directory '/home/idgaf/uros_ws/firmware/mcu_ws/build/rmw_implementation'
gmake[2]: Nothing to be done for 'all'.
gmake[2]: Leaving directory '/home/idgaf/uros_ws/firmware/mcu_ws/build/rmw_implementation'
/usr/bin/cmake -E cmake_progress_start /home/idgaf/uros_ws/firmware/mcu_ws/build/rmw_implementation/CMakeFiles 0
gmake[1]: Leaving directory '/home/idgaf/uros_ws/firmware/mcu_ws/build/rmw_implementation'

-- Install configuration: "Debug"
-- Installing: /home/idgaf/uros_ws/firmware/mcu_ws/install/rmw_implementation/share/ament_index/resource_index/rmw_typesupport_c/rmw_implementation
-- Installing: /home/idgaf/uros_ws/firmware/mcu_ws/install/rmw_implementation/share/ament_index/resource_index/rmw_typesupport_cpp/rmw_implementation
-- Installing: /home/idgaf/uros_ws/firmware/mcu_ws/install/rmw_implementation/share/ament_index/resource_index/rmw_typesupport/rmw_implementation
-- Installing: /home/idgaf/uros_ws/firmware/mcu_ws/install/rmw_implementation/share/ament_index/resource_index/package_run_dependencies/rmw_implementation
-- Installing: /home/idgaf/uros_ws/firmware/mcu_ws/install/rmw_implementation/share/ament_index/resource_index/parent_prefix_path/rmw_implementation
-- Installing: /home/idgaf/uros_ws/firmware/mcu_ws/install/rmw_implementation/share/rmw_implementation/environment/ament_prefix_path.sh
-- Installing: /home/idgaf/uros_ws/firmware/mcu_ws/install/rmw_implementation/share/rmw_implementation/environment/ament_prefix_path.dsv
-- Installing: /home/idgaf/uros_ws/firmware/mcu_ws/install/rmw_implementation/share/rmw_implementation/environment/path.sh
-- Installing: /home/idgaf/uros_ws/firmware/mcu_ws/install/rmw_implementation/share/rmw_implementation/environment/path.dsv
-- Installing: /home/idgaf/uros_ws/firmware/mcu_ws/install/rmw_implementation/share/rmw_implementation/local_setup.bash
-- Installing: /home/idgaf/uros_ws/firmware/mcu_ws/install/rmw_implementation/share/rmw_implementation/local_setup.sh
-- Installing: /home/idgaf/uros_ws/firmware/mcu_ws/install/rmw_implementation/share/rmw_implementation/local_setup.zsh
-- Installing: /home/idgaf/uros_ws/firmware/mcu_ws/install/rmw_implementation/share/rmw_implementation/local_setup.dsv
-- Installing: /home/idgaf/uros_ws/firmware/mcu_ws/install/rmw_implementation/share/rmw_implementation/package.dsv
-- Installing: /home/idgaf/uros_ws/firmware/mcu_ws/install/rmw_implementation/share/ament_index/resource_index/packages/rmw_implementation
-- Installing: /home/idgaf/uros_ws/firmware/mcu_ws/install/rmw_implementation/share/rmw_implementation/cmake/rmw_implementation-extras.cmake
-- Installing: /home/idgaf/uros_ws/firmware/mcu_ws/install/rmw_implementation/share/rmw_implementation/cmake/rmw_implementationConfig.cmake
-- Installing: /home/idgaf/uros_ws/firmware/mcu_ws/install/rmw_implementation/share/rmw_implementation/cmake/rmw_implementationConfig-version.cmake
-- Installing: /home/idgaf/uros_ws/firmware/mcu_ws/install/rmw_implementation/share/rmw_implementation/package.xml
