Not searching for unused variables given on the command line.
-- The C compiler identification is GNU 8.3.1
-- The CXX compiler identification is GNU 8.3.1
-- Detecting C compiler ABI info
-- Detecting C compiler ABI info - done
-- Check for working C compiler: /home/idgaf/uros_ws/firmware/freertos_apps/microros_nucleo_f446re_extensions/../../toolchain/bin/arm-none-eabi-gcc - skipped
-- Detecting C compile features
-- Detecting C compile features - done
-- Detecting CXX compiler ABI info
-- Detecting CXX compiler ABI info - done
-- Check for working CXX compiler: /home/idgaf/uros_ws/firmware/freertos_apps/microros_nucleo_f446re_extensions/../../toolchain/bin/arm-none-eabi-g++ - skipped
-- Detecting CXX compile features
-- Detecting CXX compile features - done
-- Found ament_cmake_python: 2.5.4 (/home/idgaf/uros_ws/firmware/dev_ws/install/ament_cmake_python/share/ament_cmake_python/cmake)
-- Found ament_cmake_ros: 0.12.0 (/home/idgaf/uros_ws/firmware/dev_ws/install/ament_cmake_ros/share/ament_cmake_ros/cmake)
-- Found Python3: /usr/bin/python3 (found version "3.12.3") found components: Interpreter 
-- Configuring done (0.8s)
-- Generating done (0.0s)
-- Build files have been written to: /home/idgaf/uros_ws/firmware/mcu_ws/build/rosidl_generator_type_description
Change Dir: '/home/idgaf/uros_ws/firmware/mcu_ws/build/rosidl_generator_type_description'

Run Build Command(s): /usr/bin/cmake -E env VERBOSE=1 /usr/bin/gmake -f Makefile -j16 -l16
gmake[1]: Entering directory '/home/idgaf/uros_ws/firmware/mcu_ws/build/rosidl_generator_type_description'
/usr/bin/cmake -S/home/idgaf/uros_ws/firmware/mcu_ws/ros2/rosidl/rosidl_generator_type_description -B/home/idgaf/uros_ws/firmware/mcu_ws/build/rosidl_generator_type_description --check-build-system CMakeFiles/Makefile.cmake 0
/usr/bin/cmake -E cmake_progress_start /home/idgaf/uros_ws/firmware/mcu_ws/build/rosidl_generator_type_description/CMakeFiles /home/idgaf/uros_ws/firmware/mcu_ws/build/rosidl_generator_type_description//CMakeFiles/progress.marks
/usr/bin/gmake  -f CMakeFiles/Makefile2 all
gmake[2]: Entering directory '/home/idgaf/uros_ws/firmware/mcu_ws/build/rosidl_generator_type_description'
/usr/bin/gmake  -f CMakeFiles/ament_cmake_python_copy_rosidl_generator_type_description.dir/build.make CMakeFiles/ament_cmake_python_copy_rosidl_generator_type_description.dir/depend
gmake[3]: Entering directory '/home/idgaf/uros_ws/firmware/mcu_ws/build/rosidl_generator_type_description'
cd /home/idgaf/uros_ws/firmware/mcu_ws/build/rosidl_generator_type_description && /usr/bin/cmake -E cmake_depends "Unix Makefiles" /home/idgaf/uros_ws/firmware/mcu_ws/ros2/rosidl/rosidl_generator_type_description /home/idgaf/uros_ws/firmware/mcu_ws/ros2/rosidl/rosidl_generator_type_description /home/idgaf/uros_ws/firmware/mcu_ws/build/rosidl_generator_type_description /home/idgaf/uros_ws/firmware/mcu_ws/build/rosidl_generator_type_description /home/idgaf/uros_ws/firmware/mcu_ws/build/rosidl_generator_type_description/CMakeFiles/ament_cmake_python_copy_rosidl_generator_type_description.dir/DependInfo.cmake "--color="
/usr/bin/gmake  -f CMakeFiles/ament_cmake_python_copy_rosidl_generator_type_description_setup.dir/build.make CMakeFiles/ament_cmake_python_copy_rosidl_generator_type_description_setup.dir/depend
gmake[3]: Entering directory '/home/idgaf/uros_ws/firmware/mcu_ws/build/rosidl_generator_type_description'
cd /home/idgaf/uros_ws/firmware/mcu_ws/build/rosidl_generator_type_description && /usr/bin/cmake -E cmake_depends "Unix Makefiles" /home/idgaf/uros_ws/firmware/mcu_ws/ros2/rosidl/rosidl_generator_type_description /home/idgaf/uros_ws/firmware/mcu_ws/ros2/rosidl/rosidl_generator_type_description /home/idgaf/uros_ws/firmware/mcu_ws/build/rosidl_generator_type_description /home/idgaf/uros_ws/firmware/mcu_ws/build/rosidl_generator_type_description /home/idgaf/uros_ws/firmware/mcu_ws/build/rosidl_generator_type_description/CMakeFiles/ament_cmake_python_copy_rosidl_generator_type_description_setup.dir/DependInfo.cmake "--color="
gmake[3]: Leaving directory '/home/idgaf/uros_ws/firmware/mcu_ws/build/rosidl_generator_type_description'
/usr/bin/gmake  -f CMakeFiles/ament_cmake_python_copy_rosidl_generator_type_description.dir/build.make CMakeFiles/ament_cmake_python_copy_rosidl_generator_type_description.dir/build
gmake[3]: Entering directory '/home/idgaf/uros_ws/firmware/mcu_ws/build/rosidl_generator_type_description'
/usr/bin/cmake -E copy_directory /home/idgaf/uros_ws/firmware/mcu_ws/ros2/rosidl/rosidl_generator_type_description/rosidl_generator_type_description /home/idgaf/uros_ws/firmware/mcu_ws/build/rosidl_generator_type_description/ament_cmake_python/rosidl_generator_type_description/rosidl_generator_type_description
gmake[3]: Leaving directory '/home/idgaf/uros_ws/firmware/mcu_ws/build/rosidl_generator_type_description'
/usr/bin/gmake  -f CMakeFiles/ament_cmake_python_copy_rosidl_generator_type_description_setup.dir/build.make CMakeFiles/ament_cmake_python_copy_rosidl_generator_type_description_setup.dir/build
gmake[3]: Entering directory '/home/idgaf/uros_ws/firmware/mcu_ws/build/rosidl_generator_type_description'
/usr/bin/cmake -E copy /home/idgaf/uros_ws/firmware/mcu_ws/ros2/rosidl/rosidl_generator_type_description/setup.cfg /home/idgaf/uros_ws/firmware/mcu_ws/build/rosidl_generator_type_description/ament_cmake_python/rosidl_generator_type_description/setup.cfg
gmake[3]: Leaving directory '/home/idgaf/uros_ws/firmware/mcu_ws/build/rosidl_generator_type_description'
gmake[3]: Leaving directory '/home/idgaf/uros_ws/firmware/mcu_ws/build/rosidl_generator_type_description'
Built target ament_cmake_python_copy_rosidl_generator_type_description
Built target ament_cmake_python_copy_rosidl_generator_type_description_setup
/usr/bin/gmake  -f CMakeFiles/ament_cmake_python_build_rosidl_generator_type_description_egg.dir/build.make CMakeFiles/ament_cmake_python_build_rosidl_generator_type_description_egg.dir/depend
gmake[3]: Entering directory '/home/idgaf/uros_ws/firmware/mcu_ws/build/rosidl_generator_type_description'
cd /home/idgaf/uros_ws/firmware/mcu_ws/build/rosidl_generator_type_description && /usr/bin/cmake -E cmake_depends "Unix Makefiles" /home/idgaf/uros_ws/firmware/mcu_ws/ros2/rosidl/rosidl_generator_type_description /home/idgaf/uros_ws/firmware/mcu_ws/ros2/rosidl/rosidl_generator_type_description /home/idgaf/uros_ws/firmware/mcu_ws/build/rosidl_generator_type_description /home/idgaf/uros_ws/firmware/mcu_ws/build/rosidl_generator_type_description /home/idgaf/uros_ws/firmware/mcu_ws/build/rosidl_generator_type_description/CMakeFiles/ament_cmake_python_build_rosidl_generator_type_description_egg.dir/DependInfo.cmake "--color="
gmake[3]: Leaving directory '/home/idgaf/uros_ws/firmware/mcu_ws/build/rosidl_generator_type_description'
/usr/bin/gmake  -f CMakeFiles/ament_cmake_python_build_rosidl_generator_type_description_egg.dir/build.make CMakeFiles/ament_cmake_python_build_rosidl_generator_type_description_egg.dir/build
gmake[3]: Entering directory '/home/idgaf/uros_ws/firmware/mcu_ws/build/rosidl_generator_type_description'
cd /home/idgaf/uros_ws/firmware/mcu_ws/build/rosidl_generator_type_description/ament_cmake_python/rosidl_generator_type_description && /usr/bin/python3 setup.py egg_info
running egg_info
creating rosidl_generator_type_description.egg-info
writing rosidl_generator_type_description.egg-info/PKG-INFO
writing dependency_links to rosidl_generator_type_description.egg-info/dependency_links.txt
writing entry points to rosidl_generator_type_description.egg-info/entry_points.txt
writing top-level names to rosidl_generator_type_description.egg-info/top_level.txt
writing manifest file 'rosidl_generator_type_description.egg-info/SOURCES.txt'
reading manifest file 'rosidl_generator_type_description.egg-info/SOURCES.txt'
writing manifest file 'rosidl_generator_type_description.egg-info/SOURCES.txt'
gmake[3]: Leaving directory '/home/idgaf/uros_ws/firmware/mcu_ws/build/rosidl_generator_type_description'
Built target ament_cmake_python_build_rosidl_generator_type_description_egg
gmake[2]: Leaving directory '/home/idgaf/uros_ws/firmware/mcu_ws/build/rosidl_generator_type_description'
/usr/bin/cmake -E cmake_progress_start /home/idgaf/uros_ws/firmware/mcu_ws/build/rosidl_generator_type_description/CMakeFiles 0
gmake[1]: Leaving directory '/home/idgaf/uros_ws/firmware/mcu_ws/build/rosidl_generator_type_description'

-- Install configuration: "Debug"
-- Installing: /home/idgaf/uros_ws/firmware/mcu_ws/install/rosidl_generator_type_description/share/ament_index/resource_index/rosidl_generator_packages/rosidl_generator_type_description
-- Installing: /home/idgaf/uros_ws/firmware/mcu_ws/install/rosidl_generator_type_description/share/rosidl_generator_type_description/environment/pythonpath.sh
-- Installing: /home/idgaf/uros_ws/firmware/mcu_ws/install/rosidl_generator_type_description/share/rosidl_generator_type_description/environment/pythonpath.dsv
-- Installing: /home/idgaf/uros_ws/firmware/mcu_ws/install/rosidl_generator_type_description/lib/python3.12/site-packages/rosidl_generator_type_description-4.6.6-py3.12.egg-info
-- Installing: /home/idgaf/uros_ws/firmware/mcu_ws/install/rosidl_generator_type_description/lib/python3.12/site-packages/rosidl_generator_type_description-4.6.6-py3.12.egg-info/dependency_links.txt
-- Installing: /home/idgaf/uros_ws/firmware/mcu_ws/install/rosidl_generator_type_description/lib/python3.12/site-packages/rosidl_generator_type_description-4.6.6-py3.12.egg-info/SOURCES.txt
-- Installing: /home/idgaf/uros_ws/firmware/mcu_ws/install/rosidl_generator_type_description/lib/python3.12/site-packages/rosidl_generator_type_description-4.6.6-py3.12.egg-info/PKG-INFO
-- Installing: /home/idgaf/uros_ws/firmware/mcu_ws/install/rosidl_generator_type_description/lib/python3.12/site-packages/rosidl_generator_type_description-4.6.6-py3.12.egg-info/top_level.txt
-- Installing: /home/idgaf/uros_ws/firmware/mcu_ws/install/rosidl_generator_type_description/lib/python3.12/site-packages/rosidl_generator_type_description-4.6.6-py3.12.egg-info/entry_points.txt
-- Installing: /home/idgaf/uros_ws/firmware/mcu_ws/install/rosidl_generator_type_description/lib/python3.12/site-packages/rosidl_generator_type_description
-- Installing: /home/idgaf/uros_ws/firmware/mcu_ws/install/rosidl_generator_type_description/lib/python3.12/site-packages/rosidl_generator_type_description/cli.py
-- Installing: /home/idgaf/uros_ws/firmware/mcu_ws/install/rosidl_generator_type_description/lib/python3.12/site-packages/rosidl_generator_type_description/__init__.py
Listing '/home/idgaf/uros_ws/firmware/mcu_ws/install/rosidl_generator_type_description/lib/python3.12/site-packages/rosidl_generator_type_description'...
Compiling '/home/idgaf/uros_ws/firmware/mcu_ws/install/rosidl_generator_type_description/lib/python3.12/site-packages/rosidl_generator_type_description/__init__.py'...
Compiling '/home/idgaf/uros_ws/firmware/mcu_ws/install/rosidl_generator_type_description/lib/python3.12/site-packages/rosidl_generator_type_description/cli.py'...
-- Installing: /home/idgaf/uros_ws/firmware/mcu_ws/install/rosidl_generator_type_description/share/ament_index/resource_index/package_run_dependencies/rosidl_generator_type_description
-- Installing: /home/idgaf/uros_ws/firmware/mcu_ws/install/rosidl_generator_type_description/share/ament_index/resource_index/parent_prefix_path/rosidl_generator_type_description
-- Installing: /home/idgaf/uros_ws/firmware/mcu_ws/install/rosidl_generator_type_description/share/rosidl_generator_type_description/environment/ament_prefix_path.sh
-- Installing: /home/idgaf/uros_ws/firmware/mcu_ws/install/rosidl_generator_type_description/share/rosidl_generator_type_description/environment/ament_prefix_path.dsv
-- Installing: /home/idgaf/uros_ws/firmware/mcu_ws/install/rosidl_generator_type_description/share/rosidl_generator_type_description/environment/path.sh
-- Installing: /home/idgaf/uros_ws/firmware/mcu_ws/install/rosidl_generator_type_description/share/rosidl_generator_type_description/environment/path.dsv
-- Installing: /home/idgaf/uros_ws/firmware/mcu_ws/install/rosidl_generator_type_description/share/rosidl_generator_type_description/local_setup.bash
-- Installing: /home/idgaf/uros_ws/firmware/mcu_ws/install/rosidl_generator_type_description/share/rosidl_generator_type_description/local_setup.sh
-- Installing: /home/idgaf/uros_ws/firmware/mcu_ws/install/rosidl_generator_type_description/share/rosidl_generator_type_description/local_setup.zsh
-- Installing: /home/idgaf/uros_ws/firmware/mcu_ws/install/rosidl_generator_type_description/share/rosidl_generator_type_description/local_setup.dsv
-- Installing: /home/idgaf/uros_ws/firmware/mcu_ws/install/rosidl_generator_type_description/share/rosidl_generator_type_description/package.dsv
-- Installing: /home/idgaf/uros_ws/firmware/mcu_ws/install/rosidl_generator_type_description/share/ament_index/resource_index/packages/rosidl_generator_type_description
-- Installing: /home/idgaf/uros_ws/firmware/mcu_ws/install/rosidl_generator_type_description/share/rosidl_generator_type_description/cmake/rosidl_generator_type_description-extras.cmake
-- Installing: /home/idgaf/uros_ws/firmware/mcu_ws/install/rosidl_generator_type_description/share/rosidl_generator_type_description/cmake/rosidl_generator_type_descriptionConfig.cmake
-- Installing: /home/idgaf/uros_ws/firmware/mcu_ws/install/rosidl_generator_type_description/share/rosidl_generator_type_description/cmake/rosidl_generator_type_descriptionConfig-version.cmake
-- Installing: /home/idgaf/uros_ws/firmware/mcu_ws/install/rosidl_generator_type_description/share/rosidl_generator_type_description/package.xml
-- Installing: /home/idgaf/uros_ws/firmware/mcu_ws/install/rosidl_generator_type_description/lib/rosidl_generator_type_description/rosidl_generator_type_description
-- Up-to-date: /home/idgaf/uros_ws/firmware/mcu_ws/install/rosidl_generator_type_description/share/rosidl_generator_type_description/cmake
-- Installing: /home/idgaf/uros_ws/firmware/mcu_ws/install/rosidl_generator_type_description/share/rosidl_generator_type_description/cmake/rosidl_generator_type_description_generate_interfaces.cmake
-- Installing: /home/idgaf/uros_ws/firmware/mcu_ws/install/rosidl_generator_type_description/share/rosidl_generator_type_description/resource
-- Installing: /home/idgaf/uros_ws/firmware/mcu_ws/install/rosidl_generator_type_description/share/rosidl_generator_type_description/resource/HashedTypeDescription.schema.json
