[0.163s] DEBUG:colcon:Command line arguments: ['/usr/bin/colcon', 'build']
[0.163s] DEBUG:colcon:Parsed command line arguments: Namespace(log_base=None, log_level=None, verb_name='build', build_base='build', install_base='install', merge_install=False, symlink_install=False, test_result_base=None, continue_on_error=False, executor='parallel', parallel_workers=16, event_handlers=None, ignore_user_meta=False, metas=['./colcon.meta'], base_paths=['.'], packages_ignore=None, packages_ignore_regex=None, paths=None, packages_up_to=None, packages_up_to_regex=None, packages_above=None, packages_above_and_dependencies=None, packages_above_depth=None, packages_select_by_dep=None, packages_skip_by_dep=None, packages_skip_up_to=None, packages_select_build_failed=False, packages_skip_build_finished=False, packages_select_test_failures=False, packages_skip_test_passed=False, packages_select=None, packages_skip=None, packages_select_regex=None, packages_skip_regex=None, packages_start=None, packages_end=None, allow_overriding=[], cmake_args=None, cmake_target=None, cmake_target_skip_unavailable=False, cmake_clean_cache=False, cmake_clean_first=False, cmake_force_configure=False, ament_cmake_args=None, catkin_cmake_args=None, catkin_skip_building_tests=False, mixin_files=None, mixin=None, verb_parser=<colcon_mixin.mixin.mixin_argument.MixinArgumentDecorator object at 0x7d2b1a6c8950>, verb_extension=<colcon_core.verb.build.BuildVerb object at 0x7d2b1a670e60>, main=<bound method BuildVerb.main of <colcon_core.verb.build.BuildVerb object at 0x7d2b1a670e60>>, mixin_verb=('build',))
[0.228s] Level 1:colcon.colcon_core.package_discovery:discover_packages(colcon_meta) check parameters
[0.228s] Level 1:colcon.colcon_core.package_discovery:discover_packages(recursive) check parameters
[0.228s] Level 1:colcon.colcon_core.package_discovery:discover_packages(ignore) check parameters
[0.228s] Level 1:colcon.colcon_core.package_discovery:discover_packages(path) check parameters
[0.228s] Level 1:colcon.colcon_core.package_discovery:discover_packages(colcon_meta) discover
[0.229s] Level 1:colcon.colcon_core.package_discovery:discover_packages(recursive) discover
[0.229s] INFO:colcon.colcon_core.package_discovery:Crawling recursively for packages in '/home/idgaf/Documents/robot/Robot_ros2_ws'
[0.229s] Level 1:colcon.colcon_core.package_identification:_identify(.) by extensions ['ignore', 'ignore_ament_install']
[0.229s] Level 1:colcon.colcon_core.package_identification:_identify(.) by extension 'ignore'
[0.229s] Level 1:colcon.colcon_core.package_identification:_identify(.) by extension 'ignore_ament_install'
[0.229s] Level 1:colcon.colcon_core.package_identification:_identify(.) by extensions ['colcon_pkg']
[0.229s] Level 1:colcon.colcon_core.package_identification:_identify(.) by extension 'colcon_pkg'
[0.229s] Level 1:colcon.colcon_core.package_identification:_identify(.) by extensions ['colcon_meta']
[0.229s] Level 1:colcon.colcon_core.package_identification:_identify(.) by extension 'colcon_meta'
[0.229s] Level 1:colcon.colcon_core.package_identification:_identify(.) by extensions ['ros']
[0.229s] Level 1:colcon.colcon_core.package_identification:_identify(.) by extension 'ros'
[0.285s] Level 1:colcon.colcon_core.package_identification:_identify(.) by extensions ['cmake', 'python']
[0.285s] Level 1:colcon.colcon_core.package_identification:_identify(.) by extension 'cmake'
[0.285s] Level 1:colcon.colcon_core.package_identification:_identify(.) by extension 'python'
[0.285s] Level 1:colcon.colcon_core.package_identification:_identify(.) by extensions ['python_setup_py']
[0.285s] Level 1:colcon.colcon_core.package_identification:_identify(.) by extension 'python_setup_py'
[0.286s] Level 1:colcon.colcon_core.package_identification:_identify(build) by extensions ['ignore', 'ignore_ament_install']
[0.286s] Level 1:colcon.colcon_core.package_identification:_identify(build) by extension 'ignore'
[0.286s] Level 1:colcon.colcon_core.package_identification:_identify(build) ignored
[0.286s] Level 1:colcon.colcon_core.package_identification:_identify(install) by extensions ['ignore', 'ignore_ament_install']
[0.286s] Level 1:colcon.colcon_core.package_identification:_identify(install) by extension 'ignore'
[0.286s] Level 1:colcon.colcon_core.package_identification:_identify(install) ignored
[0.286s] Level 1:colcon.colcon_core.package_identification:_identify(launch) by extensions ['ignore', 'ignore_ament_install']
[0.287s] Level 1:colcon.colcon_core.package_identification:_identify(launch) by extension 'ignore'
[0.287s] Level 1:colcon.colcon_core.package_identification:_identify(launch) by extension 'ignore_ament_install'
[0.287s] Level 1:colcon.colcon_core.package_identification:_identify(launch) by extensions ['colcon_pkg']
[0.287s] Level 1:colcon.colcon_core.package_identification:_identify(launch) by extension 'colcon_pkg'
[0.287s] Level 1:colcon.colcon_core.package_identification:_identify(launch) by extensions ['colcon_meta']
[0.287s] Level 1:colcon.colcon_core.package_identification:_identify(launch) by extension 'colcon_meta'
[0.287s] Level 1:colcon.colcon_core.package_identification:_identify(launch) by extensions ['ros']
[0.287s] Level 1:colcon.colcon_core.package_identification:_identify(launch) by extension 'ros'
[0.287s] Level 1:colcon.colcon_core.package_identification:_identify(launch) by extensions ['cmake', 'python']
[0.287s] Level 1:colcon.colcon_core.package_identification:_identify(launch) by extension 'cmake'
[0.287s] Level 1:colcon.colcon_core.package_identification:_identify(launch) by extension 'python'
[0.287s] Level 1:colcon.colcon_core.package_identification:_identify(launch) by extensions ['python_setup_py']
[0.287s] Level 1:colcon.colcon_core.package_identification:_identify(launch) by extension 'python_setup_py'
[0.288s] Level 1:colcon.colcon_core.package_identification:_identify(log) by extensions ['ignore', 'ignore_ament_install']
[0.288s] Level 1:colcon.colcon_core.package_identification:_identify(log) by extension 'ignore'
[0.288s] Level 1:colcon.colcon_core.package_identification:_identify(log) ignored
[0.288s] Level 1:colcon.colcon_core.package_identification:_identify(src) by extensions ['ignore', 'ignore_ament_install']
[0.288s] Level 1:colcon.colcon_core.package_identification:_identify(src) by extension 'ignore'
[0.288s] Level 1:colcon.colcon_core.package_identification:_identify(src) by extension 'ignore_ament_install'
[0.288s] Level 1:colcon.colcon_core.package_identification:_identify(src) by extensions ['colcon_pkg']
[0.288s] Level 1:colcon.colcon_core.package_identification:_identify(src) by extension 'colcon_pkg'
[0.288s] Level 1:colcon.colcon_core.package_identification:_identify(src) by extensions ['colcon_meta']
[0.288s] Level 1:colcon.colcon_core.package_identification:_identify(src) by extension 'colcon_meta'
[0.288s] Level 1:colcon.colcon_core.package_identification:_identify(src) by extensions ['ros']
[0.289s] Level 1:colcon.colcon_core.package_identification:_identify(src) by extension 'ros'
[0.289s] Level 1:colcon.colcon_core.package_identification:_identify(src) by extensions ['cmake', 'python']
[0.289s] Level 1:colcon.colcon_core.package_identification:_identify(src) by extension 'cmake'
[0.289s] Level 1:colcon.colcon_core.package_identification:_identify(src) by extension 'python'
[0.289s] Level 1:colcon.colcon_core.package_identification:_identify(src) by extensions ['python_setup_py']
[0.289s] Level 1:colcon.colcon_core.package_identification:_identify(src) by extension 'python_setup_py'
[0.289s] Level 1:colcon.colcon_core.package_identification:_identify(src/aar6) by extensions ['ignore', 'ignore_ament_install']
[0.289s] Level 1:colcon.colcon_core.package_identification:_identify(src/aar6) by extension 'ignore'
[0.289s] Level 1:colcon.colcon_core.package_identification:_identify(src/aar6) by extension 'ignore_ament_install'
[0.289s] Level 1:colcon.colcon_core.package_identification:_identify(src/aar6) by extensions ['colcon_pkg']
[0.289s] Level 1:colcon.colcon_core.package_identification:_identify(src/aar6) by extension 'colcon_pkg'
[0.289s] Level 1:colcon.colcon_core.package_identification:_identify(src/aar6) by extensions ['colcon_meta']
[0.289s] Level 1:colcon.colcon_core.package_identification:_identify(src/aar6) by extension 'colcon_meta'
[0.290s] Level 1:colcon.colcon_core.package_identification:_identify(src/aar6) by extensions ['ros']
[0.290s] Level 1:colcon.colcon_core.package_identification:_identify(src/aar6) by extension 'ros'
[0.296s] DEBUG:colcon.colcon_core.package_identification:Package 'src/aar6' with type 'ros.ament_cmake' and name 'aar6'
[0.296s] Level 1:colcon.colcon_core.package_identification:_identify(src/moveit) by extensions ['ignore', 'ignore_ament_install']
[0.296s] Level 1:colcon.colcon_core.package_identification:_identify(src/moveit) by extension 'ignore'
[0.296s] Level 1:colcon.colcon_core.package_identification:_identify(src/moveit) by extension 'ignore_ament_install'
[0.296s] Level 1:colcon.colcon_core.package_identification:_identify(src/moveit) by extensions ['colcon_pkg']
[0.296s] Level 1:colcon.colcon_core.package_identification:_identify(src/moveit) by extension 'colcon_pkg'
[0.296s] Level 1:colcon.colcon_core.package_identification:_identify(src/moveit) by extensions ['colcon_meta']
[0.296s] Level 1:colcon.colcon_core.package_identification:_identify(src/moveit) by extension 'colcon_meta'
[0.296s] Level 1:colcon.colcon_core.package_identification:_identify(src/moveit) by extensions ['ros']
[0.296s] Level 1:colcon.colcon_core.package_identification:_identify(src/moveit) by extension 'ros'
[0.298s] DEBUG:colcon.colcon_core.package_identification:Package 'src/moveit' with type 'ros.ament_cmake' and name 'moveit'
[0.298s] Level 1:colcon.colcon_core.package_discovery:discover_packages(recursive) using defaults
[0.298s] Level 1:colcon.colcon_core.package_discovery:discover_packages(ignore) discover
[0.298s] Level 1:colcon.colcon_core.package_discovery:discover_packages(ignore) using defaults
[0.298s] Level 1:colcon.colcon_core.package_discovery:discover_packages(path) discover
[0.298s] Level 1:colcon.colcon_core.package_discovery:discover_packages(path) using defaults
[0.331s] Level 1:colcon.colcon_core.package_discovery:discover_packages(prefix_path) check parameters
[0.331s] Level 1:colcon.colcon_core.package_discovery:discover_packages(prefix_path) discover
[0.334s] DEBUG:colcon.colcon_installed_package_information.package_discovery:Found 2 installed packages in /home/idgaf/Documents/robot/Robot_ros2_ws/install
[0.338s] DEBUG:colcon.colcon_installed_package_information.package_discovery:Found 456 installed packages in /opt/ros/jazzy
[0.341s] Level 1:colcon.colcon_core.package_discovery:discover_packages(prefix_path) using defaults
[0.431s] Level 5:colcon.colcon_core.verb:set package 'aar6' build argument 'cmake_args' from command line to 'None'
[0.431s] Level 5:colcon.colcon_core.verb:set package 'aar6' build argument 'cmake_target' from command line to 'None'
[0.431s] Level 5:colcon.colcon_core.verb:set package 'aar6' build argument 'cmake_target_skip_unavailable' from command line to 'False'
[0.431s] Level 5:colcon.colcon_core.verb:set package 'aar6' build argument 'cmake_clean_cache' from command line to 'False'
[0.431s] Level 5:colcon.colcon_core.verb:set package 'aar6' build argument 'cmake_clean_first' from command line to 'False'
[0.431s] Level 5:colcon.colcon_core.verb:set package 'aar6' build argument 'cmake_force_configure' from command line to 'False'
[0.431s] Level 5:colcon.colcon_core.verb:set package 'aar6' build argument 'ament_cmake_args' from command line to 'None'
[0.431s] Level 5:colcon.colcon_core.verb:set package 'aar6' build argument 'catkin_cmake_args' from command line to 'None'
[0.431s] Level 5:colcon.colcon_core.verb:set package 'aar6' build argument 'catkin_skip_building_tests' from command line to 'False'
[0.432s] DEBUG:colcon.colcon_core.verb:Building package 'aar6' with the following arguments: {'ament_cmake_args': None, 'build_base': '/home/idgaf/Documents/robot/Robot_ros2_ws/build/aar6', 'catkin_cmake_args': None, 'catkin_skip_building_tests': False, 'cmake_args': None, 'cmake_clean_cache': False, 'cmake_clean_first': False, 'cmake_force_configure': False, 'cmake_target': None, 'cmake_target_skip_unavailable': False, 'install_base': '/home/idgaf/Documents/robot/Robot_ros2_ws/install/aar6', 'merge_install': False, 'path': '/home/idgaf/Documents/robot/Robot_ros2_ws/src/aar6', 'symlink_install': False, 'test_result_base': None}
[0.432s] Level 5:colcon.colcon_core.verb:set package 'moveit' build argument 'cmake_args' from command line to 'None'
[0.432s] Level 5:colcon.colcon_core.verb:set package 'moveit' build argument 'cmake_target' from command line to 'None'
[0.432s] Level 5:colcon.colcon_core.verb:set package 'moveit' build argument 'cmake_target_skip_unavailable' from command line to 'False'
[0.432s] Level 5:colcon.colcon_core.verb:set package 'moveit' build argument 'cmake_clean_cache' from command line to 'False'
[0.432s] Level 5:colcon.colcon_core.verb:set package 'moveit' build argument 'cmake_clean_first' from command line to 'False'
[0.432s] Level 5:colcon.colcon_core.verb:set package 'moveit' build argument 'cmake_force_configure' from command line to 'False'
[0.432s] Level 5:colcon.colcon_core.verb:set package 'moveit' build argument 'ament_cmake_args' from command line to 'None'
[0.432s] Level 5:colcon.colcon_core.verb:set package 'moveit' build argument 'catkin_cmake_args' from command line to 'None'
[0.432s] Level 5:colcon.colcon_core.verb:set package 'moveit' build argument 'catkin_skip_building_tests' from command line to 'False'
[0.432s] DEBUG:colcon.colcon_core.verb:Building package 'moveit' with the following arguments: {'ament_cmake_args': None, 'build_base': '/home/idgaf/Documents/robot/Robot_ros2_ws/build/moveit', 'catkin_cmake_args': None, 'catkin_skip_building_tests': False, 'cmake_args': None, 'cmake_clean_cache': False, 'cmake_clean_first': False, 'cmake_force_configure': False, 'cmake_target': None, 'cmake_target_skip_unavailable': False, 'install_base': '/home/idgaf/Documents/robot/Robot_ros2_ws/install/moveit', 'merge_install': False, 'path': '/home/idgaf/Documents/robot/Robot_ros2_ws/src/moveit', 'symlink_install': False, 'test_result_base': None}
[0.432s] INFO:colcon.colcon_core.executor:Executing jobs using 'parallel' executor
[0.434s] DEBUG:colcon.colcon_parallel_executor.executor.parallel:run_until_complete
[0.434s] INFO:colcon.colcon_ros.task.ament_cmake.build:Building ROS package in '/home/idgaf/Documents/robot/Robot_ros2_ws/src/aar6' with build type 'ament_cmake'
[0.435s] INFO:colcon.colcon_cmake.task.cmake.build:Building CMake package in '/home/idgaf/Documents/robot/Robot_ros2_ws/src/aar6'
[0.438s] INFO:colcon.colcon_core.plugin_system:Skipping extension 'colcon_core.shell.bat': Not used on non-Windows systems
[0.439s] INFO:colcon.colcon_core.shell:Skip shell extension 'powershell' for command environment: Not usable outside of PowerShell
[0.439s] DEBUG:colcon.colcon_core.shell:Skip shell extension 'dsv' for command environment
[0.454s] DEBUG:colcon.colcon_core.event_handler.log_command:Invoking command in '/home/idgaf/Documents/robot/Robot_ros2_ws/build/aar6': CMAKE_PREFIX_PATH=${CMAKE_PREFIX_PATH}:/opt/ros/jazzy DEBUGINFOD_URLS=https://debuginfod.ubuntu.com /usr/bin/cmake --build /home/idgaf/Documents/robot/Robot_ros2_ws/build/aar6 -- -j16 -l16
[13.281s] DEBUG:colcon.colcon_core.event_handler.log_command:Invoked command in '/home/idgaf/Documents/robot/Robot_ros2_ws/build/aar6' returned '0': CMAKE_PREFIX_PATH=${CMAKE_PREFIX_PATH}:/opt/ros/jazzy DEBUGINFOD_URLS=https://debuginfod.ubuntu.com /usr/bin/cmake --build /home/idgaf/Documents/robot/Robot_ros2_ws/build/aar6 -- -j16 -l16
[13.300s] DEBUG:colcon.colcon_core.event_handler.log_command:Invoking command in '/home/idgaf/Documents/robot/Robot_ros2_ws/build/aar6': CMAKE_PREFIX_PATH=${CMAKE_PREFIX_PATH}:/opt/ros/jazzy DEBUGINFOD_URLS=https://debuginfod.ubuntu.com /usr/bin/cmake --install /home/idgaf/Documents/robot/Robot_ros2_ws/build/aar6
[13.327s] Level 1:colcon.colcon_core.environment:create_environment_scripts_only(aar6)
[13.328s] DEBUG:colcon.colcon_core.event_handler.log_command:Invoked command in '/home/idgaf/Documents/robot/Robot_ros2_ws/build/aar6' returned '0': CMAKE_PREFIX_PATH=${CMAKE_PREFIX_PATH}:/opt/ros/jazzy DEBUGINFOD_URLS=https://debuginfod.ubuntu.com /usr/bin/cmake --install /home/idgaf/Documents/robot/Robot_ros2_ws/build/aar6
[13.331s] Level 1:colcon.colcon_core.environment:checking '/home/idgaf/Documents/robot/Robot_ros2_ws/install/aar6' for CMake module files
[13.332s] Level 1:colcon.colcon_core.environment:checking '/home/idgaf/Documents/robot/Robot_ros2_ws/install/aar6' for CMake config files
[13.333s] Level 1:colcon.colcon_core.shell:create_environment_hook('aar6', 'cmake_prefix_path')
[13.333s] INFO:colcon.colcon_core.shell:Creating environment hook '/home/idgaf/Documents/robot/Robot_ros2_ws/install/aar6/share/aar6/hook/cmake_prefix_path.ps1'
[13.334s] INFO:colcon.colcon_core.shell:Creating environment descriptor '/home/idgaf/Documents/robot/Robot_ros2_ws/install/aar6/share/aar6/hook/cmake_prefix_path.dsv'
[13.334s] INFO:colcon.colcon_core.shell:Creating environment hook '/home/idgaf/Documents/robot/Robot_ros2_ws/install/aar6/share/aar6/hook/cmake_prefix_path.sh'
[13.336s] Level 1:colcon.colcon_core.environment:checking '/home/idgaf/Documents/robot/Robot_ros2_ws/install/aar6/lib'
[13.336s] Level 1:colcon.colcon_core.environment:checking '/home/idgaf/Documents/robot/Robot_ros2_ws/install/aar6/bin'
[13.336s] Level 1:colcon.colcon_core.environment:checking '/home/idgaf/Documents/robot/Robot_ros2_ws/install/aar6/lib/pkgconfig/aar6.pc'
[13.337s] Level 1:colcon.colcon_core.environment:checking '/home/idgaf/Documents/robot/Robot_ros2_ws/install/aar6/lib/python3.12/site-packages'
[13.337s] Level 1:colcon.colcon_core.environment:checking '/home/idgaf/Documents/robot/Robot_ros2_ws/install/aar6/bin'
[13.337s] INFO:colcon.colcon_core.shell:Creating package script '/home/idgaf/Documents/robot/Robot_ros2_ws/install/aar6/share/aar6/package.ps1'
[13.338s] INFO:colcon.colcon_core.shell:Creating package descriptor '/home/idgaf/Documents/robot/Robot_ros2_ws/install/aar6/share/aar6/package.dsv'
[13.339s] INFO:colcon.colcon_core.shell:Creating package script '/home/idgaf/Documents/robot/Robot_ros2_ws/install/aar6/share/aar6/package.sh'
[13.340s] INFO:colcon.colcon_core.shell:Creating package script '/home/idgaf/Documents/robot/Robot_ros2_ws/install/aar6/share/aar6/package.bash'
[13.341s] INFO:colcon.colcon_core.shell:Creating package script '/home/idgaf/Documents/robot/Robot_ros2_ws/install/aar6/share/aar6/package.zsh'
[13.342s] Level 1:colcon.colcon_core.environment:create_file_with_runtime_dependencies(/home/idgaf/Documents/robot/Robot_ros2_ws/install/aar6/share/colcon-core/packages/aar6)
[13.343s] Level 1:colcon.colcon_core.environment:create_environment_scripts_only(aar6)
[13.343s] Level 1:colcon.colcon_core.environment:checking '/home/idgaf/Documents/robot/Robot_ros2_ws/install/aar6' for CMake module files
[13.344s] Level 1:colcon.colcon_core.environment:checking '/home/idgaf/Documents/robot/Robot_ros2_ws/install/aar6' for CMake config files
[13.345s] Level 1:colcon.colcon_core.shell:create_environment_hook('aar6', 'cmake_prefix_path')
[13.346s] INFO:colcon.colcon_core.shell:Creating environment hook '/home/idgaf/Documents/robot/Robot_ros2_ws/install/aar6/share/aar6/hook/cmake_prefix_path.ps1'
[13.347s] INFO:colcon.colcon_core.shell:Creating environment descriptor '/home/idgaf/Documents/robot/Robot_ros2_ws/install/aar6/share/aar6/hook/cmake_prefix_path.dsv'
[13.347s] INFO:colcon.colcon_core.shell:Creating environment hook '/home/idgaf/Documents/robot/Robot_ros2_ws/install/aar6/share/aar6/hook/cmake_prefix_path.sh'
[13.348s] Level 1:colcon.colcon_core.environment:checking '/home/idgaf/Documents/robot/Robot_ros2_ws/install/aar6/lib'
[13.348s] Level 1:colcon.colcon_core.environment:checking '/home/idgaf/Documents/robot/Robot_ros2_ws/install/aar6/bin'
[13.348s] Level 1:colcon.colcon_core.environment:checking '/home/idgaf/Documents/robot/Robot_ros2_ws/install/aar6/lib/pkgconfig/aar6.pc'
[13.349s] Level 1:colcon.colcon_core.environment:checking '/home/idgaf/Documents/robot/Robot_ros2_ws/install/aar6/lib/python3.12/site-packages'
[13.349s] Level 1:colcon.colcon_core.environment:checking '/home/idgaf/Documents/robot/Robot_ros2_ws/install/aar6/bin'
[13.349s] INFO:colcon.colcon_core.shell:Creating package script '/home/idgaf/Documents/robot/Robot_ros2_ws/install/aar6/share/aar6/package.ps1'
[13.350s] INFO:colcon.colcon_core.shell:Creating package descriptor '/home/idgaf/Documents/robot/Robot_ros2_ws/install/aar6/share/aar6/package.dsv'
[13.351s] INFO:colcon.colcon_core.shell:Creating package script '/home/idgaf/Documents/robot/Robot_ros2_ws/install/aar6/share/aar6/package.sh'
[13.353s] INFO:colcon.colcon_core.shell:Creating package script '/home/idgaf/Documents/robot/Robot_ros2_ws/install/aar6/share/aar6/package.bash'
[13.353s] INFO:colcon.colcon_core.shell:Creating package script '/home/idgaf/Documents/robot/Robot_ros2_ws/install/aar6/share/aar6/package.zsh'
[13.354s] Level 1:colcon.colcon_core.environment:create_file_with_runtime_dependencies(/home/idgaf/Documents/robot/Robot_ros2_ws/install/aar6/share/colcon-core/packages/aar6)
[13.355s] INFO:colcon.colcon_ros.task.ament_cmake.build:Building ROS package in '/home/idgaf/Documents/robot/Robot_ros2_ws/src/moveit' with build type 'ament_cmake'
[13.355s] INFO:colcon.colcon_cmake.task.cmake.build:Building CMake package in '/home/idgaf/Documents/robot/Robot_ros2_ws/src/moveit'
[13.355s] INFO:colcon.colcon_core.shell:Skip shell extension 'powershell' for command environment: Not usable outside of PowerShell
[13.356s] DEBUG:colcon.colcon_core.shell:Skip shell extension 'dsv' for command environment
[13.373s] DEBUG:colcon.colcon_core.event_handler.log_command:Invoking command in '/home/idgaf/Documents/robot/Robot_ros2_ws/build/moveit': CMAKE_PREFIX_PATH=/home/idgaf/Documents/robot/Robot_ros2_ws/install/aar6:/home/idgaf/Documents/robot/Robot_ros2_ws/install/moveit:/opt/ros/jazzy/opt/gz_sim_vendor:/opt/ros/jazzy/opt/gz_sensors_vendor:/opt/ros/jazzy/opt/gz_physics_vendor:/opt/ros/jazzy/opt/sdformat_vendor:/opt/ros/jazzy/opt/gz_gui_vendor:/opt/ros/jazzy/opt/gz_transport_vendor:/opt/ros/jazzy/opt/gz_rendering_vendor:/opt/ros/jazzy/opt/gz_plugin_vendor:/opt/ros/jazzy/opt/gz_fuel_tools_vendor:/opt/ros/jazzy/opt/gz_msgs_vendor:/opt/ros/jazzy/opt/gz_common_vendor:/opt/ros/jazzy/opt/gz_math_vendor:/opt/ros/jazzy/opt/gz_utils_vendor:/opt/ros/jazzy/opt/gz_tools_vendor:/opt/ros/jazzy/opt/gz_ogre_next_vendor:/opt/ros/jazzy/opt/gz_dartsim_vendor:/opt/ros/jazzy/opt/gz_cmake_vendor:/opt/ros/jazzy DEBUGINFOD_URLS=https://debuginfod.ubuntu.com /usr/bin/cmake --build /home/idgaf/Documents/robot/Robot_ros2_ws/build/moveit -- -j16 -l16
[13.443s] DEBUG:colcon.colcon_core.event_handler.log_command:Invoked command in '/home/idgaf/Documents/robot/Robot_ros2_ws/build/moveit' returned '0': CMAKE_PREFIX_PATH=/home/idgaf/Documents/robot/Robot_ros2_ws/install/aar6:/home/idgaf/Documents/robot/Robot_ros2_ws/install/moveit:/opt/ros/jazzy/opt/gz_sim_vendor:/opt/ros/jazzy/opt/gz_sensors_vendor:/opt/ros/jazzy/opt/gz_physics_vendor:/opt/ros/jazzy/opt/sdformat_vendor:/opt/ros/jazzy/opt/gz_gui_vendor:/opt/ros/jazzy/opt/gz_transport_vendor:/opt/ros/jazzy/opt/gz_rendering_vendor:/opt/ros/jazzy/opt/gz_plugin_vendor:/opt/ros/jazzy/opt/gz_fuel_tools_vendor:/opt/ros/jazzy/opt/gz_msgs_vendor:/opt/ros/jazzy/opt/gz_common_vendor:/opt/ros/jazzy/opt/gz_math_vendor:/opt/ros/jazzy/opt/gz_utils_vendor:/opt/ros/jazzy/opt/gz_tools_vendor:/opt/ros/jazzy/opt/gz_ogre_next_vendor:/opt/ros/jazzy/opt/gz_dartsim_vendor:/opt/ros/jazzy/opt/gz_cmake_vendor:/opt/ros/jazzy DEBUGINFOD_URLS=https://debuginfod.ubuntu.com /usr/bin/cmake --build /home/idgaf/Documents/robot/Robot_ros2_ws/build/moveit -- -j16 -l16
[13.445s] DEBUG:colcon.colcon_core.event_handler.log_command:Invoking command in '/home/idgaf/Documents/robot/Robot_ros2_ws/build/moveit': CMAKE_PREFIX_PATH=/home/idgaf/Documents/robot/Robot_ros2_ws/install/aar6:/home/idgaf/Documents/robot/Robot_ros2_ws/install/moveit:/opt/ros/jazzy/opt/gz_sim_vendor:/opt/ros/jazzy/opt/gz_sensors_vendor:/opt/ros/jazzy/opt/gz_physics_vendor:/opt/ros/jazzy/opt/sdformat_vendor:/opt/ros/jazzy/opt/gz_gui_vendor:/opt/ros/jazzy/opt/gz_transport_vendor:/opt/ros/jazzy/opt/gz_rendering_vendor:/opt/ros/jazzy/opt/gz_plugin_vendor:/opt/ros/jazzy/opt/gz_fuel_tools_vendor:/opt/ros/jazzy/opt/gz_msgs_vendor:/opt/ros/jazzy/opt/gz_common_vendor:/opt/ros/jazzy/opt/gz_math_vendor:/opt/ros/jazzy/opt/gz_utils_vendor:/opt/ros/jazzy/opt/gz_tools_vendor:/opt/ros/jazzy/opt/gz_ogre_next_vendor:/opt/ros/jazzy/opt/gz_dartsim_vendor:/opt/ros/jazzy/opt/gz_cmake_vendor:/opt/ros/jazzy DEBUGINFOD_URLS=https://debuginfod.ubuntu.com /usr/bin/cmake --install /home/idgaf/Documents/robot/Robot_ros2_ws/build/moveit
[13.464s] Level 1:colcon.colcon_core.environment:create_environment_scripts_only(moveit)
[13.465s] Level 1:colcon.colcon_core.environment:checking '/home/idgaf/Documents/robot/Robot_ros2_ws/install/moveit' for CMake module files
[13.468s] Level 1:colcon.colcon_core.environment:checking '/home/idgaf/Documents/robot/Robot_ros2_ws/install/moveit' for CMake config files
[13.470s] DEBUG:colcon.colcon_core.event_handler.log_command:Invoked command in '/home/idgaf/Documents/robot/Robot_ros2_ws/build/moveit' returned '0': CMAKE_PREFIX_PATH=/home/idgaf/Documents/robot/Robot_ros2_ws/install/aar6:/home/idgaf/Documents/robot/Robot_ros2_ws/install/moveit:/opt/ros/jazzy/opt/gz_sim_vendor:/opt/ros/jazzy/opt/gz_sensors_vendor:/opt/ros/jazzy/opt/gz_physics_vendor:/opt/ros/jazzy/opt/sdformat_vendor:/opt/ros/jazzy/opt/gz_gui_vendor:/opt/ros/jazzy/opt/gz_transport_vendor:/opt/ros/jazzy/opt/gz_rendering_vendor:/opt/ros/jazzy/opt/gz_plugin_vendor:/opt/ros/jazzy/opt/gz_fuel_tools_vendor:/opt/ros/jazzy/opt/gz_msgs_vendor:/opt/ros/jazzy/opt/gz_common_vendor:/opt/ros/jazzy/opt/gz_math_vendor:/opt/ros/jazzy/opt/gz_utils_vendor:/opt/ros/jazzy/opt/gz_tools_vendor:/opt/ros/jazzy/opt/gz_ogre_next_vendor:/opt/ros/jazzy/opt/gz_dartsim_vendor:/opt/ros/jazzy/opt/gz_cmake_vendor:/opt/ros/jazzy DEBUGINFOD_URLS=https://debuginfod.ubuntu.com /usr/bin/cmake --install /home/idgaf/Documents/robot/Robot_ros2_ws/build/moveit
[13.470s] Level 1:colcon.colcon_core.shell:create_environment_hook('moveit', 'cmake_prefix_path')
[13.471s] INFO:colcon.colcon_core.shell:Creating environment hook '/home/idgaf/Documents/robot/Robot_ros2_ws/install/moveit/share/moveit/hook/cmake_prefix_path.ps1'
[13.472s] INFO:colcon.colcon_core.shell:Creating environment descriptor '/home/idgaf/Documents/robot/Robot_ros2_ws/install/moveit/share/moveit/hook/cmake_prefix_path.dsv'
[13.472s] INFO:colcon.colcon_core.shell:Creating environment hook '/home/idgaf/Documents/robot/Robot_ros2_ws/install/moveit/share/moveit/hook/cmake_prefix_path.sh'
[13.473s] Level 1:colcon.colcon_core.environment:checking '/home/idgaf/Documents/robot/Robot_ros2_ws/install/moveit/bin'
[13.473s] Level 1:colcon.colcon_core.environment:checking '/home/idgaf/Documents/robot/Robot_ros2_ws/install/moveit/lib/pkgconfig/moveit.pc'
[13.474s] Level 1:colcon.colcon_core.environment:checking '/home/idgaf/Documents/robot/Robot_ros2_ws/install/moveit/lib/python3.12/site-packages'
[13.474s] Level 1:colcon.colcon_core.environment:checking '/home/idgaf/Documents/robot/Robot_ros2_ws/install/moveit/bin'
[13.474s] INFO:colcon.colcon_core.shell:Creating package script '/home/idgaf/Documents/robot/Robot_ros2_ws/install/moveit/share/moveit/package.ps1'
[13.476s] INFO:colcon.colcon_core.shell:Creating package descriptor '/home/idgaf/Documents/robot/Robot_ros2_ws/install/moveit/share/moveit/package.dsv'
[13.477s] INFO:colcon.colcon_core.shell:Creating package script '/home/idgaf/Documents/robot/Robot_ros2_ws/install/moveit/share/moveit/package.sh'
[13.478s] INFO:colcon.colcon_core.shell:Creating package script '/home/idgaf/Documents/robot/Robot_ros2_ws/install/moveit/share/moveit/package.bash'
[13.479s] INFO:colcon.colcon_core.shell:Creating package script '/home/idgaf/Documents/robot/Robot_ros2_ws/install/moveit/share/moveit/package.zsh'
[13.480s] Level 1:colcon.colcon_core.environment:create_file_with_runtime_dependencies(/home/idgaf/Documents/robot/Robot_ros2_ws/install/moveit/share/colcon-core/packages/moveit)
[13.481s] Level 1:colcon.colcon_core.environment:create_environment_scripts_only(moveit)
[13.481s] Level 1:colcon.colcon_core.environment:checking '/home/idgaf/Documents/robot/Robot_ros2_ws/install/moveit' for CMake module files
[13.482s] Level 1:colcon.colcon_core.environment:checking '/home/idgaf/Documents/robot/Robot_ros2_ws/install/moveit' for CMake config files
[13.482s] Level 1:colcon.colcon_core.shell:create_environment_hook('moveit', 'cmake_prefix_path')
[13.483s] INFO:colcon.colcon_core.shell:Creating environment hook '/home/idgaf/Documents/robot/Robot_ros2_ws/install/moveit/share/moveit/hook/cmake_prefix_path.ps1'
[13.483s] INFO:colcon.colcon_core.shell:Creating environment descriptor '/home/idgaf/Documents/robot/Robot_ros2_ws/install/moveit/share/moveit/hook/cmake_prefix_path.dsv'
[13.484s] INFO:colcon.colcon_core.shell:Creating environment hook '/home/idgaf/Documents/robot/Robot_ros2_ws/install/moveit/share/moveit/hook/cmake_prefix_path.sh'
[13.485s] Level 1:colcon.colcon_core.environment:checking '/home/idgaf/Documents/robot/Robot_ros2_ws/install/moveit/bin'
[13.485s] Level 1:colcon.colcon_core.environment:checking '/home/idgaf/Documents/robot/Robot_ros2_ws/install/moveit/lib/pkgconfig/moveit.pc'
[13.486s] Level 1:colcon.colcon_core.environment:checking '/home/idgaf/Documents/robot/Robot_ros2_ws/install/moveit/lib/python3.12/site-packages'
[13.486s] Level 1:colcon.colcon_core.environment:checking '/home/idgaf/Documents/robot/Robot_ros2_ws/install/moveit/bin'
[13.486s] INFO:colcon.colcon_core.shell:Creating package script '/home/idgaf/Documents/robot/Robot_ros2_ws/install/moveit/share/moveit/package.ps1'
[13.488s] INFO:colcon.colcon_core.shell:Creating package descriptor '/home/idgaf/Documents/robot/Robot_ros2_ws/install/moveit/share/moveit/package.dsv'
[13.489s] INFO:colcon.colcon_core.shell:Creating package script '/home/idgaf/Documents/robot/Robot_ros2_ws/install/moveit/share/moveit/package.sh'
[13.489s] INFO:colcon.colcon_core.shell:Creating package script '/home/idgaf/Documents/robot/Robot_ros2_ws/install/moveit/share/moveit/package.bash'
[13.490s] INFO:colcon.colcon_core.shell:Creating package script '/home/idgaf/Documents/robot/Robot_ros2_ws/install/moveit/share/moveit/package.zsh'
[13.491s] Level 1:colcon.colcon_core.environment:create_file_with_runtime_dependencies(/home/idgaf/Documents/robot/Robot_ros2_ws/install/moveit/share/colcon-core/packages/moveit)
[13.491s] DEBUG:colcon.colcon_parallel_executor.executor.parallel:closing loop
[13.492s] DEBUG:colcon.colcon_parallel_executor.executor.parallel:loop closed
[13.492s] DEBUG:colcon.colcon_parallel_executor.executor.parallel:run_until_complete finished with '0'
[13.492s] DEBUG:colcon.colcon_core.event_reactor:joining thread
[13.502s] INFO:colcon.colcon_core.plugin_system:Skipping extension 'colcon_notification.desktop_notification.terminal_notifier': Not used on non-Darwin systems
[13.502s] INFO:colcon.colcon_core.plugin_system:Skipping extension 'colcon_notification.desktop_notification.win32': Not used on non-Windows systems
[13.502s] INFO:colcon.colcon_notification.desktop_notification:Sending desktop notification using 'notify2'
[13.527s] DEBUG:colcon.colcon_core.event_reactor:joined thread
[13.528s] INFO:colcon.colcon_core.shell:Creating prefix script '/home/idgaf/Documents/robot/Robot_ros2_ws/install/local_setup.ps1'
[13.529s] INFO:colcon.colcon_core.shell:Creating prefix util module '/home/idgaf/Documents/robot/Robot_ros2_ws/install/_local_setup_util_ps1.py'
[13.531s] INFO:colcon.colcon_core.shell:Creating prefix chain script '/home/idgaf/Documents/robot/Robot_ros2_ws/install/setup.ps1'
[13.532s] INFO:colcon.colcon_core.shell:Creating prefix script '/home/idgaf/Documents/robot/Robot_ros2_ws/install/local_setup.sh'
[13.533s] INFO:colcon.colcon_core.shell:Creating prefix util module '/home/idgaf/Documents/robot/Robot_ros2_ws/install/_local_setup_util_sh.py'
[13.535s] INFO:colcon.colcon_core.shell:Creating prefix chain script '/home/idgaf/Documents/robot/Robot_ros2_ws/install/setup.sh'
[13.538s] INFO:colcon.colcon_core.shell:Creating prefix script '/home/idgaf/Documents/robot/Robot_ros2_ws/install/local_setup.bash'
[13.539s] INFO:colcon.colcon_core.shell:Creating prefix chain script '/home/idgaf/Documents/robot/Robot_ros2_ws/install/setup.bash'
[13.559s] INFO:colcon.colcon_core.shell:Creating prefix script '/home/idgaf/Documents/robot/Robot_ros2_ws/install/local_setup.zsh'
[13.560s] INFO:colcon.colcon_core.shell:Creating prefix chain script '/home/idgaf/Documents/robot/Robot_ros2_ws/install/setup.zsh'
