[0.009s] Invoking command in '/home/idgaf/Documents/robot/Robot_ros2_ws/src/aar6/build/aar6': CMAKE_PREFIX_PATH=${CMAKE_PREFIX_PATH}:/opt/ros/jazzy DEBUGINFOD_URLS=https://debuginfod.ubuntu.com /usr/bin/cmake /home/idgaf/Documents/robot/Robot_ros2_ws/src/aar6 -DCMAKE_INSTALL_PREFIX=/home/idgaf/Documents/robot/Robot_ros2_ws/src/aar6/install/aar6
[0.115s] -- The C compiler identification is GNU 11.4.0
[0.181s] -- The CXX compiler identification is GNU 11.4.0
[0.202s] -- Detecting C compiler ABI info
[0.291s] -- Detecting C compiler ABI info - done
[0.300s] -- Check for working C compiler: /usr/bin/cc - skipped
[0.300s] -- Detecting C compile features
[0.301s] -- Detecting C compile features - done
[0.310s] -- Detecting CXX compiler ABI info
[0.398s] -- Detecting CXX compiler ABI info - done
[0.407s] -- Check for working CXX compiler: /usr/bin/c++ - skipped
[0.408s] -- Detecting CXX compile features
[0.408s] -- Detecting CXX compile features - done
[0.440s] -- Found ament_cmake: 2.5.4 (/opt/ros/jazzy/share/ament_cmake/cmake)
[0.588s] -- Found Python3: /usr/bin/python3 (found version "3.12.3") found components: Interpreter 
[0.714s] -- Found rclcpp: 28.1.10 (/opt/ros/jazzy/share/rclcpp/cmake)
[0.772s] -- Found rosidl_generator_c: 4.6.5 (/opt/ros/jazzy/share/rosidl_generator_c/cmake)
[0.789s] -- Found rosidl_generator_cpp: 4.6.5 (/opt/ros/jazzy/share/rosidl_generator_cpp/cmake)
[0.812s] -- Using all available rosidl_typesupport_c: rosidl_typesupport_fastrtps_c;rosidl_typesupport_introspection_c
[0.834s] -- Using all available rosidl_typesupport_cpp: rosidl_typesupport_fastrtps_cpp;rosidl_typesupport_introspection_cpp
[0.927s] -- Found rmw_implementation_cmake: 7.3.2 (/opt/ros/jazzy/share/rmw_implementation_cmake/cmake)
[0.931s] -- Found rmw_fastrtps_cpp: 8.4.2 (/opt/ros/jazzy/share/rmw_fastrtps_cpp/cmake)
[1.050s] -- Found OpenSSL: /usr/lib/x86_64-linux-gnu/libcrypto.so (found version "3.0.13")  
[1.069s] -- Found FastRTPS: /opt/ros/jazzy/include (Required is at least version "2.13") 
[1.092s] -- Using RMW implementation 'rmw_fastrtps_cpp' as default
[1.177s] -- Found sensor_msgs: 5.3.6 (/opt/ros/jazzy/share/sensor_msgs/cmake)
[1.242s] -- Found ament_lint_auto: 0.17.2 (/opt/ros/jazzy/share/ament_lint_auto/cmake)
[1.349s] -- Added test 'cppcheck' to perform static code analysis on C / C++ code
[1.349s] -- Configured cppcheck include dirs: 
[1.349s] -- Configured cppcheck exclude dirs and/or files: 
[1.350s] -- Added test 'flake8' to check Python code syntax and style conventions
[1.350s] -- Configured 'flake8' exclude dirs and/or files: 
[1.353s] -- Added test 'lint_cmake' to check CMake code style
[1.354s] -- Added test 'pep257' to check Python code against some of the docstring style conventions in PEP 257
[1.359s] -- Added test 'uncrustify' to check C / C++ code style
[1.359s] -- Configured uncrustify additional arguments: 
[1.361s] -- Added test 'xmllint' to check XML markup files
[1.362s] -- Configuring done (1.3s)
[1.370s] -- Generating done (0.0s)
[1.373s] -- Build files have been written to: /home/idgaf/Documents/robot/Robot_ros2_ws/src/aar6/build/aar6
[1.380s] Invoked command in '/home/idgaf/Documents/robot/Robot_ros2_ws/src/aar6/build/aar6' returned '0': CMAKE_PREFIX_PATH=${CMAKE_PREFIX_PATH}:/opt/ros/jazzy DEBUGINFOD_URLS=https://debuginfod.ubuntu.com /usr/bin/cmake /home/idgaf/Documents/robot/Robot_ros2_ws/src/aar6 -DCMAKE_INSTALL_PREFIX=/home/idgaf/Documents/robot/Robot_ros2_ws/src/aar6/install/aar6
[1.382s] Invoking command in '/home/idgaf/Documents/robot/Robot_ros2_ws/src/aar6/build/aar6': CMAKE_PREFIX_PATH=${CMAKE_PREFIX_PATH}:/opt/ros/jazzy DEBUGINFOD_URLS=https://debuginfod.ubuntu.com /usr/bin/cmake --build /home/idgaf/Documents/robot/Robot_ros2_ws/src/aar6/build/aar6 -- -j16 -l16
[1.430s] [ 50%] [32mBuilding CXX object CMakeFiles/joint_state_pub.dir/src/joint_state_pub.cpp.o[0m
[9.729s] [100%] [32m[1mLinking CXX executable joint_state_pub[0m
[10.000s] [100%] Built target joint_state_pub
[10.010s] Invoked command in '/home/idgaf/Documents/robot/Robot_ros2_ws/src/aar6/build/aar6' returned '0': CMAKE_PREFIX_PATH=${CMAKE_PREFIX_PATH}:/opt/ros/jazzy DEBUGINFOD_URLS=https://debuginfod.ubuntu.com /usr/bin/cmake --build /home/idgaf/Documents/robot/Robot_ros2_ws/src/aar6/build/aar6 -- -j16 -l16
[10.018s] Invoking command in '/home/idgaf/Documents/robot/Robot_ros2_ws/src/aar6/build/aar6': CMAKE_PREFIX_PATH=${CMAKE_PREFIX_PATH}:/opt/ros/jazzy DEBUGINFOD_URLS=https://debuginfod.ubuntu.com /usr/bin/cmake --install /home/idgaf/Documents/robot/Robot_ros2_ws/src/aar6/build/aar6
[10.025s] -- Install configuration: ""
[10.025s] -- Installing: /home/idgaf/Documents/robot/Robot_ros2_ws/src/aar6/install/aar6/share/aar6//launch
[10.025s] -- Installing: /home/idgaf/Documents/robot/Robot_ros2_ws/src/aar6/install/aar6/share/aar6//launch/display.launch.py
[10.025s] -- Installing: /home/idgaf/Documents/robot/Robot_ros2_ws/src/aar6/install/aar6/share/aar6//launch/monitor.launch.py
[10.025s] -- Installing: /home/idgaf/Documents/robot/Robot_ros2_ws/src/aar6/install/aar6/share/aar6//urdf
[10.025s] -- Installing: /home/idgaf/Documents/robot/Robot_ros2_ws/src/aar6/install/aar6/share/aar6//urdf/PAROL6.csv
[10.026s] -- Installing: /home/idgaf/Documents/robot/Robot_ros2_ws/src/aar6/install/aar6/share/aar6//urdf/PAROL6.urdf
[10.026s] -- Installing: /home/idgaf/Documents/robot/Robot_ros2_ws/src/aar6/install/aar6/share/aar6//urdf/PAROL6
[10.026s] -- Installing: /home/idgaf/Documents/robot/Robot_ros2_ws/src/aar6/install/aar6/share/aar6//urdf/PAROL6/PAROL6.usd
[10.027s] -- Installing: /home/idgaf/Documents/robot/Robot_ros2_ws/src/aar6/install/aar6/share/aar6//urdf/PAROL6/configuration
[10.027s] -- Installing: /home/idgaf/Documents/robot/Robot_ros2_ws/src/aar6/install/aar6/share/aar6//urdf/PAROL6/configuration/PAROL6_base.usd
[10.040s] -- Installing: /home/idgaf/Documents/robot/Robot_ros2_ws/src/aar6/install/aar6/share/aar6//urdf/PAROL6/configuration/PAROL6_sensor.usd
[10.040s] -- Installing: /home/idgaf/Documents/robot/Robot_ros2_ws/src/aar6/install/aar6/share/aar6//urdf/PAROL6/configuration/PAROL6_robot.usd
[10.040s] -- Installing: /home/idgaf/Documents/robot/Robot_ros2_ws/src/aar6/install/aar6/share/aar6//urdf/PAROL6/configuration/PAROL6_physics.usd
[10.041s] -- Installing: /home/idgaf/Documents/robot/Robot_ros2_ws/src/aar6/install/aar6/share/aar6//meshes
[10.041s] -- Installing: /home/idgaf/Documents/robot/Robot_ros2_ws/src/aar6/install/aar6/share/aar6//meshes/L1.STL
[10.044s] -- Installing: /home/idgaf/Documents/robot/Robot_ros2_ws/src/aar6/install/aar6/share/aar6//meshes/L6.dae
[10.050s] -- Installing: /home/idgaf/Documents/robot/Robot_ros2_ws/src/aar6/install/aar6/share/aar6//meshes/L5.STL
[10.053s] -- Installing: /home/idgaf/Documents/robot/Robot_ros2_ws/src/aar6/install/aar6/share/aar6//meshes/L6prev.dae
[10.059s] -- Installing: /home/idgaf/Documents/robot/Robot_ros2_ws/src/aar6/install/aar6/share/aar6//meshes/L3.STL
[10.059s] -- Installing: /home/idgaf/Documents/robot/Robot_ros2_ws/src/aar6/install/aar6/share/aar6//meshes/base_link.STL
[10.062s] -- Installing: /home/idgaf/Documents/robot/Robot_ros2_ws/src/aar6/install/aar6/share/aar6//meshes/L2.STL
[10.065s] -- Installing: /home/idgaf/Documents/robot/Robot_ros2_ws/src/aar6/install/aar6/share/aar6//meshes/Gripper_Body.STL
[10.069s] -- Installing: /home/idgaf/Documents/robot/Robot_ros2_ws/src/aar6/install/aar6/share/aar6//meshes/gripper_finger.STL
[10.070s] -- Installing: /home/idgaf/Documents/robot/Robot_ros2_ws/src/aar6/install/aar6/share/aar6//meshes/L4.STL
[10.071s] -- Installing: /home/idgaf/Documents/robot/Robot_ros2_ws/src/aar6/install/aar6/share/aar6//meshes/fin.dae
[10.073s] -- Installing: /home/idgaf/Documents/robot/Robot_ros2_ws/src/aar6/install/aar6/share/aar6//meshes/L6.stl
[10.074s] -- Installing: /home/idgaf/Documents/robot/Robot_ros2_ws/src/aar6/install/aar6/share/aar6//rviz
[10.074s] -- Installing: /home/idgaf/Documents/robot/Robot_ros2_ws/src/aar6/install/aar6/share/aar6//rviz/rviz_monitor.rviz
[10.075s] -- Installing: /home/idgaf/Documents/robot/Robot_ros2_ws/src/aar6/install/aar6/lib/aar6/joint_state_pub
[10.078s] -- Set non-toolchain portion of runtime path of "/home/idgaf/Documents/robot/Robot_ros2_ws/src/aar6/install/aar6/lib/aar6/joint_state_pub" to ""
[10.078s] -- Installing: /home/idgaf/Documents/robot/Robot_ros2_ws/src/aar6/install/aar6/share/ament_index/resource_index/package_run_dependencies/aar6
[10.079s] -- Installing: /home/idgaf/Documents/robot/Robot_ros2_ws/src/aar6/install/aar6/share/ament_index/resource_index/parent_prefix_path/aar6
[10.079s] -- Installing: /home/idgaf/Documents/robot/Robot_ros2_ws/src/aar6/install/aar6/share/aar6/environment/ament_prefix_path.sh
[10.079s] -- Installing: /home/idgaf/Documents/robot/Robot_ros2_ws/src/aar6/install/aar6/share/aar6/environment/ament_prefix_path.dsv
[10.079s] -- Installing: /home/idgaf/Documents/robot/Robot_ros2_ws/src/aar6/install/aar6/share/aar6/environment/path.sh
[10.079s] -- Installing: /home/idgaf/Documents/robot/Robot_ros2_ws/src/aar6/install/aar6/share/aar6/environment/path.dsv
[10.079s] -- Installing: /home/idgaf/Documents/robot/Robot_ros2_ws/src/aar6/install/aar6/share/aar6/local_setup.bash
[10.079s] -- Installing: /home/idgaf/Documents/robot/Robot_ros2_ws/src/aar6/install/aar6/share/aar6/local_setup.sh
[10.079s] -- Installing: /home/idgaf/Documents/robot/Robot_ros2_ws/src/aar6/install/aar6/share/aar6/local_setup.zsh
[10.079s] -- Installing: /home/idgaf/Documents/robot/Robot_ros2_ws/src/aar6/install/aar6/share/aar6/local_setup.dsv
[10.080s] -- Installing: /home/idgaf/Documents/robot/Robot_ros2_ws/src/aar6/install/aar6/share/aar6/package.dsv
[10.080s] -- Installing: /home/idgaf/Documents/robot/Robot_ros2_ws/src/aar6/install/aar6/share/ament_index/resource_index/packages/aar6
[10.080s] -- Installing: /home/idgaf/Documents/robot/Robot_ros2_ws/src/aar6/install/aar6/share/aar6/cmake/aar6Config.cmake
[10.080s] -- Installing: /home/idgaf/Documents/robot/Robot_ros2_ws/src/aar6/install/aar6/share/aar6/cmake/aar6Config-version.cmake
[10.080s] -- Installing: /home/idgaf/Documents/robot/Robot_ros2_ws/src/aar6/install/aar6/share/aar6/package.xml
[10.082s] Invoked command in '/home/idgaf/Documents/robot/Robot_ros2_ws/src/aar6/build/aar6' returned '0': CMAKE_PREFIX_PATH=${CMAKE_PREFIX_PATH}:/opt/ros/jazzy DEBUGINFOD_URLS=https://debuginfod.ubuntu.com /usr/bin/cmake --install /home/idgaf/Documents/robot/Robot_ros2_ws/src/aar6/build/aar6
