[0.010s] Invoking command in '/home/idgaf/Documents/robot/Robot_ros2_ws/build/aar6': CMAKE_PREFIX_PATH=${CMAKE_PREFIX_PATH}:/opt/ros/jazzy DEBUGINFOD_URLS=https://debuginfod.ubuntu.com /usr/bin/cmake --build /home/idgaf/Documents/robot/Robot_ros2_ws/build/aar6 -- -j16 -l16
[0.095s] -- Found ament_cmake: 2.5.4 (/opt/ros/jazzy/share/ament_cmake/cmake)
[0.284s] -- Found ament_lint_auto: 0.17.2 (/opt/ros/jazzy/share/ament_lint_auto/cmake)
[0.363s] -- Added test 'flake8' to check Python code syntax and style conventions
[0.363s] -- Configured 'flake8' exclude dirs and/or files: 
[0.364s] -- Added test 'lint_cmake' to check CMake code style
[0.366s] -- Added test 'pep257' to check Python code against some of the docstring style conventions in PEP 257
[0.367s] -- Added test 'xmllint' to check XML markup files
[0.368s] -- Configuring done (0.3s)
[0.374s] -- Generating done (0.0s)
[0.375s] -- Build files have been written to: /home/idgaf/Documents/robot/Robot_ros2_ws/build/aar6
[0.393s] Invoked command in '/home/idgaf/Documents/robot/Robot_ros2_ws/build/aar6' returned '0': CMAKE_PREFIX_PATH=${CMAKE_PREFIX_PATH}:/opt/ros/jazzy DEBUGINFOD_URLS=https://debuginfod.ubuntu.com /usr/bin/cmake --build /home/idgaf/Documents/robot/Robot_ros2_ws/build/aar6 -- -j16 -l16
[0.400s] Invoking command in '/home/idgaf/Documents/robot/Robot_ros2_ws/build/aar6': CMAKE_PREFIX_PATH=${CMAKE_PREFIX_PATH}:/opt/ros/jazzy DEBUGINFOD_URLS=https://debuginfod.ubuntu.com /usr/bin/cmake --install /home/idgaf/Documents/robot/Robot_ros2_ws/build/aar6
[0.408s] -- Install configuration: ""
[0.408s] -- Up-to-date: /home/idgaf/Documents/robot/Robot_ros2_ws/install/aar6/share/aar6//launch
[0.408s] -- Up-to-date: /home/idgaf/Documents/robot/Robot_ros2_ws/install/aar6/share/aar6//launch/monitor.launch.py
[0.408s] -- Up-to-date: /home/idgaf/Documents/robot/Robot_ros2_ws/install/aar6/share/aar6//urdf
[0.408s] -- Up-to-date: /home/idgaf/Documents/robot/Robot_ros2_ws/install/aar6/share/aar6//urdf/PAROL6.csv
[0.408s] -- Up-to-date: /home/idgaf/Documents/robot/Robot_ros2_ws/install/aar6/share/aar6//urdf/PAROL6.urdf
[0.408s] -- Up-to-date: /home/idgaf/Documents/robot/Robot_ros2_ws/install/aar6/share/aar6//meshes
[0.408s] -- Up-to-date: /home/idgaf/Documents/robot/Robot_ros2_ws/install/aar6/share/aar6//meshes/L1.STL
[0.408s] -- Up-to-date: /home/idgaf/Documents/robot/Robot_ros2_ws/install/aar6/share/aar6//meshes/L6.dae
[0.408s] -- Up-to-date: /home/idgaf/Documents/robot/Robot_ros2_ws/install/aar6/share/aar6//meshes/L5.STL
[0.408s] -- Up-to-date: /home/idgaf/Documents/robot/Robot_ros2_ws/install/aar6/share/aar6//meshes/L6prev.dae
[0.408s] -- Up-to-date: /home/idgaf/Documents/robot/Robot_ros2_ws/install/aar6/share/aar6//meshes/L3.STL
[0.408s] -- Up-to-date: /home/idgaf/Documents/robot/Robot_ros2_ws/install/aar6/share/aar6//meshes/base_link.STL
[0.408s] -- Up-to-date: /home/idgaf/Documents/robot/Robot_ros2_ws/install/aar6/share/aar6//meshes/L2.STL
[0.408s] -- Up-to-date: /home/idgaf/Documents/robot/Robot_ros2_ws/install/aar6/share/aar6//meshes/Gripper_Body.STL
[0.408s] -- Up-to-date: /home/idgaf/Documents/robot/Robot_ros2_ws/install/aar6/share/aar6//meshes/gripper_finger.STL
[0.409s] -- Up-to-date: /home/idgaf/Documents/robot/Robot_ros2_ws/install/aar6/share/aar6//meshes/L4.STL
[0.409s] -- Up-to-date: /home/idgaf/Documents/robot/Robot_ros2_ws/install/aar6/share/aar6//meshes/L6.stl
[0.409s] -- Installing: /home/idgaf/Documents/robot/Robot_ros2_ws/install/aar6/share/aar6//rviz
[0.409s] -- Installing: /home/idgaf/Documents/robot/Robot_ros2_ws/install/aar6/share/aar6//rviz/rviz_monitor.rviz
[0.409s] -- Up-to-date: /home/idgaf/Documents/robot/Robot_ros2_ws/install/aar6/share/ament_index/resource_index/package_run_dependencies/aar6
[0.409s] -- Installing: /home/idgaf/Documents/robot/Robot_ros2_ws/install/aar6/share/ament_index/resource_index/parent_prefix_path/aar6
[0.409s] -- Up-to-date: /home/idgaf/Documents/robot/Robot_ros2_ws/install/aar6/share/aar6/environment/ament_prefix_path.sh
[0.409s] -- Up-to-date: /home/idgaf/Documents/robot/Robot_ros2_ws/install/aar6/share/aar6/environment/ament_prefix_path.dsv
[0.409s] -- Up-to-date: /home/idgaf/Documents/robot/Robot_ros2_ws/install/aar6/share/aar6/environment/path.sh
[0.409s] -- Up-to-date: /home/idgaf/Documents/robot/Robot_ros2_ws/install/aar6/share/aar6/environment/path.dsv
[0.409s] -- Up-to-date: /home/idgaf/Documents/robot/Robot_ros2_ws/install/aar6/share/aar6/local_setup.bash
[0.409s] -- Up-to-date: /home/idgaf/Documents/robot/Robot_ros2_ws/install/aar6/share/aar6/local_setup.sh
[0.409s] -- Up-to-date: /home/idgaf/Documents/robot/Robot_ros2_ws/install/aar6/share/aar6/local_setup.zsh
[0.409s] -- Up-to-date: /home/idgaf/Documents/robot/Robot_ros2_ws/install/aar6/share/aar6/local_setup.dsv
[0.409s] -- Installing: /home/idgaf/Documents/robot/Robot_ros2_ws/install/aar6/share/aar6/package.dsv
[0.409s] -- Up-to-date: /home/idgaf/Documents/robot/Robot_ros2_ws/install/aar6/share/ament_index/resource_index/packages/aar6
[0.409s] -- Up-to-date: /home/idgaf/Documents/robot/Robot_ros2_ws/install/aar6/share/aar6/cmake/aar6Config.cmake
[0.409s] -- Up-to-date: /home/idgaf/Documents/robot/Robot_ros2_ws/install/aar6/share/aar6/cmake/aar6Config-version.cmake
[0.409s] -- Up-to-date: /home/idgaf/Documents/robot/Robot_ros2_ws/install/aar6/share/aar6/package.xml
[0.410s] Invoked command in '/home/idgaf/Documents/robot/Robot_ros2_ws/build/aar6' returned '0': CMAKE_PREFIX_PATH=${CMAKE_PREFIX_PATH}:/opt/ros/jazzy DEBUGINFOD_URLS=https://debuginfod.ubuntu.com /usr/bin/cmake --install /home/idgaf/Documents/robot/Robot_ros2_ws/build/aar6
