Not searching for unused variables given on the command line.
-- Found ament_cmake: 2.5.4 (/home/idgaf/uros_ws/firmware/dev_ws/install/ament_cmake/share/ament_cmake/cmake)
-- Found Python3: /usr/bin/python3 (found version "3.12.3") found components: Interpreter 
-- Configuring done (0.5s)
-- Generating done (0.0s)
-- Build files have been written to: /home/idgaf/uros_ws/firmware/mcu_ws/build/rosidl_adapter
Change Dir: '/home/idgaf/uros_ws/firmware/mcu_ws/build/rosidl_adapter'

Run Build Command(s): /usr/bin/cmake -E env VERBOSE=1 /usr/bin/gmake -f Makefile -j16 -l16
gmake[1]: Entering directory '/home/idgaf/uros_ws/firmware/mcu_ws/build/rosidl_adapter'
/usr/bin/cmake -S/home/idgaf/uros_ws/firmware/mcu_ws/ros2/rosidl/rosidl_adapter -B/home/idgaf/uros_ws/firmware/mcu_ws/build/rosidl_adapter --check-build-system CMakeFiles/Makefile.cmake 0
/usr/bin/cmake -E cmake_progress_start /home/idgaf/uros_ws/firmware/mcu_ws/build/rosidl_adapter/CMakeFiles /home/idgaf/uros_ws/firmware/mcu_ws/build/rosidl_adapter//CMakeFiles/progress.marks
/usr/bin/gmake  -f CMakeFiles/Makefile2 all
gmake[2]: Entering directory '/home/idgaf/uros_ws/firmware/mcu_ws/build/rosidl_adapter'
/usr/bin/gmake  -f CMakeFiles/ament_cmake_python_copy_rosidl_adapter_setup.dir/build.make CMakeFiles/ament_cmake_python_copy_rosidl_adapter_setup.dir/depend
/usr/bin/gmake  -f CMakeFiles/ament_cmake_python_copy_rosidl_adapter.dir/build.make CMakeFiles/ament_cmake_python_copy_rosidl_adapter.dir/depend
gmake[3]: Entering directory '/home/idgaf/uros_ws/firmware/mcu_ws/build/rosidl_adapter'
cd /home/idgaf/uros_ws/firmware/mcu_ws/build/rosidl_adapter && /usr/bin/cmake -E cmake_depends "Unix Makefiles" /home/idgaf/uros_ws/firmware/mcu_ws/ros2/rosidl/rosidl_adapter /home/idgaf/uros_ws/firmware/mcu_ws/ros2/rosidl/rosidl_adapter /home/idgaf/uros_ws/firmware/mcu_ws/build/rosidl_adapter /home/idgaf/uros_ws/firmware/mcu_ws/build/rosidl_adapter /home/idgaf/uros_ws/firmware/mcu_ws/build/rosidl_adapter/CMakeFiles/ament_cmake_python_copy_rosidl_adapter_setup.dir/DependInfo.cmake "--color="
gmake[3]: Entering directory '/home/idgaf/uros_ws/firmware/mcu_ws/build/rosidl_adapter'
cd /home/idgaf/uros_ws/firmware/mcu_ws/build/rosidl_adapter && /usr/bin/cmake -E cmake_depends "Unix Makefiles" /home/idgaf/uros_ws/firmware/mcu_ws/ros2/rosidl/rosidl_adapter /home/idgaf/uros_ws/firmware/mcu_ws/ros2/rosidl/rosidl_adapter /home/idgaf/uros_ws/firmware/mcu_ws/build/rosidl_adapter /home/idgaf/uros_ws/firmware/mcu_ws/build/rosidl_adapter /home/idgaf/uros_ws/firmware/mcu_ws/build/rosidl_adapter/CMakeFiles/ament_cmake_python_copy_rosidl_adapter.dir/DependInfo.cmake "--color="
gmake[3]: Leaving directory '/home/idgaf/uros_ws/firmware/mcu_ws/build/rosidl_adapter'
/usr/bin/gmake  -f CMakeFiles/ament_cmake_python_copy_rosidl_adapter_setup.dir/build.make CMakeFiles/ament_cmake_python_copy_rosidl_adapter_setup.dir/build
gmake[3]: Leaving directory '/home/idgaf/uros_ws/firmware/mcu_ws/build/rosidl_adapter'
/usr/bin/gmake  -f CMakeFiles/ament_cmake_python_copy_rosidl_adapter.dir/build.make CMakeFiles/ament_cmake_python_copy_rosidl_adapter.dir/build
gmake[3]: Entering directory '/home/idgaf/uros_ws/firmware/mcu_ws/build/rosidl_adapter'
/usr/bin/cmake -E copy /home/idgaf/uros_ws/firmware/mcu_ws/ros2/rosidl/rosidl_adapter/setup.cfg /home/idgaf/uros_ws/firmware/mcu_ws/build/rosidl_adapter/ament_cmake_python/rosidl_adapter/setup.cfg
gmake[3]: Entering directory '/home/idgaf/uros_ws/firmware/mcu_ws/build/rosidl_adapter'
/usr/bin/cmake -E copy_directory /home/idgaf/uros_ws/firmware/mcu_ws/ros2/rosidl/rosidl_adapter/rosidl_adapter /home/idgaf/uros_ws/firmware/mcu_ws/build/rosidl_adapter/ament_cmake_python/rosidl_adapter/rosidl_adapter
gmake[3]: Leaving directory '/home/idgaf/uros_ws/firmware/mcu_ws/build/rosidl_adapter'
gmake[3]: Leaving directory '/home/idgaf/uros_ws/firmware/mcu_ws/build/rosidl_adapter'
Built target ament_cmake_python_copy_rosidl_adapter_setup
Built target ament_cmake_python_copy_rosidl_adapter
/usr/bin/gmake  -f CMakeFiles/ament_cmake_python_build_rosidl_adapter_egg.dir/build.make CMakeFiles/ament_cmake_python_build_rosidl_adapter_egg.dir/depend
gmake[3]: Entering directory '/home/idgaf/uros_ws/firmware/mcu_ws/build/rosidl_adapter'
cd /home/idgaf/uros_ws/firmware/mcu_ws/build/rosidl_adapter && /usr/bin/cmake -E cmake_depends "Unix Makefiles" /home/idgaf/uros_ws/firmware/mcu_ws/ros2/rosidl/rosidl_adapter /home/idgaf/uros_ws/firmware/mcu_ws/ros2/rosidl/rosidl_adapter /home/idgaf/uros_ws/firmware/mcu_ws/build/rosidl_adapter /home/idgaf/uros_ws/firmware/mcu_ws/build/rosidl_adapter /home/idgaf/uros_ws/firmware/mcu_ws/build/rosidl_adapter/CMakeFiles/ament_cmake_python_build_rosidl_adapter_egg.dir/DependInfo.cmake "--color="
gmake[3]: Leaving directory '/home/idgaf/uros_ws/firmware/mcu_ws/build/rosidl_adapter'
/usr/bin/gmake  -f CMakeFiles/ament_cmake_python_build_rosidl_adapter_egg.dir/build.make CMakeFiles/ament_cmake_python_build_rosidl_adapter_egg.dir/build
gmake[3]: Entering directory '/home/idgaf/uros_ws/firmware/mcu_ws/build/rosidl_adapter'
cd /home/idgaf/uros_ws/firmware/mcu_ws/build/rosidl_adapter/ament_cmake_python/rosidl_adapter && /usr/bin/python3 setup.py egg_info
running egg_info
creating rosidl_adapter.egg-info
writing rosidl_adapter.egg-info/PKG-INFO
writing dependency_links to rosidl_adapter.egg-info/dependency_links.txt
writing entry points to rosidl_adapter.egg-info/entry_points.txt
writing top-level names to rosidl_adapter.egg-info/top_level.txt
writing manifest file 'rosidl_adapter.egg-info/SOURCES.txt'
reading manifest file 'rosidl_adapter.egg-info/SOURCES.txt'
writing manifest file 'rosidl_adapter.egg-info/SOURCES.txt'
gmake[3]: Leaving directory '/home/idgaf/uros_ws/firmware/mcu_ws/build/rosidl_adapter'
Built target ament_cmake_python_build_rosidl_adapter_egg
gmake[2]: Leaving directory '/home/idgaf/uros_ws/firmware/mcu_ws/build/rosidl_adapter'
/usr/bin/cmake -E cmake_progress_start /home/idgaf/uros_ws/firmware/mcu_ws/build/rosidl_adapter/CMakeFiles 0
gmake[1]: Leaving directory '/home/idgaf/uros_ws/firmware/mcu_ws/build/rosidl_adapter'

-- Install configuration: "Debug"
-- Installing: /home/idgaf/uros_ws/firmware/mcu_ws/install/rosidl_adapter/share/rosidl_adapter/environment/pythonpath.sh
-- Installing: /home/idgaf/uros_ws/firmware/mcu_ws/install/rosidl_adapter/share/rosidl_adapter/environment/pythonpath.dsv
-- Installing: /home/idgaf/uros_ws/firmware/mcu_ws/install/rosidl_adapter/lib/python3.12/site-packages/rosidl_adapter-4.6.6-py3.12.egg-info
-- Installing: /home/idgaf/uros_ws/firmware/mcu_ws/install/rosidl_adapter/lib/python3.12/site-packages/rosidl_adapter-4.6.6-py3.12.egg-info/dependency_links.txt
-- Installing: /home/idgaf/uros_ws/firmware/mcu_ws/install/rosidl_adapter/lib/python3.12/site-packages/rosidl_adapter-4.6.6-py3.12.egg-info/SOURCES.txt
-- Installing: /home/idgaf/uros_ws/firmware/mcu_ws/install/rosidl_adapter/lib/python3.12/site-packages/rosidl_adapter-4.6.6-py3.12.egg-info/PKG-INFO
-- Installing: /home/idgaf/uros_ws/firmware/mcu_ws/install/rosidl_adapter/lib/python3.12/site-packages/rosidl_adapter-4.6.6-py3.12.egg-info/top_level.txt
-- Installing: /home/idgaf/uros_ws/firmware/mcu_ws/install/rosidl_adapter/lib/python3.12/site-packages/rosidl_adapter-4.6.6-py3.12.egg-info/entry_points.txt
-- Installing: /home/idgaf/uros_ws/firmware/mcu_ws/install/rosidl_adapter/lib/python3.12/site-packages/rosidl_adapter
-- Installing: /home/idgaf/uros_ws/firmware/mcu_ws/install/rosidl_adapter/lib/python3.12/site-packages/rosidl_adapter/__main__.py
-- Installing: /home/idgaf/uros_ws/firmware/mcu_ws/install/rosidl_adapter/lib/python3.12/site-packages/rosidl_adapter/parser.py
-- Installing: /home/idgaf/uros_ws/firmware/mcu_ws/install/rosidl_adapter/lib/python3.12/site-packages/rosidl_adapter/msg
-- Installing: /home/idgaf/uros_ws/firmware/mcu_ws/install/rosidl_adapter/lib/python3.12/site-packages/rosidl_adapter/msg/__init__.py
-- Installing: /home/idgaf/uros_ws/firmware/mcu_ws/install/rosidl_adapter/lib/python3.12/site-packages/rosidl_adapter/cli.py
-- Installing: /home/idgaf/uros_ws/firmware/mcu_ws/install/rosidl_adapter/lib/python3.12/site-packages/rosidl_adapter/main.py
-- Installing: /home/idgaf/uros_ws/firmware/mcu_ws/install/rosidl_adapter/lib/python3.12/site-packages/rosidl_adapter/action
-- Installing: /home/idgaf/uros_ws/firmware/mcu_ws/install/rosidl_adapter/lib/python3.12/site-packages/rosidl_adapter/action/__init__.py
-- Installing: /home/idgaf/uros_ws/firmware/mcu_ws/install/rosidl_adapter/lib/python3.12/site-packages/rosidl_adapter/srv
-- Installing: /home/idgaf/uros_ws/firmware/mcu_ws/install/rosidl_adapter/lib/python3.12/site-packages/rosidl_adapter/srv/__init__.py
-- Installing: /home/idgaf/uros_ws/firmware/mcu_ws/install/rosidl_adapter/lib/python3.12/site-packages/rosidl_adapter/__init__.py
-- Installing: /home/idgaf/uros_ws/firmware/mcu_ws/install/rosidl_adapter/lib/python3.12/site-packages/rosidl_adapter/resource
-- Installing: /home/idgaf/uros_ws/firmware/mcu_ws/install/rosidl_adapter/lib/python3.12/site-packages/rosidl_adapter/resource/action.idl.em
-- Installing: /home/idgaf/uros_ws/firmware/mcu_ws/install/rosidl_adapter/lib/python3.12/site-packages/rosidl_adapter/resource/srv.idl.em
-- Installing: /home/idgaf/uros_ws/firmware/mcu_ws/install/rosidl_adapter/lib/python3.12/site-packages/rosidl_adapter/resource/struct.idl.em
-- Installing: /home/idgaf/uros_ws/firmware/mcu_ws/install/rosidl_adapter/lib/python3.12/site-packages/rosidl_adapter/resource/__init__.py
-- Installing: /home/idgaf/uros_ws/firmware/mcu_ws/install/rosidl_adapter/lib/python3.12/site-packages/rosidl_adapter/resource/msg.idl.em
Listing '/home/idgaf/uros_ws/firmware/mcu_ws/install/rosidl_adapter/lib/python3.12/site-packages/rosidl_adapter'...
Compiling '/home/idgaf/uros_ws/firmware/mcu_ws/install/rosidl_adapter/lib/python3.12/site-packages/rosidl_adapter/__init__.py'...
Compiling '/home/idgaf/uros_ws/firmware/mcu_ws/install/rosidl_adapter/lib/python3.12/site-packages/rosidl_adapter/__main__.py'...
Listing '/home/idgaf/uros_ws/firmware/mcu_ws/install/rosidl_adapter/lib/python3.12/site-packages/rosidl_adapter/action'...
Compiling '/home/idgaf/uros_ws/firmware/mcu_ws/install/rosidl_adapter/lib/python3.12/site-packages/rosidl_adapter/action/__init__.py'...
Compiling '/home/idgaf/uros_ws/firmware/mcu_ws/install/rosidl_adapter/lib/python3.12/site-packages/rosidl_adapter/cli.py'...
Compiling '/home/idgaf/uros_ws/firmware/mcu_ws/install/rosidl_adapter/lib/python3.12/site-packages/rosidl_adapter/main.py'...
Listing '/home/idgaf/uros_ws/firmware/mcu_ws/install/rosidl_adapter/lib/python3.12/site-packages/rosidl_adapter/msg'...
Compiling '/home/idgaf/uros_ws/firmware/mcu_ws/install/rosidl_adapter/lib/python3.12/site-packages/rosidl_adapter/msg/__init__.py'...
Compiling '/home/idgaf/uros_ws/firmware/mcu_ws/install/rosidl_adapter/lib/python3.12/site-packages/rosidl_adapter/parser.py'...
Listing '/home/idgaf/uros_ws/firmware/mcu_ws/install/rosidl_adapter/lib/python3.12/site-packages/rosidl_adapter/resource'...
Compiling '/home/idgaf/uros_ws/firmware/mcu_ws/install/rosidl_adapter/lib/python3.12/site-packages/rosidl_adapter/resource/__init__.py'...
Listing '/home/idgaf/uros_ws/firmware/mcu_ws/install/rosidl_adapter/lib/python3.12/site-packages/rosidl_adapter/srv'...
Compiling '/home/idgaf/uros_ws/firmware/mcu_ws/install/rosidl_adapter/lib/python3.12/site-packages/rosidl_adapter/srv/__init__.py'...
-- Installing: /home/idgaf/uros_ws/firmware/mcu_ws/install/rosidl_adapter/share/ament_index/resource_index/package_run_dependencies/rosidl_adapter
-- Installing: /home/idgaf/uros_ws/firmware/mcu_ws/install/rosidl_adapter/share/ament_index/resource_index/parent_prefix_path/rosidl_adapter
-- Installing: /home/idgaf/uros_ws/firmware/mcu_ws/install/rosidl_adapter/share/rosidl_adapter/environment/ament_prefix_path.sh
-- Installing: /home/idgaf/uros_ws/firmware/mcu_ws/install/rosidl_adapter/share/rosidl_adapter/environment/ament_prefix_path.dsv
-- Installing: /home/idgaf/uros_ws/firmware/mcu_ws/install/rosidl_adapter/share/rosidl_adapter/environment/path.sh
-- Installing: /home/idgaf/uros_ws/firmware/mcu_ws/install/rosidl_adapter/share/rosidl_adapter/environment/path.dsv
-- Installing: /home/idgaf/uros_ws/firmware/mcu_ws/install/rosidl_adapter/share/rosidl_adapter/local_setup.bash
-- Installing: /home/idgaf/uros_ws/firmware/mcu_ws/install/rosidl_adapter/share/rosidl_adapter/local_setup.sh
-- Installing: /home/idgaf/uros_ws/firmware/mcu_ws/install/rosidl_adapter/share/rosidl_adapter/local_setup.zsh
-- Installing: /home/idgaf/uros_ws/firmware/mcu_ws/install/rosidl_adapter/share/rosidl_adapter/local_setup.dsv
-- Installing: /home/idgaf/uros_ws/firmware/mcu_ws/install/rosidl_adapter/share/rosidl_adapter/package.dsv
-- Installing: /home/idgaf/uros_ws/firmware/mcu_ws/install/rosidl_adapter/share/ament_index/resource_index/packages/rosidl_adapter
-- Installing: /home/idgaf/uros_ws/firmware/mcu_ws/install/rosidl_adapter/share/rosidl_adapter/cmake/rosidl_adapter-extras.cmake
-- Installing: /home/idgaf/uros_ws/firmware/mcu_ws/install/rosidl_adapter/share/rosidl_adapter/cmake/rosidl_adapterConfig.cmake
-- Installing: /home/idgaf/uros_ws/firmware/mcu_ws/install/rosidl_adapter/share/rosidl_adapter/cmake/rosidl_adapterConfig-version.cmake
-- Installing: /home/idgaf/uros_ws/firmware/mcu_ws/install/rosidl_adapter/share/rosidl_adapter/package.xml
-- Up-to-date: /home/idgaf/uros_ws/firmware/mcu_ws/install/rosidl_adapter/share/rosidl_adapter/cmake
-- Installing: /home/idgaf/uros_ws/firmware/mcu_ws/install/rosidl_adapter/share/rosidl_adapter/cmake/rosidl_adapt_interfaces.cmake
-- Installing: /home/idgaf/uros_ws/firmware/mcu_ws/install/rosidl_adapter/lib/rosidl_adapter/msg2idl.py
-- Installing: /home/idgaf/uros_ws/firmware/mcu_ws/install/rosidl_adapter/lib/rosidl_adapter/srv2idl.py
-- Installing: /home/idgaf/uros_ws/firmware/mcu_ws/install/rosidl_adapter/lib/rosidl_adapter/action2idl.py
