[0.187s] Invoking command in '/home/idgaf/uros_ws/firmware/mcu_ws/build/rosidl_adapter': AMENT_PREFIX_PATH=/home/idgaf/uros_ws/firmware/mcu_ws/install/rosidl_cli:${AMENT_PREFIX_PATH} CMAKE_PREFIX_PATH=${CMAKE_PREFIX_PATH}:/home/idgaf/uros_ws/firmware/dev_ws/install/ament_uncrustify:/home/idgaf/uros_ws/firmware/dev_ws/install/domain_coordinator:/home/idgaf/uros_ws/firmware/dev_ws/install/ament_xmllint:/home/idgaf/uros_ws/firmware/dev_ws/install/ament_pyflakes:/home/idgaf/uros_ws/firmware/dev_ws/install/ament_pycodestyle:/home/idgaf/uros_ws/firmware/dev_ws/install/ament_pep257:/home/idgaf/uros_ws/firmware/dev_ws/install/ament_pclint:/home/idgaf/uros_ws/firmware/dev_ws/install/ament_package:/home/idgaf/uros_ws/firmware/dev_ws/install/ament_mypy:/home/idgaf/uros_ws/firmware/dev_ws/install/ament_lint_cmake:/home/idgaf/uros_ws/firmware/dev_ws/install/ament_flake8:/home/idgaf/uros_ws/firmware/dev_ws/install/ament_copyright:/home/idgaf/uros_ws/firmware/dev_ws/install/ament_lint:/home/idgaf/uros_ws/firmware/dev_ws/install/ament_index_python:/home/idgaf/uros_ws/firmware/dev_ws/install/ament_cpplint:/home/idgaf/uros_ws/firmware/dev_ws/install/ament_cppcheck:/home/idgaf/uros_ws/firmware/dev_ws/install/ament_clang_tidy:/home/idgaf/uros_ws/firmware/dev_ws/install/ament_clang_format DEBUGINFOD_URLS=https://debuginfod.ubuntu.com PATH=/home/idgaf/uros_ws/firmware/mcu_ws/install/rosidl_cli/bin:${PATH} PYTHONPATH=/home/idgaf/uros_ws/firmware/mcu_ws/install/rosidl_cli/lib/python3.12/site-packages:${PYTHONPATH} /usr/bin/cmake /home/idgaf/uros_ws/firmware/mcu_ws/ros2/rosidl/rosidl_adapter --no-warn-unused-cli -DCMAKE_POSITION_INDEPENDENT_CODE=OFF -DTHIRDPARTY=ON -DBUILD_SHARED_LIBS=OFF -DBUILD_TESTING=OFF -DCMAKE_BUILD_TYPE=Debug -DCMAKE_TOOLCHAIN_FILE=/home/idgaf/uros_ws/firmware/freertos_apps/microros_nucleo_f446re_extensions/arm_toolchain.cmake -DCMAKE_VERBOSE_MAKEFILE=ON -DCMAKE_INSTALL_PREFIX=/home/idgaf/uros_ws/firmware/mcu_ws/install/rosidl_adapter
[0.192s] Not searching for unused variables given on the command line.
[0.203s] -- Found ament_cmake: 2.5.4 (/home/idgaf/uros_ws/firmware/dev_ws/install/ament_cmake/share/ament_cmake/cmake)
[0.382s] -- Found Python3: /usr/bin/python3 (found version "3.12.3") found components: Interpreter 
[0.720s] -- Configuring done (0.5s)
[0.723s] -- Generating done (0.0s)
[0.725s] -- Build files have been written to: /home/idgaf/uros_ws/firmware/mcu_ws/build/rosidl_adapter
[0.728s] Invoked command in '/home/idgaf/uros_ws/firmware/mcu_ws/build/rosidl_adapter' returned '0': AMENT_PREFIX_PATH=/home/idgaf/uros_ws/firmware/mcu_ws/install/rosidl_cli:${AMENT_PREFIX_PATH} CMAKE_PREFIX_PATH=${CMAKE_PREFIX_PATH}:/home/idgaf/uros_ws/firmware/dev_ws/install/ament_uncrustify:/home/idgaf/uros_ws/firmware/dev_ws/install/domain_coordinator:/home/idgaf/uros_ws/firmware/dev_ws/install/ament_xmllint:/home/idgaf/uros_ws/firmware/dev_ws/install/ament_pyflakes:/home/idgaf/uros_ws/firmware/dev_ws/install/ament_pycodestyle:/home/idgaf/uros_ws/firmware/dev_ws/install/ament_pep257:/home/idgaf/uros_ws/firmware/dev_ws/install/ament_pclint:/home/idgaf/uros_ws/firmware/dev_ws/install/ament_package:/home/idgaf/uros_ws/firmware/dev_ws/install/ament_mypy:/home/idgaf/uros_ws/firmware/dev_ws/install/ament_lint_cmake:/home/idgaf/uros_ws/firmware/dev_ws/install/ament_flake8:/home/idgaf/uros_ws/firmware/dev_ws/install/ament_copyright:/home/idgaf/uros_ws/firmware/dev_ws/install/ament_lint:/home/idgaf/uros_ws/firmware/dev_ws/install/ament_index_python:/home/idgaf/uros_ws/firmware/dev_ws/install/ament_cpplint:/home/idgaf/uros_ws/firmware/dev_ws/install/ament_cppcheck:/home/idgaf/uros_ws/firmware/dev_ws/install/ament_clang_tidy:/home/idgaf/uros_ws/firmware/dev_ws/install/ament_clang_format DEBUGINFOD_URLS=https://debuginfod.ubuntu.com PATH=/home/idgaf/uros_ws/firmware/mcu_ws/install/rosidl_cli/bin:${PATH} PYTHONPATH=/home/idgaf/uros_ws/firmware/mcu_ws/install/rosidl_cli/lib/python3.12/site-packages:${PYTHONPATH} /usr/bin/cmake /home/idgaf/uros_ws/firmware/mcu_ws/ros2/rosidl/rosidl_adapter --no-warn-unused-cli -DCMAKE_POSITION_INDEPENDENT_CODE=OFF -DTHIRDPARTY=ON -DBUILD_SHARED_LIBS=OFF -DBUILD_TESTING=OFF -DCMAKE_BUILD_TYPE=Debug -DCMAKE_TOOLCHAIN_FILE=/home/idgaf/uros_ws/firmware/freertos_apps/microros_nucleo_f446re_extensions/arm_toolchain.cmake -DCMAKE_VERBOSE_MAKEFILE=ON -DCMAKE_INSTALL_PREFIX=/home/idgaf/uros_ws/firmware/mcu_ws/install/rosidl_adapter
[0.729s] Invoking command in '/home/idgaf/uros_ws/firmware/mcu_ws/build/rosidl_adapter': AMENT_PREFIX_PATH=/home/idgaf/uros_ws/firmware/mcu_ws/install/rosidl_cli:${AMENT_PREFIX_PATH} CMAKE_PREFIX_PATH=${CMAKE_PREFIX_PATH}:/home/idgaf/uros_ws/firmware/dev_ws/install/ament_uncrustify:/home/idgaf/uros_ws/firmware/dev_ws/install/domain_coordinator:/home/idgaf/uros_ws/firmware/dev_ws/install/ament_xmllint:/home/idgaf/uros_ws/firmware/dev_ws/install/ament_pyflakes:/home/idgaf/uros_ws/firmware/dev_ws/install/ament_pycodestyle:/home/idgaf/uros_ws/firmware/dev_ws/install/ament_pep257:/home/idgaf/uros_ws/firmware/dev_ws/install/ament_pclint:/home/idgaf/uros_ws/firmware/dev_ws/install/ament_package:/home/idgaf/uros_ws/firmware/dev_ws/install/ament_mypy:/home/idgaf/uros_ws/firmware/dev_ws/install/ament_lint_cmake:/home/idgaf/uros_ws/firmware/dev_ws/install/ament_flake8:/home/idgaf/uros_ws/firmware/dev_ws/install/ament_copyright:/home/idgaf/uros_ws/firmware/dev_ws/install/ament_lint:/home/idgaf/uros_ws/firmware/dev_ws/install/ament_index_python:/home/idgaf/uros_ws/firmware/dev_ws/install/ament_cpplint:/home/idgaf/uros_ws/firmware/dev_ws/install/ament_cppcheck:/home/idgaf/uros_ws/firmware/dev_ws/install/ament_clang_tidy:/home/idgaf/uros_ws/firmware/dev_ws/install/ament_clang_format DEBUGINFOD_URLS=https://debuginfod.ubuntu.com PATH=/home/idgaf/uros_ws/firmware/mcu_ws/install/rosidl_cli/bin:${PATH} PYTHONPATH=/home/idgaf/uros_ws/firmware/mcu_ws/install/rosidl_cli/lib/python3.12/site-packages:${PYTHONPATH} /usr/bin/cmake --build /home/idgaf/uros_ws/firmware/mcu_ws/build/rosidl_adapter -- -j16 -l16
[0.735s] Change Dir: '/home/idgaf/uros_ws/firmware/mcu_ws/build/rosidl_adapter'
[0.735s] 
[0.735s] Run Build Command(s): /usr/bin/cmake -E env VERBOSE=1 /usr/bin/gmake -f Makefile -j16 -l16
[0.745s] gmake[1]: Entering directory '/home/idgaf/uros_ws/firmware/mcu_ws/build/rosidl_adapter'
[0.745s] /usr/bin/cmake -S/home/idgaf/uros_ws/firmware/mcu_ws/ros2/rosidl/rosidl_adapter -B/home/idgaf/uros_ws/firmware/mcu_ws/build/rosidl_adapter --check-build-system CMakeFiles/Makefile.cmake 0
[0.753s] /usr/bin/cmake -E cmake_progress_start /home/idgaf/uros_ws/firmware/mcu_ws/build/rosidl_adapter/CMakeFiles /home/idgaf/uros_ws/firmware/mcu_ws/build/rosidl_adapter//CMakeFiles/progress.marks
[0.762s] /usr/bin/gmake  -f CMakeFiles/Makefile2 all
[0.763s] gmake[2]: Entering directory '/home/idgaf/uros_ws/firmware/mcu_ws/build/rosidl_adapter'
[0.764s] /usr/bin/gmake  -f CMakeFiles/ament_cmake_python_copy_rosidl_adapter_setup.dir/build.make CMakeFiles/ament_cmake_python_copy_rosidl_adapter_setup.dir/depend
[0.764s] /usr/bin/gmake  -f CMakeFiles/ament_cmake_python_copy_rosidl_adapter.dir/build.make CMakeFiles/ament_cmake_python_copy_rosidl_adapter.dir/depend
[0.765s] gmake[3]: Entering directory '/home/idgaf/uros_ws/firmware/mcu_ws/build/rosidl_adapter'
[0.765s] cd /home/idgaf/uros_ws/firmware/mcu_ws/build/rosidl_adapter && /usr/bin/cmake -E cmake_depends "Unix Makefiles" /home/idgaf/uros_ws/firmware/mcu_ws/ros2/rosidl/rosidl_adapter /home/idgaf/uros_ws/firmware/mcu_ws/ros2/rosidl/rosidl_adapter /home/idgaf/uros_ws/firmware/mcu_ws/build/rosidl_adapter /home/idgaf/uros_ws/firmware/mcu_ws/build/rosidl_adapter /home/idgaf/uros_ws/firmware/mcu_ws/build/rosidl_adapter/CMakeFiles/ament_cmake_python_copy_rosidl_adapter_setup.dir/DependInfo.cmake "--color="
[0.765s] gmake[3]: Entering directory '/home/idgaf/uros_ws/firmware/mcu_ws/build/rosidl_adapter'
[0.765s] cd /home/idgaf/uros_ws/firmware/mcu_ws/build/rosidl_adapter && /usr/bin/cmake -E cmake_depends "Unix Makefiles" /home/idgaf/uros_ws/firmware/mcu_ws/ros2/rosidl/rosidl_adapter /home/idgaf/uros_ws/firmware/mcu_ws/ros2/rosidl/rosidl_adapter /home/idgaf/uros_ws/firmware/mcu_ws/build/rosidl_adapter /home/idgaf/uros_ws/firmware/mcu_ws/build/rosidl_adapter /home/idgaf/uros_ws/firmware/mcu_ws/build/rosidl_adapter/CMakeFiles/ament_cmake_python_copy_rosidl_adapter.dir/DependInfo.cmake "--color="
[0.772s] gmake[3]: Leaving directory '/home/idgaf/uros_ws/firmware/mcu_ws/build/rosidl_adapter'
[0.773s] /usr/bin/gmake  -f CMakeFiles/ament_cmake_python_copy_rosidl_adapter_setup.dir/build.make CMakeFiles/ament_cmake_python_copy_rosidl_adapter_setup.dir/build
[0.773s] gmake[3]: Leaving directory '/home/idgaf/uros_ws/firmware/mcu_ws/build/rosidl_adapter'
[0.773s] /usr/bin/gmake  -f CMakeFiles/ament_cmake_python_copy_rosidl_adapter.dir/build.make CMakeFiles/ament_cmake_python_copy_rosidl_adapter.dir/build
[0.773s] gmake[3]: Entering directory '/home/idgaf/uros_ws/firmware/mcu_ws/build/rosidl_adapter'
[0.773s] /usr/bin/cmake -E copy /home/idgaf/uros_ws/firmware/mcu_ws/ros2/rosidl/rosidl_adapter/setup.cfg /home/idgaf/uros_ws/firmware/mcu_ws/build/rosidl_adapter/ament_cmake_python/rosidl_adapter/setup.cfg
[0.774s] gmake[3]: Entering directory '/home/idgaf/uros_ws/firmware/mcu_ws/build/rosidl_adapter'
[0.774s] /usr/bin/cmake -E copy_directory /home/idgaf/uros_ws/firmware/mcu_ws/ros2/rosidl/rosidl_adapter/rosidl_adapter /home/idgaf/uros_ws/firmware/mcu_ws/build/rosidl_adapter/ament_cmake_python/rosidl_adapter/rosidl_adapter
[0.781s] gmake[3]: Leaving directory '/home/idgaf/uros_ws/firmware/mcu_ws/build/rosidl_adapter'
[0.787s] gmake[3]: Leaving directory '/home/idgaf/uros_ws/firmware/mcu_ws/build/rosidl_adapter'
[0.787s] Built target ament_cmake_python_copy_rosidl_adapter_setup
[0.795s] Built target ament_cmake_python_copy_rosidl_adapter
[0.796s] /usr/bin/gmake  -f CMakeFiles/ament_cmake_python_build_rosidl_adapter_egg.dir/build.make CMakeFiles/ament_cmake_python_build_rosidl_adapter_egg.dir/depend
[0.797s] gmake[3]: Entering directory '/home/idgaf/uros_ws/firmware/mcu_ws/build/rosidl_adapter'
[0.797s] cd /home/idgaf/uros_ws/firmware/mcu_ws/build/rosidl_adapter && /usr/bin/cmake -E cmake_depends "Unix Makefiles" /home/idgaf/uros_ws/firmware/mcu_ws/ros2/rosidl/rosidl_adapter /home/idgaf/uros_ws/firmware/mcu_ws/ros2/rosidl/rosidl_adapter /home/idgaf/uros_ws/firmware/mcu_ws/build/rosidl_adapter /home/idgaf/uros_ws/firmware/mcu_ws/build/rosidl_adapter /home/idgaf/uros_ws/firmware/mcu_ws/build/rosidl_adapter/CMakeFiles/ament_cmake_python_build_rosidl_adapter_egg.dir/DependInfo.cmake "--color="
[0.805s] gmake[3]: Leaving directory '/home/idgaf/uros_ws/firmware/mcu_ws/build/rosidl_adapter'
[0.805s] /usr/bin/gmake  -f CMakeFiles/ament_cmake_python_build_rosidl_adapter_egg.dir/build.make CMakeFiles/ament_cmake_python_build_rosidl_adapter_egg.dir/build
[0.806s] gmake[3]: Entering directory '/home/idgaf/uros_ws/firmware/mcu_ws/build/rosidl_adapter'
[0.806s] cd /home/idgaf/uros_ws/firmware/mcu_ws/build/rosidl_adapter/ament_cmake_python/rosidl_adapter && /usr/bin/python3 setup.py egg_info
[1.077s] running egg_info
[1.078s] creating rosidl_adapter.egg-info
[1.092s] writing rosidl_adapter.egg-info/PKG-INFO
[1.093s] writing dependency_links to rosidl_adapter.egg-info/dependency_links.txt
[1.093s] writing entry points to rosidl_adapter.egg-info/entry_points.txt
[1.093s] writing top-level names to rosidl_adapter.egg-info/top_level.txt
[1.093s] writing manifest file 'rosidl_adapter.egg-info/SOURCES.txt'
[1.127s] reading manifest file 'rosidl_adapter.egg-info/SOURCES.txt'
[1.127s] writing manifest file 'rosidl_adapter.egg-info/SOURCES.txt'
[1.146s] gmake[3]: Leaving directory '/home/idgaf/uros_ws/firmware/mcu_ws/build/rosidl_adapter'
[1.154s] Built target ament_cmake_python_build_rosidl_adapter_egg
[1.155s] gmake[2]: Leaving directory '/home/idgaf/uros_ws/firmware/mcu_ws/build/rosidl_adapter'
[1.156s] /usr/bin/cmake -E cmake_progress_start /home/idgaf/uros_ws/firmware/mcu_ws/build/rosidl_adapter/CMakeFiles 0
[1.164s] gmake[1]: Leaving directory '/home/idgaf/uros_ws/firmware/mcu_ws/build/rosidl_adapter'
[1.165s] 
[1.318s] Invoked command in '/home/idgaf/uros_ws/firmware/mcu_ws/build/rosidl_adapter' returned '0': AMENT_PREFIX_PATH=/home/idgaf/uros_ws/firmware/mcu_ws/install/rosidl_cli:${AMENT_PREFIX_PATH} CMAKE_PREFIX_PATH=${CMAKE_PREFIX_PATH}:/home/idgaf/uros_ws/firmware/dev_ws/install/ament_uncrustify:/home/idgaf/uros_ws/firmware/dev_ws/install/domain_coordinator:/home/idgaf/uros_ws/firmware/dev_ws/install/ament_xmllint:/home/idgaf/uros_ws/firmware/dev_ws/install/ament_pyflakes:/home/idgaf/uros_ws/firmware/dev_ws/install/ament_pycodestyle:/home/idgaf/uros_ws/firmware/dev_ws/install/ament_pep257:/home/idgaf/uros_ws/firmware/dev_ws/install/ament_pclint:/home/idgaf/uros_ws/firmware/dev_ws/install/ament_package:/home/idgaf/uros_ws/firmware/dev_ws/install/ament_mypy:/home/idgaf/uros_ws/firmware/dev_ws/install/ament_lint_cmake:/home/idgaf/uros_ws/firmware/dev_ws/install/ament_flake8:/home/idgaf/uros_ws/firmware/dev_ws/install/ament_copyright:/home/idgaf/uros_ws/firmware/dev_ws/install/ament_lint:/home/idgaf/uros_ws/firmware/dev_ws/install/ament_index_python:/home/idgaf/uros_ws/firmware/dev_ws/install/ament_cpplint:/home/idgaf/uros_ws/firmware/dev_ws/install/ament_cppcheck:/home/idgaf/uros_ws/firmware/dev_ws/install/ament_clang_tidy:/home/idgaf/uros_ws/firmware/dev_ws/install/ament_clang_format DEBUGINFOD_URLS=https://debuginfod.ubuntu.com PATH=/home/idgaf/uros_ws/firmware/mcu_ws/install/rosidl_cli/bin:${PATH} PYTHONPATH=/home/idgaf/uros_ws/firmware/mcu_ws/install/rosidl_cli/lib/python3.12/site-packages:${PYTHONPATH} /usr/bin/cmake --build /home/idgaf/uros_ws/firmware/mcu_ws/build/rosidl_adapter -- -j16 -l16
[1.318s] Invoking command in '/home/idgaf/uros_ws/firmware/mcu_ws/build/rosidl_adapter': AMENT_PREFIX_PATH=/home/idgaf/uros_ws/firmware/mcu_ws/install/rosidl_cli:${AMENT_PREFIX_PATH} CMAKE_PREFIX_PATH=${CMAKE_PREFIX_PATH}:/home/idgaf/uros_ws/firmware/dev_ws/install/ament_uncrustify:/home/idgaf/uros_ws/firmware/dev_ws/install/domain_coordinator:/home/idgaf/uros_ws/firmware/dev_ws/install/ament_xmllint:/home/idgaf/uros_ws/firmware/dev_ws/install/ament_pyflakes:/home/idgaf/uros_ws/firmware/dev_ws/install/ament_pycodestyle:/home/idgaf/uros_ws/firmware/dev_ws/install/ament_pep257:/home/idgaf/uros_ws/firmware/dev_ws/install/ament_pclint:/home/idgaf/uros_ws/firmware/dev_ws/install/ament_package:/home/idgaf/uros_ws/firmware/dev_ws/install/ament_mypy:/home/idgaf/uros_ws/firmware/dev_ws/install/ament_lint_cmake:/home/idgaf/uros_ws/firmware/dev_ws/install/ament_flake8:/home/idgaf/uros_ws/firmware/dev_ws/install/ament_copyright:/home/idgaf/uros_ws/firmware/dev_ws/install/ament_lint:/home/idgaf/uros_ws/firmware/dev_ws/install/ament_index_python:/home/idgaf/uros_ws/firmware/dev_ws/install/ament_cpplint:/home/idgaf/uros_ws/firmware/dev_ws/install/ament_cppcheck:/home/idgaf/uros_ws/firmware/dev_ws/install/ament_clang_tidy:/home/idgaf/uros_ws/firmware/dev_ws/install/ament_clang_format DEBUGINFOD_URLS=https://debuginfod.ubuntu.com PATH=/home/idgaf/uros_ws/firmware/mcu_ws/install/rosidl_cli/bin:${PATH} PYTHONPATH=/home/idgaf/uros_ws/firmware/mcu_ws/install/rosidl_cli/lib/python3.12/site-packages:${PYTHONPATH} /usr/bin/cmake --install /home/idgaf/uros_ws/firmware/mcu_ws/build/rosidl_adapter
[1.325s] -- Install configuration: "Debug"
[1.325s] -- Installing: /home/idgaf/uros_ws/firmware/mcu_ws/install/rosidl_adapter/share/rosidl_adapter/environment/pythonpath.sh
[1.325s] -- Installing: /home/idgaf/uros_ws/firmware/mcu_ws/install/rosidl_adapter/share/rosidl_adapter/environment/pythonpath.dsv
[1.325s] -- Installing: /home/idgaf/uros_ws/firmware/mcu_ws/install/rosidl_adapter/lib/python3.12/site-packages/rosidl_adapter-4.6.6-py3.12.egg-info
[1.325s] -- Installing: /home/idgaf/uros_ws/firmware/mcu_ws/install/rosidl_adapter/lib/python3.12/site-packages/rosidl_adapter-4.6.6-py3.12.egg-info/dependency_links.txt
[1.325s] -- Installing: /home/idgaf/uros_ws/firmware/mcu_ws/install/rosidl_adapter/lib/python3.12/site-packages/rosidl_adapter-4.6.6-py3.12.egg-info/SOURCES.txt
[1.325s] -- Installing: /home/idgaf/uros_ws/firmware/mcu_ws/install/rosidl_adapter/lib/python3.12/site-packages/rosidl_adapter-4.6.6-py3.12.egg-info/PKG-INFO
[1.325s] -- Installing: /home/idgaf/uros_ws/firmware/mcu_ws/install/rosidl_adapter/lib/python3.12/site-packages/rosidl_adapter-4.6.6-py3.12.egg-info/top_level.txt
[1.326s] -- Installing: /home/idgaf/uros_ws/firmware/mcu_ws/install/rosidl_adapter/lib/python3.12/site-packages/rosidl_adapter-4.6.6-py3.12.egg-info/entry_points.txt
[1.326s] -- Installing: /home/idgaf/uros_ws/firmware/mcu_ws/install/rosidl_adapter/lib/python3.12/site-packages/rosidl_adapter
[1.326s] -- Installing: /home/idgaf/uros_ws/firmware/mcu_ws/install/rosidl_adapter/lib/python3.12/site-packages/rosidl_adapter/__main__.py
[1.326s] -- Installing: /home/idgaf/uros_ws/firmware/mcu_ws/install/rosidl_adapter/lib/python3.12/site-packages/rosidl_adapter/parser.py
[1.326s] -- Installing: /home/idgaf/uros_ws/firmware/mcu_ws/install/rosidl_adapter/lib/python3.12/site-packages/rosidl_adapter/msg
[1.326s] -- Installing: /home/idgaf/uros_ws/firmware/mcu_ws/install/rosidl_adapter/lib/python3.12/site-packages/rosidl_adapter/msg/__init__.py
[1.326s] -- Installing: /home/idgaf/uros_ws/firmware/mcu_ws/install/rosidl_adapter/lib/python3.12/site-packages/rosidl_adapter/cli.py
[1.326s] -- Installing: /home/idgaf/uros_ws/firmware/mcu_ws/install/rosidl_adapter/lib/python3.12/site-packages/rosidl_adapter/main.py
[1.326s] -- Installing: /home/idgaf/uros_ws/firmware/mcu_ws/install/rosidl_adapter/lib/python3.12/site-packages/rosidl_adapter/action
[1.326s] -- Installing: /home/idgaf/uros_ws/firmware/mcu_ws/install/rosidl_adapter/lib/python3.12/site-packages/rosidl_adapter/action/__init__.py
[1.326s] -- Installing: /home/idgaf/uros_ws/firmware/mcu_ws/install/rosidl_adapter/lib/python3.12/site-packages/rosidl_adapter/srv
[1.326s] -- Installing: /home/idgaf/uros_ws/firmware/mcu_ws/install/rosidl_adapter/lib/python3.12/site-packages/rosidl_adapter/srv/__init__.py
[1.326s] -- Installing: /home/idgaf/uros_ws/firmware/mcu_ws/install/rosidl_adapter/lib/python3.12/site-packages/rosidl_adapter/__init__.py
[1.327s] -- Installing: /home/idgaf/uros_ws/firmware/mcu_ws/install/rosidl_adapter/lib/python3.12/site-packages/rosidl_adapter/resource
[1.327s] -- Installing: /home/idgaf/uros_ws/firmware/mcu_ws/install/rosidl_adapter/lib/python3.12/site-packages/rosidl_adapter/resource/action.idl.em
[1.327s] -- Installing: /home/idgaf/uros_ws/firmware/mcu_ws/install/rosidl_adapter/lib/python3.12/site-packages/rosidl_adapter/resource/srv.idl.em
[1.327s] -- Installing: /home/idgaf/uros_ws/firmware/mcu_ws/install/rosidl_adapter/lib/python3.12/site-packages/rosidl_adapter/resource/struct.idl.em
[1.327s] -- Installing: /home/idgaf/uros_ws/firmware/mcu_ws/install/rosidl_adapter/lib/python3.12/site-packages/rosidl_adapter/resource/__init__.py
[1.327s] -- Installing: /home/idgaf/uros_ws/firmware/mcu_ws/install/rosidl_adapter/lib/python3.12/site-packages/rosidl_adapter/resource/msg.idl.em
[1.369s] Listing '/home/idgaf/uros_ws/firmware/mcu_ws/install/rosidl_adapter/lib/python3.12/site-packages/rosidl_adapter'...
[1.369s] Compiling '/home/idgaf/uros_ws/firmware/mcu_ws/install/rosidl_adapter/lib/python3.12/site-packages/rosidl_adapter/__init__.py'...
[1.369s] Compiling '/home/idgaf/uros_ws/firmware/mcu_ws/install/rosidl_adapter/lib/python3.12/site-packages/rosidl_adapter/__main__.py'...
[1.369s] Listing '/home/idgaf/uros_ws/firmware/mcu_ws/install/rosidl_adapter/lib/python3.12/site-packages/rosidl_adapter/action'...
[1.369s] Compiling '/home/idgaf/uros_ws/firmware/mcu_ws/install/rosidl_adapter/lib/python3.12/site-packages/rosidl_adapter/action/__init__.py'...
[1.369s] Compiling '/home/idgaf/uros_ws/firmware/mcu_ws/install/rosidl_adapter/lib/python3.12/site-packages/rosidl_adapter/cli.py'...
[1.369s] Compiling '/home/idgaf/uros_ws/firmware/mcu_ws/install/rosidl_adapter/lib/python3.12/site-packages/rosidl_adapter/main.py'...
[1.369s] Listing '/home/idgaf/uros_ws/firmware/mcu_ws/install/rosidl_adapter/lib/python3.12/site-packages/rosidl_adapter/msg'...
[1.369s] Compiling '/home/idgaf/uros_ws/firmware/mcu_ws/install/rosidl_adapter/lib/python3.12/site-packages/rosidl_adapter/msg/__init__.py'...
[1.369s] Compiling '/home/idgaf/uros_ws/firmware/mcu_ws/install/rosidl_adapter/lib/python3.12/site-packages/rosidl_adapter/parser.py'...
[1.369s] Listing '/home/idgaf/uros_ws/firmware/mcu_ws/install/rosidl_adapter/lib/python3.12/site-packages/rosidl_adapter/resource'...
[1.369s] Compiling '/home/idgaf/uros_ws/firmware/mcu_ws/install/rosidl_adapter/lib/python3.12/site-packages/rosidl_adapter/resource/__init__.py'...
[1.370s] Listing '/home/idgaf/uros_ws/firmware/mcu_ws/install/rosidl_adapter/lib/python3.12/site-packages/rosidl_adapter/srv'...
[1.370s] Compiling '/home/idgaf/uros_ws/firmware/mcu_ws/install/rosidl_adapter/lib/python3.12/site-packages/rosidl_adapter/srv/__init__.py'...
[1.373s] -- Installing: /home/idgaf/uros_ws/firmware/mcu_ws/install/rosidl_adapter/share/ament_index/resource_index/package_run_dependencies/rosidl_adapter
[1.373s] -- Installing: /home/idgaf/uros_ws/firmware/mcu_ws/install/rosidl_adapter/share/ament_index/resource_index/parent_prefix_path/rosidl_adapter
[1.374s] -- Installing: /home/idgaf/uros_ws/firmware/mcu_ws/install/rosidl_adapter/share/rosidl_adapter/environment/ament_prefix_path.sh
[1.374s] -- Installing: /home/idgaf/uros_ws/firmware/mcu_ws/install/rosidl_adapter/share/rosidl_adapter/environment/ament_prefix_path.dsv
[1.374s] -- Installing: /home/idgaf/uros_ws/firmware/mcu_ws/install/rosidl_adapter/share/rosidl_adapter/environment/path.sh
[1.374s] -- Installing: /home/idgaf/uros_ws/firmware/mcu_ws/install/rosidl_adapter/share/rosidl_adapter/environment/path.dsv
[1.374s] -- Installing: /home/idgaf/uros_ws/firmware/mcu_ws/install/rosidl_adapter/share/rosidl_adapter/local_setup.bash
[1.374s] -- Installing: /home/idgaf/uros_ws/firmware/mcu_ws/install/rosidl_adapter/share/rosidl_adapter/local_setup.sh
[1.374s] -- Installing: /home/idgaf/uros_ws/firmware/mcu_ws/install/rosidl_adapter/share/rosidl_adapter/local_setup.zsh
[1.374s] -- Installing: /home/idgaf/uros_ws/firmware/mcu_ws/install/rosidl_adapter/share/rosidl_adapter/local_setup.dsv
[1.375s] -- Installing: /home/idgaf/uros_ws/firmware/mcu_ws/install/rosidl_adapter/share/rosidl_adapter/package.dsv
[1.375s] -- Installing: /home/idgaf/uros_ws/firmware/mcu_ws/install/rosidl_adapter/share/ament_index/resource_index/packages/rosidl_adapter
[1.375s] -- Installing: /home/idgaf/uros_ws/firmware/mcu_ws/install/rosidl_adapter/share/rosidl_adapter/cmake/rosidl_adapter-extras.cmake
[1.375s] -- Installing: /home/idgaf/uros_ws/firmware/mcu_ws/install/rosidl_adapter/share/rosidl_adapter/cmake/rosidl_adapterConfig.cmake
[1.375s] -- Installing: /home/idgaf/uros_ws/firmware/mcu_ws/install/rosidl_adapter/share/rosidl_adapter/cmake/rosidl_adapterConfig-version.cmake
[1.375s] -- Installing: /home/idgaf/uros_ws/firmware/mcu_ws/install/rosidl_adapter/share/rosidl_adapter/package.xml
[1.375s] -- Up-to-date: /home/idgaf/uros_ws/firmware/mcu_ws/install/rosidl_adapter/share/rosidl_adapter/cmake
[1.376s] -- Installing: /home/idgaf/uros_ws/firmware/mcu_ws/install/rosidl_adapter/share/rosidl_adapter/cmake/rosidl_adapt_interfaces.cmake
[1.376s] -- Installing: /home/idgaf/uros_ws/firmware/mcu_ws/install/rosidl_adapter/lib/rosidl_adapter/msg2idl.py
[1.376s] -- Installing: /home/idgaf/uros_ws/firmware/mcu_ws/install/rosidl_adapter/lib/rosidl_adapter/srv2idl.py
[1.376s] -- Installing: /home/idgaf/uros_ws/firmware/mcu_ws/install/rosidl_adapter/lib/rosidl_adapter/action2idl.py
[1.471s] Invoked command in '/home/idgaf/uros_ws/firmware/mcu_ws/build/rosidl_adapter' returned '0': AMENT_PREFIX_PATH=/home/idgaf/uros_ws/firmware/mcu_ws/install/rosidl_cli:${AMENT_PREFIX_PATH} CMAKE_PREFIX_PATH=${CMAKE_PREFIX_PATH}:/home/idgaf/uros_ws/firmware/dev_ws/install/ament_uncrustify:/home/idgaf/uros_ws/firmware/dev_ws/install/domain_coordinator:/home/idgaf/uros_ws/firmware/dev_ws/install/ament_xmllint:/home/idgaf/uros_ws/firmware/dev_ws/install/ament_pyflakes:/home/idgaf/uros_ws/firmware/dev_ws/install/ament_pycodestyle:/home/idgaf/uros_ws/firmware/dev_ws/install/ament_pep257:/home/idgaf/uros_ws/firmware/dev_ws/install/ament_pclint:/home/idgaf/uros_ws/firmware/dev_ws/install/ament_package:/home/idgaf/uros_ws/firmware/dev_ws/install/ament_mypy:/home/idgaf/uros_ws/firmware/dev_ws/install/ament_lint_cmake:/home/idgaf/uros_ws/firmware/dev_ws/install/ament_flake8:/home/idgaf/uros_ws/firmware/dev_ws/install/ament_copyright:/home/idgaf/uros_ws/firmware/dev_ws/install/ament_lint:/home/idgaf/uros_ws/firmware/dev_ws/install/ament_index_python:/home/idgaf/uros_ws/firmware/dev_ws/install/ament_cpplint:/home/idgaf/uros_ws/firmware/dev_ws/install/ament_cppcheck:/home/idgaf/uros_ws/firmware/dev_ws/install/ament_clang_tidy:/home/idgaf/uros_ws/firmware/dev_ws/install/ament_clang_format DEBUGINFOD_URLS=https://debuginfod.ubuntu.com PATH=/home/idgaf/uros_ws/firmware/mcu_ws/install/rosidl_cli/bin:${PATH} PYTHONPATH=/home/idgaf/uros_ws/firmware/mcu_ws/install/rosidl_cli/lib/python3.12/site-packages:${PYTHONPATH} /usr/bin/cmake --install /home/idgaf/uros_ws/firmware/mcu_ws/build/rosidl_adapter
