[0.186s] Invoking command in '/home/idgaf/uros_ws/firmware/mcu_ws/build/rcutils': CMAKE_PREFIX_PATH=${CMAKE_PREFIX_PATH}:/home/idgaf/uros_ws/firmware/dev_ws/install/ament_uncrustify:/home/idgaf/uros_ws/firmware/dev_ws/install/domain_coordinator:/home/idgaf/uros_ws/firmware/dev_ws/install/ament_xmllint:/home/idgaf/uros_ws/firmware/dev_ws/install/ament_pyflakes:/home/idgaf/uros_ws/firmware/dev_ws/install/ament_pycodestyle:/home/idgaf/uros_ws/firmware/dev_ws/install/ament_pep257:/home/idgaf/uros_ws/firmware/dev_ws/install/ament_pclint:/home/idgaf/uros_ws/firmware/dev_ws/install/ament_package:/home/idgaf/uros_ws/firmware/dev_ws/install/ament_mypy:/home/idgaf/uros_ws/firmware/dev_ws/install/ament_lint_cmake:/home/idgaf/uros_ws/firmware/dev_ws/install/ament_flake8:/home/idgaf/uros_ws/firmware/dev_ws/install/ament_copyright:/home/idgaf/uros_ws/firmware/dev_ws/install/ament_lint:/home/idgaf/uros_ws/firmware/dev_ws/install/ament_index_python:/home/idgaf/uros_ws/firmware/dev_ws/install/ament_cpplint:/home/idgaf/uros_ws/firmware/dev_ws/install/ament_cppcheck:/home/idgaf/uros_ws/firmware/dev_ws/install/ament_clang_tidy:/home/idgaf/uros_ws/firmware/dev_ws/install/ament_clang_format DEBUGINFOD_URLS=https://debuginfod.ubuntu.com /usr/bin/cmake /home/idgaf/uros_ws/firmware/mcu_ws/uros/rcutils --no-warn-unused-cli -DCMAKE_POSITION_INDEPENDENT_CODE=OFF -DTHIRDPARTY=ON -DBUILD_SHARED_LIBS=OFF -DBUILD_TESTING=OFF -DCMAKE_BUILD_TYPE=Debug -DCMAKE_TOOLCHAIN_FILE=/home/idgaf/uros_ws/firmware/freertos_apps/microros_nucleo_f446re_extensions/arm_toolchain.cmake -DCMAKE_VERBOSE_MAKEFILE=ON -DENABLE_TESTING=OFF -DRCUTILS_NO_FILESYSTEM=ON -DRCUTILS_AVOID_DYNAMIC_ALLOCATION=ON -DRCUTILS_NO_64_ATOMIC=ON -DCMAKE_INSTALL_PREFIX=/home/idgaf/uros_ws/firmware/mcu_ws/install/rcutils
[0.421s] Not searching for unused variables given on the command line.
[0.421s] -- The C compiler identification is GNU 8.3.1
[0.548s] -- The CXX compiler identification is GNU 8.3.1
[0.562s] -- Detecting C compiler ABI info
[0.655s] -- Detecting C compiler ABI info - done
[0.665s] -- Check for working C compiler: /home/idgaf/uros_ws/firmware/freertos_apps/microros_nucleo_f446re_extensions/../../toolchain/bin/arm-none-eabi-gcc - skipped
[0.665s] -- Detecting C compile features
[0.666s] -- Detecting C compile features - done
[0.677s] -- Detecting CXX compiler ABI info
[0.784s] -- Detecting CXX compiler ABI info - done
[0.795s] -- Check for working CXX compiler: /home/idgaf/uros_ws/firmware/freertos_apps/microros_nucleo_f446re_extensions/../../toolchain/bin/arm-none-eabi-g++ - skipped
[0.795s] -- Detecting CXX compile features
[0.796s] -- Detecting CXX compile features - done
[0.799s] -- Found ament_cmake_python: 2.5.4 (/home/idgaf/uros_ws/firmware/dev_ws/install/ament_cmake_python/share/ament_cmake_python/cmake)
[0.799s] -- Found ament_cmake_ros: 0.12.0 (/home/idgaf/uros_ws/firmware/dev_ws/install/ament_cmake_ros/share/ament_cmake_ros/cmake)
[0.953s] -- Found Python3: /usr/bin/python3 (found version "3.12.3") found components: Interpreter 
[1.420s] -- Configuring done (1.2s)
[1.427s] -- Generating done (0.0s)
[1.429s] -- Build files have been written to: /home/idgaf/uros_ws/firmware/mcu_ws/build/rcutils
[1.435s] Invoked command in '/home/idgaf/uros_ws/firmware/mcu_ws/build/rcutils' returned '0': CMAKE_PREFIX_PATH=${CMAKE_PREFIX_PATH}:/home/idgaf/uros_ws/firmware/dev_ws/install/ament_uncrustify:/home/idgaf/uros_ws/firmware/dev_ws/install/domain_coordinator:/home/idgaf/uros_ws/firmware/dev_ws/install/ament_xmllint:/home/idgaf/uros_ws/firmware/dev_ws/install/ament_pyflakes:/home/idgaf/uros_ws/firmware/dev_ws/install/ament_pycodestyle:/home/idgaf/uros_ws/firmware/dev_ws/install/ament_pep257:/home/idgaf/uros_ws/firmware/dev_ws/install/ament_pclint:/home/idgaf/uros_ws/firmware/dev_ws/install/ament_package:/home/idgaf/uros_ws/firmware/dev_ws/install/ament_mypy:/home/idgaf/uros_ws/firmware/dev_ws/install/ament_lint_cmake:/home/idgaf/uros_ws/firmware/dev_ws/install/ament_flake8:/home/idgaf/uros_ws/firmware/dev_ws/install/ament_copyright:/home/idgaf/uros_ws/firmware/dev_ws/install/ament_lint:/home/idgaf/uros_ws/firmware/dev_ws/install/ament_index_python:/home/idgaf/uros_ws/firmware/dev_ws/install/ament_cpplint:/home/idgaf/uros_ws/firmware/dev_ws/install/ament_cppcheck:/home/idgaf/uros_ws/firmware/dev_ws/install/ament_clang_tidy:/home/idgaf/uros_ws/firmware/dev_ws/install/ament_clang_format DEBUGINFOD_URLS=https://debuginfod.ubuntu.com /usr/bin/cmake /home/idgaf/uros_ws/firmware/mcu_ws/uros/rcutils --no-warn-unused-cli -DCMAKE_POSITION_INDEPENDENT_CODE=OFF -DTHIRDPARTY=ON -DBUILD_SHARED_LIBS=OFF -DBUILD_TESTING=OFF -DCMAKE_BUILD_TYPE=Debug -DCMAKE_TOOLCHAIN_FILE=/home/idgaf/uros_ws/firmware/freertos_apps/microros_nucleo_f446re_extensions/arm_toolchain.cmake -DCMAKE_VERBOSE_MAKEFILE=ON -DENABLE_TESTING=OFF -DRCUTILS_NO_FILESYSTEM=ON -DRCUTILS_AVOID_DYNAMIC_ALLOCATION=ON -DRCUTILS_NO_64_ATOMIC=ON -DCMAKE_INSTALL_PREFIX=/home/idgaf/uros_ws/firmware/mcu_ws/install/rcutils
[1.436s] Invoking command in '/home/idgaf/uros_ws/firmware/mcu_ws/build/rcutils': CMAKE_PREFIX_PATH=${CMAKE_PREFIX_PATH}:/home/idgaf/uros_ws/firmware/dev_ws/install/ament_uncrustify:/home/idgaf/uros_ws/firmware/dev_ws/install/domain_coordinator:/home/idgaf/uros_ws/firmware/dev_ws/install/ament_xmllint:/home/idgaf/uros_ws/firmware/dev_ws/install/ament_pyflakes:/home/idgaf/uros_ws/firmware/dev_ws/install/ament_pycodestyle:/home/idgaf/uros_ws/firmware/dev_ws/install/ament_pep257:/home/idgaf/uros_ws/firmware/dev_ws/install/ament_pclint:/home/idgaf/uros_ws/firmware/dev_ws/install/ament_package:/home/idgaf/uros_ws/firmware/dev_ws/install/ament_mypy:/home/idgaf/uros_ws/firmware/dev_ws/install/ament_lint_cmake:/home/idgaf/uros_ws/firmware/dev_ws/install/ament_flake8:/home/idgaf/uros_ws/firmware/dev_ws/install/ament_copyright:/home/idgaf/uros_ws/firmware/dev_ws/install/ament_lint:/home/idgaf/uros_ws/firmware/dev_ws/install/ament_index_python:/home/idgaf/uros_ws/firmware/dev_ws/install/ament_cpplint:/home/idgaf/uros_ws/firmware/dev_ws/install/ament_cppcheck:/home/idgaf/uros_ws/firmware/dev_ws/install/ament_clang_tidy:/home/idgaf/uros_ws/firmware/dev_ws/install/ament_clang_format DEBUGINFOD_URLS=https://debuginfod.ubuntu.com /usr/bin/cmake --build /home/idgaf/uros_ws/firmware/mcu_ws/build/rcutils -- -j16 -l16
[1.442s] Change Dir: '/home/idgaf/uros_ws/firmware/mcu_ws/build/rcutils'
[1.443s] 
[1.443s] Run Build Command(s): /usr/bin/cmake -E env VERBOSE=1 /usr/bin/gmake -f Makefile -j16 -l16
[1.452s] gmake[1]: Entering directory '/home/idgaf/uros_ws/firmware/mcu_ws/build/rcutils'
[1.452s] /usr/bin/cmake -S/home/idgaf/uros_ws/firmware/mcu_ws/uros/rcutils -B/home/idgaf/uros_ws/firmware/mcu_ws/build/rcutils --check-build-system CMakeFiles/Makefile.cmake 0
[1.464s] /usr/bin/cmake -E cmake_progress_start /home/idgaf/uros_ws/firmware/mcu_ws/build/rcutils/CMakeFiles /home/idgaf/uros_ws/firmware/mcu_ws/build/rcutils//CMakeFiles/progress.marks
[1.474s] /usr/bin/gmake  -f CMakeFiles/Makefile2 all
[1.475s] gmake[2]: Entering directory '/home/idgaf/uros_ws/firmware/mcu_ws/build/rcutils'
[1.476s] /usr/bin/gmake  -f CMakeFiles/ament_cmake_python_copy_rcutils.dir/build.make CMakeFiles/ament_cmake_python_copy_rcutils.dir/depend
[1.476s] /usr/bin/gmake  -f CMakeFiles/rcutils.dir/build.make CMakeFiles/rcutils.dir/depend
[1.476s] gmake[3]: Entering directory '/home/idgaf/uros_ws/firmware/mcu_ws/build/rcutils'
[1.476s] cd /home/idgaf/uros_ws/firmware/mcu_ws/build/rcutils && /usr/bin/cmake -E cmake_depends "Unix Makefiles" /home/idgaf/uros_ws/firmware/mcu_ws/uros/rcutils /home/idgaf/uros_ws/firmware/mcu_ws/uros/rcutils /home/idgaf/uros_ws/firmware/mcu_ws/build/rcutils /home/idgaf/uros_ws/firmware/mcu_ws/build/rcutils /home/idgaf/uros_ws/firmware/mcu_ws/build/rcutils/CMakeFiles/ament_cmake_python_copy_rcutils.dir/DependInfo.cmake "--color="
[1.477s] gmake[3]: Entering directory '/home/idgaf/uros_ws/firmware/mcu_ws/build/rcutils'
[1.484s] gmake[3]: Leaving directory '/home/idgaf/uros_ws/firmware/mcu_ws/build/rcutils'
[1.484s] /usr/bin/gmake  -f CMakeFiles/ament_cmake_python_copy_rcutils.dir/build.make CMakeFiles/ament_cmake_python_copy_rcutils.dir/build
[1.484s] [  3%] [34m[1mExpanding logging_macros.h.em[0m
[1.485s] gmake[3]: Entering directory '/home/idgaf/uros_ws/firmware/mcu_ws/build/rcutils'
[1.485s] /usr/bin/cmake -E copy_directory /home/idgaf/uros_ws/firmware/mcu_ws/uros/rcutils/rcutils /home/idgaf/uros_ws/firmware/mcu_ws/build/rcutils/ament_cmake_python/rcutils/rcutils
[1.485s] /usr/bin/cmake -E make_directory include/rcutils
[1.492s] /usr/bin/python3 -c "import em;em.invoke(   [     '-o', 'include/rcutils/logging_macros.h',     '-D', 'rcutils_module_path=\"/home/idgaf/uros_ws/firmware/mcu_ws/uros/rcutils\"',     '/home/idgaf/uros_ws/firmware/mcu_ws/uros/rcutils/resource/logging_macros.h.em'   ] )"
[1.493s] gmake[3]: Leaving directory '/home/idgaf/uros_ws/firmware/mcu_ws/build/rcutils'
[1.500s] [  3%] Built target ament_cmake_python_copy_rcutils
[1.501s] /usr/bin/gmake  -f CMakeFiles/ament_cmake_python_build_rcutils_egg.dir/build.make CMakeFiles/ament_cmake_python_build_rcutils_egg.dir/depend
[1.503s] gmake[3]: Entering directory '/home/idgaf/uros_ws/firmware/mcu_ws/build/rcutils'
[1.503s] cd /home/idgaf/uros_ws/firmware/mcu_ws/build/rcutils && /usr/bin/cmake -E cmake_depends "Unix Makefiles" /home/idgaf/uros_ws/firmware/mcu_ws/uros/rcutils /home/idgaf/uros_ws/firmware/mcu_ws/uros/rcutils /home/idgaf/uros_ws/firmware/mcu_ws/build/rcutils /home/idgaf/uros_ws/firmware/mcu_ws/build/rcutils /home/idgaf/uros_ws/firmware/mcu_ws/build/rcutils/CMakeFiles/ament_cmake_python_build_rcutils_egg.dir/DependInfo.cmake "--color="
[1.511s] gmake[3]: Leaving directory '/home/idgaf/uros_ws/firmware/mcu_ws/build/rcutils'
[1.512s] /usr/bin/gmake  -f CMakeFiles/ament_cmake_python_build_rcutils_egg.dir/build.make CMakeFiles/ament_cmake_python_build_rcutils_egg.dir/build
[1.513s] gmake[3]: Entering directory '/home/idgaf/uros_ws/firmware/mcu_ws/build/rcutils'
[1.513s] cd /home/idgaf/uros_ws/firmware/mcu_ws/build/rcutils/ament_cmake_python/rcutils && /usr/bin/python3 setup.py egg_info
[1.578s] cd /home/idgaf/uros_ws/firmware/mcu_ws/build/rcutils && /usr/bin/cmake -E cmake_depends "Unix Makefiles" /home/idgaf/uros_ws/firmware/mcu_ws/uros/rcutils /home/idgaf/uros_ws/firmware/mcu_ws/uros/rcutils /home/idgaf/uros_ws/firmware/mcu_ws/build/rcutils /home/idgaf/uros_ws/firmware/mcu_ws/build/rcutils /home/idgaf/uros_ws/firmware/mcu_ws/build/rcutils/CMakeFiles/rcutils.dir/DependInfo.cmake "--color="
[1.589s] gmake[3]: Leaving directory '/home/idgaf/uros_ws/firmware/mcu_ws/build/rcutils'
[1.589s] /usr/bin/gmake  -f CMakeFiles/rcutils.dir/build.make CMakeFiles/rcutils.dir/build
[1.591s] gmake[3]: Entering directory '/home/idgaf/uros_ws/firmware/mcu_ws/build/rcutils'
[1.603s] [  6%] [32mBuilding C object CMakeFiles/rcutils.dir/src/allocator.c.obj[0m
[1.603s] [ 16%] [32mBuilding C object CMakeFiles/rcutils.dir/src/env.c.obj[0m
[1.604s] [ 16%] [32mBuilding C object CMakeFiles/rcutils.dir/src/filesystem.c.obj[0m
[1.604s] [ 20%] [32mBuilding C object CMakeFiles/rcutils.dir/src/error_handling.c.obj[0m
[1.604s] [ 23%] [32mBuilding C object CMakeFiles/rcutils.dir/src/find.c.obj[0m
[1.604s] [ 16%] [32mBuilding C object CMakeFiles/rcutils.dir/src/char_array.c.obj[0m
[1.604s] [ 30%] [32mBuilding C object CMakeFiles/rcutils.dir/src/array_list.c.obj[0m
[1.604s] [ 30%] [32mBuilding C object CMakeFiles/rcutils.dir/src/format_string.c.obj[0m
[1.604s] /home/idgaf/uros_ws/firmware/freertos_apps/microros_nucleo_f446re_extensions/../../toolchain/bin/arm-none-eabi-gcc -DRCUTILS_BUILDING_DLL -DROS_PACKAGE_NAME=\"rcutils\" -I/home/idgaf/uros_ws/firmware/mcu_ws/uros/rcutils/include -I/home/idgaf/uros_ws/firmware/mcu_ws/build/rcutils/include -std=c11 -mcpu=cortex-m4 -mthumb -mfpu=fpv4-sp-d16 -mfloat-abi=hard -DUSE_HAL_DRIVER -DSTM32F446xx -D_TIMEVAL_DEFINE -O0 -Wall -fdata-sections -ffunction-sections  -DCLOCK_MONOTONIC=0 -g -std=gnu11 -Wall -Wextra -Wconversion -Wno-sign-conversion -Wpedantic -MD -MT CMakeFiles/rcutils.dir/src/allocator.c.obj -MF CMakeFiles/rcutils.dir/src/allocator.c.obj.d -o CMakeFiles/rcutils.dir/src/allocator.c.obj -c /home/idgaf/uros_ws/firmware/mcu_ws/uros/rcutils/src/allocator.c
[1.604s] /home/idgaf/uros_ws/firmware/freertos_apps/microros_nucleo_f446re_extensions/../../toolchain/bin/arm-none-eabi-gcc -DRCUTILS_BUILDING_DLL -DROS_PACKAGE_NAME=\"rcutils\" -I/home/idgaf/uros_ws/firmware/mcu_ws/uros/rcutils/include -I/home/idgaf/uros_ws/firmware/mcu_ws/build/rcutils/include -std=c11 -mcpu=cortex-m4 -mthumb -mfpu=fpv4-sp-d16 -mfloat-abi=hard -DUSE_HAL_DRIVER -DSTM32F446xx -D_TIMEVAL_DEFINE -O0 -Wall -fdata-sections -ffunction-sections  -DCLOCK_MONOTONIC=0 -g -std=gnu11 -Wall -Wextra -Wconversion -Wno-sign-conversion -Wpedantic -MD -MT CMakeFiles/rcutils.dir/src/env.c.obj -MF CMakeFiles/rcutils.dir/src/env.c.obj.d -o CMakeFiles/rcutils.dir/src/env.c.obj -c /home/idgaf/uros_ws/firmware/mcu_ws/uros/rcutils/src/env.c
[1.605s] /home/idgaf/uros_ws/firmware/freertos_apps/microros_nucleo_f446re_extensions/../../toolchain/bin/arm-none-eabi-gcc -DRCUTILS_BUILDING_DLL -DROS_PACKAGE_NAME=\"rcutils\" -I/home/idgaf/uros_ws/firmware/mcu_ws/uros/rcutils/include -I/home/idgaf/uros_ws/firmware/mcu_ws/build/rcutils/include -std=c11 -mcpu=cortex-m4 -mthumb -mfpu=fpv4-sp-d16 -mfloat-abi=hard -DUSE_HAL_DRIVER -DSTM32F446xx -D_TIMEVAL_DEFINE -O0 -Wall -fdata-sections -ffunction-sections  -DCLOCK_MONOTONIC=0 -g -std=gnu11 -Wall -Wextra -Wconversion -Wno-sign-conversion -Wpedantic -MD -MT CMakeFiles/rcutils.dir/src/error_handling.c.obj -MF CMakeFiles/rcutils.dir/src/error_handling.c.obj.d -o CMakeFiles/rcutils.dir/src/error_handling.c.obj -c /home/idgaf/uros_ws/firmware/mcu_ws/uros/rcutils/src/error_handling.c
[1.605s] [ 33%] [32mBuilding C object CMakeFiles/rcutils.dir/src/cmdline_parser.c.obj[0m
[1.605s] /home/idgaf/uros_ws/firmware/freertos_apps/microros_nucleo_f446re_extensions/../../toolchain/bin/arm-none-eabi-gcc -DRCUTILS_BUILDING_DLL -DROS_PACKAGE_NAME=\"rcutils\" -I/home/idgaf/uros_ws/firmware/mcu_ws/uros/rcutils/include -I/home/idgaf/uros_ws/firmware/mcu_ws/build/rcutils/include -std=c11 -mcpu=cortex-m4 -mthumb -mfpu=fpv4-sp-d16 -mfloat-abi=hard -DUSE_HAL_DRIVER -DSTM32F446xx -D_TIMEVAL_DEFINE -O0 -Wall -fdata-sections -ffunction-sections  -DCLOCK_MONOTONIC=0 -g -std=gnu11 -Wall -Wextra -Wconversion -Wno-sign-conversion -Wpedantic -MD -MT CMakeFiles/rcutils.dir/src/array_list.c.obj -MF CMakeFiles/rcutils.dir/src/array_list.c.obj.d -o CMakeFiles/rcutils.dir/src/array_list.c.obj -c /home/idgaf/uros_ws/firmware/mcu_ws/uros/rcutils/src/array_list.c
[1.605s] /home/idgaf/uros_ws/firmware/freertos_apps/microros_nucleo_f446re_extensions/../../toolchain/bin/arm-none-eabi-gcc -DRCUTILS_BUILDING_DLL -DROS_PACKAGE_NAME=\"rcutils\" -I/home/idgaf/uros_ws/firmware/mcu_ws/uros/rcutils/include -I/home/idgaf/uros_ws/firmware/mcu_ws/build/rcutils/include -std=c11 -mcpu=cortex-m4 -mthumb -mfpu=fpv4-sp-d16 -mfloat-abi=hard -DUSE_HAL_DRIVER -DSTM32F446xx -D_TIMEVAL_DEFINE -O0 -Wall -fdata-sections -ffunction-sections  -DCLOCK_MONOTONIC=0 -g -std=gnu11 -Wall -Wextra -Wconversion -Wno-sign-conversion -Wpedantic -MD -MT CMakeFiles/rcutils.dir/src/char_array.c.obj -MF CMakeFiles/rcutils.dir/src/char_array.c.obj.d -o CMakeFiles/rcutils.dir/src/char_array.c.obj -c /home/idgaf/uros_ws/firmware/mcu_ws/uros/rcutils/src/char_array.c
[1.606s] /home/idgaf/uros_ws/firmware/freertos_apps/microros_nucleo_f446re_extensions/../../toolchain/bin/arm-none-eabi-gcc -DRCUTILS_BUILDING_DLL -DROS_PACKAGE_NAME=\"rcutils\" -I/home/idgaf/uros_ws/firmware/mcu_ws/uros/rcutils/include -I/home/idgaf/uros_ws/firmware/mcu_ws/build/rcutils/include -std=c11 -mcpu=cortex-m4 -mthumb -mfpu=fpv4-sp-d16 -mfloat-abi=hard -DUSE_HAL_DRIVER -DSTM32F446xx -D_TIMEVAL_DEFINE -O0 -Wall -fdata-sections -ffunction-sections  -DCLOCK_MONOTONIC=0 -g -std=gnu11 -Wall -Wextra -Wconversion -Wno-sign-conversion -Wpedantic -MD -MT CMakeFiles/rcutils.dir/src/filesystem.c.obj -MF CMakeFiles/rcutils.dir/src/filesystem.c.obj.d -o CMakeFiles/rcutils.dir/src/filesystem.c.obj -c /home/idgaf/uros_ws/firmware/mcu_ws/uros/rcutils/src/filesystem.c
[1.607s] [ 36%] [32mBuilding C object CMakeFiles/rcutils.dir/src/hash_map.c.obj[0m
[1.607s] /home/idgaf/uros_ws/firmware/freertos_apps/microros_nucleo_f446re_extensions/../../toolchain/bin/arm-none-eabi-gcc -DRCUTILS_BUILDING_DLL -DROS_PACKAGE_NAME=\"rcutils\" -I/home/idgaf/uros_ws/firmware/mcu_ws/uros/rcutils/include -I/home/idgaf/uros_ws/firmware/mcu_ws/build/rcutils/include -std=c11 -mcpu=cortex-m4 -mthumb -mfpu=fpv4-sp-d16 -mfloat-abi=hard -DUSE_HAL_DRIVER -DSTM32F446xx -D_TIMEVAL_DEFINE -O0 -Wall -fdata-sections -ffunction-sections  -DCLOCK_MONOTONIC=0 -g -std=gnu11 -Wall -Wextra -Wconversion -Wno-sign-conversion -Wpedantic -MD -MT CMakeFiles/rcutils.dir/src/cmdline_parser.c.obj -MF CMakeFiles/rcutils.dir/src/cmdline_parser.c.obj.d -o CMakeFiles/rcutils.dir/src/cmdline_parser.c.obj -c /home/idgaf/uros_ws/firmware/mcu_ws/uros/rcutils/src/cmdline_parser.c
[1.609s] /home/idgaf/uros_ws/firmware/freertos_apps/microros_nucleo_f446re_extensions/../../toolchain/bin/arm-none-eabi-gcc -DRCUTILS_BUILDING_DLL -DROS_PACKAGE_NAME=\"rcutils\" -I/home/idgaf/uros_ws/firmware/mcu_ws/uros/rcutils/include -I/home/idgaf/uros_ws/firmware/mcu_ws/build/rcutils/include -std=c11 -mcpu=cortex-m4 -mthumb -mfpu=fpv4-sp-d16 -mfloat-abi=hard -DUSE_HAL_DRIVER -DSTM32F446xx -D_TIMEVAL_DEFINE -O0 -Wall -fdata-sections -ffunction-sections  -DCLOCK_MONOTONIC=0 -g -std=gnu11 -Wall -Wextra -Wconversion -Wno-sign-conversion -Wpedantic -MD -MT CMakeFiles/rcutils.dir/src/find.c.obj -MF CMakeFiles/rcutils.dir/src/find.c.obj.d -o CMakeFiles/rcutils.dir/src/find.c.obj -c /home/idgaf/uros_ws/firmware/mcu_ws/uros/rcutils/src/find.c
[1.609s] /home/idgaf/uros_ws/firmware/freertos_apps/microros_nucleo_f446re_extensions/../../toolchain/bin/arm-none-eabi-gcc -DRCUTILS_BUILDING_DLL -DROS_PACKAGE_NAME=\"rcutils\" -I/home/idgaf/uros_ws/firmware/mcu_ws/uros/rcutils/include -I/home/idgaf/uros_ws/firmware/mcu_ws/build/rcutils/include -std=c11 -mcpu=cortex-m4 -mthumb -mfpu=fpv4-sp-d16 -mfloat-abi=hard -DUSE_HAL_DRIVER -DSTM32F446xx -D_TIMEVAL_DEFINE -O0 -Wall -fdata-sections -ffunction-sections  -DCLOCK_MONOTONIC=0 -g -std=gnu11 -Wall -Wextra -Wconversion -Wno-sign-conversion -Wpedantic -MD -MT CMakeFiles/rcutils.dir/src/format_string.c.obj -MF CMakeFiles/rcutils.dir/src/format_string.c.obj.d -o CMakeFiles/rcutils.dir/src/format_string.c.obj -c /home/idgaf/uros_ws/firmware/mcu_ws/uros/rcutils/src/format_string.c
[1.614s] [ 40%] [32mBuilding C object CMakeFiles/rcutils.dir/src/logging.c.obj[0m
[1.614s] /home/idgaf/uros_ws/firmware/freertos_apps/microros_nucleo_f446re_extensions/../../toolchain/bin/arm-none-eabi-gcc -DRCUTILS_BUILDING_DLL -DROS_PACKAGE_NAME=\"rcutils\" -I/home/idgaf/uros_ws/firmware/mcu_ws/uros/rcutils/include -I/home/idgaf/uros_ws/firmware/mcu_ws/build/rcutils/include -std=c11 -mcpu=cortex-m4 -mthumb -mfpu=fpv4-sp-d16 -mfloat-abi=hard -DUSE_HAL_DRIVER -DSTM32F446xx -D_TIMEVAL_DEFINE -O0 -Wall -fdata-sections -ffunction-sections  -DCLOCK_MONOTONIC=0 -g -std=gnu11 -Wall -Wextra -Wconversion -Wno-sign-conversion -Wpedantic -MD -MT CMakeFiles/rcutils.dir/src/hash_map.c.obj -MF CMakeFiles/rcutils.dir/src/hash_map.c.obj.d -o CMakeFiles/rcutils.dir/src/hash_map.c.obj -c /home/idgaf/uros_ws/firmware/mcu_ws/uros/rcutils/src/hash_map.c
[1.614s] /home/idgaf/uros_ws/firmware/freertos_apps/microros_nucleo_f446re_extensions/../../toolchain/bin/arm-none-eabi-gcc -DRCUTILS_BUILDING_DLL -DROS_PACKAGE_NAME=\"rcutils\" -I/home/idgaf/uros_ws/firmware/mcu_ws/uros/rcutils/include -I/home/idgaf/uros_ws/firmware/mcu_ws/build/rcutils/include -std=c11 -mcpu=cortex-m4 -mthumb -mfpu=fpv4-sp-d16 -mfloat-abi=hard -DUSE_HAL_DRIVER -DSTM32F446xx -D_TIMEVAL_DEFINE -O0 -Wall -fdata-sections -ffunction-sections  -DCLOCK_MONOTONIC=0 -g -std=gnu11 -Wall -Wextra -Wconversion -Wno-sign-conversion -Wpedantic -MD -MT CMakeFiles/rcutils.dir/src/logging.c.obj -MF CMakeFiles/rcutils.dir/src/logging.c.obj.d -o CMakeFiles/rcutils.dir/src/logging.c.obj -c /home/idgaf/uros_ws/firmware/mcu_ws/uros/rcutils/src/logging.c
[1.614s] [ 43%] [32mBuilding C object CMakeFiles/rcutils.dir/src/process.c.obj[0m
[1.614s] /home/idgaf/uros_ws/firmware/freertos_apps/microros_nucleo_f446re_extensions/../../toolchain/bin/arm-none-eabi-gcc -DRCUTILS_BUILDING_DLL -DROS_PACKAGE_NAME=\"rcutils\" -I/home/idgaf/uros_ws/firmware/mcu_ws/uros/rcutils/include -I/home/idgaf/uros_ws/firmware/mcu_ws/build/rcutils/include -std=c11 -mcpu=cortex-m4 -mthumb -mfpu=fpv4-sp-d16 -mfloat-abi=hard -DUSE_HAL_DRIVER -DSTM32F446xx -D_TIMEVAL_DEFINE -O0 -Wall -fdata-sections -ffunction-sections  -DCLOCK_MONOTONIC=0 -g -std=gnu11 -Wall -Wextra -Wconversion -Wno-sign-conversion -Wpedantic -MD -MT CMakeFiles/rcutils.dir/src/process.c.obj -MF CMakeFiles/rcutils.dir/src/process.c.obj.d -o CMakeFiles/rcutils.dir/src/process.c.obj -c /home/idgaf/uros_ws/firmware/mcu_ws/uros/rcutils/src/process.c
[1.615s] [ 46%] [32mBuilding C object CMakeFiles/rcutils.dir/src/qsort.c.obj[0m
[1.620s] /home/idgaf/uros_ws/firmware/freertos_apps/microros_nucleo_f446re_extensions/../../toolchain/bin/arm-none-eabi-gcc -DRCUTILS_BUILDING_DLL -DROS_PACKAGE_NAME=\"rcutils\" -I/home/idgaf/uros_ws/firmware/mcu_ws/uros/rcutils/include -I/home/idgaf/uros_ws/firmware/mcu_ws/build/rcutils/include -std=c11 -mcpu=cortex-m4 -mthumb -mfpu=fpv4-sp-d16 -mfloat-abi=hard -DUSE_HAL_DRIVER -DSTM32F446xx -D_TIMEVAL_DEFINE -O0 -Wall -fdata-sections -ffunction-sections  -DCLOCK_MONOTONIC=0 -g -std=gnu11 -Wall -Wextra -Wconversion -Wno-sign-conversion -Wpedantic -MD -MT CMakeFiles/rcutils.dir/src/qsort.c.obj -MF CMakeFiles/rcutils.dir/src/qsort.c.obj.d -o CMakeFiles/rcutils.dir/src/qsort.c.obj -c /home/idgaf/uros_ws/firmware/mcu_ws/uros/rcutils/src/qsort.c
[1.626s] [ 50%] [32mBuilding C object CMakeFiles/rcutils.dir/src/sha256.c.obj[0m
[1.628s] [ 53%] [32mBuilding C object CMakeFiles/rcutils.dir/src/repl_str.c.obj[0m
[1.629s] /home/idgaf/uros_ws/firmware/freertos_apps/microros_nucleo_f446re_extensions/../../toolchain/bin/arm-none-eabi-gcc -DRCUTILS_BUILDING_DLL -DROS_PACKAGE_NAME=\"rcutils\" -I/home/idgaf/uros_ws/firmware/mcu_ws/uros/rcutils/include -I/home/idgaf/uros_ws/firmware/mcu_ws/build/rcutils/include -std=c11 -mcpu=cortex-m4 -mthumb -mfpu=fpv4-sp-d16 -mfloat-abi=hard -DUSE_HAL_DRIVER -DSTM32F446xx -D_TIMEVAL_DEFINE -O0 -Wall -fdata-sections -ffunction-sections  -DCLOCK_MONOTONIC=0 -g -std=gnu11 -Wall -Wextra -Wconversion -Wno-sign-conversion -Wpedantic -MD -MT CMakeFiles/rcutils.dir/src/sha256.c.obj -MF CMakeFiles/rcutils.dir/src/sha256.c.obj.d -o CMakeFiles/rcutils.dir/src/sha256.c.obj -c /home/idgaf/uros_ws/firmware/mcu_ws/uros/rcutils/src/sha256.c
[1.629s] /home/idgaf/uros_ws/firmware/freertos_apps/microros_nucleo_f446re_extensions/../../toolchain/bin/arm-none-eabi-gcc -DRCUTILS_BUILDING_DLL -DROS_PACKAGE_NAME=\"rcutils\" -I/home/idgaf/uros_ws/firmware/mcu_ws/uros/rcutils/include -I/home/idgaf/uros_ws/firmware/mcu_ws/build/rcutils/include -std=c11 -mcpu=cortex-m4 -mthumb -mfpu=fpv4-sp-d16 -mfloat-abi=hard -DUSE_HAL_DRIVER -DSTM32F446xx -D_TIMEVAL_DEFINE -O0 -Wall -fdata-sections -ffunction-sections  -DCLOCK_MONOTONIC=0 -g -std=gnu11 -Wall -Wextra -Wconversion -Wno-sign-conversion -Wpedantic -MD -MT CMakeFiles/rcutils.dir/src/repl_str.c.obj -MF CMakeFiles/rcutils.dir/src/repl_str.c.obj.d -o CMakeFiles/rcutils.dir/src/repl_str.c.obj -c /home/idgaf/uros_ws/firmware/mcu_ws/uros/rcutils/src/repl_str.c
[1.693s] In file included from [01m[K/home/idgaf/uros_ws/firmware/mcu_ws/uros/rcutils/src/error_handling.c:35[m[K:
[1.694s] [01m[K/home/idgaf/uros_ws/firmware/mcu_ws/uros/rcutils/src/./error_handling_helpers.h:[m[K In function '[01m[K__rcutils_convert_uint64_t_into_c_str[m[K':
[1.694s] [01m[K/home/idgaf/uros_ws/firmware/mcu_ws/uros/rcutils/src/./error_handling_helpers.h:109:48:[m[K [01;35m[Kwarning: [m[Kunused parameter '[01m[Knumber[m[K' [[01;35m[K-Wunused-parameter[m[K]
[1.694s]  __rcutils_convert_uint64_t_into_c_str([01;35m[Kuint64_t number[m[K, char * buffer, size_t buffer_size)
[1.694s]                                        [01;35m[K~~~~~~~~~^~~~~~[m[K
[1.694s] [01m[K/home/idgaf/uros_ws/firmware/mcu_ws/uros/rcutils/src/./error_handling_helpers.h:109:63:[m[K [01;35m[Kwarning: [m[Kunused parameter '[01m[Kbuffer[m[K' [[01;35m[K-Wunused-parameter[m[K]
[1.694s]  __rcutils_convert_uint64_t_into_c_str(uint64_t number, [01;35m[Kchar * buffer[m[K, size_t buffer_size)
[1.694s]                                                         [01;35m[K~~~~~~~^~~~~~[m[K
[1.695s] [01m[K/home/idgaf/uros_ws/firmware/mcu_ws/uros/rcutils/src/./error_handling_helpers.h:109:78:[m[K [01;35m[Kwarning: [m[Kunused parameter '[01m[Kbuffer_size[m[K' [[01;35m[K-Wunused-parameter[m[K]
[1.695s]  __rcutils_convert_uint64_t_into_c_str(uint64_t number, char * buffer, [01;35m[Ksize_t buffer_size[m[K)
[1.695s]                                                                        [01;35m[K~~~~~~~^~~~~~~~~~~[m[K
[1.695s] [01m[K/home/idgaf/uros_ws/firmware/mcu_ws/uros/rcutils/src/./error_handling_helpers.h:[m[K In function '[01m[K__rcutils_format_error_string[m[K':
[1.695s] [01m[K/home/idgaf/uros_ws/firmware/mcu_ws/uros/rcutils/src/./error_handling_helpers.h:142:28:[m[K [01;35m[Kwarning: [m[Kunused parameter '[01m[Kerror_string[m[K' [[01;35m[K-Wunused-parameter[m[K]
[1.695s]    [01;35m[Krcutils_error_string_t * error_string[m[K,
[1.695s]    [01;35m[K~~~~~~~~~~~~~~~~~~~~~~~~~^~~~~~~~~~~~[m[K
[1.695s] [01m[K/home/idgaf/uros_ws/firmware/mcu_ws/uros/rcutils/src/./error_handling_helpers.h:143:33:[m[K [01;35m[Kwarning: [m[Kunused parameter '[01m[Kerror_state[m[K' [[01;35m[K-Wunused-parameter[m[K]
[1.695s]    [01;35m[Kconst rcutils_error_state_t * error_state[m[K)
[1.695s]    [01;35m[K~~~~~~~~~~~~~~~~~~~~~~~~~~~~~~^~~~~~~~~~~[m[K
[1.696s] [01m[K/home/idgaf/uros_ws/firmware/mcu_ws/uros/rcutils/src/error_handling.c:[m[K In function '[01m[Krcutils_get_error_string[m[K':
[1.696s] [01m[K/home/idgaf/uros_ws/firmware/mcu_ws/uros/rcutils/src/error_handling.c:240:38:[m[K [01;35m[Kwarning: [m[Kinitializer-string for array of chars is too long
[1.696s]      return (rcutils_error_string_t) {[01;35m[K"error not set"[m[K};  // NOLINT(readability/braces)
[1.696s]                                       [01;35m[K^~~~~~~~~~~~~~~[m[K
[1.696s] [01m[K/home/idgaf/uros_ws/firmware/mcu_ws/uros/rcutils/src/error_handling.c:240:38:[m[K [01;36m[Knote: [m[K(near initialization for '[01m[K(anonymous).str[m[K')
[1.697s] [ 56%] [32mBuilding C object CMakeFiles/rcutils.dir/src/shared_library.c.obj[0m
[1.697s] /home/idgaf/uros_ws/firmware/freertos_apps/microros_nucleo_f446re_extensions/../../toolchain/bin/arm-none-eabi-gcc -DRCUTILS_BUILDING_DLL -DROS_PACKAGE_NAME=\"rcutils\" -I/home/idgaf/uros_ws/firmware/mcu_ws/uros/rcutils/include -I/home/idgaf/uros_ws/firmware/mcu_ws/build/rcutils/include -std=c11 -mcpu=cortex-m4 -mthumb -mfpu=fpv4-sp-d16 -mfloat-abi=hard -DUSE_HAL_DRIVER -DSTM32F446xx -D_TIMEVAL_DEFINE -O0 -Wall -fdata-sections -ffunction-sections  -DCLOCK_MONOTONIC=0 -g -std=gnu11 -Wall -Wextra -Wconversion -Wno-sign-conversion -Wpedantic -MD -MT CMakeFiles/rcutils.dir/src/shared_library.c.obj -MF CMakeFiles/rcutils.dir/src/shared_library.c.obj.d -o CMakeFiles/rcutils.dir/src/shared_library.c.obj -c /home/idgaf/uros_ws/firmware/mcu_ws/uros/rcutils/src/shared_library.c
[1.700s] In file included from [01m[K/home/idgaf/uros_ws/firmware/mcu_ws/uros/rcutils/src/error_handling.c:35[m[K:
[1.700s] At top level:
[1.700s] [01m[K/home/idgaf/uros_ws/firmware/mcu_ws/uros/rcutils/src/./error_handling_helpers.h:109:1:[m[K [01;35m[Kwarning: [m[K'[01m[K__rcutils_convert_uint64_t_into_c_str[m[K' defined but not used [[01;35m[K-Wunused-function[m[K]
[1.700s]  [01;35m[K__rcutils_convert_uint64_t_into_c_str[m[K(uint64_t number, char * buffer, size_t buffer_size)
[1.700s]  [01;35m[K^~~~~~~~~~~~~~~~~~~~~~~~~~~~~~~~~~~~~[m[K
[1.700s] [01m[K/home/idgaf/uros_ws/firmware/mcu_ws/uros/rcutils/src/./error_handling_helpers.h:91:1:[m[K [01;35m[Kwarning: [m[K'[01m[K__rcutils_reverse_str[m[K' defined but not used [[01;35m[K-Wunused-function[m[K]
[1.701s]  [01;35m[K__rcutils_reverse_str[m[K(char * string_in, size_t string_len)
[1.701s]  [01;35m[K^~~~~~~~~~~~~~~~~~~~~[m[K
[1.727s] [ 60%] [32mBuilding C object CMakeFiles/rcutils.dir/src/snprintf.c.obj[0m
[1.729s] [ 63%] [32mBuilding C object CMakeFiles/rcutils.dir/src/strcasecmp.c.obj[0m
[1.729s] [ 66%] [32mBuilding C object CMakeFiles/rcutils.dir/src/split.c.obj[0m
[1.730s] /home/idgaf/uros_ws/firmware/freertos_apps/microros_nucleo_f446re_extensions/../../toolchain/bin/arm-none-eabi-gcc -DRCUTILS_BUILDING_DLL -DROS_PACKAGE_NAME=\"rcutils\" -I/home/idgaf/uros_ws/firmware/mcu_ws/uros/rcutils/include -I/home/idgaf/uros_ws/firmware/mcu_ws/build/rcutils/include -std=c11 -mcpu=cortex-m4 -mthumb -mfpu=fpv4-sp-d16 -mfloat-abi=hard -DUSE_HAL_DRIVER -DSTM32F446xx -D_TIMEVAL_DEFINE -O0 -Wall -fdata-sections -ffunction-sections  -DCLOCK_MONOTONIC=0 -g -std=gnu11 -Wall -Wextra -Wconversion -Wno-sign-conversion -Wpedantic -MD -MT CMakeFiles/rcutils.dir/src/strcasecmp.c.obj -MF CMakeFiles/rcutils.dir/src/strcasecmp.c.obj.d -o CMakeFiles/rcutils.dir/src/strcasecmp.c.obj -c /home/idgaf/uros_ws/firmware/mcu_ws/uros/rcutils/src/strcasecmp.c
[1.735s] /home/idgaf/uros_ws/firmware/freertos_apps/microros_nucleo_f446re_extensions/../../toolchain/bin/arm-none-eabi-gcc -DRCUTILS_BUILDING_DLL -DROS_PACKAGE_NAME=\"rcutils\" -I/home/idgaf/uros_ws/firmware/mcu_ws/uros/rcutils/include -I/home/idgaf/uros_ws/firmware/mcu_ws/build/rcutils/include -std=c11 -mcpu=cortex-m4 -mthumb -mfpu=fpv4-sp-d16 -mfloat-abi=hard -DUSE_HAL_DRIVER -DSTM32F446xx -D_TIMEVAL_DEFINE -O0 -Wall -fdata-sections -ffunction-sections  -DCLOCK_MONOTONIC=0 -g -std=gnu11 -Wall -Wextra -Wconversion -Wno-sign-conversion -Wpedantic -MD -MT CMakeFiles/rcutils.dir/src/snprintf.c.obj -MF CMakeFiles/rcutils.dir/src/snprintf.c.obj.d -o CMakeFiles/rcutils.dir/src/snprintf.c.obj -c /home/idgaf/uros_ws/firmware/mcu_ws/uros/rcutils/src/snprintf.c
[1.736s] [ 70%] [32mBuilding C object CMakeFiles/rcutils.dir/src/strdup.c.obj[0m
[1.738s] /home/idgaf/uros_ws/firmware/freertos_apps/microros_nucleo_f446re_extensions/../../toolchain/bin/arm-none-eabi-gcc -DRCUTILS_BUILDING_DLL -DROS_PACKAGE_NAME=\"rcutils\" -I/home/idgaf/uros_ws/firmware/mcu_ws/uros/rcutils/include -I/home/idgaf/uros_ws/firmware/mcu_ws/build/rcutils/include -std=c11 -mcpu=cortex-m4 -mthumb -mfpu=fpv4-sp-d16 -mfloat-abi=hard -DUSE_HAL_DRIVER -DSTM32F446xx -D_TIMEVAL_DEFINE -O0 -Wall -fdata-sections -ffunction-sections  -DCLOCK_MONOTONIC=0 -g -std=gnu11 -Wall -Wextra -Wconversion -Wno-sign-conversion -Wpedantic -MD -MT CMakeFiles/rcutils.dir/src/split.c.obj -MF CMakeFiles/rcutils.dir/src/split.c.obj.d -o CMakeFiles/rcutils.dir/src/split.c.obj -c /home/idgaf/uros_ws/firmware/mcu_ws/uros/rcutils/src/split.c
[1.740s] /home/idgaf/uros_ws/firmware/freertos_apps/microros_nucleo_f446re_extensions/../../toolchain/bin/arm-none-eabi-gcc -DRCUTILS_BUILDING_DLL -DROS_PACKAGE_NAME=\"rcutils\" -I/home/idgaf/uros_ws/firmware/mcu_ws/uros/rcutils/include -I/home/idgaf/uros_ws/firmware/mcu_ws/build/rcutils/include -std=c11 -mcpu=cortex-m4 -mthumb -mfpu=fpv4-sp-d16 -mfloat-abi=hard -DUSE_HAL_DRIVER -DSTM32F446xx -D_TIMEVAL_DEFINE -O0 -Wall -fdata-sections -ffunction-sections  -DCLOCK_MONOTONIC=0 -g -std=gnu11 -Wall -Wextra -Wconversion -Wno-sign-conversion -Wpedantic -MD -MT CMakeFiles/rcutils.dir/src/strdup.c.obj -MF CMakeFiles/rcutils.dir/src/strdup.c.obj.d -o CMakeFiles/rcutils.dir/src/strdup.c.obj -c /home/idgaf/uros_ws/firmware/mcu_ws/uros/rcutils/src/strdup.c
[1.746s] [01m[K/home/idgaf/uros_ws/firmware/mcu_ws/uros/rcutils/src/logging.c:[m[K In function '[01m[Krcutils_get_env_var_zero_or_one[m[K':
[1.747s] [01m[K/home/idgaf/uros_ws/firmware/mcu_ws/uros/rcutils/src/logging.c:154:35:[m[K [01;35m[Kwarning: [m[Kunused parameter '[01m[Kzero_semantic[m[K' [[01;35m[K-Wunused-parameter[m[K]
[1.747s]    const char * name, [01;35m[Kconst char * zero_semantic[m[K,
[1.747s]                       [01;35m[K~~~~~~~~~~~~~^~~~~~~~~~~~~[m[K
[1.747s] [01m[K/home/idgaf/uros_ws/firmware/mcu_ws/uros/rcutils/src/logging.c:155:16:[m[K [01;35m[Kwarning: [m[Kunused parameter '[01m[Kone_semantic[m[K' [[01;35m[K-Wunused-parameter[m[K]
[1.747s]    [01;35m[Kconst char * one_semantic[m[K)
[1.747s]    [01;35m[K~~~~~~~~~~~~~^~~~~~~~~~~~[m[K
[1.754s] [ 73%] [32mBuilding C object CMakeFiles/rcutils.dir/src/string_array.c.obj[0m
[1.755s] [ 76%] [32mBuilding C object CMakeFiles/rcutils.dir/src/testing/fault_injection.c.obj[0m
[1.756s] [ 80%] [32mBuilding C object CMakeFiles/rcutils.dir/src/string_map.c.obj[0m
[1.757s] /home/idgaf/uros_ws/firmware/freertos_apps/microros_nucleo_f446re_extensions/../../toolchain/bin/arm-none-eabi-gcc -DRCUTILS_BUILDING_DLL -DROS_PACKAGE_NAME=\"rcutils\" -I/home/idgaf/uros_ws/firmware/mcu_ws/uros/rcutils/include -I/home/idgaf/uros_ws/firmware/mcu_ws/build/rcutils/include -std=c11 -mcpu=cortex-m4 -mthumb -mfpu=fpv4-sp-d16 -mfloat-abi=hard -DUSE_HAL_DRIVER -DSTM32F446xx -D_TIMEVAL_DEFINE -O0 -Wall -fdata-sections -ffunction-sections  -DCLOCK_MONOTONIC=0 -g -std=gnu11 -Wall -Wextra -Wconversion -Wno-sign-conversion -Wpedantic -MD -MT CMakeFiles/rcutils.dir/src/string_array.c.obj -MF CMakeFiles/rcutils.dir/src/string_array.c.obj.d -o CMakeFiles/rcutils.dir/src/string_array.c.obj -c /home/idgaf/uros_ws/firmware/mcu_ws/uros/rcutils/src/string_array.c
[1.760s] /home/idgaf/uros_ws/firmware/freertos_apps/microros_nucleo_f446re_extensions/../../toolchain/bin/arm-none-eabi-gcc -DRCUTILS_BUILDING_DLL -DROS_PACKAGE_NAME=\"rcutils\" -I/home/idgaf/uros_ws/firmware/mcu_ws/uros/rcutils/include -I/home/idgaf/uros_ws/firmware/mcu_ws/build/rcutils/include -std=c11 -mcpu=cortex-m4 -mthumb -mfpu=fpv4-sp-d16 -mfloat-abi=hard -DUSE_HAL_DRIVER -DSTM32F446xx -D_TIMEVAL_DEFINE -O0 -Wall -fdata-sections -ffunction-sections  -DCLOCK_MONOTONIC=0 -g -std=gnu11 -Wall -Wextra -Wconversion -Wno-sign-conversion -Wpedantic -MD -MT CMakeFiles/rcutils.dir/src/testing/fault_injection.c.obj -MF CMakeFiles/rcutils.dir/src/testing/fault_injection.c.obj.d -o CMakeFiles/rcutils.dir/src/testing/fault_injection.c.obj -c /home/idgaf/uros_ws/firmware/mcu_ws/uros/rcutils/src/testing/fault_injection.c
[1.760s] [ 83%] [32mBuilding C object CMakeFiles/rcutils.dir/src/strerror.c.obj[0m
[1.761s] running egg_info
[1.762s] /home/idgaf/uros_ws/firmware/freertos_apps/microros_nucleo_f446re_extensions/../../toolchain/bin/arm-none-eabi-gcc -DRCUTILS_BUILDING_DLL -DROS_PACKAGE_NAME=\"rcutils\" -I/home/idgaf/uros_ws/firmware/mcu_ws/uros/rcutils/include -I/home/idgaf/uros_ws/firmware/mcu_ws/build/rcutils/include -std=c11 -mcpu=cortex-m4 -mthumb -mfpu=fpv4-sp-d16 -mfloat-abi=hard -DUSE_HAL_DRIVER -DSTM32F446xx -D_TIMEVAL_DEFINE -O0 -Wall -fdata-sections -ffunction-sections  -DCLOCK_MONOTONIC=0 -g -std=gnu11 -Wall -Wextra -Wconversion -Wno-sign-conversion -Wpedantic -MD -MT CMakeFiles/rcutils.dir/src/string_map.c.obj -MF CMakeFiles/rcutils.dir/src/string_map.c.obj.d -o CMakeFiles/rcutils.dir/src/string_map.c.obj -c /home/idgaf/uros_ws/firmware/mcu_ws/uros/rcutils/src/string_map.c
[1.764s] creating rcutils.egg-info
[1.764s] [ 86%] [32mBuilding C object CMakeFiles/rcutils.dir/src/time_unix.c.obj[0m
[1.764s] /home/idgaf/uros_ws/firmware/freertos_apps/microros_nucleo_f446re_extensions/../../toolchain/bin/arm-none-eabi-gcc -DRCUTILS_BUILDING_DLL -DROS_PACKAGE_NAME=\"rcutils\" -I/home/idgaf/uros_ws/firmware/mcu_ws/uros/rcutils/include -I/home/idgaf/uros_ws/firmware/mcu_ws/build/rcutils/include -std=c11 -mcpu=cortex-m4 -mthumb -mfpu=fpv4-sp-d16 -mfloat-abi=hard -DUSE_HAL_DRIVER -DSTM32F446xx -D_TIMEVAL_DEFINE -O0 -Wall -fdata-sections -ffunction-sections  -DCLOCK_MONOTONIC=0 -g -std=gnu11 -Wall -Wextra -Wconversion -Wno-sign-conversion -Wpedantic -MD -MT CMakeFiles/rcutils.dir/src/strerror.c.obj -MF CMakeFiles/rcutils.dir/src/strerror.c.obj.d -o CMakeFiles/rcutils.dir/src/strerror.c.obj -c /home/idgaf/uros_ws/firmware/mcu_ws/uros/rcutils/src/strerror.c
[1.765s] /home/idgaf/uros_ws/firmware/freertos_apps/microros_nucleo_f446re_extensions/../../toolchain/bin/arm-none-eabi-gcc -DRCUTILS_BUILDING_DLL -DROS_PACKAGE_NAME=\"rcutils\" -I/home/idgaf/uros_ws/firmware/mcu_ws/uros/rcutils/include -I/home/idgaf/uros_ws/firmware/mcu_ws/build/rcutils/include -std=c11 -mcpu=cortex-m4 -mthumb -mfpu=fpv4-sp-d16 -mfloat-abi=hard -DUSE_HAL_DRIVER -DSTM32F446xx -D_TIMEVAL_DEFINE -O0 -Wall -fdata-sections -ffunction-sections  -DCLOCK_MONOTONIC=0 -g -std=gnu11 -Wall -Wextra -Wconversion -Wno-sign-conversion -Wpedantic -MD -MT CMakeFiles/rcutils.dir/src/time_unix.c.obj -MF CMakeFiles/rcutils.dir/src/time_unix.c.obj.d -o CMakeFiles/rcutils.dir/src/time_unix.c.obj -c /home/idgaf/uros_ws/firmware/mcu_ws/uros/rcutils/src/time_unix.c
[1.768s] [ 90%] [32mBuilding C object CMakeFiles/rcutils.dir/src/time.c.obj[0m
[1.770s] /home/idgaf/uros_ws/firmware/freertos_apps/microros_nucleo_f446re_extensions/../../toolchain/bin/arm-none-eabi-gcc -DRCUTILS_BUILDING_DLL -DROS_PACKAGE_NAME=\"rcutils\" -I/home/idgaf/uros_ws/firmware/mcu_ws/uros/rcutils/include -I/home/idgaf/uros_ws/firmware/mcu_ws/build/rcutils/include -std=c11 -mcpu=cortex-m4 -mthumb -mfpu=fpv4-sp-d16 -mfloat-abi=hard -DUSE_HAL_DRIVER -DSTM32F446xx -D_TIMEVAL_DEFINE -O0 -Wall -fdata-sections -ffunction-sections  -DCLOCK_MONOTONIC=0 -g -std=gnu11 -Wall -Wextra -Wconversion -Wno-sign-conversion -Wpedantic -MD -MT CMakeFiles/rcutils.dir/src/time.c.obj -MF CMakeFiles/rcutils.dir/src/time.c.obj.d -o CMakeFiles/rcutils.dir/src/time.c.obj -c /home/idgaf/uros_ws/firmware/mcu_ws/uros/rcutils/src/time.c
[1.789s] writing rcutils.egg-info/PKG-INFO
[1.790s] writing dependency_links to rcutils.egg-info/dependency_links.txt
[1.790s] writing top-level names to rcutils.egg-info/top_level.txt
[1.790s] writing manifest file 'rcutils.egg-info/SOURCES.txt'
[1.801s] [ 93%] [32mBuilding C object CMakeFiles/rcutils.dir/src/atomic_64bits.c.obj[0m
[1.801s] [ 96%] [32mBuilding C object CMakeFiles/rcutils.dir/src/uint8_array.c.obj[0m
[1.803s] /home/idgaf/uros_ws/firmware/freertos_apps/microros_nucleo_f446re_extensions/../../toolchain/bin/arm-none-eabi-gcc -DRCUTILS_BUILDING_DLL -DROS_PACKAGE_NAME=\"rcutils\" -I/home/idgaf/uros_ws/firmware/mcu_ws/uros/rcutils/include -I/home/idgaf/uros_ws/firmware/mcu_ws/build/rcutils/include -std=c11 -mcpu=cortex-m4 -mthumb -mfpu=fpv4-sp-d16 -mfloat-abi=hard -DUSE_HAL_DRIVER -DSTM32F446xx -D_TIMEVAL_DEFINE -O0 -Wall -fdata-sections -ffunction-sections  -DCLOCK_MONOTONIC=0 -g -std=gnu11 -Wall -Wextra -Wconversion -Wno-sign-conversion -Wpedantic -MD -MT CMakeFiles/rcutils.dir/src/atomic_64bits.c.obj -MF CMakeFiles/rcutils.dir/src/atomic_64bits.c.obj.d -o CMakeFiles/rcutils.dir/src/atomic_64bits.c.obj -c /home/idgaf/uros_ws/firmware/mcu_ws/uros/rcutils/src/atomic_64bits.c
[1.805s] /home/idgaf/uros_ws/firmware/freertos_apps/microros_nucleo_f446re_extensions/../../toolchain/bin/arm-none-eabi-gcc -DRCUTILS_BUILDING_DLL -DROS_PACKAGE_NAME=\"rcutils\" -I/home/idgaf/uros_ws/firmware/mcu_ws/uros/rcutils/include -I/home/idgaf/uros_ws/firmware/mcu_ws/build/rcutils/include -std=c11 -mcpu=cortex-m4 -mthumb -mfpu=fpv4-sp-d16 -mfloat-abi=hard -DUSE_HAL_DRIVER -DSTM32F446xx -D_TIMEVAL_DEFINE -O0 -Wall -fdata-sections -ffunction-sections  -DCLOCK_MONOTONIC=0 -g -std=gnu11 -Wall -Wextra -Wconversion -Wno-sign-conversion -Wpedantic -MD -MT CMakeFiles/rcutils.dir/src/uint8_array.c.obj -MF CMakeFiles/rcutils.dir/src/uint8_array.c.obj.d -o CMakeFiles/rcutils.dir/src/uint8_array.c.obj -c /home/idgaf/uros_ws/firmware/mcu_ws/uros/rcutils/src/uint8_array.c
[1.862s] [01m[K/home/idgaf/uros_ws/firmware/mcu_ws/uros/rcutils/src/time_unix.c:48:4:[m[K [01;35m[Kwarning: [m[K#warning is a GCC extension
[1.862s]  #  [01;35m[Kwarning[m[K no monotonic clock function available
[1.862s]     [01;35m[K^~~~~~~[m[K
[1.862s] [01m[K/home/idgaf/uros_ws/firmware/mcu_ws/uros/rcutils/src/time_unix.c:48:4:[m[K [01;35m[Kwarning: [m[K#warning no monotonic clock function available [[01;35m[K-Wcpp[m[K]
[1.864s] [01m[K/home/idgaf/uros_ws/firmware/mcu_ws/uros/rcutils/src/time_unix.c:[m[K In function '[01m[Krcutils_system_time_now[m[K':
[1.865s] [01m[K/home/idgaf/uros_ws/firmware/mcu_ws/uros/rcutils/src/time_unix.c:65:7:[m[K [01;35m[Kwarning: [m[Kimplicit declaration of function '[01m[Kclock_gettime[m[K'; did you mean '[01m[Klocaltime[m[K'? [[01;35m[K-Wimplicit-function-declaration[m[K]
[1.865s]    if ([01;35m[Kclock_gettime[m[K(CLOCK_REALTIME, &timespec_now) < 0) {
[1.865s]        [01;35m[K^~~~~~~~~~~~~[m[K
[1.866s]        [32m[Klocaltime[m[K
[1.866s] reading manifest file 'rcutils.egg-info/SOURCES.txt'
[1.866s] writing manifest file 'rcutils.egg-info/SOURCES.txt'
[1.893s] gmake[3]: Leaving directory '/home/idgaf/uros_ws/firmware/mcu_ws/build/rcutils'
[1.902s] [ 96%] Built target ament_cmake_python_build_rcutils_egg
[1.929s] [100%] [32m[1mLinking C static library librcutils.a[0m
[1.930s] /usr/bin/cmake -P CMakeFiles/rcutils.dir/cmake_clean_target.cmake
[1.940s] /usr/bin/cmake -E cmake_link_script CMakeFiles/rcutils.dir/link.txt --verbose=1
[1.945s] /home/idgaf/uros_ws/firmware/toolchain/bin/arm-none-eabi-ar qc librcutils.a CMakeFiles/rcutils.dir/src/allocator.c.obj CMakeFiles/rcutils.dir/src/array_list.c.obj CMakeFiles/rcutils.dir/src/char_array.c.obj CMakeFiles/rcutils.dir/src/cmdline_parser.c.obj CMakeFiles/rcutils.dir/src/env.c.obj CMakeFiles/rcutils.dir/src/error_handling.c.obj CMakeFiles/rcutils.dir/src/filesystem.c.obj CMakeFiles/rcutils.dir/src/find.c.obj CMakeFiles/rcutils.dir/src/format_string.c.obj CMakeFiles/rcutils.dir/src/hash_map.c.obj CMakeFiles/rcutils.dir/src/logging.c.obj CMakeFiles/rcutils.dir/src/process.c.obj CMakeFiles/rcutils.dir/src/qsort.c.obj CMakeFiles/rcutils.dir/src/repl_str.c.obj CMakeFiles/rcutils.dir/src/sha256.c.obj CMakeFiles/rcutils.dir/src/shared_library.c.obj CMakeFiles/rcutils.dir/src/snprintf.c.obj CMakeFiles/rcutils.dir/src/split.c.obj CMakeFiles/rcutils.dir/src/strcasecmp.c.obj CMakeFiles/rcutils.dir/src/strdup.c.obj CMakeFiles/rcutils.dir/src/strerror.c.obj CMakeFiles/rcutils.dir/src/string_array.c.obj CMakeFiles/rcutils.dir/src/string_map.c.obj CMakeFiles/rcutils.dir/src/testing/fault_injection.c.obj CMakeFiles/rcutils.dir/src/time.c.obj CMakeFiles/rcutils.dir/src/time_unix.c.obj CMakeFiles/rcutils.dir/src/uint8_array.c.obj CMakeFiles/rcutils.dir/src/atomic_64bits.c.obj
[1.949s] /home/idgaf/uros_ws/firmware/toolchain/bin/arm-none-eabi-ranlib librcutils.a
[1.954s] gmake[3]: Leaving directory '/home/idgaf/uros_ws/firmware/mcu_ws/build/rcutils'
[1.961s] [100%] Built target rcutils
[1.962s] gmake[2]: Leaving directory '/home/idgaf/uros_ws/firmware/mcu_ws/build/rcutils'
[1.962s] /usr/bin/cmake -E cmake_progress_start /home/idgaf/uros_ws/firmware/mcu_ws/build/rcutils/CMakeFiles 0
[1.971s] gmake[1]: Leaving directory '/home/idgaf/uros_ws/firmware/mcu_ws/build/rcutils'
[1.972s] 
[1.974s] Invoked command in '/home/idgaf/uros_ws/firmware/mcu_ws/build/rcutils' returned '0': CMAKE_PREFIX_PATH=${CMAKE_PREFIX_PATH}:/home/idgaf/uros_ws/firmware/dev_ws/install/ament_uncrustify:/home/idgaf/uros_ws/firmware/dev_ws/install/domain_coordinator:/home/idgaf/uros_ws/firmware/dev_ws/install/ament_xmllint:/home/idgaf/uros_ws/firmware/dev_ws/install/ament_pyflakes:/home/idgaf/uros_ws/firmware/dev_ws/install/ament_pycodestyle:/home/idgaf/uros_ws/firmware/dev_ws/install/ament_pep257:/home/idgaf/uros_ws/firmware/dev_ws/install/ament_pclint:/home/idgaf/uros_ws/firmware/dev_ws/install/ament_package:/home/idgaf/uros_ws/firmware/dev_ws/install/ament_mypy:/home/idgaf/uros_ws/firmware/dev_ws/install/ament_lint_cmake:/home/idgaf/uros_ws/firmware/dev_ws/install/ament_flake8:/home/idgaf/uros_ws/firmware/dev_ws/install/ament_copyright:/home/idgaf/uros_ws/firmware/dev_ws/install/ament_lint:/home/idgaf/uros_ws/firmware/dev_ws/install/ament_index_python:/home/idgaf/uros_ws/firmware/dev_ws/install/ament_cpplint:/home/idgaf/uros_ws/firmware/dev_ws/install/ament_cppcheck:/home/idgaf/uros_ws/firmware/dev_ws/install/ament_clang_tidy:/home/idgaf/uros_ws/firmware/dev_ws/install/ament_clang_format DEBUGINFOD_URLS=https://debuginfod.ubuntu.com /usr/bin/cmake --build /home/idgaf/uros_ws/firmware/mcu_ws/build/rcutils -- -j16 -l16
[1.975s] Invoking command in '/home/idgaf/uros_ws/firmware/mcu_ws/build/rcutils': CMAKE_PREFIX_PATH=${CMAKE_PREFIX_PATH}:/home/idgaf/uros_ws/firmware/dev_ws/install/ament_uncrustify:/home/idgaf/uros_ws/firmware/dev_ws/install/domain_coordinator:/home/idgaf/uros_ws/firmware/dev_ws/install/ament_xmllint:/home/idgaf/uros_ws/firmware/dev_ws/install/ament_pyflakes:/home/idgaf/uros_ws/firmware/dev_ws/install/ament_pycodestyle:/home/idgaf/uros_ws/firmware/dev_ws/install/ament_pep257:/home/idgaf/uros_ws/firmware/dev_ws/install/ament_pclint:/home/idgaf/uros_ws/firmware/dev_ws/install/ament_package:/home/idgaf/uros_ws/firmware/dev_ws/install/ament_mypy:/home/idgaf/uros_ws/firmware/dev_ws/install/ament_lint_cmake:/home/idgaf/uros_ws/firmware/dev_ws/install/ament_flake8:/home/idgaf/uros_ws/firmware/dev_ws/install/ament_copyright:/home/idgaf/uros_ws/firmware/dev_ws/install/ament_lint:/home/idgaf/uros_ws/firmware/dev_ws/install/ament_index_python:/home/idgaf/uros_ws/firmware/dev_ws/install/ament_cpplint:/home/idgaf/uros_ws/firmware/dev_ws/install/ament_cppcheck:/home/idgaf/uros_ws/firmware/dev_ws/install/ament_clang_tidy:/home/idgaf/uros_ws/firmware/dev_ws/install/ament_clang_format DEBUGINFOD_URLS=https://debuginfod.ubuntu.com /usr/bin/cmake --install /home/idgaf/uros_ws/firmware/mcu_ws/build/rcutils
[1.984s] -- Install configuration: "Debug"
[1.984s] -- Installing: /home/idgaf/uros_ws/firmware/mcu_ws/install/rcutils/share/rcutils/environment/pythonpath.sh
[1.985s] -- Installing: /home/idgaf/uros_ws/firmware/mcu_ws/install/rcutils/share/rcutils/environment/pythonpath.dsv
[1.985s] -- Installing: /home/idgaf/uros_ws/firmware/mcu_ws/install/rcutils/lib/python3.12/site-packages/rcutils-6.7.3-py3.12.egg-info
[1.985s] -- Installing: /home/idgaf/uros_ws/firmware/mcu_ws/install/rcutils/lib/python3.12/site-packages/rcutils-6.7.3-py3.12.egg-info/dependency_links.txt
[1.985s] -- Installing: /home/idgaf/uros_ws/firmware/mcu_ws/install/rcutils/lib/python3.12/site-packages/rcutils-6.7.3-py3.12.egg-info/SOURCES.txt
[1.985s] -- Installing: /home/idgaf/uros_ws/firmware/mcu_ws/install/rcutils/lib/python3.12/site-packages/rcutils-6.7.3-py3.12.egg-info/PKG-INFO
[1.985s] -- Installing: /home/idgaf/uros_ws/firmware/mcu_ws/install/rcutils/lib/python3.12/site-packages/rcutils-6.7.3-py3.12.egg-info/top_level.txt
[1.985s] -- Installing: /home/idgaf/uros_ws/firmware/mcu_ws/install/rcutils/lib/python3.12/site-packages/rcutils
[1.985s] -- Installing: /home/idgaf/uros_ws/firmware/mcu_ws/install/rcutils/lib/python3.12/site-packages/rcutils/logging.py
[1.986s] -- Installing: /home/idgaf/uros_ws/firmware/mcu_ws/install/rcutils/lib/python3.12/site-packages/rcutils/__init__.py
[2.104s] Listing '/home/idgaf/uros_ws/firmware/mcu_ws/install/rcutils/lib/python3.12/site-packages/rcutils'...
[2.104s] Compiling '/home/idgaf/uros_ws/firmware/mcu_ws/install/rcutils/lib/python3.12/site-packages/rcutils/__init__.py'...
[2.104s] Compiling '/home/idgaf/uros_ws/firmware/mcu_ws/install/rcutils/lib/python3.12/site-packages/rcutils/logging.py'...
[2.109s] -- Installing: /home/idgaf/uros_ws/firmware/mcu_ws/install/rcutils/lib/librcutils.a
[2.111s] -- Installing: /home/idgaf/uros_ws/firmware/mcu_ws/install/rcutils/share/ament_index/resource_index/package_run_dependencies/rcutils
[2.111s] -- Installing: /home/idgaf/uros_ws/firmware/mcu_ws/install/rcutils/share/ament_index/resource_index/parent_prefix_path/rcutils
[2.112s] -- Installing: /home/idgaf/uros_ws/firmware/mcu_ws/install/rcutils/share/rcutils/environment/ament_prefix_path.sh
[2.112s] -- Installing: /home/idgaf/uros_ws/firmware/mcu_ws/install/rcutils/share/rcutils/environment/ament_prefix_path.dsv
[2.113s] -- Installing: /home/idgaf/uros_ws/firmware/mcu_ws/install/rcutils/share/rcutils/environment/path.sh
[2.113s] -- Installing: /home/idgaf/uros_ws/firmware/mcu_ws/install/rcutils/share/rcutils/environment/path.dsv
[2.113s] -- Installing: /home/idgaf/uros_ws/firmware/mcu_ws/install/rcutils/share/rcutils/local_setup.bash
[2.113s] -- Installing: /home/idgaf/uros_ws/firmware/mcu_ws/install/rcutils/share/rcutils/local_setup.sh
[2.113s] -- Installing: /home/idgaf/uros_ws/firmware/mcu_ws/install/rcutils/share/rcutils/local_setup.zsh
[2.113s] -- Installing: /home/idgaf/uros_ws/firmware/mcu_ws/install/rcutils/share/rcutils/local_setup.dsv
[2.113s] -- Installing: /home/idgaf/uros_ws/firmware/mcu_ws/install/rcutils/share/rcutils/package.dsv
[2.114s] -- Installing: /home/idgaf/uros_ws/firmware/mcu_ws/install/rcutils/share/ament_index/resource_index/packages/rcutils
[2.114s] -- Installing: /home/idgaf/uros_ws/firmware/mcu_ws/install/rcutils/share/rcutils/cmake/rcutilsExport.cmake
[2.114s] -- Installing: /home/idgaf/uros_ws/firmware/mcu_ws/install/rcutils/share/rcutils/cmake/rcutilsExport-debug.cmake
[2.114s] -- Installing: /home/idgaf/uros_ws/firmware/mcu_ws/install/rcutils/share/rcutils/cmake/ament_cmake_export_include_directories-extras.cmake
[2.114s] -- Installing: /home/idgaf/uros_ws/firmware/mcu_ws/install/rcutils/share/rcutils/cmake/ament_cmake_export_targets-extras.cmake
[2.114s] -- Installing: /home/idgaf/uros_ws/firmware/mcu_ws/install/rcutils/share/rcutils/cmake/ament_cmake_export_dependencies-extras.cmake
[2.114s] -- Installing: /home/idgaf/uros_ws/firmware/mcu_ws/install/rcutils/share/rcutils/cmake/rcutilsConfig.cmake
[2.114s] -- Installing: /home/idgaf/uros_ws/firmware/mcu_ws/install/rcutils/share/rcutils/cmake/rcutilsConfig-version.cmake
[2.115s] -- Installing: /home/idgaf/uros_ws/firmware/mcu_ws/install/rcutils/share/rcutils/package.xml
[2.115s] -- Installing: /home/idgaf/uros_ws/firmware/mcu_ws/install/rcutils/include/rcutils
[2.115s] -- Installing: /home/idgaf/uros_ws/firmware/mcu_ws/install/rcutils/include/rcutils/rcutils
[2.115s] -- Installing: /home/idgaf/uros_ws/firmware/mcu_ws/install/rcutils/include/rcutils/rcutils/format_string.h
[2.115s] -- Installing: /home/idgaf/uros_ws/firmware/mcu_ws/install/rcutils/include/rcutils/rcutils/logging.h
[2.115s] -- Installing: /home/idgaf/uros_ws/firmware/mcu_ws/install/rcutils/include/rcutils/rcutils/types
[2.115s] -- Installing: /home/idgaf/uros_ws/firmware/mcu_ws/install/rcutils/include/rcutils/rcutils/types/array_list.h
[2.116s] -- Installing: /home/idgaf/uros_ws/firmware/mcu_ws/install/rcutils/include/rcutils/rcutils/types/string_array.h
[2.116s] -- Installing: /home/idgaf/uros_ws/firmware/mcu_ws/install/rcutils/include/rcutils/rcutils/types/uint8_array.h
[2.116s] -- Installing: /home/idgaf/uros_ws/firmware/mcu_ws/install/rcutils/include/rcutils/rcutils/types/hash_map.h
[2.116s] -- Installing: /home/idgaf/uros_ws/firmware/mcu_ws/install/rcutils/include/rcutils/rcutils/types/string_map.h
[2.116s] -- Installing: /home/idgaf/uros_ws/firmware/mcu_ws/install/rcutils/include/rcutils/rcutils/types/rcutils_ret.h
[2.116s] -- Installing: /home/idgaf/uros_ws/firmware/mcu_ws/install/rcutils/include/rcutils/rcutils/types/char_array.h
[2.117s] -- Installing: /home/idgaf/uros_ws/firmware/mcu_ws/install/rcutils/include/rcutils/rcutils/env.h
[2.117s] -- Installing: /home/idgaf/uros_ws/firmware/mcu_ws/install/rcutils/include/rcutils/rcutils/filesystem.h
[2.117s] -- Installing: /home/idgaf/uros_ws/firmware/mcu_ws/install/rcutils/include/rcutils/rcutils/find.h
[2.117s] -- Installing: /home/idgaf/uros_ws/firmware/mcu_ws/install/rcutils/include/rcutils/rcutils/snprintf.h
[2.117s] -- Installing: /home/idgaf/uros_ws/firmware/mcu_ws/install/rcutils/include/rcutils/rcutils/visibility_control_macros.h
[2.117s] -- Installing: /home/idgaf/uros_ws/firmware/mcu_ws/install/rcutils/include/rcutils/rcutils/isalnum_no_locale.h
[2.118s] -- Installing: /home/idgaf/uros_ws/firmware/mcu_ws/install/rcutils/include/rcutils/rcutils/repl_str.h
[2.118s] -- Installing: /home/idgaf/uros_ws/firmware/mcu_ws/install/rcutils/include/rcutils/rcutils/visibility_control.h
[2.119s] -- Installing: /home/idgaf/uros_ws/firmware/mcu_ws/install/rcutils/include/rcutils/rcutils/strerror.h
[2.119s] -- Installing: /home/idgaf/uros_ws/firmware/mcu_ws/install/rcutils/include/rcutils/rcutils/error_handling.h
[2.119s] -- Installing: /home/idgaf/uros_ws/firmware/mcu_ws/install/rcutils/include/rcutils/rcutils/strcasecmp.h
[2.119s] -- Installing: /home/idgaf/uros_ws/firmware/mcu_ws/install/rcutils/include/rcutils/rcutils/qsort.h
[2.119s] -- Installing: /home/idgaf/uros_ws/firmware/mcu_ws/install/rcutils/include/rcutils/rcutils/time.h
[2.119s] -- Installing: /home/idgaf/uros_ws/firmware/mcu_ws/install/rcutils/include/rcutils/rcutils/stdatomic_helper
[2.119s] -- Installing: /home/idgaf/uros_ws/firmware/mcu_ws/install/rcutils/include/rcutils/rcutils/stdatomic_helper/win32
[2.122s] -- Installing: /home/idgaf/uros_ws/firmware/mcu_ws/install/rcutils/include/rcutils/rcutils/stdatomic_helper/win32/stdatomic.h
[2.122s] -- Installing: /home/idgaf/uros_ws/firmware/mcu_ws/install/rcutils/include/rcutils/rcutils/stdatomic_helper/gcc
[2.122s] -- Installing: /home/idgaf/uros_ws/firmware/mcu_ws/install/rcutils/include/rcutils/rcutils/stdatomic_helper/gcc/stdatomic.h
[2.122s] -- Installing: /home/idgaf/uros_ws/firmware/mcu_ws/install/rcutils/include/rcutils/rcutils/split.h
[2.122s] -- Installing: /home/idgaf/uros_ws/firmware/mcu_ws/install/rcutils/include/rcutils/rcutils/types.h
[2.123s] -- Installing: /home/idgaf/uros_ws/firmware/mcu_ws/install/rcutils/include/rcutils/rcutils/process.h
[2.123s] -- Installing: /home/idgaf/uros_ws/firmware/mcu_ws/install/rcutils/include/rcutils/rcutils/allocator.h
[2.123s] -- Installing: /home/idgaf/uros_ws/firmware/mcu_ws/install/rcutils/include/rcutils/rcutils/testing
[2.123s] -- Installing: /home/idgaf/uros_ws/firmware/mcu_ws/install/rcutils/include/rcutils/rcutils/testing/fault_injection.h
[2.123s] -- Installing: /home/idgaf/uros_ws/firmware/mcu_ws/install/rcutils/include/rcutils/rcutils/sha256.h
[2.123s] -- Installing: /home/idgaf/uros_ws/firmware/mcu_ws/install/rcutils/include/rcutils/rcutils/strdup.h
[2.123s] -- Installing: /home/idgaf/uros_ws/firmware/mcu_ws/install/rcutils/include/rcutils/rcutils/macros.h
[2.123s] -- Installing: /home/idgaf/uros_ws/firmware/mcu_ws/install/rcutils/include/rcutils/rcutils/configuration_flags.h.in
[2.124s] -- Installing: /home/idgaf/uros_ws/firmware/mcu_ws/install/rcutils/include/rcutils/rcutils/cmdline_parser.h
[2.124s] -- Installing: /home/idgaf/uros_ws/firmware/mcu_ws/install/rcutils/include/rcutils/rcutils/stdatomic_helper.h
[2.124s] -- Installing: /home/idgaf/uros_ws/firmware/mcu_ws/install/rcutils/include/rcutils/rcutils/shared_library.h
[2.124s] -- Up-to-date: /home/idgaf/uros_ws/firmware/mcu_ws/install/rcutils/include/rcutils
[2.124s] -- Up-to-date: /home/idgaf/uros_ws/firmware/mcu_ws/install/rcutils/include/rcutils/rcutils
[2.124s] -- Installing: /home/idgaf/uros_ws/firmware/mcu_ws/install/rcutils/include/rcutils/rcutils/configuration_flags.h
[2.124s] -- Installing: /home/idgaf/uros_ws/firmware/mcu_ws/install/rcutils/include/rcutils/rcutils/logging_macros.h
[2.480s] Invoked command in '/home/idgaf/uros_ws/firmware/mcu_ws/build/rcutils' returned '0': CMAKE_PREFIX_PATH=${CMAKE_PREFIX_PATH}:/home/idgaf/uros_ws/firmware/dev_ws/install/ament_uncrustify:/home/idgaf/uros_ws/firmware/dev_ws/install/domain_coordinator:/home/idgaf/uros_ws/firmware/dev_ws/install/ament_xmllint:/home/idgaf/uros_ws/firmware/dev_ws/install/ament_pyflakes:/home/idgaf/uros_ws/firmware/dev_ws/install/ament_pycodestyle:/home/idgaf/uros_ws/firmware/dev_ws/install/ament_pep257:/home/idgaf/uros_ws/firmware/dev_ws/install/ament_pclint:/home/idgaf/uros_ws/firmware/dev_ws/install/ament_package:/home/idgaf/uros_ws/firmware/dev_ws/install/ament_mypy:/home/idgaf/uros_ws/firmware/dev_ws/install/ament_lint_cmake:/home/idgaf/uros_ws/firmware/dev_ws/install/ament_flake8:/home/idgaf/uros_ws/firmware/dev_ws/install/ament_copyright:/home/idgaf/uros_ws/firmware/dev_ws/install/ament_lint:/home/idgaf/uros_ws/firmware/dev_ws/install/ament_index_python:/home/idgaf/uros_ws/firmware/dev_ws/install/ament_cpplint:/home/idgaf/uros_ws/firmware/dev_ws/install/ament_cppcheck:/home/idgaf/uros_ws/firmware/dev_ws/install/ament_clang_tidy:/home/idgaf/uros_ws/firmware/dev_ws/install/ament_clang_format DEBUGINFOD_URLS=https://debuginfod.ubuntu.com /usr/bin/cmake --install /home/idgaf/uros_ws/firmware/mcu_ws/build/rcutils
