Not searching for unused variables given on the command line.
-- The C compiler identification is GNU 8.3.1
-- The CXX compiler identification is GNU 8.3.1
-- Detecting C compiler ABI info
-- Detecting C compiler ABI info - done
-- Check for working C compiler: /home/idgaf/uros_ws/firmware/freertos_apps/microros_nucleo_f446re_extensions/../../toolchain/bin/arm-none-eabi-gcc - skipped
-- Detecting C compile features
-- Detecting C compile features - done
-- Detecting CXX compiler ABI info
-- Detecting CXX compiler ABI info - done
-- Check for working CXX compiler: /home/idgaf/uros_ws/firmware/freertos_apps/microros_nucleo_f446re_extensions/../../toolchain/bin/arm-none-eabi-g++ - skipped
-- Detecting CXX compile features
-- Detecting CXX compile features - done
-- Found ament_cmake: 2.5.4 (/home/idgaf/uros_ws/firmware/dev_ws/install/ament_cmake/share/ament_cmake/cmake)
-- Found Python3: /usr/bin/python3 (found version "3.12.3") found components: Interpreter 
-- Found builtin_interfaces: 2.0.3 (/home/idgaf/uros_ws/firmware/mcu_ws/install/builtin_interfaces/share/builtin_interfaces/cmake)
-- Using all available rosidl_typesupport_c: rosidl_typesupport_microxrcedds_c;rosidl_typesupport_introspection_c
-- Found rosidl_adapter: 4.6.6 (/home/idgaf/uros_ws/firmware/mcu_ws/install/rosidl_adapter/share/rosidl_adapter/cmake)
-- Found rosidl_default_generators: 1.6.0 (/home/idgaf/uros_ws/firmware/mcu_ws/install/rosidl_default_generators/share/rosidl_default_generators/cmake)
-- Found ament_cmake_ros: 0.12.0 (/home/idgaf/uros_ws/firmware/dev_ws/install/ament_cmake_ros/share/ament_cmake_ros/cmake)
-- Using all available rosidl_typesupport_c: rosidl_typesupport_microxrcedds_c;rosidl_typesupport_introspection_c
-- Configuring done (2.2s)
-- Generating done (0.0s)
-- Build files have been written to: /home/idgaf/uros_ws/firmware/mcu_ws/build/rosgraph_msgs
Change Dir: '/home/idgaf/uros_ws/firmware/mcu_ws/build/rosgraph_msgs'

Run Build Command(s): /usr/bin/cmake -E env VERBOSE=1 /usr/bin/gmake -f Makefile -j16 -l16
gmake[1]: Entering directory '/home/idgaf/uros_ws/firmware/mcu_ws/build/rosgraph_msgs'
/usr/bin/cmake -S/home/idgaf/uros_ws/firmware/mcu_ws/ros2/rcl_interfaces/rosgraph_msgs -B/home/idgaf/uros_ws/firmware/mcu_ws/build/rosgraph_msgs --check-build-system CMakeFiles/Makefile.cmake 0
/usr/bin/cmake -E cmake_progress_start /home/idgaf/uros_ws/firmware/mcu_ws/build/rosgraph_msgs/CMakeFiles /home/idgaf/uros_ws/firmware/mcu_ws/build/rosgraph_msgs//CMakeFiles/progress.marks
/usr/bin/gmake  -f CMakeFiles/Makefile2 all
gmake[2]: Entering directory '/home/idgaf/uros_ws/firmware/mcu_ws/build/rosgraph_msgs'
/usr/bin/gmake  -f CMakeFiles/rosgraph_msgs__rosidl_generator_type_description.dir/build.make CMakeFiles/rosgraph_msgs__rosidl_generator_type_description.dir/depend
gmake[3]: Entering directory '/home/idgaf/uros_ws/firmware/mcu_ws/build/rosgraph_msgs'
cd /home/idgaf/uros_ws/firmware/mcu_ws/build/rosgraph_msgs && /usr/bin/cmake -E cmake_depends "Unix Makefiles" /home/idgaf/uros_ws/firmware/mcu_ws/ros2/rcl_interfaces/rosgraph_msgs /home/idgaf/uros_ws/firmware/mcu_ws/ros2/rcl_interfaces/rosgraph_msgs /home/idgaf/uros_ws/firmware/mcu_ws/build/rosgraph_msgs /home/idgaf/uros_ws/firmware/mcu_ws/build/rosgraph_msgs /home/idgaf/uros_ws/firmware/mcu_ws/build/rosgraph_msgs/CMakeFiles/rosgraph_msgs__rosidl_generator_type_description.dir/DependInfo.cmake "--color="
gmake[3]: Leaving directory '/home/idgaf/uros_ws/firmware/mcu_ws/build/rosgraph_msgs'
/usr/bin/gmake  -f CMakeFiles/rosgraph_msgs__rosidl_generator_type_description.dir/build.make CMakeFiles/rosgraph_msgs__rosidl_generator_type_description.dir/build
gmake[3]: Entering directory '/home/idgaf/uros_ws/firmware/mcu_ws/build/rosgraph_msgs'
[  6%] [34m[1mGenerating type hashes for ROS interfaces[0m
/usr/bin/python3 /home/idgaf/uros_ws/firmware/mcu_ws/install/rosidl_generator_type_description/lib/rosidl_generator_type_description/rosidl_generator_type_description --generator-arguments-file /home/idgaf/uros_ws/firmware/mcu_ws/build/rosgraph_msgs/rosidl_generator_type_description__arguments.json
gmake[3]: Leaving directory '/home/idgaf/uros_ws/firmware/mcu_ws/build/rosgraph_msgs'
[  6%] Built target rosgraph_msgs__rosidl_generator_type_description
/usr/bin/gmake  -f CMakeFiles/rosgraph_msgs__rosidl_generator_c.dir/build.make CMakeFiles/rosgraph_msgs__rosidl_generator_c.dir/depend
gmake[3]: Entering directory '/home/idgaf/uros_ws/firmware/mcu_ws/build/rosgraph_msgs'
[ 13%] [34m[1mGenerating C code for ROS interfaces[0m
/usr/bin/python3 /home/idgaf/uros_ws/firmware/mcu_ws/install/rosidl_generator_c/share/rosidl_generator_c/cmake/../../../lib/rosidl_generator_c/rosidl_generator_c --generator-arguments-file /home/idgaf/uros_ws/firmware/mcu_ws/build/rosgraph_msgs/rosidl_generator_c__arguments.json
cd /home/idgaf/uros_ws/firmware/mcu_ws/build/rosgraph_msgs && /usr/bin/cmake -E cmake_depends "Unix Makefiles" /home/idgaf/uros_ws/firmware/mcu_ws/ros2/rcl_interfaces/rosgraph_msgs /home/idgaf/uros_ws/firmware/mcu_ws/ros2/rcl_interfaces/rosgraph_msgs /home/idgaf/uros_ws/firmware/mcu_ws/build/rosgraph_msgs /home/idgaf/uros_ws/firmware/mcu_ws/build/rosgraph_msgs /home/idgaf/uros_ws/firmware/mcu_ws/build/rosgraph_msgs/CMakeFiles/rosgraph_msgs__rosidl_generator_c.dir/DependInfo.cmake "--color="
gmake[3]: Leaving directory '/home/idgaf/uros_ws/firmware/mcu_ws/build/rosgraph_msgs'
/usr/bin/gmake  -f CMakeFiles/rosgraph_msgs__rosidl_generator_c.dir/build.make CMakeFiles/rosgraph_msgs__rosidl_generator_c.dir/build
gmake[3]: Entering directory '/home/idgaf/uros_ws/firmware/mcu_ws/build/rosgraph_msgs'
[ 20%] [32mBuilding C object CMakeFiles/rosgraph_msgs__rosidl_generator_c.dir/rosidl_generator_c/rosgraph_msgs/msg/detail/clock__description.c.obj[0m
/home/idgaf/uros_ws/firmware/freertos_apps/microros_nucleo_f446re_extensions/../../toolchain/bin/arm-none-eabi-gcc -DROS_PACKAGE_NAME=\"rosgraph_msgs\" -I/home/idgaf/uros_ws/firmware/mcu_ws/build/rosgraph_msgs/rosidl_generator_c -isystem /home/idgaf/uros_ws/firmware/mcu_ws/install/builtin_interfaces/include/builtin_interfaces -isystem /home/idgaf/uros_ws/firmware/mcu_ws/install/rosidl_runtime_c/include/rosidl_runtime_c -isystem /home/idgaf/uros_ws/firmware/mcu_ws/install/rcutils/include/rcutils -isystem /home/idgaf/uros_ws/firmware/mcu_ws/install/rosidl_typesupport_interface/include/rosidl_typesupport_interface -std=c11 -mcpu=cortex-m4 -mthumb -mfpu=fpv4-sp-d16 -mfloat-abi=hard -DUSE_HAL_DRIVER -DSTM32F446xx -D_TIMEVAL_DEFINE -O0 -Wall -fdata-sections -ffunction-sections  -DCLOCK_MONOTONIC=0 -g -std=gnu11 -Wall -MD -MT CMakeFiles/rosgraph_msgs__rosidl_generator_c.dir/rosidl_generator_c/rosgraph_msgs/msg/detail/clock__description.c.obj -MF CMakeFiles/rosgraph_msgs__rosidl_generator_c.dir/rosidl_generator_c/rosgraph_msgs/msg/detail/clock__description.c.obj.d -o CMakeFiles/rosgraph_msgs__rosidl_generator_c.dir/rosidl_generator_c/rosgraph_msgs/msg/detail/clock__description.c.obj -c /home/idgaf/uros_ws/firmware/mcu_ws/build/rosgraph_msgs/rosidl_generator_c/rosgraph_msgs/msg/detail/clock__description.c
[ 26%] [32mBuilding C object CMakeFiles/rosgraph_msgs__rosidl_generator_c.dir/rosidl_generator_c/rosgraph_msgs/msg/detail/clock__functions.c.obj[0m
[ 33%] [32mBuilding C object CMakeFiles/rosgraph_msgs__rosidl_generator_c.dir/rosidl_generator_c/rosgraph_msgs/msg/detail/clock__type_support.c.obj[0m
/home/idgaf/uros_ws/firmware/freertos_apps/microros_nucleo_f446re_extensions/../../toolchain/bin/arm-none-eabi-gcc -DROS_PACKAGE_NAME=\"rosgraph_msgs\" -I/home/idgaf/uros_ws/firmware/mcu_ws/build/rosgraph_msgs/rosidl_generator_c -isystem /home/idgaf/uros_ws/firmware/mcu_ws/install/builtin_interfaces/include/builtin_interfaces -isystem /home/idgaf/uros_ws/firmware/mcu_ws/install/rosidl_runtime_c/include/rosidl_runtime_c -isystem /home/idgaf/uros_ws/firmware/mcu_ws/install/rcutils/include/rcutils -isystem /home/idgaf/uros_ws/firmware/mcu_ws/install/rosidl_typesupport_interface/include/rosidl_typesupport_interface -std=c11 -mcpu=cortex-m4 -mthumb -mfpu=fpv4-sp-d16 -mfloat-abi=hard -DUSE_HAL_DRIVER -DSTM32F446xx -D_TIMEVAL_DEFINE -O0 -Wall -fdata-sections -ffunction-sections  -DCLOCK_MONOTONIC=0 -g -std=gnu11 -Wall -MD -MT CMakeFiles/rosgraph_msgs__rosidl_generator_c.dir/rosidl_generator_c/rosgraph_msgs/msg/detail/clock__functions.c.obj -MF CMakeFiles/rosgraph_msgs__rosidl_generator_c.dir/rosidl_generator_c/rosgraph_msgs/msg/detail/clock__functions.c.obj.d -o CMakeFiles/rosgraph_msgs__rosidl_generator_c.dir/rosidl_generator_c/rosgraph_msgs/msg/detail/clock__functions.c.obj -c /home/idgaf/uros_ws/firmware/mcu_ws/build/rosgraph_msgs/rosidl_generator_c/rosgraph_msgs/msg/detail/clock__functions.c
/home/idgaf/uros_ws/firmware/freertos_apps/microros_nucleo_f446re_extensions/../../toolchain/bin/arm-none-eabi-gcc -DROS_PACKAGE_NAME=\"rosgraph_msgs\" -I/home/idgaf/uros_ws/firmware/mcu_ws/build/rosgraph_msgs/rosidl_generator_c -isystem /home/idgaf/uros_ws/firmware/mcu_ws/install/builtin_interfaces/include/builtin_interfaces -isystem /home/idgaf/uros_ws/firmware/mcu_ws/install/rosidl_runtime_c/include/rosidl_runtime_c -isystem /home/idgaf/uros_ws/firmware/mcu_ws/install/rcutils/include/rcutils -isystem /home/idgaf/uros_ws/firmware/mcu_ws/install/rosidl_typesupport_interface/include/rosidl_typesupport_interface -std=c11 -mcpu=cortex-m4 -mthumb -mfpu=fpv4-sp-d16 -mfloat-abi=hard -DUSE_HAL_DRIVER -DSTM32F446xx -D_TIMEVAL_DEFINE -O0 -Wall -fdata-sections -ffunction-sections  -DCLOCK_MONOTONIC=0 -g -std=gnu11 -Wall -MD -MT CMakeFiles/rosgraph_msgs__rosidl_generator_c.dir/rosidl_generator_c/rosgraph_msgs/msg/detail/clock__type_support.c.obj -MF CMakeFiles/rosgraph_msgs__rosidl_generator_c.dir/rosidl_generator_c/rosgraph_msgs/msg/detail/clock__type_support.c.obj.d -o CMakeFiles/rosgraph_msgs__rosidl_generator_c.dir/rosidl_generator_c/rosgraph_msgs/msg/detail/clock__type_support.c.obj -c /home/idgaf/uros_ws/firmware/mcu_ws/build/rosgraph_msgs/rosidl_generator_c/rosgraph_msgs/msg/detail/clock__type_support.c
[ 40%] [32m[1mLinking C static library librosgraph_msgs__rosidl_generator_c.a[0m
/usr/bin/cmake -P CMakeFiles/rosgraph_msgs__rosidl_generator_c.dir/cmake_clean_target.cmake
/usr/bin/cmake -E cmake_link_script CMakeFiles/rosgraph_msgs__rosidl_generator_c.dir/link.txt --verbose=1
/home/idgaf/uros_ws/firmware/toolchain/bin/arm-none-eabi-ar qc librosgraph_msgs__rosidl_generator_c.a CMakeFiles/rosgraph_msgs__rosidl_generator_c.dir/rosidl_generator_c/rosgraph_msgs/msg/detail/clock__description.c.obj CMakeFiles/rosgraph_msgs__rosidl_generator_c.dir/rosidl_generator_c/rosgraph_msgs/msg/detail/clock__functions.c.obj CMakeFiles/rosgraph_msgs__rosidl_generator_c.dir/rosidl_generator_c/rosgraph_msgs/msg/detail/clock__type_support.c.obj
/home/idgaf/uros_ws/firmware/toolchain/bin/arm-none-eabi-ranlib librosgraph_msgs__rosidl_generator_c.a
gmake[3]: Leaving directory '/home/idgaf/uros_ws/firmware/mcu_ws/build/rosgraph_msgs'
[ 40%] Built target rosgraph_msgs__rosidl_generator_c
/usr/bin/gmake  -f CMakeFiles/rosgraph_msgs__rosidl_typesupport_c.dir/build.make CMakeFiles/rosgraph_msgs__rosidl_typesupport_c.dir/depend
/usr/bin/gmake  -f CMakeFiles/rosgraph_msgs__rosidl_typesupport_microxrcedds_c.dir/build.make CMakeFiles/rosgraph_msgs__rosidl_typesupport_microxrcedds_c.dir/depend
/usr/bin/gmake  -f CMakeFiles/rosgraph_msgs__rosidl_typesupport_introspection_c.dir/build.make CMakeFiles/rosgraph_msgs__rosidl_typesupport_introspection_c.dir/depend
gmake[3]: Entering directory '/home/idgaf/uros_ws/firmware/mcu_ws/build/rosgraph_msgs'
gmake[3]: Entering directory '/home/idgaf/uros_ws/firmware/mcu_ws/build/rosgraph_msgs'
gmake[3]: Entering directory '/home/idgaf/uros_ws/firmware/mcu_ws/build/rosgraph_msgs'
[ 46%] [34m[1mGenerating C type support dispatch for ROS interfaces[0m
[ 53%] [34m[1mGenerating C introspection for ROS interfaces[0m
/usr/bin/python3 /home/idgaf/uros_ws/firmware/mcu_ws/install/rosidl_typesupport_c/lib/rosidl_typesupport_c/rosidl_typesupport_c --generator-arguments-file /home/idgaf/uros_ws/firmware/mcu_ws/build/rosgraph_msgs/rosidl_typesupport_c__arguments.json --typesupports rosidl_typesupport_microxrcedds_c rosidl_typesupport_introspection_c
/usr/bin/python3 /home/idgaf/uros_ws/firmware/mcu_ws/install/rosidl_typesupport_introspection_c/lib/rosidl_typesupport_introspection_c/rosidl_typesupport_introspection_c --generator-arguments-file /home/idgaf/uros_ws/firmware/mcu_ws/build/rosgraph_msgs/rosidl_typesupport_introspection_c__arguments.json
[ 60%] [34m[1mGenerating C type support for eProsima Micro XRCE-DDS[0m
/usr/bin/python3 /home/idgaf/uros_ws/firmware/mcu_ws/install/rosidl_typesupport_microxrcedds_c/lib/rosidl_typesupport_microxrcedds_c/rosidl_typesupport_microxrcedds_c --generator-arguments-file /home/idgaf/uros_ws/firmware/mcu_ws/build/rosgraph_msgs/rosidl_typesupport_microxrcedds_c__arguments.json
cd /home/idgaf/uros_ws/firmware/mcu_ws/build/rosgraph_msgs && /usr/bin/cmake -E cmake_depends "Unix Makefiles" /home/idgaf/uros_ws/firmware/mcu_ws/ros2/rcl_interfaces/rosgraph_msgs /home/idgaf/uros_ws/firmware/mcu_ws/ros2/rcl_interfaces/rosgraph_msgs /home/idgaf/uros_ws/firmware/mcu_ws/build/rosgraph_msgs /home/idgaf/uros_ws/firmware/mcu_ws/build/rosgraph_msgs /home/idgaf/uros_ws/firmware/mcu_ws/build/rosgraph_msgs/CMakeFiles/rosgraph_msgs__rosidl_typesupport_c.dir/DependInfo.cmake "--color="
gmake[3]: Leaving directory '/home/idgaf/uros_ws/firmware/mcu_ws/build/rosgraph_msgs'
/usr/bin/gmake  -f CMakeFiles/rosgraph_msgs__rosidl_typesupport_c.dir/build.make CMakeFiles/rosgraph_msgs__rosidl_typesupport_c.dir/build
gmake[3]: Entering directory '/home/idgaf/uros_ws/firmware/mcu_ws/build/rosgraph_msgs'
cd /home/idgaf/uros_ws/firmware/mcu_ws/build/rosgraph_msgs && /usr/bin/cmake -E cmake_depends "Unix Makefiles" /home/idgaf/uros_ws/firmware/mcu_ws/ros2/rcl_interfaces/rosgraph_msgs /home/idgaf/uros_ws/firmware/mcu_ws/ros2/rcl_interfaces/rosgraph_msgs /home/idgaf/uros_ws/firmware/mcu_ws/build/rosgraph_msgs /home/idgaf/uros_ws/firmware/mcu_ws/build/rosgraph_msgs /home/idgaf/uros_ws/firmware/mcu_ws/build/rosgraph_msgs/CMakeFiles/rosgraph_msgs__rosidl_typesupport_microxrcedds_c.dir/DependInfo.cmake "--color="
[ 66%] [32mBuilding CXX object CMakeFiles/rosgraph_msgs__rosidl_typesupport_c.dir/rosidl_typesupport_c/rosgraph_msgs/msg/clock__type_support.cpp.obj[0m
/home/idgaf/uros_ws/firmware/freertos_apps/microros_nucleo_f446re_extensions/../../toolchain/bin/arm-none-eabi-g++ -DROSIDL_TYPESUPPORT_STATIC_TYPESUPPORT -DROS_PACKAGE_NAME=\"rosgraph_msgs\" -I/home/idgaf/uros_ws/firmware/mcu_ws/build/rosgraph_msgs/rosidl_generator_c -isystem /home/idgaf/uros_ws/firmware/mcu_ws/install/builtin_interfaces/include/builtin_interfaces -isystem /home/idgaf/uros_ws/firmware/mcu_ws/install/rosidl_runtime_c/include/rosidl_runtime_c -isystem /home/idgaf/uros_ws/firmware/mcu_ws/install/rcutils/include/rcutils -isystem /home/idgaf/uros_ws/firmware/mcu_ws/install/rosidl_typesupport_interface/include/rosidl_typesupport_interface -isystem /home/idgaf/uros_ws/firmware/mcu_ws/install/rosidl_typesupport_c/include/rosidl_typesupport_c -std=c++14 -mcpu=cortex-m4 -mthumb -mfpu=fpv4-sp-d16 -mfloat-abi=hard -DUSE_HAL_DRIVER -DSTM32F446xx -D_TIMEVAL_DEFINE -O0 -Wall -fdata-sections -ffunction-sections  -DCLOCK_MONOTONIC=0 -g -std=gnu++17 -Wall -MD -MT CMakeFiles/rosgraph_msgs__rosidl_typesupport_c.dir/rosidl_typesupport_c/rosgraph_msgs/msg/clock__type_support.cpp.obj -MF CMakeFiles/rosgraph_msgs__rosidl_typesupport_c.dir/rosidl_typesupport_c/rosgraph_msgs/msg/clock__type_support.cpp.obj.d -o CMakeFiles/rosgraph_msgs__rosidl_typesupport_c.dir/rosidl_typesupport_c/rosgraph_msgs/msg/clock__type_support.cpp.obj -c /home/idgaf/uros_ws/firmware/mcu_ws/build/rosgraph_msgs/rosidl_typesupport_c/rosgraph_msgs/msg/clock__type_support.cpp
gmake[3]: Leaving directory '/home/idgaf/uros_ws/firmware/mcu_ws/build/rosgraph_msgs'
/usr/bin/gmake  -f CMakeFiles/rosgraph_msgs__rosidl_typesupport_microxrcedds_c.dir/build.make CMakeFiles/rosgraph_msgs__rosidl_typesupport_microxrcedds_c.dir/build
gmake[3]: Entering directory '/home/idgaf/uros_ws/firmware/mcu_ws/build/rosgraph_msgs'
cd /home/idgaf/uros_ws/firmware/mcu_ws/build/rosgraph_msgs && /usr/bin/cmake -E cmake_depends "Unix Makefiles" /home/idgaf/uros_ws/firmware/mcu_ws/ros2/rcl_interfaces/rosgraph_msgs /home/idgaf/uros_ws/firmware/mcu_ws/ros2/rcl_interfaces/rosgraph_msgs /home/idgaf/uros_ws/firmware/mcu_ws/build/rosgraph_msgs /home/idgaf/uros_ws/firmware/mcu_ws/build/rosgraph_msgs /home/idgaf/uros_ws/firmware/mcu_ws/build/rosgraph_msgs/CMakeFiles/rosgraph_msgs__rosidl_typesupport_introspection_c.dir/DependInfo.cmake "--color="
[ 73%] [32mBuilding C object CMakeFiles/rosgraph_msgs__rosidl_typesupport_microxrcedds_c.dir/rosidl_typesupport_microxrcedds_c/rosgraph_msgs/msg/detail/microxrcedds/clock__type_support_c.c.obj[0m
/home/idgaf/uros_ws/firmware/freertos_apps/microros_nucleo_f446re_extensions/../../toolchain/bin/arm-none-eabi-gcc -DROS_PACKAGE_NAME=\"rosgraph_msgs\" -I/home/idgaf/uros_ws/firmware/mcu_ws/build/rosgraph_msgs/rosidl_generator_c -I/home/idgaf/uros_ws/firmware/mcu_ws/build/rosgraph_msgs/rosidl_typesupport_microxrcedds_c -isystem /home/idgaf/uros_ws/firmware/mcu_ws/install/rosidl_typesupport_microxrcedds_c/include -isystem /home/idgaf/uros_ws/firmware/mcu_ws/install/rmw/include/rmw -isystem /home/idgaf/uros_ws/firmware/mcu_ws/install/rosidl_runtime_c/include/rosidl_runtime_c -isystem /home/idgaf/uros_ws/firmware/mcu_ws/install/rosidl_typesupport_interface/include/rosidl_typesupport_interface -isystem /home/idgaf/uros_ws/firmware/mcu_ws/install/builtin_interfaces/include/builtin_interfaces -isystem /home/idgaf/uros_ws/firmware/mcu_ws/install/rcutils/include/rcutils -isystem /home/idgaf/uros_ws/firmware/mcu_ws/install/rosidl_dynamic_typesupport/include/rosidl_dynamic_typesupport -isystem /home/idgaf/uros_ws/firmware/mcu_ws/install/rosidl_typesupport_introspection_c/include/rosidl_typesupport_introspection_c -isystem /home/idgaf/uros_ws/firmware/mcu_ws/install/microcdr/include -std=c11 -mcpu=cortex-m4 -mthumb -mfpu=fpv4-sp-d16 -mfloat-abi=hard -DUSE_HAL_DRIVER -DSTM32F446xx -D_TIMEVAL_DEFINE -O0 -Wall -fdata-sections -ffunction-sections  -DCLOCK_MONOTONIC=0 -g -std=gnu99 -Wall -Wextra -Wpedantic -MD -MT CMakeFiles/rosgraph_msgs__rosidl_typesupport_microxrcedds_c.dir/rosidl_typesupport_microxrcedds_c/rosgraph_msgs/msg/detail/microxrcedds/clock__type_support_c.c.obj -MF CMakeFiles/rosgraph_msgs__rosidl_typesupport_microxrcedds_c.dir/rosidl_typesupport_microxrcedds_c/rosgraph_msgs/msg/detail/microxrcedds/clock__type_support_c.c.obj.d -o CMakeFiles/rosgraph_msgs__rosidl_typesupport_microxrcedds_c.dir/rosidl_typesupport_microxrcedds_c/rosgraph_msgs/msg/detail/microxrcedds/clock__type_support_c.c.obj -c /home/idgaf/uros_ws/firmware/mcu_ws/build/rosgraph_msgs/rosidl_typesupport_microxrcedds_c/rosgraph_msgs/msg/detail/microxrcedds/clock__type_support_c.c
gmake[3]: Leaving directory '/home/idgaf/uros_ws/firmware/mcu_ws/build/rosgraph_msgs'
/usr/bin/gmake  -f CMakeFiles/rosgraph_msgs__rosidl_typesupport_introspection_c.dir/build.make CMakeFiles/rosgraph_msgs__rosidl_typesupport_introspection_c.dir/build
gmake[3]: Entering directory '/home/idgaf/uros_ws/firmware/mcu_ws/build/rosgraph_msgs'
[ 80%] [32mBuilding C object CMakeFiles/rosgraph_msgs__rosidl_typesupport_introspection_c.dir/rosidl_typesupport_introspection_c/rosgraph_msgs/msg/detail/clock__type_support.c.obj[0m
/home/idgaf/uros_ws/firmware/freertos_apps/microros_nucleo_f446re_extensions/../../toolchain/bin/arm-none-eabi-gcc -DROS_PACKAGE_NAME=\"rosgraph_msgs\" -I/home/idgaf/uros_ws/firmware/mcu_ws/build/rosgraph_msgs/rosidl_typesupport_introspection_c -I/home/idgaf/uros_ws/firmware/mcu_ws/build/rosgraph_msgs/rosidl_generator_c -isystem /home/idgaf/uros_ws/firmware/mcu_ws/install/builtin_interfaces/include/builtin_interfaces -isystem /home/idgaf/uros_ws/firmware/mcu_ws/install/rosidl_runtime_c/include/rosidl_runtime_c -isystem /home/idgaf/uros_ws/firmware/mcu_ws/install/rcutils/include/rcutils -isystem /home/idgaf/uros_ws/firmware/mcu_ws/install/rosidl_typesupport_interface/include/rosidl_typesupport_interface -isystem /home/idgaf/uros_ws/firmware/mcu_ws/install/rosidl_typesupport_introspection_c/include/rosidl_typesupport_introspection_c -std=c11 -mcpu=cortex-m4 -mthumb -mfpu=fpv4-sp-d16 -mfloat-abi=hard -DUSE_HAL_DRIVER -DSTM32F446xx -D_TIMEVAL_DEFINE -O0 -Wall -fdata-sections -ffunction-sections  -DCLOCK_MONOTONIC=0 -g -std=gnu11 -Wall -MD -MT CMakeFiles/rosgraph_msgs__rosidl_typesupport_introspection_c.dir/rosidl_typesupport_introspection_c/rosgraph_msgs/msg/detail/clock__type_support.c.obj -MF CMakeFiles/rosgraph_msgs__rosidl_typesupport_introspection_c.dir/rosidl_typesupport_introspection_c/rosgraph_msgs/msg/detail/clock__type_support.c.obj.d -o CMakeFiles/rosgraph_msgs__rosidl_typesupport_introspection_c.dir/rosidl_typesupport_introspection_c/rosgraph_msgs/msg/detail/clock__type_support.c.obj -c /home/idgaf/uros_ws/firmware/mcu_ws/build/rosgraph_msgs/rosidl_typesupport_introspection_c/rosgraph_msgs/msg/detail/clock__type_support.c
[ 86%] [32m[1mLinking CXX static library librosgraph_msgs__rosidl_typesupport_c.a[0m
/usr/bin/cmake -P CMakeFiles/rosgraph_msgs__rosidl_typesupport_c.dir/cmake_clean_target.cmake
[ 93%] [32m[1mLinking C static library librosgraph_msgs__rosidl_typesupport_introspection_c.a[0m
/usr/bin/cmake -P CMakeFiles/rosgraph_msgs__rosidl_typesupport_introspection_c.dir/cmake_clean_target.cmake
/usr/bin/cmake -E cmake_link_script CMakeFiles/rosgraph_msgs__rosidl_typesupport_c.dir/link.txt --verbose=1
[100%] [32m[1mLinking CXX static library librosgraph_msgs__rosidl_typesupport_microxrcedds_c.a[0m
/usr/bin/cmake -P CMakeFiles/rosgraph_msgs__rosidl_typesupport_microxrcedds_c.dir/cmake_clean_target.cmake
/home/idgaf/uros_ws/firmware/toolchain/bin/arm-none-eabi-ar qc librosgraph_msgs__rosidl_typesupport_c.a CMakeFiles/rosgraph_msgs__rosidl_typesupport_c.dir/rosidl_typesupport_c/rosgraph_msgs/msg/clock__type_support.cpp.obj
/usr/bin/cmake -E cmake_link_script CMakeFiles/rosgraph_msgs__rosidl_typesupport_introspection_c.dir/link.txt --verbose=1
/home/idgaf/uros_ws/firmware/toolchain/bin/arm-none-eabi-ranlib librosgraph_msgs__rosidl_typesupport_c.a
gmake[3]: Leaving directory '/home/idgaf/uros_ws/firmware/mcu_ws/build/rosgraph_msgs'
/home/idgaf/uros_ws/firmware/toolchain/bin/arm-none-eabi-ar qc librosgraph_msgs__rosidl_typesupport_introspection_c.a CMakeFiles/rosgraph_msgs__rosidl_typesupport_introspection_c.dir/rosidl_typesupport_introspection_c/rosgraph_msgs/msg/detail/clock__type_support.c.obj
/home/idgaf/uros_ws/firmware/toolchain/bin/arm-none-eabi-ranlib librosgraph_msgs__rosidl_typesupport_introspection_c.a
gmake[3]: Leaving directory '/home/idgaf/uros_ws/firmware/mcu_ws/build/rosgraph_msgs'
/usr/bin/cmake -E cmake_link_script CMakeFiles/rosgraph_msgs__rosidl_typesupport_microxrcedds_c.dir/link.txt --verbose=1
[100%] Built target rosgraph_msgs__rosidl_typesupport_c
/home/idgaf/uros_ws/firmware/toolchain/bin/arm-none-eabi-ar qc librosgraph_msgs__rosidl_typesupport_microxrcedds_c.a CMakeFiles/rosgraph_msgs__rosidl_typesupport_microxrcedds_c.dir/rosidl_typesupport_microxrcedds_c/rosgraph_msgs/msg/detail/microxrcedds/clock__type_support_c.c.obj
[100%] Built target rosgraph_msgs__rosidl_typesupport_introspection_c
/home/idgaf/uros_ws/firmware/toolchain/bin/arm-none-eabi-ranlib librosgraph_msgs__rosidl_typesupport_microxrcedds_c.a
gmake[3]: Leaving directory '/home/idgaf/uros_ws/firmware/mcu_ws/build/rosgraph_msgs'
[100%] Built target rosgraph_msgs__rosidl_typesupport_microxrcedds_c
/usr/bin/gmake  -f CMakeFiles/rosgraph_msgs.dir/build.make CMakeFiles/rosgraph_msgs.dir/depend
gmake[3]: Entering directory '/home/idgaf/uros_ws/firmware/mcu_ws/build/rosgraph_msgs'
cd /home/idgaf/uros_ws/firmware/mcu_ws/build/rosgraph_msgs && /usr/bin/cmake -E cmake_depends "Unix Makefiles" /home/idgaf/uros_ws/firmware/mcu_ws/ros2/rcl_interfaces/rosgraph_msgs /home/idgaf/uros_ws/firmware/mcu_ws/ros2/rcl_interfaces/rosgraph_msgs /home/idgaf/uros_ws/firmware/mcu_ws/build/rosgraph_msgs /home/idgaf/uros_ws/firmware/mcu_ws/build/rosgraph_msgs /home/idgaf/uros_ws/firmware/mcu_ws/build/rosgraph_msgs/CMakeFiles/rosgraph_msgs.dir/DependInfo.cmake "--color="
gmake[3]: Leaving directory '/home/idgaf/uros_ws/firmware/mcu_ws/build/rosgraph_msgs'
/usr/bin/gmake  -f CMakeFiles/rosgraph_msgs.dir/build.make CMakeFiles/rosgraph_msgs.dir/build
gmake[3]: Entering directory '/home/idgaf/uros_ws/firmware/mcu_ws/build/rosgraph_msgs'
gmake[3]: Nothing to be done for 'CMakeFiles/rosgraph_msgs.dir/build'.
gmake[3]: Leaving directory '/home/idgaf/uros_ws/firmware/mcu_ws/build/rosgraph_msgs'
[100%] Built target rosgraph_msgs
gmake[2]: Leaving directory '/home/idgaf/uros_ws/firmware/mcu_ws/build/rosgraph_msgs'
/usr/bin/cmake -E cmake_progress_start /home/idgaf/uros_ws/firmware/mcu_ws/build/rosgraph_msgs/CMakeFiles 0
gmake[1]: Leaving directory '/home/idgaf/uros_ws/firmware/mcu_ws/build/rosgraph_msgs'

-- Install configuration: "Debug"
-- Installing: /home/idgaf/uros_ws/firmware/mcu_ws/install/rosgraph_msgs/share/ament_index/resource_index/rosidl_interfaces/rosgraph_msgs
-- Installing: /home/idgaf/uros_ws/firmware/mcu_ws/install/rosgraph_msgs/share/rosgraph_msgs/msg/Clock.json
-- Installing: /home/idgaf/uros_ws/firmware/mcu_ws/install/rosgraph_msgs/include/rosgraph_msgs/rosgraph_msgs
-- Installing: /home/idgaf/uros_ws/firmware/mcu_ws/install/rosgraph_msgs/include/rosgraph_msgs/rosgraph_msgs/msg
-- Installing: /home/idgaf/uros_ws/firmware/mcu_ws/install/rosgraph_msgs/include/rosgraph_msgs/rosgraph_msgs/msg/rosidl_generator_c__visibility_control.h
-- Installing: /home/idgaf/uros_ws/firmware/mcu_ws/install/rosgraph_msgs/include/rosgraph_msgs/rosgraph_msgs/msg/detail
-- Installing: /home/idgaf/uros_ws/firmware/mcu_ws/install/rosgraph_msgs/include/rosgraph_msgs/rosgraph_msgs/msg/detail/clock__description.c
-- Installing: /home/idgaf/uros_ws/firmware/mcu_ws/install/rosgraph_msgs/include/rosgraph_msgs/rosgraph_msgs/msg/detail/clock__functions.h
-- Installing: /home/idgaf/uros_ws/firmware/mcu_ws/install/rosgraph_msgs/include/rosgraph_msgs/rosgraph_msgs/msg/detail/clock__type_support.h
-- Installing: /home/idgaf/uros_ws/firmware/mcu_ws/install/rosgraph_msgs/include/rosgraph_msgs/rosgraph_msgs/msg/detail/clock__type_support.c
-- Installing: /home/idgaf/uros_ws/firmware/mcu_ws/install/rosgraph_msgs/include/rosgraph_msgs/rosgraph_msgs/msg/detail/clock__functions.c
-- Installing: /home/idgaf/uros_ws/firmware/mcu_ws/install/rosgraph_msgs/include/rosgraph_msgs/rosgraph_msgs/msg/detail/clock__struct.h
-- Installing: /home/idgaf/uros_ws/firmware/mcu_ws/install/rosgraph_msgs/include/rosgraph_msgs/rosgraph_msgs/msg/clock.h
-- Installing: /home/idgaf/uros_ws/firmware/mcu_ws/install/rosgraph_msgs/share/rosgraph_msgs/environment/library_path.sh
-- Installing: /home/idgaf/uros_ws/firmware/mcu_ws/install/rosgraph_msgs/share/rosgraph_msgs/environment/library_path.dsv
-- Installing: /home/idgaf/uros_ws/firmware/mcu_ws/install/rosgraph_msgs/lib/librosgraph_msgs__rosidl_generator_c.a
-- Up-to-date: /home/idgaf/uros_ws/firmware/mcu_ws/install/rosgraph_msgs/include/rosgraph_msgs
-- Installing: /home/idgaf/uros_ws/firmware/mcu_ws/install/rosgraph_msgs/include/rosgraph_msgs/msg
-- Installing: /home/idgaf/uros_ws/firmware/mcu_ws/install/rosgraph_msgs/include/rosgraph_msgs/msg/detail
-- Installing: /home/idgaf/uros_ws/firmware/mcu_ws/install/rosgraph_msgs/include/rosgraph_msgs/msg/detail/clock__rosidl_typesupport_microxrcedds_c.h
-- Installing: /home/idgaf/uros_ws/firmware/mcu_ws/install/rosgraph_msgs/include/rosgraph_msgs/msg/detail/microxrcedds
-- Installing: /home/idgaf/uros_ws/firmware/mcu_ws/install/rosgraph_msgs/include/rosgraph_msgs/msg/rosidl_typesupport_microxrcedds_c__visibility_control.h
-- Installing: /home/idgaf/uros_ws/firmware/mcu_ws/install/rosgraph_msgs/lib/librosgraph_msgs__rosidl_typesupport_microxrcedds_c.a
-- Up-to-date: /home/idgaf/uros_ws/firmware/mcu_ws/install/rosgraph_msgs/include/rosgraph_msgs/rosgraph_msgs
-- Up-to-date: /home/idgaf/uros_ws/firmware/mcu_ws/install/rosgraph_msgs/include/rosgraph_msgs/rosgraph_msgs/msg
-- Up-to-date: /home/idgaf/uros_ws/firmware/mcu_ws/install/rosgraph_msgs/include/rosgraph_msgs/rosgraph_msgs/msg/detail
-- Installing: /home/idgaf/uros_ws/firmware/mcu_ws/install/rosgraph_msgs/include/rosgraph_msgs/rosgraph_msgs/msg/detail/clock__type_support.c
-- Installing: /home/idgaf/uros_ws/firmware/mcu_ws/install/rosgraph_msgs/include/rosgraph_msgs/rosgraph_msgs/msg/detail/clock__rosidl_typesupport_introspection_c.h
-- Installing: /home/idgaf/uros_ws/firmware/mcu_ws/install/rosgraph_msgs/include/rosgraph_msgs/rosgraph_msgs/msg/rosidl_typesupport_introspection_c__visibility_control.h
-- Installing: /home/idgaf/uros_ws/firmware/mcu_ws/install/rosgraph_msgs/lib/librosgraph_msgs__rosidl_typesupport_introspection_c.a
-- Installing: /home/idgaf/uros_ws/firmware/mcu_ws/install/rosgraph_msgs/lib/librosgraph_msgs__rosidl_typesupport_c.a
-- Installing: /home/idgaf/uros_ws/firmware/mcu_ws/install/rosgraph_msgs/share/rosgraph_msgs/msg/Clock.idl
-- Installing: /home/idgaf/uros_ws/firmware/mcu_ws/install/rosgraph_msgs/share/rosgraph_msgs/msg/Clock.msg
-- Installing: /home/idgaf/uros_ws/firmware/mcu_ws/install/rosgraph_msgs/share/ament_index/resource_index/package_run_dependencies/rosgraph_msgs
-- Installing: /home/idgaf/uros_ws/firmware/mcu_ws/install/rosgraph_msgs/share/ament_index/resource_index/parent_prefix_path/rosgraph_msgs
-- Installing: /home/idgaf/uros_ws/firmware/mcu_ws/install/rosgraph_msgs/share/rosgraph_msgs/environment/ament_prefix_path.sh
-- Installing: /home/idgaf/uros_ws/firmware/mcu_ws/install/rosgraph_msgs/share/rosgraph_msgs/environment/ament_prefix_path.dsv
-- Installing: /home/idgaf/uros_ws/firmware/mcu_ws/install/rosgraph_msgs/share/rosgraph_msgs/environment/path.sh
-- Installing: /home/idgaf/uros_ws/firmware/mcu_ws/install/rosgraph_msgs/share/rosgraph_msgs/environment/path.dsv
-- Installing: /home/idgaf/uros_ws/firmware/mcu_ws/install/rosgraph_msgs/share/rosgraph_msgs/local_setup.bash
-- Installing: /home/idgaf/uros_ws/firmware/mcu_ws/install/rosgraph_msgs/share/rosgraph_msgs/local_setup.sh
-- Installing: /home/idgaf/uros_ws/firmware/mcu_ws/install/rosgraph_msgs/share/rosgraph_msgs/local_setup.zsh
-- Installing: /home/idgaf/uros_ws/firmware/mcu_ws/install/rosgraph_msgs/share/rosgraph_msgs/local_setup.dsv
-- Installing: /home/idgaf/uros_ws/firmware/mcu_ws/install/rosgraph_msgs/share/rosgraph_msgs/package.dsv
-- Installing: /home/idgaf/uros_ws/firmware/mcu_ws/install/rosgraph_msgs/share/ament_index/resource_index/packages/rosgraph_msgs
-- Installing: /home/idgaf/uros_ws/firmware/mcu_ws/install/rosgraph_msgs/share/rosgraph_msgs/cmake/export_rosgraph_msgs__rosidl_generator_cExport.cmake
-- Installing: /home/idgaf/uros_ws/firmware/mcu_ws/install/rosgraph_msgs/share/rosgraph_msgs/cmake/export_rosgraph_msgs__rosidl_generator_cExport-debug.cmake
-- Installing: /home/idgaf/uros_ws/firmware/mcu_ws/install/rosgraph_msgs/share/rosgraph_msgs/cmake/rosgraph_msgs__rosidl_typesupport_introspection_cExport.cmake
-- Installing: /home/idgaf/uros_ws/firmware/mcu_ws/install/rosgraph_msgs/share/rosgraph_msgs/cmake/rosgraph_msgs__rosidl_typesupport_introspection_cExport-debug.cmake
-- Installing: /home/idgaf/uros_ws/firmware/mcu_ws/install/rosgraph_msgs/share/rosgraph_msgs/cmake/rosgraph_msgs__rosidl_typesupport_cExport.cmake
-- Installing: /home/idgaf/uros_ws/firmware/mcu_ws/install/rosgraph_msgs/share/rosgraph_msgs/cmake/rosgraph_msgs__rosidl_typesupport_cExport-debug.cmake
-- Installing: /home/idgaf/uros_ws/firmware/mcu_ws/install/rosgraph_msgs/share/rosgraph_msgs/cmake/rosidl_cmake-extras.cmake
-- Installing: /home/idgaf/uros_ws/firmware/mcu_ws/install/rosgraph_msgs/share/rosgraph_msgs/cmake/ament_cmake_export_dependencies-extras.cmake
-- Installing: /home/idgaf/uros_ws/firmware/mcu_ws/install/rosgraph_msgs/share/rosgraph_msgs/cmake/ament_cmake_export_include_directories-extras.cmake
-- Installing: /home/idgaf/uros_ws/firmware/mcu_ws/install/rosgraph_msgs/share/rosgraph_msgs/cmake/ament_cmake_export_libraries-extras.cmake
-- Installing: /home/idgaf/uros_ws/firmware/mcu_ws/install/rosgraph_msgs/share/rosgraph_msgs/cmake/ament_cmake_export_targets-extras.cmake
-- Installing: /home/idgaf/uros_ws/firmware/mcu_ws/install/rosgraph_msgs/share/rosgraph_msgs/cmake/rosidl_cmake_export_typesupport_targets-extras.cmake
-- Installing: /home/idgaf/uros_ws/firmware/mcu_ws/install/rosgraph_msgs/share/rosgraph_msgs/cmake/rosidl_cmake_export_typesupport_libraries-extras.cmake
-- Installing: /home/idgaf/uros_ws/firmware/mcu_ws/install/rosgraph_msgs/share/rosgraph_msgs/cmake/rosgraph_msgsConfig.cmake
-- Installing: /home/idgaf/uros_ws/firmware/mcu_ws/install/rosgraph_msgs/share/rosgraph_msgs/cmake/rosgraph_msgsConfig-version.cmake
-- Installing: /home/idgaf/uros_ws/firmware/mcu_ws/install/rosgraph_msgs/share/rosgraph_msgs/package.xml
