[1.457s] Invoking command in '/home/idgaf/uros_ws/firmware/mcu_ws/ros2/ros2_tracing/tracetools_trace': DEBUGINFOD_URLS=https://debuginfod.ubuntu.com PYTHONPATH=/home/idgaf/uros_ws/firmware/mcu_ws/build/tracetools_trace/prefix_override:/usr/lib/python3/dist-packages/colcon_core/task/python/colcon_distutils_commands:/home/idgaf/uros_ws/firmware/mcu_ws/install/tracetools_trace/lib/python3.12/site-packages:${PYTHONPATH} /usr/bin/python3 -W ignore:setup.py install is deprecated -W ignore:easy_install command is deprecated setup.py egg_info --egg-base ../../../build/tracetools_trace build --build-base /home/idgaf/uros_ws/firmware/mcu_ws/build/tracetools_trace/build install --record /home/idgaf/uros_ws/firmware/mcu_ws/build/tracetools_trace/install.log --single-version-externally-managed install_data
[1.743s] running egg_info
[1.747s] creating ../../../build/tracetools_trace/tracetools_trace.egg-info
[1.762s] writing ../../../build/tracetools_trace/tracetools_trace.egg-info/PKG-INFO
[1.766s] writing dependency_links to ../../../build/tracetools_trace/tracetools_trace.egg-info/dependency_links.txt
[1.766s] writing entry points to ../../../build/tracetools_trace/tracetools_trace.egg-info/entry_points.txt
[1.767s] writing requirements to ../../../build/tracetools_trace/tracetools_trace.egg-info/requires.txt
[1.767s] writing top-level names to ../../../build/tracetools_trace/tracetools_trace.egg-info/top_level.txt
[1.767s] writing manifest file '../../../build/tracetools_trace/tracetools_trace.egg-info/SOURCES.txt'
[1.806s] reading manifest file '../../../build/tracetools_trace/tracetools_trace.egg-info/SOURCES.txt'
[1.807s] writing manifest file '../../../build/tracetools_trace/tracetools_trace.egg-info/SOURCES.txt'
[1.807s] running build
[1.808s] running build_py
[1.808s] creating /home/idgaf/uros_ws/firmware/mcu_ws/build/tracetools_trace/build
[1.808s] creating /home/idgaf/uros_ws/firmware/mcu_ws/build/tracetools_trace/build/lib
[1.808s] creating /home/idgaf/uros_ws/firmware/mcu_ws/build/tracetools_trace/build/lib/tracetools_trace
[1.808s] copying tracetools_trace/__init__.py -> /home/idgaf/uros_ws/firmware/mcu_ws/build/tracetools_trace/build/lib/tracetools_trace
[1.810s] copying tracetools_trace/trace.py -> /home/idgaf/uros_ws/firmware/mcu_ws/build/tracetools_trace/build/lib/tracetools_trace
[1.810s] creating /home/idgaf/uros_ws/firmware/mcu_ws/build/tracetools_trace/build/lib/tracetools_trace/tools
[1.810s] copying tracetools_trace/tools/lttng.py -> /home/idgaf/uros_ws/firmware/mcu_ws/build/tracetools_trace/build/lib/tracetools_trace/tools
[1.811s] copying tracetools_trace/tools/args.py -> /home/idgaf/uros_ws/firmware/mcu_ws/build/tracetools_trace/build/lib/tracetools_trace/tools
[1.812s] copying tracetools_trace/tools/signals.py -> /home/idgaf/uros_ws/firmware/mcu_ws/build/tracetools_trace/build/lib/tracetools_trace/tools
[1.812s] copying tracetools_trace/tools/names.py -> /home/idgaf/uros_ws/firmware/mcu_ws/build/tracetools_trace/build/lib/tracetools_trace/tools
[1.812s] copying tracetools_trace/tools/path.py -> /home/idgaf/uros_ws/firmware/mcu_ws/build/tracetools_trace/build/lib/tracetools_trace/tools
[1.814s] copying tracetools_trace/tools/__init__.py -> /home/idgaf/uros_ws/firmware/mcu_ws/build/tracetools_trace/build/lib/tracetools_trace/tools
[1.815s] copying tracetools_trace/tools/lttng_stub.py -> /home/idgaf/uros_ws/firmware/mcu_ws/build/tracetools_trace/build/lib/tracetools_trace/tools
[1.815s] copying tracetools_trace/tools/tracepoints.py -> /home/idgaf/uros_ws/firmware/mcu_ws/build/tracetools_trace/build/lib/tracetools_trace/tools
[1.817s] copying tracetools_trace/tools/lttng_impl.py -> /home/idgaf/uros_ws/firmware/mcu_ws/build/tracetools_trace/build/lib/tracetools_trace/tools
[1.817s] running install
[1.826s] running install_lib
[1.843s] creating /home/idgaf/uros_ws/firmware/mcu_ws/install/tracetools_trace/lib/python3.12/site-packages/tracetools_trace
[1.843s] creating /home/idgaf/uros_ws/firmware/mcu_ws/install/tracetools_trace/lib/python3.12/site-packages/tracetools_trace/tools
[1.844s] copying /home/idgaf/uros_ws/firmware/mcu_ws/build/tracetools_trace/build/lib/tracetools_trace/tools/lttng.py -> /home/idgaf/uros_ws/firmware/mcu_ws/install/tracetools_trace/lib/python3.12/site-packages/tracetools_trace/tools
[1.844s] copying /home/idgaf/uros_ws/firmware/mcu_ws/build/tracetools_trace/build/lib/tracetools_trace/tools/args.py -> /home/idgaf/uros_ws/firmware/mcu_ws/install/tracetools_trace/lib/python3.12/site-packages/tracetools_trace/tools
[1.844s] copying /home/idgaf/uros_ws/firmware/mcu_ws/build/tracetools_trace/build/lib/tracetools_trace/tools/signals.py -> /home/idgaf/uros_ws/firmware/mcu_ws/install/tracetools_trace/lib/python3.12/site-packages/tracetools_trace/tools
[1.844s] copying /home/idgaf/uros_ws/firmware/mcu_ws/build/tracetools_trace/build/lib/tracetools_trace/tools/names.py -> /home/idgaf/uros_ws/firmware/mcu_ws/install/tracetools_trace/lib/python3.12/site-packages/tracetools_trace/tools
[1.844s] copying /home/idgaf/uros_ws/firmware/mcu_ws/build/tracetools_trace/build/lib/tracetools_trace/tools/path.py -> /home/idgaf/uros_ws/firmware/mcu_ws/install/tracetools_trace/lib/python3.12/site-packages/tracetools_trace/tools
[1.844s] copying /home/idgaf/uros_ws/firmware/mcu_ws/build/tracetools_trace/build/lib/tracetools_trace/tools/__init__.py -> /home/idgaf/uros_ws/firmware/mcu_ws/install/tracetools_trace/lib/python3.12/site-packages/tracetools_trace/tools
[1.844s] copying /home/idgaf/uros_ws/firmware/mcu_ws/build/tracetools_trace/build/lib/tracetools_trace/tools/lttng_stub.py -> /home/idgaf/uros_ws/firmware/mcu_ws/install/tracetools_trace/lib/python3.12/site-packages/tracetools_trace/tools
[1.844s] copying /home/idgaf/uros_ws/firmware/mcu_ws/build/tracetools_trace/build/lib/tracetools_trace/tools/tracepoints.py -> /home/idgaf/uros_ws/firmware/mcu_ws/install/tracetools_trace/lib/python3.12/site-packages/tracetools_trace/tools
[1.845s] copying /home/idgaf/uros_ws/firmware/mcu_ws/build/tracetools_trace/build/lib/tracetools_trace/tools/lttng_impl.py -> /home/idgaf/uros_ws/firmware/mcu_ws/install/tracetools_trace/lib/python3.12/site-packages/tracetools_trace/tools
[1.845s] copying /home/idgaf/uros_ws/firmware/mcu_ws/build/tracetools_trace/build/lib/tracetools_trace/__init__.py -> /home/idgaf/uros_ws/firmware/mcu_ws/install/tracetools_trace/lib/python3.12/site-packages/tracetools_trace
[1.845s] copying /home/idgaf/uros_ws/firmware/mcu_ws/build/tracetools_trace/build/lib/tracetools_trace/trace.py -> /home/idgaf/uros_ws/firmware/mcu_ws/install/tracetools_trace/lib/python3.12/site-packages/tracetools_trace
[1.845s] byte-compiling /home/idgaf/uros_ws/firmware/mcu_ws/install/tracetools_trace/lib/python3.12/site-packages/tracetools_trace/tools/lttng.py to lttng.cpython-312.pyc
[1.846s] byte-compiling /home/idgaf/uros_ws/firmware/mcu_ws/install/tracetools_trace/lib/python3.12/site-packages/tracetools_trace/tools/args.py to args.cpython-312.pyc
[1.847s] byte-compiling /home/idgaf/uros_ws/firmware/mcu_ws/install/tracetools_trace/lib/python3.12/site-packages/tracetools_trace/tools/signals.py to signals.cpython-312.pyc
[1.848s] byte-compiling /home/idgaf/uros_ws/firmware/mcu_ws/install/tracetools_trace/lib/python3.12/site-packages/tracetools_trace/tools/names.py to names.cpython-312.pyc
[1.849s] byte-compiling /home/idgaf/uros_ws/firmware/mcu_ws/install/tracetools_trace/lib/python3.12/site-packages/tracetools_trace/tools/path.py to path.cpython-312.pyc
[1.849s] byte-compiling /home/idgaf/uros_ws/firmware/mcu_ws/install/tracetools_trace/lib/python3.12/site-packages/tracetools_trace/tools/__init__.py to __init__.cpython-312.pyc
[1.849s] byte-compiling /home/idgaf/uros_ws/firmware/mcu_ws/install/tracetools_trace/lib/python3.12/site-packages/tracetools_trace/tools/lttng_stub.py to lttng_stub.cpython-312.pyc
[1.850s] byte-compiling /home/idgaf/uros_ws/firmware/mcu_ws/install/tracetools_trace/lib/python3.12/site-packages/tracetools_trace/tools/tracepoints.py to tracepoints.cpython-312.pyc
[1.850s] byte-compiling /home/idgaf/uros_ws/firmware/mcu_ws/install/tracetools_trace/lib/python3.12/site-packages/tracetools_trace/tools/lttng_impl.py to lttng_impl.cpython-312.pyc
[1.853s] byte-compiling /home/idgaf/uros_ws/firmware/mcu_ws/install/tracetools_trace/lib/python3.12/site-packages/tracetools_trace/__init__.py to __init__.cpython-312.pyc
[1.853s] byte-compiling /home/idgaf/uros_ws/firmware/mcu_ws/install/tracetools_trace/lib/python3.12/site-packages/tracetools_trace/trace.py to trace.cpython-312.pyc
[1.854s] running install_data
[1.854s] copying package.xml -> /home/idgaf/uros_ws/firmware/mcu_ws/install/tracetools_trace/share/tracetools_trace
[1.854s] creating /home/idgaf/uros_ws/firmware/mcu_ws/install/tracetools_trace/share/ament_index
[1.855s] creating /home/idgaf/uros_ws/firmware/mcu_ws/install/tracetools_trace/share/ament_index/resource_index
[1.855s] creating /home/idgaf/uros_ws/firmware/mcu_ws/install/tracetools_trace/share/ament_index/resource_index/packages
[1.855s] copying resource/tracetools_trace -> /home/idgaf/uros_ws/firmware/mcu_ws/install/tracetools_trace/share/ament_index/resource_index/packages
[1.855s] running install_egg_info
[1.870s] Copying ../../../build/tracetools_trace/tracetools_trace.egg-info to /home/idgaf/uros_ws/firmware/mcu_ws/install/tracetools_trace/lib/python3.12/site-packages/tracetools_trace-8.2.4-py3.12.egg-info
[1.871s] running install_scripts
[1.963s] Installing trace script to /home/idgaf/uros_ws/firmware/mcu_ws/install/tracetools_trace/lib/tracetools_trace
[1.963s] writing list of installed files to '/home/idgaf/uros_ws/firmware/mcu_ws/build/tracetools_trace/install.log'
[2.022s] Invoked command in '/home/idgaf/uros_ws/firmware/mcu_ws/ros2/ros2_tracing/tracetools_trace' returned '0': DEBUGINFOD_URLS=https://debuginfod.ubuntu.com PYTHONPATH=/home/idgaf/uros_ws/firmware/mcu_ws/build/tracetools_trace/prefix_override:/usr/lib/python3/dist-packages/colcon_core/task/python/colcon_distutils_commands:/home/idgaf/uros_ws/firmware/mcu_ws/install/tracetools_trace/lib/python3.12/site-packages:${PYTHONPATH} /usr/bin/python3 -W ignore:setup.py install is deprecated -W ignore:easy_install command is deprecated setup.py egg_info --egg-base ../../../build/tracetools_trace build --build-base /home/idgaf/uros_ws/firmware/mcu_ws/build/tracetools_trace/build install --record /home/idgaf/uros_ws/firmware/mcu_ws/build/tracetools_trace/install.log --single-version-externally-managed install_data
